{15:46:13.817} INFO: [System] > Build version: 6.2015.0810.1153
{15:46:13.817} INFO: [System] > [PID] 7520
{15:46:13.842} INFO: [System] > [CPU] vendor: GenuineIntel, features: SSSE3 SSE4.1 SSE4.2 AVX AVX2 F16C FMA CX16 POPCNT LZCNT BMI1 BMI2 HTT, clock frequency: 1995.38MHz
{15:46:13.842} INFO: [System] > [CPU] CPUs: 1, Cores: 2, HT: Yes, Logical processors: 4
{15:46:13.899} INFO: [JobManager] > TMd75a5967, dedicated worker threads: 1 + 2, num cpus: 4
{15:46:13.903} INFO: [ODE]        > [ode::dInitialize] SSE path
{15:46:13.913} INFO: [Renderer]   > [r_Initialize] Loaded from rd3d11_x64_rwdi.dll.
{15:46:13.913} INFO: [Renderer]   > Enumerating D3D11 video adapters:
{15:46:13.914} INFO: [Renderer]   > Adapter 1: Intel(R) HD Graphics Family 0MB/1792MB/0MB
{15:46:13.914} INFO: [Renderer]   |   Output 0: [0,0 - 1366,768] \\.\DISPLAY1
{15:46:13.914} INFO: [Renderer]   > Adapter 2: NVIDIA GeForce 840M  1992MB/2048MB/0MB
{15:46:13.914} INFO: [Renderer]   > Adapter 3: Microsoft Basic Render Driver 0MB/256MB/0MB
{15:46:13.920} INFO: [Renderer]   > Renderer started in DX11 mode.
{15:46:13.929} INFO: [Renderer]   > DDraw reported 1,787M free texture memory.
{15:46:13.973} INFO: [Renderer]   > Renderer: supported display modes:
{15:46:13.973} INFO: [Renderer]   |  640x480, bpp:24, hz:60.00, fmt: A8R8G8B8
{15:46:13.973} INFO: [Renderer]   |  640x480, bpp:24, hz:60.00, fmt: A8R8G8B8
{15:46:13.973} INFO: [Renderer]   |  640x480, bpp:24, hz:47.98, fmt: A8R8G8B8
{15:46:13.973} INFO: [Renderer]   |  640x480, bpp:24, hz:47.98, fmt: A8R8G8B8
{15:46:13.973} INFO: [Renderer]   |  800x600, bpp:24, hz:60.00, fmt: A8R8G8B8
{15:46:13.973} INFO: [Renderer]   |  800x600, bpp:24, hz:60.00, fmt: A8R8G8B8
{15:46:13.973} INFO: [Renderer]   |  800x600, bpp:24, hz:47.98, fmt: A8R8G8B8
{15:46:13.973} INFO: [Renderer]   |  800x600, bpp:24, hz:47.98, fmt: A8R8G8B8
{15:46:13.973} INFO: [Renderer]   |  1024x768, bpp:24, hz:60.00, fmt: A8R8G8B8
{15:46:13.973} INFO: [Renderer]   |  1024x768, bpp:24, hz:60.00, fmt: A8R8G8B8
{15:46:13.973} INFO: [Renderer]   |  1024x768, bpp:24, hz:47.98, fmt: A8R8G8B8
{15:46:13.973} INFO: [Renderer]   |  1024x768, bpp:24, hz:47.98, fmt: A8R8G8B8
{15:46:13.973} INFO: [Renderer]   |  1280x600, bpp:24, hz:60.00, fmt: A8R8G8B8
{15:46:13.973} INFO: [Renderer]   |  1280x600, bpp:24, hz:60.00, fmt: A8R8G8B8
{15:46:13.973} INFO: [Renderer]   |  1280x600, bpp:24, hz:47.98, fmt: A8R8G8B8
{15:46:13.973} INFO: [Renderer]   |  1280x600, bpp:24, hz:47.98, fmt: A8R8G8B8
{15:46:13.973} INFO: [Renderer]   |  1280x720, bpp:24, hz:60.00, fmt: A8R8G8B8
{15:46:13.973} INFO: [Renderer]   |  1280x720, bpp:24, hz:60.00, fmt: A8R8G8B8
{15:46:13.973} INFO: [Renderer]   |  1280x720, bpp:24, hz:47.98, fmt: A8R8G8B8
{15:46:13.973} INFO: [Renderer]   |  1280x720, bpp:24, hz:47.98, fmt: A8R8G8B8
{15:46:13.973} INFO: [Renderer]   |  1280x768, bpp:24, hz:60.00, fmt: A8R8G8B8
{15:46:13.973} INFO: [Renderer]   |  1280x768, bpp:24, hz:60.00, fmt: A8R8G8B8
{15:46:13.973} INFO: [Renderer]   |  1280x768, bpp:24, hz:47.98, fmt: A8R8G8B8
{15:46:13.973} INFO: [Renderer]   |  1280x768, bpp:24, hz:47.98, fmt: A8R8G8B8
{15:46:13.973} INFO: [Renderer]   |  1360x768, bpp:24, hz:60.00, fmt: A8R8G8B8
{15:46:13.973} INFO: [Renderer]   |  1360x768, bpp:24, hz:60.00, fmt: A8R8G8B8
{15:46:13.973} INFO: [Renderer]   |  1360x768, bpp:24, hz:47.98, fmt: A8R8G8B8
{15:46:13.973} INFO: [Renderer]   |  1360x768, bpp:24, hz:47.98, fmt: A8R8G8B8
{15:46:13.973} INFO: [Renderer]   |  1366x768, bpp:24, hz:60.00, fmt: A8R8G8B8
{15:46:13.973} INFO: [Renderer]   |  1366x768, bpp:24, hz:47.98, fmt: A8R8G8B8
{15:46:13.975} INFO: [INFO]       > Texture streaming lowest priority distance set to 100m
{15:46:13.975} INFO: [Renderer]   > WindowOffset 0 0
{15:46:13.995} DEBG: [CLOG]       > [CAudioSettings::LoadSettings] Unable to load Out/Settings/EditorAudio.scr
{15:46:13.995} DEBG: [DXGI]       > [RChangeDeviceState] 1366x768, windowed, 0/0 Hz
{15:46:13.995} DEBG: [DXGI]       >                  was 0x0, fullscreen, 0/0 Hz
{15:46:14.000} INFO: [TexMgr]     > Max texture dimensions: 16384x16384x2048
{15:46:14.011} INFO: [MatMgr]     > Number of supported techniques: 61
{15:46:15.283} INFO: [MatMgr]     > Material pack 'global_dx11.mp' loaded.
{15:46:15.301} INFO: [MatMgr]     > Material pack 'local_dx11.mp' loaded.
{15:46:15.890} INFO: [INFO]       > Texture streaming buffer set to 400MB
{15:46:15.895} INFO: [Video]      > //Video settings:
{15:46:15.895} INFO: [Video]      > Resolution(1366,768)
{15:46:15.895} INFO: [Video]      > Monitor(0)
{15:46:15.895} INFO: [Video]      > TextureQuality("Medium")
{15:46:15.895} INFO: [Video]      > VisRange(1.40, 1.40)
{15:46:15.895} INFO: [Video]      > ShadowMapSize(1024)
{15:46:15.895} INFO: [Video]      > SpotShadowMapSize(1024)
{15:46:15.895} INFO: [Video]      > GammaFloat(1.00)
{15:46:15.895} INFO: [Video]      > GrassQuality(2)
{15:46:15.895} INFO: [Video]      > AmbientOcclusion(0)
{15:46:15.895} INFO: [Video]      > MotionBlur(0)
{15:46:15.895} INFO: [Video]      > AntiAliasing(0)
{15:46:15.895} INFO: [Video]      > DisableDWM(1)
{15:46:15.895} INFO: [Video]      > EnableFilmGrain(1)
{15:46:15.895} INFO: [Video]      > Version(1)
{15:46:15.896} INFO: [INFO]       > >>>>> Audio init
{15:46:16.351} INFO: [INFO]       > FMOD::Driver: GBo[niki / SBuchawki (Realtek High Definition Audio)
{15:46:16.351} INFO: [INFO]       > DriverCaps: FMOD_CAPS_OUTPUT_FORMAT_PCM8
{15:46:16.351} INFO: [INFO]       > DriverCaps: FMOD_CAPS_OUTPUT_FORMAT_PCM16
{15:46:16.351} INFO: [INFO]       > DriverCaps: FMOD_CAPS_OUTPUT_FORMAT_PCM24
{15:46:16.351} INFO: [INFO]       > DriverCaps: FMOD_CAPS_OUTPUT_FORMAT_PCM32
{15:46:16.351} INFO: [INFO]       > DriverCaps: FMOD_CAPS_OUTPUT_FORMAT_PCMFLOAT
{15:46:16.477} DEBG: [CLOG]       > NOTE : FMOD_SYSTEM_CALLBACKTYPE_THREADCREATED occured.
{15:46:16.477} DEBG: [CLOG]       > Thread ID = 1392
{15:46:16.477} DEBG: [CLOG]       > Thread Name = FMOD (WASAPI) feeder thread
{15:46:16.477} DEBG: [CLOG]       > NOTE : FMOD_SYSTEM_CALLBACKTYPE_THREADCREATED occured.
{15:46:16.477} DEBG: [CLOG]       > Thread ID = 1408
{15:46:16.477} DEBG: [CLOG]       > Thread Name = FMOD mixer thread
{15:46:16.521} DEBG: [CLOG]       > NOTE : FMOD_SYSTEM_CALLBACKTYPE_THREADCREATED occured.
{15:46:16.521} DEBG: [CLOG]       > Thread ID = 1424
{15:46:16.521} DEBG: [CLOG]       > Thread Name = FMOD stream thread
{15:46:16.521} INFO: [INFO]       > FMOD is using (8) output type.
{15:46:16.521} INFO: [INFO]       > FMOD Software Format Info:
{15:46:16.521} INFO: [INFO]       | 	Out Sample Rate: <48000>
{15:46:16.521} INFO: [INFO]       | 	Format: <5>
{15:46:16.521} INFO: [INFO]       | 	Out Channels: <2>
{15:46:16.521} INFO: [INFO]       | 	Max Input Channels: <8>
{15:46:16.521} INFO: [INFO]       | 	Bits: <32>
{15:46:16.521} INFO: [INFO]       > FMOD Mixer blocksize        = 21.33 ms
{15:46:16.521} INFO: [INFO]       > FMOD Mixer blocks count     = 4
{15:46:16.521} INFO: [INFO]       > FMOD Mixer Total buffer size = 85.33 ms
{15:46:16.521} INFO: [INFO]       > FMOD Mixer Average Latency  = 53.33 ms
{15:46:16.521} DEBG: [CLOG]       > [CAudioFMOD::InitNet] Can't use FMOD NetEventSystem - Audio engine is using FMODEx.
{15:46:16.521} INFO: [INFO]       > [CAudioFMOD] FMOD debug level: 0
{15:46:16.560} INFO: [Audio]      > //Audio settings:
{15:46:16.560} INFO: [Audio]      > API("FMOD")
{15:46:16.560} INFO: [Audio]      > MixFrequency(48000)
{15:46:16.560} INFO: [Audio]      > Channels(40)
{15:46:16.560} INFO: [Audio]      > Quality3D("high")
{15:46:16.560} INFO: [Audio]      > MaxVolume(40)
{15:46:16.560} INFO: [Audio]      > FXVolume(40)
{15:46:16.560} INFO: [Audio]      > WaveVolume(40)
{15:46:16.560} INFO: [Audio]      > SpeechVolume(40)
{15:46:16.560} INFO: [Audio]      > MovieVolume(40)
{15:46:16.560} INFO: [Audio]      > MovieVolumeSource(0)
{15:46:16.560} INFO: [Audio]      > GlobalSettings("")
{15:46:16.560} INFO: [Audio]      > ReverbChannels(1)
{15:46:16.560} INFO: [Audio]      > MixerBlocksCount(0)
{15:46:16.560} INFO: [Audio]      > 
{15:46:25.896} INFO: [INFO]       > [Input] Keyboard 0 enumerated: intance_name = Klawiatura, product_name = Klawiatura, GUID = {6f1d2b61-d5a0-11cf-bfc7-444553540000}
{15:46:25.905} INFO: [INFO]       > [CInput::SelectKeyboard] Keyboard 0 selected: Klawiatura, Klawiatura
{15:46:25.927} INFO: [INFO]       > [SDL::InitSDL] InitSDL successed!
{15:46:25.931} INFO: [Game]       > Game version: 1.6.1
{15:46:28.442} ERRR: [Parser]     > Param 0 in function EnableExplosionDamage() is not a bool
{15:46:28.443} ERRR: [Parser]     > Param 0 in function EnableExplosionDamage() is not a bool
{15:46:28.444} ERRR: [Parser]     > Param 0 in function EnableExplosionDamage() is not a bool
{15:46:28.499} DEBG: [CLOG]       > Failed to calc CRC for file achievements.xml  (0 to -1)
{15:46:28.499} DEBG: [CLOG]       > Failed to calc CRC for file challenges.xml  (0 to -1)
{15:46:29.872} DEBG: [CLOG]       > [FMODSoundBankManager::LoadBank] Sound bank <menu_p0.csb> doesn't exist in filesystem.
{15:46:29.872} DEBG: [CLOG]       > [AudioScript::Execute] <LoadAudioBanks> failed!
{15:46:29.872} DEBG: [CLOG]       > [FMODSoundBankManager::LoadBank] Sound bank <menu_stream_p0.csb> doesn't exist in filesystem.
{15:46:29.872} DEBG: [CLOG]       > [AudioScript::Execute] <LoadAudioBanks> failed!
{15:46:29.873} DEBG: [CLOG]       > [FMODSoundBankManager::LoadBank] Sound bank <menu_stream_p1.csb> doesn't exist in filesystem.
{15:46:29.873} DEBG: [CLOG]       > [AudioScript::Execute] <LoadAudioBanks> failed!
{15:46:29.874} DEBG: [CLOG]       > [FMODSoundBankManager::LoadBank] Sound bank <music_1_p0.csb> doesn't exist in filesystem.
{15:46:29.874} DEBG: [CLOG]       > [AudioScript::Execute] <LoadAudioBanks> failed!
{15:46:29.874} DEBG: [CLOG]       > [FMODSoundBankManager::LoadBank] Sound bank <music_1_stream_p0.csb> doesn't exist in filesystem.
{15:46:29.874} DEBG: [CLOG]       > [AudioScript::Execute] <LoadAudioBanks> failed!
{15:46:29.874} DEBG: [CLOG]       > [FMODSoundBankManager::LoadBank] Sound bank <music_1_p1.csb> doesn't exist in filesystem.
{15:46:29.874} DEBG: [CLOG]       > [AudioScript::Execute] <LoadAudioBanks> failed!
{15:46:29.874} DEBG: [CLOG]       > [FMODSoundBankManager::LoadBank] Sound bank <music_1_stream_p1.csb> doesn't exist in filesystem.
{15:46:29.874} DEBG: [CLOG]       > [AudioScript::Execute] <LoadAudioBanks> failed!
{15:46:29.879} DEBG: [CLOG]       > [FMODSoundBankManager::LoadBank] Sound bank <music_2_p0.csb> doesn't exist in filesystem.
{15:46:29.879} DEBG: [CLOG]       > [AudioScript::Execute] <LoadAudioBanks> failed!
{15:46:29.879} DEBG: [CLOG]       > [FMODSoundBankManager::LoadBank] Sound bank <music_2_stream_p0.csb> doesn't exist in filesystem.
{15:46:29.879} DEBG: [CLOG]       > [AudioScript::Execute] <LoadAudioBanks> failed!
{15:46:29.879} DEBG: [CLOG]       > [FMODSoundBankManager::LoadBank] Sound bank <music_2_p1.csb> doesn't exist in filesystem.
{15:46:29.879} DEBG: [CLOG]       > [AudioScript::Execute] <LoadAudioBanks> failed!
{15:46:29.879} DEBG: [CLOG]       > [FMODSoundBankManager::LoadBank] Sound bank <music_2_stream_p1.csb> doesn't exist in filesystem.
{15:46:29.879} DEBG: [CLOG]       > [AudioScript::Execute] <LoadAudioBanks> failed!
{15:46:29.879} DEBG: [CLOG]       > [FMODSoundBankManager::LoadBank] Sound bank <music_3_p0.csb> doesn't exist in filesystem.
{15:46:29.879} DEBG: [CLOG]       > [AudioScript::Execute] <LoadAudioBanks> failed!
{15:46:29.879} DEBG: [CLOG]       > [FMODSoundBankManager::LoadBank] Sound bank <music_3_stream_p0.csb> doesn't exist in filesystem.
{15:46:29.879} DEBG: [CLOG]       > [AudioScript::Execute] <LoadAudioBanks> failed!
{15:46:29.879} DEBG: [CLOG]       > [FMODSoundBankManager::LoadBank] Sound bank <music_3_p1.csb> doesn't exist in filesystem.
{15:46:29.879} DEBG: [CLOG]       > [AudioScript::Execute] <LoadAudioBanks> failed!
{15:46:29.900} DEBG: [CLOG]       > [FMODSoundBankManager::LoadBank] Sound bank <all_in_maps_1_p0.csb> doesn't exist in filesystem.
{15:46:29.900} DEBG: [CLOG]       > [AudioScript::Execute] <LoadAudioBanks> failed!
{15:46:29.900} DEBG: [CLOG]       > [FMODSoundBankManager::LoadBank] Sound bank <all_in_maps_1_stream_p0.csb> doesn't exist in filesystem.
{15:46:29.900} DEBG: [CLOG]       > [AudioScript::Execute] <LoadAudioBanks> failed!
{15:46:29.900} DEBG: [CLOG]       > [FMODSoundBankManager::LoadBank] Sound bank <all_in_maps_1_p1.csb> doesn't exist in filesystem.
{15:46:29.900} DEBG: [CLOG]       > [AudioScript::Execute] <LoadAudioBanks> failed!
{15:46:29.900} DEBG: [CLOG]       > [FMODSoundBankManager::LoadBank] Sound bank <all_in_maps_1_stream_p1.csb> doesn't exist in filesystem.
{15:46:29.900} DEBG: [CLOG]       > [AudioScript::Execute] <LoadAudioBanks> failed!
{15:46:29.914} DEBG: [CLOG]       > [FMODSoundBankManager::LoadBank] Sound bank <all_in_maps_2_p0.csb> doesn't exist in filesystem.
{15:46:29.914} DEBG: [CLOG]       > [AudioScript::Execute] <LoadAudioBanks> failed!
{15:46:29.914} DEBG: [CLOG]       > [FMODSoundBankManager::LoadBank] Sound bank <all_in_maps_2_stream_p0.csb> doesn't exist in filesystem.
{15:46:29.914} DEBG: [CLOG]       > [AudioScript::Execute] <LoadAudioBanks> failed!
{15:46:29.914} DEBG: [CLOG]       > [FMODSoundBankManager::LoadBank] Sound bank <all_in_maps_2_p1.csb> doesn't exist in filesystem.
{15:46:29.914} DEBG: [CLOG]       > [AudioScript::Execute] <LoadAudioBanks> failed!
{15:46:29.914} DEBG: [CLOG]       > [FMODSoundBankManager::LoadBank] Sound bank <all_in_maps_2_stream_p1.csb> doesn't exist in filesystem.
{15:46:29.914} DEBG: [CLOG]       > [AudioScript::Execute] <LoadAudioBanks> failed!
{15:46:29.915} DEBG: [CLOG]       > [FMODSoundBankManager::LoadBank] Sound bank <all_in_maps_3_p0.csb> doesn't exist in filesystem.
{15:46:29.915} DEBG: [CLOG]       > [AudioScript::Execute] <LoadAudioBanks> failed!
{15:46:29.915} DEBG: [CLOG]       > [FMODSoundBankManager::LoadBank] Sound bank <all_in_maps_3_stream_p0.csb> doesn't exist in filesystem.
{15:46:29.915} DEBG: [CLOG]       > [AudioScript::Execute] <LoadAudioBanks> failed!
{15:46:29.916} DEBG: [CLOG]       > [FMODSoundBankManager::LoadBank] Sound bank <all_in_maps_3_stream_p1.csb> doesn't exist in filesystem.
{15:46:29.917} DEBG: [CLOG]       > [AudioScript::Execute] <LoadAudioBanks> failed!
{15:46:29.931} DEBG: [CLOG]       > [FMODSoundBankManager::LoadBank] Sound bank <all_in_maps_persistant_p0.csb> doesn't exist in filesystem.
{15:46:29.931} DEBG: [CLOG]       > [AudioScript::Execute] <LoadAudioBanks> failed!
{15:46:29.931} DEBG: [CLOG]       > [FMODSoundBankManager::LoadBank] Sound bank <all_in_maps_persistant_stream_p0.csb> doesn't exist in filesystem.
{15:46:29.931} DEBG: [CLOG]       > [AudioScript::Execute] <LoadAudioBanks> failed!
{15:46:29.931} DEBG: [CLOG]       > [FMODSoundBankManager::LoadBank] Sound bank <all_in_maps_persistant_stream_p1.csb> doesn't exist in filesystem.
{15:46:29.932} DEBG: [CLOG]       > [AudioScript::Execute] <LoadAudioBanks> failed!
{15:46:29.932} DEBG: [CLOG]       > [FMODSoundBankManager::LoadBank] Sound bank <workshop_audio.csb> doesn't exist in filesystem.
{15:46:29.932} DEBG: [CLOG]       > [AudioScript::Execute] <LoadAudioBanks> failed!
{15:46:29.932} DEBG: [CLOG]       > [FMODSoundBankManager::LoadBank] Sound bank <workshop_audio_p0.csb> doesn't exist in filesystem.
{15:46:29.932} DEBG: [CLOG]       > [AudioScript::Execute] <LoadAudioBanks> failed!
{15:46:29.932} DEBG: [CLOG]       > [FMODSoundBankManager::LoadBank] Sound bank <workshop_audio_stream_p0.csb> doesn't exist in filesystem.
{15:46:29.932} DEBG: [CLOG]       > [AudioScript::Execute] <LoadAudioBanks> failed!
{15:46:29.932} DEBG: [CLOG]       > [FMODSoundBankManager::LoadBank] Sound bank <workshop_audio_p1.csb> doesn't exist in filesystem.
{15:46:29.932} DEBG: [CLOG]       > [AudioScript::Execute] <LoadAudioBanks> failed!
{15:46:29.932} DEBG: [CLOG]       > [FMODSoundBankManager::LoadBank] Sound bank <workshop_audio_stream_p1.csb> doesn't exist in filesystem.
{15:46:29.932} DEBG: [CLOG]       > [AudioScript::Execute] <LoadAudioBanks> failed!
{15:46:29.991} DEBG: [CLOG]       > [FMODSoundBankManager::LoadBank] Sound bank <all_quests_local_p0.csb> doesn't exist in filesystem.
{15:46:29.991} DEBG: [CLOG]       > [AudioScript::Execute] <LoadLocalisedAudioBank> failed!
{15:46:29.991} DEBG: [CLOG]       > [FMODSoundBankManager::LoadBank] Sound bank <all_quests_local_stream_p0.csb> doesn't exist in filesystem.
{15:46:29.991} DEBG: [CLOG]       > [AudioScript::Execute] <LoadLocalisedAudioBank> failed!
{15:46:29.991} DEBG: [CLOG]       > [FMODSoundBankManager::LoadBank] Sound bank <all_quests_local_p1.csb> doesn't exist in filesystem.
{15:46:29.992} DEBG: [CLOG]       > [AudioScript::Execute] <LoadLocalisedAudioBank> failed!
{15:46:29.992} DEBG: [CLOG]       > [FMODSoundBankManager::LoadBank] Sound bank <all_quests_local_stream_p1.csb> doesn't exist in filesystem.
{15:46:29.992} DEBG: [CLOG]       > [AudioScript::Execute] <LoadLocalisedAudioBank> failed!
{15:46:30.034} DEBG: [CLOG]       > [FMODSoundBankManager::LoadBank] Sound bank <common_local_1_p0.csb> doesn't exist in filesystem.
{15:46:30.034} DEBG: [CLOG]       > [AudioScript::Execute] <LoadLocalisedAudioBank> failed!
{15:46:30.034} DEBG: [CLOG]       > [FMODSoundBankManager::LoadBank] Sound bank <common_local_1_stream_p0.csb> doesn't exist in filesystem.
{15:46:30.035} DEBG: [CLOG]       > [AudioScript::Execute] <LoadLocalisedAudioBank> failed!
{15:46:30.035} DEBG: [CLOG]       > [FMODSoundBankManager::LoadBank] Sound bank <common_local_1_p1.csb> doesn't exist in filesystem.
{15:46:30.035} DEBG: [CLOG]       > [AudioScript::Execute] <LoadLocalisedAudioBank> failed!
{15:46:30.035} DEBG: [CLOG]       > [FMODSoundBankManager::LoadBank] Sound bank <common_local_1_stream_p1.csb> doesn't exist in filesystem.
{15:46:30.035} DEBG: [CLOG]       > [AudioScript::Execute] <LoadLocalisedAudioBank> failed!
{15:46:30.098} DEBG: [CLOG]       > [FMODSoundBankManager::LoadBank] Sound bank <common_local_2_p0.csb> doesn't exist in filesystem.
{15:46:30.098} DEBG: [CLOG]       > [AudioScript::Execute] <LoadLocalisedAudioBank> failed!
{15:46:30.098} DEBG: [CLOG]       > [FMODSoundBankManager::LoadBank] Sound bank <common_local_2_stream_p0.csb> doesn't exist in filesystem.
{15:46:30.099} DEBG: [CLOG]       > [AudioScript::Execute] <LoadLocalisedAudioBank> failed!
{15:46:30.099} DEBG: [CLOG]       > [FMODSoundBankManager::LoadBank] Sound bank <common_local_2_p1.csb> doesn't exist in filesystem.
{15:46:30.100} DEBG: [CLOG]       > [AudioScript::Execute] <LoadLocalisedAudioBank> failed!
{15:46:30.100} DEBG: [CLOG]       > [FMODSoundBankManager::LoadBank] Sound bank <common_local_2_stream_p1.csb> doesn't exist in filesystem.
{15:46:30.100} DEBG: [CLOG]       > [AudioScript::Execute] <LoadLocalisedAudioBank> failed!
{15:46:30.335} WARN: [WARN]       > Failed to register action varlist <post_process_simple, chromedvarlistoverridessimple.scr>: the script does not exist
{15:46:30.335} WARN: [WARN]       > Failed to register action varlist <post_process_normal, chromedvarlistoverrides.scr>: the script does not exist
{15:46:30.786} DEBG: [CLOG]       > [CInetAddr::DetermineNetworkInterface] HostName=<Darolap>
{15:46:30.788} DEBG: [CLOG]       > [CInetAdder::DetermineNetworkInterface] address: 192.168.56.1
{15:46:30.788} DEBG: [CLOG]       > [CInetAddr::SetLocalHost] 192.168.56.1
{15:46:30.795} INFO: [Editor]     > [LocalizationManager] 0 asset(s) in 1 source(s), 1 language(s)
{15:46:31.072} ERRR: [FileSystem] > Source from path 'D:\Gry\Steam\steamapps\common\Dying Light Developer Tools\DW/Assets_PC/' already added.
{15:46:37.186} INFO: [INFO]       > Done!
{15:46:38.554} DEBG: [CLOG]       > ERROR [FX] Cannot read definition of btzh_light_end_light.fx
{15:46:38.554} DEBG: [CLOG]       > ERROR [FX] Cannot read definition of btzh_light_start_light.fx
{15:46:38.575} WARN: [WARN]       > [CFXDefinitionManager::CreateDefFromMemory] RPACK: fx definition 'car_hit_ground_dust_emiter.fx' (type=0, def=000000004D7364F0) NOT registered!
{15:46:38.575} WARN: [WARN]       > [CFXDefinitionManager::CreateDefFromMemory] RPACK: fx definition 'car_hit_ground_dust_particle.fx' (type=2, def=000000004A35EE30) NOT registered!
{15:46:38.584} WARN: [WARN]       > [CFXDefinitionManager::CreateDefFromMemory] RPACK: fx definition 'coll_ground_emiter.fx' (type=0, def=000000004D7363D0) NOT registered!
{15:46:38.584} WARN: [WARN]       > [CFXDefinitionManager::CreateDefFromMemory] RPACK: fx definition 'coll_ground_particle.fx' (type=2, def=000000004A35DB60) NOT registered!
{15:46:38.600} DEBG: [CLOG]       > ERROR [FX] Cannot read definition of hex_blood_anim_decal_standard.fx
{15:46:38.600} DEBG: [CLOG]       > ERROR [FX] Cannot read definition of hex_blood_decal_standard.fx
{15:46:38.640} DEBG: [CLOG]       > ERROR [FX] Cannot read definition of eimp_sound_sound.fx
{15:46:38.640} WARN: [WARN]       > [CFXDefinitionManager::CreateDefFromMemory] RPACK: fx definition 'eimp_sound_sound.fx' (type=8, def=0000000000000000) NOT registered!
{15:46:38.640} DEBG: [CLOG]       > ERROR [FX] Cannot read definition of eimp_sound_sound.fx
{15:46:38.660} DEBG: [CLOG]       > ERROR [FX] Cannot read definition of eimp_sound_sound.fx
{15:46:38.878} DEBG: [CLOG]       > IL_LoadImage file not opened: edicon_fx.dds
{15:46:38.878} ERRR: [Icons]      > Image could not be loaded: edicon_fx.dds
{15:46:38.878} DEBG: [CLOG]       > IL_LoadImage file not opened: flag_white.dds
{15:46:38.878} ERRR: [Icons]      > Image could not be loaded: flag_white.dds
{15:46:38.899} DEBG: [CLOG]       > IL_LoadImage file not opened: edicon_safeedicon_safehouse.dds
{15:46:38.899} ERRR: [Icons]      > Image could not be loaded: edicon_safeedicon_safehouse.dds
{15:46:38.918} DEBG: [CLOG]       > IL_LoadImage file not opened: edicon_sound_music.dds
{15:46:38.918} ERRR: [Icons]      > Image could not be loaded: edicon_sound_music.dds
{15:46:39.037} DEBG: [CLOG]       > IL_LoadImage file not opened: terrain_mats_color.dds
{15:46:40.574} ERRR: [Parser]     > [parser::node_call::node_call] unknown subtree 'DefineColorsHard' in 'default_Workshop.loot'
{15:46:40.574} ERRR: [Parser]     > [ParseUnit] syntax error in 'default_Workshop.loot' line 35
{15:46:44.194} ERRR: [ERRR]       > Import selection failed. File plg_raise_0603_l_stairs_a.eds does not exist.
{15:46:44.194} ERRR: [ERRR]       >  EDS: (347)[SelectionObject]
{15:46:44.194} ERRR: [ERRR]       > *********************************
{15:46:44.194} ERRR: [ERRR]       > Import selection failed. File plg_raise_0603_l_stairs_a.eds does not exist.
{15:46:44.194} ERRR: [ERRR]       >  EDS: (348)[SelectionObject]
{15:46:44.194} ERRR: [ERRR]       > *********************************
{15:46:44.194} ERRR: [ERRR]       > Import selection failed. File plg_raise_0603_l_stairs_a.eds does not exist.
{15:46:44.194} ERRR: [ERRR]       >  EDS: (349)[SelectionObject]
{15:46:44.194} ERRR: [ERRR]       > *********************************
{15:46:44.194} ERRR: [ERRR]       > Import selection failed. File plg_raise_0603_l_stairs_a.eds does not exist.
{15:46:44.194} ERRR: [ERRR]       >  EDS: (350)[SelectionObject]
{15:46:44.194} ERRR: [ERRR]       > *********************************
{15:46:44.194} ERRR: [ERRR]       > Import selection failed. File plg_raise_0603_n_stairs_a.eds does not exist.
{15:46:44.194} ERRR: [ERRR]       >  EDS: (352)[SelectionObject]
{15:46:44.194} ERRR: [ERRR]       > *********************************
{15:46:44.194} ERRR: [ERRR]       > Import selection failed. File plg_raise_0603_r_stairs_a.eds does not exist.
{15:46:44.194} ERRR: [ERRR]       >  EDS: (354)[SelectionObject]
{15:46:44.194} ERRR: [ERRR]       > *********************************
{15:46:44.194} ERRR: [ERRR]       > Import selection failed. File plg_raise_0603_r_stairs_a.eds does not exist.
{15:46:44.194} ERRR: [ERRR]       >  EDS: (355)[SelectionObject]
{15:46:44.194} ERRR: [ERRR]       > *********************************
{15:46:44.194} ERRR: [ERRR]       > Import selection failed. File plg_raise_0603_r_stairs_a.eds does not exist.
{15:46:44.194} ERRR: [ERRR]       >  EDS: (356)[SelectionObject]
{15:46:44.194} ERRR: [ERRR]       > *********************************
{15:46:44.194} ERRR: [ERRR]       > Import selection failed. File plg_raise_0603_r_stairs_a.eds does not exist.
{15:46:44.194} ERRR: [ERRR]       >  EDS: (357)[SelectionObject]
{15:46:44.194} ERRR: [ERRR]       > *********************************
{15:46:44.194} ERRR: [ERRR]       > Import selection failed. File plg_raise_0603_l_stairs_a.eds does not exist.
{15:46:44.194} ERRR: [ERRR]       >  EDS: (361)[SelectionObject]
{15:46:44.194} ERRR: [ERRR]       > *********************************
{15:46:44.194} ERRR: [ERRR]       > Import selection failed. File plg_raise_0603_n_stairs_a.eds does not exist.
{15:46:44.194} ERRR: [ERRR]       >  EDS: (363)[SelectionObject]
{15:46:44.194} ERRR: [ERRR]       > *********************************
{15:46:44.195} ERRR: [ERRR]       > Import selection failed. File plg_raise_0603_r_stairs_a.eds does not exist.
{15:46:44.195} ERRR: [ERRR]       >  EDS: (365)[SelectionObject]
{15:46:44.195} ERRR: [ERRR]       > *********************************
{15:46:44.261} DEBG: [CLOG]       > ERROR: override script 'map_01_ovr_sml_PC10.scr' contained error and was not loaded!
{15:46:44.261} DEBG: [CLOG]       > ERROR: override script 'map_01_ovr_sml_XBOX.scr' contained error and was not loaded!
{15:46:44.261} DEBG: [CLOG]       > ERROR: override script 'map_01_ovr_sml_PS3.scr' contained error and was not loaded!
{15:46:44.262} DEBG: [CLOG]       > ERROR: override script 'map_01_ovr_sml_PC11.scr' contained error and was not loaded!
{15:46:44.262} DEBG: [CLOG]       > ERROR: override script 'map_01_ovr_sml_DURANGO.scr' contained error and was not loaded!
{15:46:44.262} DEBG: [CLOG]       > ERROR: override script 'map_01_ovr_sml_ORBIS.scr' contained error and was not loaded!
{15:46:44.438} DEBG: [CLOG]       > Load level: 7.654644 [s]
{15:46:44.438} INFO: [Editor]     > Load module succeeded.
{15:48:12.483} ERRR: [ERRR]       > Cannot load data/maps/map_01/map_01.map
{15:48:21.712} INFO: [Editor]     > Generate Map Portals succeeded.
{15:48:21.712} INFO: [Editor]     > Quest Hubs succeeded.
{15:48:21.744} DEBG: [CLOG]       > [CGameEditor::SaveGameModule] start
{15:48:21.744} DEBG: [CLOG]       > [CLevel::SaveChunks] grid saved
{15:48:21.744} DEBG: [CLOG]       > [CLevel::SaveChunks] terrain end
{15:48:21.744} DEBG: [CLOG]       > [CLevel::SaveChunks] trees
{15:48:21.744} DEBG: [CLOG]       > [CLevel::SaveChunks] trees end
{15:48:21.744} DEBG: [CLOG]       > [CLevel::SaveChunks] mesh visibility parameters start
{15:48:21.750} DEBG: [CLOG]       > [CLevel::SaveChunks] mesh visibility parameters end
{15:48:21.750} DEBG: [CLOG]       > [CLevel::SaveChunks] grid objects sort
{15:48:21.750} DEBG: [CLOG]       > [CLevel::SaveChunks] grid objects save
{15:48:21.750} DEBG: [CLOG]       > [CLevel::SaveChunks] gs objects sort
{15:48:21.750} DEBG: [CLOG]       > [CLevel::SaveChunks] gs objects save
{15:48:21.750} DEBG: [CLOG]       > [CLevel::SaveChunks] gs objects saved
{15:48:21.750} DEBG: [CLOG]       > [CLevel::SaveChunks] movies
{15:48:21.750} DEBG: [CLOG]       > [CLevel::SaveChunks] movies end
{15:48:21.751} DEBG: [CLOG]       > [CLevel::SaveChunks] occluders
{15:48:21.751} DEBG: [CLOG]       > [CLevel::SaveChunks] roads
{15:48:21.751} DEBG: [CLOG]       > [CLevel::SaveChunks] roads end
{15:48:21.751} DEBG: [CLOG]       > [CLevel::SaveChunks] decals end
{15:48:21.751} DEBG: [CLOG]       > [CLevel::SaveChunks] shapes
{15:48:21.751} DEBG: [CLOG]       > [CLevel::SaveChunks] shapes end
{15:48:21.751} DEBG: [CLOG]       > [CLevel::SaveChunks] lofter
{15:48:21.751} DEBG: [CLOG]       > [CLevel::SaveChunks] lofter end
{15:48:21.751} DEBG: [CLOG]       > [CLevel::SaveChunks] terrain v.2
{15:48:21.751} DEBG: [CLOG]       > [CLevel::SaveChunks] Terrain v.2 end
{15:48:21.751} DEBG: [CLOG]       > [CLevel::SaveChunks] CGSObject data
{15:48:21.751} DEBG: [CLOG]       > [CLevel::SaveChunks] CGSObject data
{15:48:21.751} DEBG: [CLOG]       > [CLevel::SaveChunks] Envprobes
{15:48:21.751} DEBG: [CLOG]       > [CGameEditor::SaveGameModule] end
{15:48:21.757} INFO: [Editor]     > Save module succeeded.
{15:48:21.802} DEBG: [CLOG]       > Level map_01 (LevelDI) deleted
{15:48:21.933} DEBG: [CLOG]       > CtrlObjGrid: Maximum grid 000000006469A390 memory usage: 38 kbytes
{15:48:26.862} INFO: [INFO]       > Done!
{15:48:28.237} DEBG: [CLOG]       > ERROR [FX] Cannot read definition of btzh_light_end_light.fx
{15:48:28.237} DEBG: [CLOG]       > ERROR [FX] Cannot read definition of btzh_light_start_light.fx
{15:48:28.258} WARN: [WARN]       > [CFXDefinitionManager::CreateDefFromMemory] RPACK: fx definition 'car_hit_ground_dust_emiter.fx' (type=0, def=000000004D7364F0) NOT registered!
{15:48:28.258} WARN: [WARN]       > [CFXDefinitionManager::CreateDefFromMemory] RPACK: fx definition 'car_hit_ground_dust_particle.fx' (type=2, def=000000004A35EE30) NOT registered!
{15:48:28.267} WARN: [WARN]       > [CFXDefinitionManager::CreateDefFromMemory] RPACK: fx definition 'coll_ground_emiter.fx' (type=0, def=000000004D7363D0) NOT registered!
{15:48:28.267} WARN: [WARN]       > [CFXDefinitionManager::CreateDefFromMemory] RPACK: fx definition 'coll_ground_particle.fx' (type=2, def=000000004A35DB60) NOT registered!
{15:48:28.283} DEBG: [CLOG]       > ERROR [FX] Cannot read definition of hex_blood_anim_decal_standard.fx
{15:48:28.283} DEBG: [CLOG]       > ERROR [FX] Cannot read definition of hex_blood_decal_standard.fx
{15:48:28.322} DEBG: [CLOG]       > ERROR [FX] Cannot read definition of eimp_sound_sound.fx
{15:48:28.322} WARN: [WARN]       > [CFXDefinitionManager::CreateDefFromMemory] RPACK: fx definition 'eimp_sound_sound.fx' (type=8, def=0000000000000000) NOT registered!
{15:48:28.322} DEBG: [CLOG]       > ERROR [FX] Cannot read definition of eimp_sound_sound.fx
{15:48:28.341} DEBG: [CLOG]       > ERROR [FX] Cannot read definition of eimp_sound_sound.fx
{15:48:28.532} DEBG: [CLOG]       > IL_LoadImage file not opened: edicon_fx.dds
{15:48:28.532} ERRR: [Icons]      > Image could not be loaded: edicon_fx.dds
{15:48:28.533} DEBG: [CLOG]       > IL_LoadImage file not opened: flag_white.dds
{15:48:28.533} ERRR: [Icons]      > Image could not be loaded: flag_white.dds
{15:48:28.536} DEBG: [CLOG]       > IL_LoadImage file not opened: edicon_safeedicon_safehouse.dds
{15:48:28.536} ERRR: [Icons]      > Image could not be loaded: edicon_safeedicon_safehouse.dds
{15:48:28.540} DEBG: [CLOG]       > IL_LoadImage file not opened: edicon_sound_music.dds
{15:48:28.540} ERRR: [Icons]      > Image could not be loaded: edicon_sound_music.dds
{15:48:28.637} DEBG: [CLOG]       > IL_LoadImage file not opened: terrain_mats_color.dds
{15:48:30.146} ERRR: [Parser]     > [parser::node_call::node_call] unknown subtree 'DefineColorsHard' in 'default_Workshop.loot'
{15:48:30.146} ERRR: [Parser]     > [ParseUnit] syntax error in 'default_Workshop.loot' line 35
{15:48:33.027} ERRR: [ERRR]       > Import selection failed. File plg_raise_0603_l_stairs_a.eds does not exist.
{15:48:33.027} ERRR: [ERRR]       >  EDS: (347)[SelectionObject]
{15:48:33.027} ERRR: [ERRR]       > *********************************
{15:48:33.027} ERRR: [ERRR]       > Import selection failed. File plg_raise_0603_l_stairs_a.eds does not exist.
{15:48:33.027} ERRR: [ERRR]       >  EDS: (348)[SelectionObject]
{15:48:33.027} ERRR: [ERRR]       > *********************************
{15:48:33.027} ERRR: [ERRR]       > Import selection failed. File plg_raise_0603_l_stairs_a.eds does not exist.
{15:48:33.027} ERRR: [ERRR]       >  EDS: (349)[SelectionObject]
{15:48:33.027} ERRR: [ERRR]       > *********************************
{15:48:33.027} ERRR: [ERRR]       > Import selection failed. File plg_raise_0603_l_stairs_a.eds does not exist.
{15:48:33.027} ERRR: [ERRR]       >  EDS: (350)[SelectionObject]
{15:48:33.027} ERRR: [ERRR]       > *********************************
{15:48:33.027} ERRR: [ERRR]       > Import selection failed. File plg_raise_0603_n_stairs_a.eds does not exist.
{15:48:33.027} ERRR: [ERRR]       >  EDS: (352)[SelectionObject]
{15:48:33.027} ERRR: [ERRR]       > *********************************
{15:48:33.027} ERRR: [ERRR]       > Import selection failed. File plg_raise_0603_r_stairs_a.eds does not exist.
{15:48:33.027} ERRR: [ERRR]       >  EDS: (354)[SelectionObject]
{15:48:33.027} ERRR: [ERRR]       > *********************************
{15:48:33.027} ERRR: [ERRR]       > Import selection failed. File plg_raise_0603_r_stairs_a.eds does not exist.
{15:48:33.027} ERRR: [ERRR]       >  EDS: (355)[SelectionObject]
{15:48:33.027} ERRR: [ERRR]       > *********************************
{15:48:33.027} ERRR: [ERRR]       > Import selection failed. File plg_raise_0603_r_stairs_a.eds does not exist.
{15:48:33.027} ERRR: [ERRR]       >  EDS: (356)[SelectionObject]
{15:48:33.027} ERRR: [ERRR]       > *********************************
{15:48:33.027} ERRR: [ERRR]       > Import selection failed. File plg_raise_0603_r_stairs_a.eds does not exist.
{15:48:33.027} ERRR: [ERRR]       >  EDS: (357)[SelectionObject]
{15:48:33.027} ERRR: [ERRR]       > *********************************
{15:48:33.027} ERRR: [ERRR]       > Import selection failed. File plg_raise_0603_l_stairs_a.eds does not exist.
{15:48:33.027} ERRR: [ERRR]       >  EDS: (361)[SelectionObject]
{15:48:33.027} ERRR: [ERRR]       > *********************************
{15:48:33.027} ERRR: [ERRR]       > Import selection failed. File plg_raise_0603_n_stairs_a.eds does not exist.
{15:48:33.027} ERRR: [ERRR]       >  EDS: (363)[SelectionObject]
{15:48:33.027} ERRR: [ERRR]       > *********************************
{15:48:33.027} ERRR: [ERRR]       > Import selection failed. File plg_raise_0603_r_stairs_a.eds does not exist.
{15:48:33.027} ERRR: [ERRR]       >  EDS: (365)[SelectionObject]
{15:48:33.027} ERRR: [ERRR]       > *********************************
{15:48:33.057} DEBG: [CLOG]       > ERROR: override script 'map_01_ovr_sml_PC10.scr' contained error and was not loaded!
{15:48:33.057} DEBG: [CLOG]       > ERROR: override script 'map_01_ovr_sml_XBOX.scr' contained error and was not loaded!
{15:48:33.057} DEBG: [CLOG]       > ERROR: override script 'map_01_ovr_sml_PS3.scr' contained error and was not loaded!
{15:48:33.057} DEBG: [CLOG]       > ERROR: override script 'map_01_ovr_sml_PC11.scr' contained error and was not loaded!
{15:48:33.057} DEBG: [CLOG]       > ERROR: override script 'map_01_ovr_sml_DURANGO.scr' contained error and was not loaded!
{15:48:33.057} DEBG: [CLOG]       > ERROR: override script 'map_01_ovr_sml_ORBIS.scr' contained error and was not loaded!
{15:48:33.164} DEBG: [CLOG]       > Load level: 6.731544 [s]
{15:48:33.164} INFO: [Editor]     > Load module succeeded.
{15:48:38.349} DEBG: [CLOG]       > Level map_01 (LevelDI) deleted
{15:48:39.430} DEBG: [CLOG]       > [CSocket::~CSocket]: <shutdown> error: WSAENOTCONN
{15:48:39.722} INFO: [INFO]       > ---------------------------------------------------------
{15:48:39.722} INFO: [INFO]       > Time of playing game: 145.894638s
{15:48:39.722} INFO: [INFO]       > Updated frames: 0 Rendered frames: 1842
{15:48:39.722} INFO: [INFO]       > Average FPS: 12.625551
{15:48:39.722} INFO: [INFO]       > ---------------------------------------------------------
{15:48:39.722} DEBG: [CLOG]       > Level  (Level) deleted
{15:48:39.765} DEBG: [CLOG]       > CtrlObjGrid: Maximum grid 00000000678193E0 memory usage: 38 kbytes
{15:48:39.765} DEBG: [CLOG]       > CtrlObjGrid: Maximum grid 00000000496C8820 memory usage: 1 kbytes
{15:48:39.991} DEBG: [CLOG]       > WARNING [~CSurfaceManager] Num nondeleted surfaces 98
{15:48:39.991} WARN: [WARN]       > [~CSurfaceManager] Num nondeleted vertex buffers 1
{15:48:39.991} WARN: [WARN]       > [~CSurfaceManager] Num nondeleted index buffers 1
{15:48:40.004} INFO: [Renderer]   > [r_Shutdown] Dll released
