{18:50:37.847} INFO: [System] > Build version: 6.2015.0810.1153
{18:50:37.847} INFO: [System] > [PID] 4696
{18:50:37.888} INFO: [System] > [CPU] vendor: GenuineIntel, features: SSSE3 SSE4.1 SSE4.2 AVX AVX2 F16C FMA CX16 POPCNT LZCNT BMI1 BMI2 HTT, clock frequency: 2194.92MHz
{18:50:37.888} INFO: [System] > [CPU] CPUs: 1, Cores: 2, HT: Yes, Logical processors: 4
{18:50:37.911} INFO: [JobManager] > TMde6c42ae, dedicated worker threads: 1 + 2, num cpus: 4
{18:50:37.921} INFO: [ODE]        > [ode::dInitialize] SSE path
{18:50:38.006} INFO: [Renderer]   > [r_Initialize] Loaded from rd3d11_x64_rwdi.dll.
{18:50:38.006} INFO: [Renderer]   > Enumerating D3D11 video adapters:
{18:50:38.008} INFO: [Renderer]   > Adapter 1: Intel(R) HD Graphics 5500 128MB/3839MB/0MB
{18:50:38.008} INFO: [Renderer]   |   Output 0: [0,0 - 1920,1080] \\.\DISPLAY1
{18:50:38.008} INFO: [Renderer]   |   Output 1: [2400,0 - 4200,1125] \\.\DISPLAY2
{18:50:38.008} INFO: [Renderer]   > Adapter 2: AMD Radeon(TM) R9 M375 4075MB/3840MB/0MB
{18:50:38.008} INFO: [Renderer]   > Adapter 3: Microsoft Basic Render Driver 0MB/256MB/0MB
{18:50:38.018} INFO: [Renderer]   > Renderer started in DX11 mode.
{18:50:38.061} INFO: [Renderer]   > DDraw reported 3,960M free texture memory.
{18:50:38.121} INFO: [Renderer]   > Renderer: supported display modes:
{18:50:38.121} INFO: [Renderer]   |  640x480, bpp:24, hz:60.05, fmt: A8R8G8B8
{18:50:38.122} INFO: [Renderer]   |  640x480, bpp:24, hz:60.05, fmt: A8R8G8B8
{18:50:38.122} INFO: [Renderer]   |  800x600, bpp:24, hz:60.05, fmt: A8R8G8B8
{18:50:38.122} INFO: [Renderer]   |  800x600, bpp:24, hz:60.05, fmt: A8R8G8B8
{18:50:38.122} INFO: [Renderer]   |  1024x768, bpp:24, hz:60.05, fmt: A8R8G8B8
{18:50:38.122} INFO: [Renderer]   |  1024x768, bpp:24, hz:60.05, fmt: A8R8G8B8
{18:50:38.122} INFO: [Renderer]   |  1152x864, bpp:24, hz:60.05, fmt: A8R8G8B8
{18:50:38.122} INFO: [Renderer]   |  1152x864, bpp:24, hz:60.05, fmt: A8R8G8B8
{18:50:38.122} INFO: [Renderer]   |  1280x600, bpp:24, hz:60.05, fmt: A8R8G8B8
{18:50:38.122} INFO: [Renderer]   |  1280x600, bpp:24, hz:60.05, fmt: A8R8G8B8
{18:50:38.122} INFO: [Renderer]   |  1280x720, bpp:24, hz:60.05, fmt: A8R8G8B8
{18:50:38.122} INFO: [Renderer]   |  1280x720, bpp:24, hz:60.05, fmt: A8R8G8B8
{18:50:38.122} INFO: [Renderer]   |  1280x768, bpp:24, hz:60.05, fmt: A8R8G8B8
{18:50:38.122} INFO: [Renderer]   |  1280x768, bpp:24, hz:60.05, fmt: A8R8G8B8
{18:50:38.122} INFO: [Renderer]   |  1280x800, bpp:24, hz:60.05, fmt: A8R8G8B8
{18:50:38.122} INFO: [Renderer]   |  1280x800, bpp:24, hz:60.05, fmt: A8R8G8B8
{18:50:38.122} INFO: [Renderer]   |  1280x960, bpp:24, hz:60.05, fmt: A8R8G8B8
{18:50:38.122} INFO: [Renderer]   |  1280x960, bpp:24, hz:60.05, fmt: A8R8G8B8
{18:50:38.122} INFO: [Renderer]   |  1280x1024, bpp:24, hz:60.05, fmt: A8R8G8B8
{18:50:38.122} INFO: [Renderer]   |  1280x1024, bpp:24, hz:60.05, fmt: A8R8G8B8
{18:50:38.122} INFO: [Renderer]   |  1360x768, bpp:24, hz:60.05, fmt: A8R8G8B8
{18:50:38.122} INFO: [Renderer]   |  1360x768, bpp:24, hz:60.05, fmt: A8R8G8B8
{18:50:38.122} INFO: [Renderer]   |  1366x768, bpp:24, hz:60.05, fmt: A8R8G8B8
{18:50:38.122} INFO: [Renderer]   |  1366x768, bpp:24, hz:60.05, fmt: A8R8G8B8
{18:50:38.122} INFO: [Renderer]   |  1400x1050, bpp:24, hz:60.05, fmt: A8R8G8B8
{18:50:38.122} INFO: [Renderer]   |  1400x1050, bpp:24, hz:60.05, fmt: A8R8G8B8
{18:50:38.122} INFO: [Renderer]   |  1440x900, bpp:24, hz:60.05, fmt: A8R8G8B8
{18:50:38.122} INFO: [Renderer]   |  1440x900, bpp:24, hz:60.05, fmt: A8R8G8B8
{18:50:38.122} INFO: [Renderer]   |  1600x900, bpp:24, hz:60.05, fmt: A8R8G8B8
{18:50:38.122} INFO: [Renderer]   |  1600x900, bpp:24, hz:60.05, fmt: A8R8G8B8
{18:50:38.122} INFO: [Renderer]   |  1680x1050, bpp:24, hz:60.05, fmt: A8R8G8B8
{18:50:38.122} INFO: [Renderer]   |  1680x1050, bpp:24, hz:60.05, fmt: A8R8G8B8
{18:50:38.122} INFO: [Renderer]   |  1920x1080, bpp:24, hz:60.05, fmt: A8R8G8B8
{18:50:38.148} INFO: [INFO]       > Texture streaming lowest priority distance set to 100m
{18:50:38.148} INFO: [Renderer]   > WindowOffset 0 0
{18:50:38.173} DEBG: [CLOG]       > [CAudioSettings::LoadSettings] Unable to load Out/Settings/EditorAudio.scr
{18:50:38.173} DEBG: [DXGI]       > [RChangeDeviceState] 1920x1080, windowed, 0/0 Hz
{18:50:38.173} DEBG: [DXGI]       >                  was 0x0, fullscreen, 0/0 Hz
{18:50:38.177} INFO: [TexMgr]     > Max texture dimensions: 16384x16384x2048
{18:50:38.194} INFO: [MatMgr]     > Number of supported techniques: 61
{18:50:40.555} INFO: [MatMgr]     > Material pack 'global_dx11.mp' loaded.
{18:50:40.702} INFO: [MatMgr]     > Material pack 'local_dx11.mp' loaded.
{18:50:42.374} INFO: [INFO]       > Texture streaming buffer set to 400MB
{18:50:42.377} INFO: [Video]      > //Video settings:
{18:50:42.377} INFO: [Video]      > Resolution(1920,1080)
{18:50:42.377} INFO: [Video]      > Monitor(0)
{18:50:42.377} INFO: [Video]      > TextureQuality("Medium")
{18:50:42.377} INFO: [Video]      > VisRange(1.40, 1.40)
{18:50:42.377} INFO: [Video]      > ShadowMapSize(1024)
{18:50:42.377} INFO: [Video]      > SpotShadowMapSize(1024)
{18:50:42.377} INFO: [Video]      > GammaFloat(1.00)
{18:50:42.377} INFO: [Video]      > GrassQuality(2)
{18:50:42.377} INFO: [Video]      > AmbientOcclusion(0)
{18:50:42.377} INFO: [Video]      > MotionBlur(0)
{18:50:42.377} INFO: [Video]      > AntiAliasing(0)
{18:50:42.377} INFO: [Video]      > DisableDWM(1)
{18:50:42.377} INFO: [Video]      > EnableFilmGrain(1)
{18:50:42.377} INFO: [Video]      > Version(1)
{18:50:42.378} INFO: [INFO]       > >>>>> Audio init
{18:50:43.500} INFO: [INFO]       > FMOD::Driver: GBo[niki (Realtek High Definition Audio)
{18:50:43.501} INFO: [INFO]       > DriverCaps: FMOD_CAPS_OUTPUT_FORMAT_PCM8
{18:50:43.501} INFO: [INFO]       > DriverCaps: FMOD_CAPS_OUTPUT_FORMAT_PCM16
{18:50:43.501} INFO: [INFO]       > DriverCaps: FMOD_CAPS_OUTPUT_FORMAT_PCM24
{18:50:43.501} INFO: [INFO]       > DriverCaps: FMOD_CAPS_OUTPUT_FORMAT_PCM32
{18:50:43.501} INFO: [INFO]       > DriverCaps: FMOD_CAPS_OUTPUT_FORMAT_PCMFLOAT
{18:50:43.690} DEBG: [CLOG]       > NOTE : FMOD_SYSTEM_CALLBACKTYPE_THREADCREATED occured.
{18:50:43.690} DEBG: [CLOG]       > Thread ID = 1668
{18:50:43.690} DEBG: [CLOG]       > Thread Name = FMOD (WASAPI) feeder thread
{18:50:43.690} DEBG: [CLOG]       > NOTE : FMOD_SYSTEM_CALLBACKTYPE_THREADCREATED occured.
{18:50:43.690} DEBG: [CLOG]       > Thread ID = 1688
{18:50:43.690} DEBG: [CLOG]       > Thread Name = FMOD mixer thread
{18:50:43.691} DEBG: [CLOG]       > NOTE : FMOD_SYSTEM_CALLBACKTYPE_THREADCREATED occured.
{18:50:43.692} DEBG: [CLOG]       > Thread ID = 1696
{18:50:43.692} DEBG: [CLOG]       > Thread Name = FMOD stream thread
{18:50:43.692} INFO: [INFO]       > FMOD is using (8) output type.
{18:50:43.692} INFO: [INFO]       > FMOD Software Format Info:
{18:50:43.692} INFO: [INFO]       | 	Out Sample Rate: <48000>
{18:50:43.692} INFO: [INFO]       | 	Format: <5>
{18:50:43.692} INFO: [INFO]       | 	Out Channels: <2>
{18:50:43.692} INFO: [INFO]       | 	Max Input Channels: <8>
{18:50:43.692} INFO: [INFO]       | 	Bits: <32>
{18:50:43.692} INFO: [INFO]       > FMOD Mixer blocksize        = 21.33 ms
{18:50:43.692} INFO: [INFO]       > FMOD Mixer blocks count     = 4
{18:50:43.692} INFO: [INFO]       > FMOD Mixer Total buffer size = 85.33 ms
{18:50:43.693} INFO: [INFO]       > FMOD Mixer Average Latency  = 53.33 ms
{18:50:43.693} DEBG: [CLOG]       > [CAudioFMOD::InitNet] Can't use FMOD NetEventSystem - Audio engine is using FMODEx.
{18:50:43.693} INFO: [INFO]       > [CAudioFMOD] FMOD debug level: 0
{18:50:43.986} INFO: [Audio]      > //Audio settings:
{18:50:43.986} INFO: [Audio]      > API("FMOD")
{18:50:43.986} INFO: [Audio]      > MixFrequency(48000)
{18:50:43.986} INFO: [Audio]      > Channels(40)
{18:50:43.986} INFO: [Audio]      > Quality3D("high")
{18:50:43.986} INFO: [Audio]      > MaxVolume(40)
{18:50:43.986} INFO: [Audio]      > FXVolume(40)
{18:50:43.986} INFO: [Audio]      > WaveVolume(40)
{18:50:43.986} INFO: [Audio]      > SpeechVolume(40)
{18:50:43.986} INFO: [Audio]      > MovieVolume(40)
{18:50:43.986} INFO: [Audio]      > MovieVolumeSource(0)
{18:50:43.986} INFO: [Audio]      > GlobalSettings("")
{18:50:43.986} INFO: [Audio]      > ReverbChannels(1)
{18:50:43.986} INFO: [Audio]      > MixerBlocksCount(0)
{18:50:43.986} INFO: [Audio]      > 
{18:51:01.607} INFO: [INFO]       > [Input] Keyboard 0 enumerated: intance_name = Klawiatura, product_name = Klawiatura, GUID = {6f1d2b61-d5a0-11cf-bfc7-444553540000}
{18:51:01.608} INFO: [INFO]       > [CInput::SelectKeyboard] Keyboard 0 selected: Klawiatura, Klawiatura
{18:51:01.627} INFO: [INFO]       > [SDL::InitSDL] InitSDL successed!
{18:51:01.642} INFO: [Game]       > Game version: 1.6.1
{18:51:05.534} ERRR: [Parser]     > Param 0 in function EnableExplosionDamage() is not a bool
{18:51:05.536} ERRR: [Parser]     > Param 0 in function EnableExplosionDamage() is not a bool
{18:51:05.536} ERRR: [Parser]     > Param 0 in function EnableExplosionDamage() is not a bool
{18:51:05.604} DEBG: [CLOG]       > Failed to calc CRC for file achievements.xml  (0 to -1)
{18:51:05.604} DEBG: [CLOG]       > Failed to calc CRC for file challenges.xml  (0 to -1)
{18:51:07.628} DEBG: [CLOG]       > [FMODSoundBankManager::LoadBank] Sound bank <menu_p0.csb> doesn't exist in filesystem.
{18:51:07.628} DEBG: [CLOG]       > [AudioScript::Execute] <LoadAudioBanks> failed!
{18:51:07.628} DEBG: [CLOG]       > [FMODSoundBankManager::LoadBank] Sound bank <menu_stream_p0.csb> doesn't exist in filesystem.
{18:51:07.628} DEBG: [CLOG]       > [AudioScript::Execute] <LoadAudioBanks> failed!
{18:51:07.640} DEBG: [CLOG]       > [FMODSoundBankManager::LoadBank] Sound bank <menu_stream_p1.csb> doesn't exist in filesystem.
{18:51:07.640} DEBG: [CLOG]       > [AudioScript::Execute] <LoadAudioBanks> failed!
{18:51:07.645} DEBG: [CLOG]       > [FMODSoundBankManager::LoadBank] Sound bank <music_1_p0.csb> doesn't exist in filesystem.
{18:51:07.645} DEBG: [CLOG]       > [AudioScript::Execute] <LoadAudioBanks> failed!
{18:51:07.645} DEBG: [CLOG]       > [FMODSoundBankManager::LoadBank] Sound bank <music_1_stream_p0.csb> doesn't exist in filesystem.
{18:51:07.645} DEBG: [CLOG]       > [AudioScript::Execute] <LoadAudioBanks> failed!
{18:51:07.645} DEBG: [CLOG]       > [FMODSoundBankManager::LoadBank] Sound bank <music_1_p1.csb> doesn't exist in filesystem.
{18:51:07.645} DEBG: [CLOG]       > [AudioScript::Execute] <LoadAudioBanks> failed!
{18:51:07.645} DEBG: [CLOG]       > [FMODSoundBankManager::LoadBank] Sound bank <music_1_stream_p1.csb> doesn't exist in filesystem.
{18:51:07.645} DEBG: [CLOG]       > [AudioScript::Execute] <LoadAudioBanks> failed!
{18:51:07.652} DEBG: [CLOG]       > [FMODSoundBankManager::LoadBank] Sound bank <music_2_p0.csb> doesn't exist in filesystem.
{18:51:07.652} DEBG: [CLOG]       > [AudioScript::Execute] <LoadAudioBanks> failed!
{18:51:07.652} DEBG: [CLOG]       > [FMODSoundBankManager::LoadBank] Sound bank <music_2_stream_p0.csb> doesn't exist in filesystem.
{18:51:07.652} DEBG: [CLOG]       > [AudioScript::Execute] <LoadAudioBanks> failed!
{18:51:07.652} DEBG: [CLOG]       > [FMODSoundBankManager::LoadBank] Sound bank <music_2_p1.csb> doesn't exist in filesystem.
{18:51:07.652} DEBG: [CLOG]       > [AudioScript::Execute] <LoadAudioBanks> failed!
{18:51:07.652} DEBG: [CLOG]       > [FMODSoundBankManager::LoadBank] Sound bank <music_2_stream_p1.csb> doesn't exist in filesystem.
{18:51:07.652} DEBG: [CLOG]       > [AudioScript::Execute] <LoadAudioBanks> failed!
{18:51:07.657} DEBG: [CLOG]       > [FMODSoundBankManager::LoadBank] Sound bank <music_3_p0.csb> doesn't exist in filesystem.
{18:51:07.657} DEBG: [CLOG]       > [AudioScript::Execute] <LoadAudioBanks> failed!
{18:51:07.657} DEBG: [CLOG]       > [FMODSoundBankManager::LoadBank] Sound bank <music_3_stream_p0.csb> doesn't exist in filesystem.
{18:51:07.657} DEBG: [CLOG]       > [AudioScript::Execute] <LoadAudioBanks> failed!
{18:51:07.657} DEBG: [CLOG]       > [FMODSoundBankManager::LoadBank] Sound bank <music_3_p1.csb> doesn't exist in filesystem.
{18:51:07.657} DEBG: [CLOG]       > [AudioScript::Execute] <LoadAudioBanks> failed!
{18:51:07.686} DEBG: [CLOG]       > [FMODSoundBankManager::LoadBank] Sound bank <all_in_maps_1_p0.csb> doesn't exist in filesystem.
{18:51:07.687} DEBG: [CLOG]       > [AudioScript::Execute] <LoadAudioBanks> failed!
{18:51:07.687} DEBG: [CLOG]       > [FMODSoundBankManager::LoadBank] Sound bank <all_in_maps_1_stream_p0.csb> doesn't exist in filesystem.
{18:51:07.687} DEBG: [CLOG]       > [AudioScript::Execute] <LoadAudioBanks> failed!
{18:51:07.687} DEBG: [CLOG]       > [FMODSoundBankManager::LoadBank] Sound bank <all_in_maps_1_p1.csb> doesn't exist in filesystem.
{18:51:07.687} DEBG: [CLOG]       > [AudioScript::Execute] <LoadAudioBanks> failed!
{18:51:07.687} DEBG: [CLOG]       > [FMODSoundBankManager::LoadBank] Sound bank <all_in_maps_1_stream_p1.csb> doesn't exist in filesystem.
{18:51:07.688} DEBG: [CLOG]       > [AudioScript::Execute] <LoadAudioBanks> failed!
{18:51:07.702} DEBG: [CLOG]       > [FMODSoundBankManager::LoadBank] Sound bank <all_in_maps_2_p0.csb> doesn't exist in filesystem.
{18:51:07.702} DEBG: [CLOG]       > [AudioScript::Execute] <LoadAudioBanks> failed!
{18:51:07.702} DEBG: [CLOG]       > [FMODSoundBankManager::LoadBank] Sound bank <all_in_maps_2_stream_p0.csb> doesn't exist in filesystem.
{18:51:07.702} DEBG: [CLOG]       > [AudioScript::Execute] <LoadAudioBanks> failed!
{18:51:07.702} DEBG: [CLOG]       > [FMODSoundBankManager::LoadBank] Sound bank <all_in_maps_2_p1.csb> doesn't exist in filesystem.
{18:51:07.702} DEBG: [CLOG]       > [AudioScript::Execute] <LoadAudioBanks> failed!
{18:51:07.702} DEBG: [CLOG]       > [FMODSoundBankManager::LoadBank] Sound bank <all_in_maps_2_stream_p1.csb> doesn't exist in filesystem.
{18:51:07.702} DEBG: [CLOG]       > [AudioScript::Execute] <LoadAudioBanks> failed!
{18:51:07.709} DEBG: [CLOG]       > [FMODSoundBankManager::LoadBank] Sound bank <all_in_maps_3_p0.csb> doesn't exist in filesystem.
{18:51:07.709} DEBG: [CLOG]       > [AudioScript::Execute] <LoadAudioBanks> failed!
{18:51:07.709} DEBG: [CLOG]       > [FMODSoundBankManager::LoadBank] Sound bank <all_in_maps_3_stream_p0.csb> doesn't exist in filesystem.
{18:51:07.709} DEBG: [CLOG]       > [AudioScript::Execute] <LoadAudioBanks> failed!
{18:51:07.714} DEBG: [CLOG]       > [FMODSoundBankManager::LoadBank] Sound bank <all_in_maps_3_stream_p1.csb> doesn't exist in filesystem.
{18:51:07.714} DEBG: [CLOG]       > [AudioScript::Execute] <LoadAudioBanks> failed!
{18:51:07.732} DEBG: [CLOG]       > [FMODSoundBankManager::LoadBank] Sound bank <all_in_maps_persistant_p0.csb> doesn't exist in filesystem.
{18:51:07.732} DEBG: [CLOG]       > [AudioScript::Execute] <LoadAudioBanks> failed!
{18:51:07.732} DEBG: [CLOG]       > [FMODSoundBankManager::LoadBank] Sound bank <all_in_maps_persistant_stream_p0.csb> doesn't exist in filesystem.
{18:51:07.732} DEBG: [CLOG]       > [AudioScript::Execute] <LoadAudioBanks> failed!
{18:51:07.737} DEBG: [CLOG]       > [FMODSoundBankManager::LoadBank] Sound bank <all_in_maps_persistant_stream_p1.csb> doesn't exist in filesystem.
{18:51:07.737} DEBG: [CLOG]       > [AudioScript::Execute] <LoadAudioBanks> failed!
{18:51:07.737} DEBG: [CLOG]       > [FMODSoundBankManager::LoadBank] Sound bank <workshop_audio.csb> doesn't exist in filesystem.
{18:51:07.737} DEBG: [CLOG]       > [AudioScript::Execute] <LoadAudioBanks> failed!
{18:51:07.737} DEBG: [CLOG]       > [FMODSoundBankManager::LoadBank] Sound bank <workshop_audio_p0.csb> doesn't exist in filesystem.
{18:51:07.738} DEBG: [CLOG]       > [AudioScript::Execute] <LoadAudioBanks> failed!
{18:51:07.738} DEBG: [CLOG]       > [FMODSoundBankManager::LoadBank] Sound bank <workshop_audio_stream_p0.csb> doesn't exist in filesystem.
{18:51:07.738} DEBG: [CLOG]       > [AudioScript::Execute] <LoadAudioBanks> failed!
{18:51:07.738} DEBG: [CLOG]       > [FMODSoundBankManager::LoadBank] Sound bank <workshop_audio_p1.csb> doesn't exist in filesystem.
{18:51:07.738} DEBG: [CLOG]       > [AudioScript::Execute] <LoadAudioBanks> failed!
{18:51:07.738} DEBG: [CLOG]       > [FMODSoundBankManager::LoadBank] Sound bank <workshop_audio_stream_p1.csb> doesn't exist in filesystem.
{18:51:07.739} DEBG: [CLOG]       > [AudioScript::Execute] <LoadAudioBanks> failed!
{18:51:07.814} DEBG: [CLOG]       > [FMODSoundBankManager::LoadBank] Sound bank <all_quests_local_p0.csb> doesn't exist in filesystem.
{18:51:07.814} DEBG: [CLOG]       > [AudioScript::Execute] <LoadLocalisedAudioBank> failed!
{18:51:07.814} DEBG: [CLOG]       > [FMODSoundBankManager::LoadBank] Sound bank <all_quests_local_stream_p0.csb> doesn't exist in filesystem.
{18:51:07.814} DEBG: [CLOG]       > [AudioScript::Execute] <LoadLocalisedAudioBank> failed!
{18:51:07.814} DEBG: [CLOG]       > [FMODSoundBankManager::LoadBank] Sound bank <all_quests_local_p1.csb> doesn't exist in filesystem.
{18:51:07.815} DEBG: [CLOG]       > [AudioScript::Execute] <LoadLocalisedAudioBank> failed!
{18:51:07.815} DEBG: [CLOG]       > [FMODSoundBankManager::LoadBank] Sound bank <all_quests_local_stream_p1.csb> doesn't exist in filesystem.
{18:51:07.815} DEBG: [CLOG]       > [AudioScript::Execute] <LoadLocalisedAudioBank> failed!
{18:51:07.868} DEBG: [CLOG]       > [FMODSoundBankManager::LoadBank] Sound bank <common_local_1_p0.csb> doesn't exist in filesystem.
{18:51:07.869} DEBG: [CLOG]       > [AudioScript::Execute] <LoadLocalisedAudioBank> failed!
{18:51:07.869} DEBG: [CLOG]       > [FMODSoundBankManager::LoadBank] Sound bank <common_local_1_stream_p0.csb> doesn't exist in filesystem.
{18:51:07.869} DEBG: [CLOG]       > [AudioScript::Execute] <LoadLocalisedAudioBank> failed!
{18:51:07.869} DEBG: [CLOG]       > [FMODSoundBankManager::LoadBank] Sound bank <common_local_1_p1.csb> doesn't exist in filesystem.
{18:51:07.869} DEBG: [CLOG]       > [AudioScript::Execute] <LoadLocalisedAudioBank> failed!
{18:51:07.869} DEBG: [CLOG]       > [FMODSoundBankManager::LoadBank] Sound bank <common_local_1_stream_p1.csb> doesn't exist in filesystem.
{18:51:07.870} DEBG: [CLOG]       > [AudioScript::Execute] <LoadLocalisedAudioBank> failed!
{18:51:07.940} DEBG: [CLOG]       > [FMODSoundBankManager::LoadBank] Sound bank <common_local_2_p0.csb> doesn't exist in filesystem.
{18:51:07.942} DEBG: [CLOG]       > [AudioScript::Execute] <LoadLocalisedAudioBank> failed!
{18:51:07.942} DEBG: [CLOG]       > [FMODSoundBankManager::LoadBank] Sound bank <common_local_2_stream_p0.csb> doesn't exist in filesystem.
{18:51:07.942} DEBG: [CLOG]       > [AudioScript::Execute] <LoadLocalisedAudioBank> failed!
{18:51:07.942} DEBG: [CLOG]       > [FMODSoundBankManager::LoadBank] Sound bank <common_local_2_p1.csb> doesn't exist in filesystem.
{18:51:07.943} DEBG: [CLOG]       > [AudioScript::Execute] <LoadLocalisedAudioBank> failed!
{18:51:07.943} DEBG: [CLOG]       > [FMODSoundBankManager::LoadBank] Sound bank <common_local_2_stream_p1.csb> doesn't exist in filesystem.
{18:51:07.943} DEBG: [CLOG]       > [AudioScript::Execute] <LoadLocalisedAudioBank> failed!
{18:51:08.513} WARN: [WARN]       > Failed to register action varlist <post_process_simple, chromedvarlistoverridessimple.scr>: the script does not exist
{18:51:08.513} WARN: [WARN]       > Failed to register action varlist <post_process_normal, chromedvarlistoverrides.scr>: the script does not exist
{18:51:09.147} DEBG: [CLOG]       > [CInetAddr::DetermineNetworkInterface] HostName=<Wojtek>
{18:51:09.149} DEBG: [CLOG]       > [CInetAdder::DetermineNetworkInterface] address: 192.168.56.1
{18:51:09.149} DEBG: [CLOG]       > [CInetAddr::SetLocalHost] 192.168.56.1
{18:51:09.156} INFO: [Editor]     > [LocalizationManager] 0 asset(s) in 1 source(s), 1 language(s)
{18:51:09.669} ERRR: [FileSystem] > Source from path 'D:\Steam\steam\steamapps\common\Dying Light Developer Tools\DW/Assets_PC/' already added.
{18:51:17.923} INFO: [INFO]       > Done!
{18:51:19.635} DEBG: [CLOG]       > ERROR [FX] Cannot read definition of btzh_light_end_light.fx
{18:51:19.636} DEBG: [CLOG]       > ERROR [FX] Cannot read definition of btzh_light_start_light.fx
{18:51:19.663} WARN: [WARN]       > [CFXDefinitionManager::CreateDefFromMemory] RPACK: fx definition 'car_hit_ground_dust_emiter.fx' (type=0, def=00000000604A93E0) NOT registered!
{18:51:19.664} WARN: [WARN]       > [CFXDefinitionManager::CreateDefFromMemory] RPACK: fx definition 'car_hit_ground_dust_particle.fx' (type=2, def=000000004B36F640) NOT registered!
{18:51:19.674} WARN: [WARN]       > [CFXDefinitionManager::CreateDefFromMemory] RPACK: fx definition 'coll_ground_emiter.fx' (type=0, def=00000000604A9980) NOT registered!
{18:51:19.674} WARN: [WARN]       > [CFXDefinitionManager::CreateDefFromMemory] RPACK: fx definition 'coll_ground_particle.fx' (type=2, def=000000004B36E0C0) NOT registered!
{18:51:19.695} DEBG: [CLOG]       > ERROR [FX] Cannot read definition of hex_blood_anim_decal_standard.fx
{18:51:19.696} DEBG: [CLOG]       > ERROR [FX] Cannot read definition of hex_blood_decal_standard.fx
{18:51:19.750} DEBG: [CLOG]       > ERROR [FX] Cannot read definition of eimp_sound_sound.fx
{18:51:19.750} WARN: [WARN]       > [CFXDefinitionManager::CreateDefFromMemory] RPACK: fx definition 'eimp_sound_sound.fx' (type=8, def=0000000000000000) NOT registered!
{18:51:19.750} DEBG: [CLOG]       > ERROR [FX] Cannot read definition of eimp_sound_sound.fx
{18:51:19.774} DEBG: [CLOG]       > ERROR [FX] Cannot read definition of eimp_sound_sound.fx
{18:51:20.046} DEBG: [CLOG]       > IL_LoadImage file not opened: edicon_fx.dds
{18:51:20.046} ERRR: [Icons]      > Image could not be loaded: edicon_fx.dds
{18:51:20.046} DEBG: [CLOG]       > IL_LoadImage file not opened: flag_white.dds
{18:51:20.046} ERRR: [Icons]      > Image could not be loaded: flag_white.dds
{18:51:20.136} DEBG: [CLOG]       > IL_LoadImage file not opened: edicon_safeedicon_safehouse.dds
{18:51:20.136} ERRR: [Icons]      > Image could not be loaded: edicon_safeedicon_safehouse.dds
{18:51:20.235} DEBG: [CLOG]       > IL_LoadImage file not opened: edicon_sound_music.dds
{18:51:20.235} ERRR: [Icons]      > Image could not be loaded: edicon_sound_music.dds
{18:51:20.388} DEBG: [CLOG]       > IL_LoadImage file not opened: terrain_mats_color.dds
{18:51:31.787} ERRR: [Parser]     > [parser::node_call::node_call] unknown subtree 'DefineColorsHard' in 'default_Workshop.loot'
{18:51:31.787} ERRR: [Parser]     > [ParseUnit] syntax error in 'default_Workshop.loot' line 35
{18:51:35.051} DEBG: [CLOG]       > ERROR: override script 'map_01_ovr_sml_PC10.scr' contained error and was not loaded!
{18:51:35.051} DEBG: [CLOG]       > ERROR: override script 'map_01_ovr_sml_XBOX.scr' contained error and was not loaded!
{18:51:35.051} DEBG: [CLOG]       > ERROR: override script 'map_01_ovr_sml_PS3.scr' contained error and was not loaded!
{18:51:35.051} DEBG: [CLOG]       > ERROR: override script 'map_01_ovr_sml_PC11.scr' contained error and was not loaded!
{18:51:35.051} DEBG: [CLOG]       > ERROR: override script 'map_01_ovr_sml_DURANGO.scr' contained error and was not loaded!
{18:51:35.051} DEBG: [CLOG]       > ERROR: override script 'map_01_ovr_sml_ORBIS.scr' contained error and was not loaded!
{18:51:35.198} DEBG: [CLOG]       > Load level: 17.860298 [s]
{18:51:35.198} INFO: [Editor]     > Load module succeeded.
{18:56:00.972} INFO: [Editor]     > Generate Map Portals succeeded.
{18:56:00.972} INFO: [Editor]     > Quest Hubs succeeded.
{18:56:01.065} DEBG: [CLOG]       > [CGameEditor::SaveGameModule] start
{18:56:01.067} DEBG: [CLOG]       > [CLevel::SaveChunks] grid saved
{18:56:01.067} DEBG: [CLOG]       > [CLevel::SaveChunks] terrain end
{18:56:01.067} DEBG: [CLOG]       > [CLevel::SaveChunks] trees
{18:56:01.067} DEBG: [CLOG]       > [CLevel::SaveChunks] trees end
{18:56:01.067} DEBG: [CLOG]       > [CLevel::SaveChunks] mesh visibility parameters start
{18:56:01.074} DEBG: [CLOG]       > [CLevel::SaveChunks] mesh visibility parameters end
{18:56:01.074} DEBG: [CLOG]       > [CLevel::SaveChunks] grid objects sort
{18:56:01.074} DEBG: [CLOG]       > [CLevel::SaveChunks] grid objects save
{18:56:01.074} DEBG: [CLOG]       > [CLevel::SaveChunks] gs objects sort
{18:56:01.074} DEBG: [CLOG]       > [CLevel::SaveChunks] gs objects save
{18:56:01.074} DEBG: [CLOG]       > [CLevel::SaveChunks] gs objects saved
{18:56:01.074} DEBG: [CLOG]       > [CLevel::SaveChunks] movies
{18:56:01.074} DEBG: [CLOG]       > [CLevel::SaveChunks] movies end
{18:56:01.075} DEBG: [CLOG]       > [CLevel::SaveChunks] occluders
{18:56:01.075} DEBG: [CLOG]       > [CLevel::SaveChunks] roads
{18:56:01.077} DEBG: [CLOG]       > [CLevel::SaveChunks] roads end
{18:56:01.077} DEBG: [CLOG]       > [CLevel::SaveChunks] decals end
{18:56:01.077} DEBG: [CLOG]       > [CLevel::SaveChunks] shapes
{18:56:01.077} DEBG: [CLOG]       > [CLevel::SaveChunks] shapes end
{18:56:01.077} DEBG: [CLOG]       > [CLevel::SaveChunks] lofter
{18:56:01.077} DEBG: [CLOG]       > [CLevel::SaveChunks] lofter end
{18:56:01.077} DEBG: [CLOG]       > [CLevel::SaveChunks] terrain v.2
{18:56:01.077} DEBG: [CLOG]       > [CLevel::SaveChunks] Terrain v.2 end
{18:56:01.077} DEBG: [CLOG]       > [CLevel::SaveChunks] CGSObject data
{18:56:01.077} DEBG: [CLOG]       > [CLevel::SaveChunks] CGSObject data
{18:56:01.077} DEBG: [CLOG]       > [CLevel::SaveChunks] Envprobes
{18:56:01.077} DEBG: [CLOG]       > [CGameEditor::SaveGameModule] end
{18:56:01.094} INFO: [Editor]     > Save module succeeded.
{18:56:03.113} INFO: [Editor]     > Generate Map Portals succeeded.
{18:56:03.114} INFO: [Editor]     > Quest Hubs succeeded.
{18:56:03.165} DEBG: [CLOG]       > [CGameEditor::SaveGameModule] start
{18:56:03.165} DEBG: [CLOG]       > [CLevel::SaveChunks] grid saved
{18:56:03.165} DEBG: [CLOG]       > [CLevel::SaveChunks] terrain end
{18:56:03.165} DEBG: [CLOG]       > [CLevel::SaveChunks] trees
{18:56:03.165} DEBG: [CLOG]       > [CLevel::SaveChunks] trees end
{18:56:03.165} DEBG: [CLOG]       > [CLevel::SaveChunks] mesh visibility parameters start
{18:56:03.169} DEBG: [CLOG]       > [CLevel::SaveChunks] mesh visibility parameters end
{18:56:03.169} DEBG: [CLOG]       > [CLevel::SaveChunks] grid objects sort
{18:56:03.169} DEBG: [CLOG]       > [CLevel::SaveChunks] grid objects save
{18:56:03.169} DEBG: [CLOG]       > [CLevel::SaveChunks] gs objects sort
{18:56:03.169} DEBG: [CLOG]       > [CLevel::SaveChunks] gs objects save
{18:56:03.169} DEBG: [CLOG]       > [CLevel::SaveChunks] gs objects saved
{18:56:03.169} DEBG: [CLOG]       > [CLevel::SaveChunks] movies
{18:56:03.169} DEBG: [CLOG]       > [CLevel::SaveChunks] movies end
{18:56:03.169} DEBG: [CLOG]       > [CLevel::SaveChunks] occluders
{18:56:03.169} DEBG: [CLOG]       > [CLevel::SaveChunks] roads
{18:56:03.169} DEBG: [CLOG]       > [CLevel::SaveChunks] roads end
{18:56:03.169} DEBG: [CLOG]       > [CLevel::SaveChunks] decals end
{18:56:03.169} DEBG: [CLOG]       > [CLevel::SaveChunks] shapes
{18:56:03.169} DEBG: [CLOG]       > [CLevel::SaveChunks] shapes end
{18:56:03.169} DEBG: [CLOG]       > [CLevel::SaveChunks] lofter end
{18:56:03.169} DEBG: [CLOG]       > [CLevel::SaveChunks] terrain v.2
{18:56:03.169} DEBG: [CLOG]       > [CLevel::SaveChunks] Terrain v.2 end
{18:56:03.169} DEBG: [CLOG]       > [CLevel::SaveChunks] CGSObject data
{18:56:03.169} DEBG: [CLOG]       > [CLevel::SaveChunks] CGSObject data
{18:56:03.169} DEBG: [CLOG]       > [CLevel::SaveChunks] Envprobes
{18:56:03.169} DEBG: [CLOG]       > [CGameEditor::SaveGameModule] end
{18:56:03.180} INFO: [Editor]     > Save module succeeded.
{18:56:03.181} INFO: [Editor]     > Compile map succeeded.
{19:00:54.438} INFO: [Editor]     > Zoom to objects succeeded.
{19:02:52.133} INFO: [Editor]     > Generate Map Portals succeeded.
{19:02:52.136} INFO: [Editor]     > Quest Hubs succeeded.
{19:02:52.156} DEBG: [CLOG]       > [CGameEditor::SaveGameModule] start
{19:02:52.157} DEBG: [CLOG]       > [CLevel::SaveChunks] grid saved
{19:02:52.157} DEBG: [CLOG]       > [CLevel::SaveChunks] terrain end
{19:02:52.157} DEBG: [CLOG]       > [CLevel::SaveChunks] trees
{19:02:52.157} DEBG: [CLOG]       > [CLevel::SaveChunks] trees end
{19:02:52.157} DEBG: [CLOG]       > [CLevel::SaveChunks] mesh visibility parameters start
{19:02:52.173} DEBG: [CLOG]       > [CLevel::SaveChunks] mesh visibility parameters end
{19:02:52.173} DEBG: [CLOG]       > [CLevel::SaveChunks] grid objects sort
{19:02:52.173} DEBG: [CLOG]       > [CLevel::SaveChunks] grid objects save
{19:02:52.173} DEBG: [CLOG]       > [CLevel::SaveChunks] gs objects sort
{19:02:52.173} DEBG: [CLOG]       > [CLevel::SaveChunks] gs objects save
{19:02:52.173} DEBG: [CLOG]       > [CLevel::SaveChunks] gs objects saved
{19:02:52.173} DEBG: [CLOG]       > [CLevel::SaveChunks] movies
{19:02:52.173} DEBG: [CLOG]       > [CLevel::SaveChunks] movies end
{19:02:52.174} DEBG: [CLOG]       > [CLevel::SaveChunks] occluders
{19:02:52.174} DEBG: [CLOG]       > [CLevel::SaveChunks] roads
{19:02:52.176} DEBG: [CLOG]       > [CLevel::SaveChunks] roads end
{19:02:52.176} DEBG: [CLOG]       > [CLevel::SaveChunks] decals end
{19:02:52.176} DEBG: [CLOG]       > [CLevel::SaveChunks] shapes
{19:02:52.176} DEBG: [CLOG]       > [CLevel::SaveChunks] shapes end
{19:02:52.176} DEBG: [CLOG]       > [CLevel::SaveChunks] lofter
{19:02:52.176} DEBG: [CLOG]       > [CLevel::SaveChunks] lofter end
{19:02:52.176} DEBG: [CLOG]       > [CLevel::SaveChunks] terrain v.2
{19:02:52.177} DEBG: [CLOG]       > [CLevel::SaveChunks] Terrain v.2 end
{19:02:52.177} DEBG: [CLOG]       > [CLevel::SaveChunks] CGSObject data
{19:02:52.177} DEBG: [CLOG]       > [CLevel::SaveChunks] CGSObject data
{19:02:52.177} DEBG: [CLOG]       > [CLevel::SaveChunks] Envprobes
{19:02:52.177} DEBG: [CLOG]       > [CGameEditor::SaveGameModule] end
{19:02:52.196} INFO: [Editor]     > Save module succeeded.
{19:02:54.545} INFO: [Editor]     > Generate Map Portals succeeded.
{19:02:54.549} INFO: [Editor]     > Quest Hubs succeeded.
{19:02:54.662} DEBG: [CLOG]       > [CGameEditor::SaveGameModule] start
{19:02:54.663} DEBG: [CLOG]       > [CLevel::SaveChunks] grid saved
{19:02:54.663} DEBG: [CLOG]       > [CLevel::SaveChunks] terrain end
{19:02:54.663} DEBG: [CLOG]       > [CLevel::SaveChunks] trees
{19:02:54.663} DEBG: [CLOG]       > [CLevel::SaveChunks] trees end
{19:02:54.663} DEBG: [CLOG]       > [CLevel::SaveChunks] mesh visibility parameters start
{19:02:54.666} DEBG: [CLOG]       > [CLevel::SaveChunks] mesh visibility parameters end
{19:02:54.667} DEBG: [CLOG]       > [CLevel::SaveChunks] grid objects sort
{19:02:54.667} DEBG: [CLOG]       > [CLevel::SaveChunks] grid objects save
{19:02:54.667} DEBG: [CLOG]       > [CLevel::SaveChunks] gs objects sort
{19:02:54.667} DEBG: [CLOG]       > [CLevel::SaveChunks] gs objects save
{19:02:54.667} DEBG: [CLOG]       > [CLevel::SaveChunks] gs objects saved
{19:02:54.667} DEBG: [CLOG]       > [CLevel::SaveChunks] movies
{19:02:54.667} DEBG: [CLOG]       > [CLevel::SaveChunks] movies end
{19:02:54.667} DEBG: [CLOG]       > [CLevel::SaveChunks] occluders
{19:02:54.667} DEBG: [CLOG]       > [CLevel::SaveChunks] roads
{19:02:54.667} DEBG: [CLOG]       > [CLevel::SaveChunks] roads end
{19:02:54.667} DEBG: [CLOG]       > [CLevel::SaveChunks] decals end
{19:02:54.667} DEBG: [CLOG]       > [CLevel::SaveChunks] shapes
{19:02:54.667} DEBG: [CLOG]       > [CLevel::SaveChunks] shapes end
{19:02:54.667} DEBG: [CLOG]       > [CLevel::SaveChunks] lofter end
{19:02:54.667} DEBG: [CLOG]       > [CLevel::SaveChunks] terrain v.2
{19:02:54.667} DEBG: [CLOG]       > [CLevel::SaveChunks] Terrain v.2 end
{19:02:54.667} DEBG: [CLOG]       > [CLevel::SaveChunks] CGSObject data
{19:02:54.667} DEBG: [CLOG]       > [CLevel::SaveChunks] CGSObject data
{19:02:54.667} DEBG: [CLOG]       > [CLevel::SaveChunks] Envprobes
{19:02:54.667} DEBG: [CLOG]       > [CGameEditor::SaveGameModule] end
{19:02:54.683} INFO: [Editor]     > Save module succeeded.
{19:02:54.685} INFO: [Editor]     > Compile map succeeded.
{19:15:38.793} INFO: [INFO]       > Density map 'data/maps/map_01//map_01_foliage_grass.to' saved correctly [8 bytes].
{19:15:38.793} INFO: [INFO]       > Density map 'data/maps/map_01//map_01_foliage_grass_high.to' saved correctly [8 bytes].
{19:15:38.793} INFO: [INFO]       > Density map 'data/maps/map_01//map_01_foliage_stones.to' saved correctly [8 bytes].
{19:15:38.794} INFO: [INFO]       > Density map 'data/maps/map_01//map_01_foliage_trash.to' saved correctly [8 bytes].
{19:15:38.794} INFO: [INFO]       > Density map 'data/maps/map_01//map_01_foliage_nature.to' saved correctly [8 bytes].
{19:15:38.795} INFO: [INFO]       > Density map 'data/maps/map_01//map_01_foliage_underwater_plants_b_c.to' saved correctly [8 bytes].
{19:15:38.795} INFO: [INFO]       > Density map 'data/maps/map_01//map_01_foliage_underwater_plants.to' saved correctly [8 bytes].
{19:15:38.798} INFO: [Editor]     > Generate Map Portals succeeded.
{19:15:38.800} INFO: [Editor]     > Quest Hubs succeeded.
{19:15:38.989} DEBG: [CLOG]       > [CGameEditor::SaveGameModule] start
{19:15:38.990} DEBG: [CLOG]       > [CLevel::SaveChunks] grid saved
{19:15:38.990} DEBG: [CLOG]       > [CLevel::SaveChunks] terrain end
{19:15:38.990} DEBG: [CLOG]       > [CLevel::SaveChunks] trees
{19:15:38.990} DEBG: [CLOG]       > [CLevel::SaveChunks] trees end
{19:15:38.990} DEBG: [CLOG]       > [CLevel::SaveChunks] mesh visibility parameters start
{19:15:38.998} DEBG: [CLOG]       > [CLevel::SaveChunks] mesh visibility parameters end
{19:15:38.999} DEBG: [CLOG]       > [CLevel::SaveChunks] grid objects sort
{19:15:38.999} DEBG: [CLOG]       > [CLevel::SaveChunks] grid objects save
{19:15:38.999} DEBG: [CLOG]       > [CLevel::SaveChunks] gs objects sort
{19:15:38.999} DEBG: [CLOG]       > [CLevel::SaveChunks] gs objects save
{19:15:38.999} DEBG: [CLOG]       > [CLevel::SaveChunks] gs objects saved
{19:15:38.999} DEBG: [CLOG]       > [CLevel::SaveChunks] movies
{19:15:38.999} DEBG: [CLOG]       > [CLevel::SaveChunks] movies end
{19:15:38.999} DEBG: [CLOG]       > [CLevel::SaveChunks] occluders
{19:15:38.999} DEBG: [CLOG]       > [CLevel::SaveChunks] roads
{19:15:39.001} DEBG: [CLOG]       > [CLevel::SaveChunks] roads end
{19:15:39.001} DEBG: [CLOG]       > [CLevel::SaveChunks] decals end
{19:15:39.001} DEBG: [CLOG]       > [CLevel::SaveChunks] shapes
{19:15:39.001} DEBG: [CLOG]       > [CLevel::SaveChunks] shapes end
{19:15:39.001} DEBG: [CLOG]       > [CLevel::SaveChunks] lofter
{19:15:39.001} DEBG: [CLOG]       > [CLevel::SaveChunks] lofter end
{19:15:39.001} DEBG: [CLOG]       > [CLevel::SaveChunks] terrain v.2
{19:15:39.001} DEBG: [CLOG]       > [CLevel::SaveChunks] Terrain v.2 end
{19:15:39.001} DEBG: [CLOG]       > [CLevel::SaveChunks] CGSObject data
{19:15:39.001} DEBG: [CLOG]       > [CLevel::SaveChunks] CGSObject data
{19:15:39.001} DEBG: [CLOG]       > [CLevel::SaveChunks] Envprobes
{19:15:39.001} DEBG: [CLOG]       > [CGameEditor::SaveGameModule] end
{19:15:39.016} INFO: [Editor]     > Save module succeeded.
{19:15:42.919} INFO: [Editor]     > Generate Map Portals succeeded.
{19:15:42.920} INFO: [Editor]     > Quest Hubs succeeded.
{19:15:42.973} DEBG: [CLOG]       > [CGameEditor::SaveGameModule] start
{19:15:42.973} DEBG: [CLOG]       > [CLevel::SaveChunks] grid saved
{19:15:42.973} DEBG: [CLOG]       > [CLevel::SaveChunks] terrain end
{19:15:42.973} DEBG: [CLOG]       > [CLevel::SaveChunks] trees
{19:15:42.973} DEBG: [CLOG]       > [CLevel::SaveChunks] trees end
{19:15:42.973} DEBG: [CLOG]       > [CLevel::SaveChunks] mesh visibility parameters start
{19:15:42.976} DEBG: [CLOG]       > [CLevel::SaveChunks] mesh visibility parameters end
{19:15:42.976} DEBG: [CLOG]       > [CLevel::SaveChunks] grid objects sort
{19:15:42.976} DEBG: [CLOG]       > [CLevel::SaveChunks] grid objects save
{19:15:42.976} DEBG: [CLOG]       > [CLevel::SaveChunks] gs objects sort
{19:15:42.976} DEBG: [CLOG]       > [CLevel::SaveChunks] gs objects save
{19:15:42.976} DEBG: [CLOG]       > [CLevel::SaveChunks] gs objects saved
{19:15:42.976} DEBG: [CLOG]       > [CLevel::SaveChunks] movies
{19:15:42.976} DEBG: [CLOG]       > [CLevel::SaveChunks] movies end
{19:15:42.976} DEBG: [CLOG]       > [CLevel::SaveChunks] occluders
{19:15:42.976} DEBG: [CLOG]       > [CLevel::SaveChunks] roads
{19:15:42.979} DEBG: [CLOG]       > [CLevel::SaveChunks] roads end
{19:15:42.979} DEBG: [CLOG]       > [CLevel::SaveChunks] decals end
{19:15:42.979} DEBG: [CLOG]       > [CLevel::SaveChunks] shapes
{19:15:42.979} DEBG: [CLOG]       > [CLevel::SaveChunks] shapes end
{19:15:42.979} DEBG: [CLOG]       > [CLevel::SaveChunks] lofter end
{19:15:42.979} DEBG: [CLOG]       > [CLevel::SaveChunks] terrain v.2
{19:15:42.979} DEBG: [CLOG]       > [CLevel::SaveChunks] Terrain v.2 end
{19:15:42.979} DEBG: [CLOG]       > [CLevel::SaveChunks] CGSObject data
{19:15:42.979} DEBG: [CLOG]       > [CLevel::SaveChunks] CGSObject data
{19:15:42.979} DEBG: [CLOG]       > [CLevel::SaveChunks] Envprobes
{19:15:42.979} DEBG: [CLOG]       > [CGameEditor::SaveGameModule] end
{19:15:42.991} INFO: [Editor]     > Save module succeeded.
{19:15:42.991} INFO: [Editor]     > Compile map succeeded.
{20:07:12.928} INFO: [Editor]     > Generate Map Portals succeeded.
{20:07:12.933} INFO: [Editor]     > Quest Hubs succeeded.
{20:07:12.994} DEBG: [CLOG]       > [CGameEditor::SaveGameModule] start
{20:07:12.994} DEBG: [CLOG]       > [CLevel::SaveChunks] grid saved
{20:07:12.994} DEBG: [CLOG]       > [CLevel::SaveChunks] terrain end
{20:07:12.994} DEBG: [CLOG]       > [CLevel::SaveChunks] trees
{20:07:12.994} DEBG: [CLOG]       > [CLevel::SaveChunks] trees end
{20:07:12.994} DEBG: [CLOG]       > [CLevel::SaveChunks] mesh visibility parameters start
{20:07:13.012} DEBG: [CLOG]       > [CLevel::SaveChunks] mesh visibility parameters end
{20:07:13.012} DEBG: [CLOG]       > [CLevel::SaveChunks] grid objects sort
{20:07:13.012} DEBG: [CLOG]       > [CLevel::SaveChunks] grid objects save
{20:07:13.012} DEBG: [CLOG]       > [CLevel::SaveChunks] gs objects sort
{20:07:13.012} DEBG: [CLOG]       > [CLevel::SaveChunks] gs objects save
{20:07:13.012} DEBG: [CLOG]       > [CLevel::SaveChunks] gs objects saved
{20:07:13.012} DEBG: [CLOG]       > [CLevel::SaveChunks] movies
{20:07:13.012} DEBG: [CLOG]       > [CLevel::SaveChunks] movies end
{20:07:13.013} DEBG: [CLOG]       > [CLevel::SaveChunks] occluders
{20:07:13.013} DEBG: [CLOG]       > [CLevel::SaveChunks] roads
{20:07:13.021} DEBG: [CLOG]       > [CLevel::SaveChunks] roads end
{20:07:13.021} DEBG: [CLOG]       > [CLevel::SaveChunks] decals end
{20:07:13.021} DEBG: [CLOG]       > [CLevel::SaveChunks] shapes
{20:07:13.021} DEBG: [CLOG]       > [CLevel::SaveChunks] shapes end
{20:07:13.021} DEBG: [CLOG]       > [CLevel::SaveChunks] lofter
{20:07:13.021} DEBG: [CLOG]       > [CLevel::SaveChunks] lofter end
{20:07:13.021} DEBG: [CLOG]       > [CLevel::SaveChunks] terrain v.2
{20:07:13.021} DEBG: [CLOG]       > [CLevel::SaveChunks] Terrain v.2 end
{20:07:13.021} DEBG: [CLOG]       > [CLevel::SaveChunks] CGSObject data
{20:07:13.021} DEBG: [CLOG]       > [CLevel::SaveChunks] CGSObject data
{20:07:13.021} DEBG: [CLOG]       > [CLevel::SaveChunks] Envprobes
{20:07:13.021} DEBG: [CLOG]       > [CGameEditor::SaveGameModule] end
{20:07:13.056} INFO: [Editor]     > Save module succeeded.
{20:07:20.053} DEBG: [CLOG]       > IL_LoadImage file not opened: 
{20:07:23.430} DEBG: [CLOG]       > MEConv_x64_rwdi.exe -u local -p opengl4 -savedeps -rebuild -logfile Assets_LINUX/mp.log -game GoldenTrainGame -gamedir "d:/steam/steam/steamapps/common/dying light/devtools/workshop/" "*.dmt"MEConv_x64_rwdi.exe -u local -p dx11 -savedeps -rebuild -logfile Assets_PC/mp.log -game GoldenTrainGame -gamedir "d:/steam/steam/steamapps/common/dying light/devtools/workshop/" "*.dmt"
{20:10:37.958} INFO: [Editor]     > Generate Map Portals succeeded.
{20:10:37.960} INFO: [Editor]     > Quest Hubs succeeded.
{20:10:37.987} DEBG: [CLOG]       > [CGameEditor::SaveGameModule] start
{20:10:37.987} DEBG: [CLOG]       > [CLevel::SaveChunks] grid saved
{20:10:37.987} DEBG: [CLOG]       > [CLevel::SaveChunks] terrain end
{20:10:37.987} DEBG: [CLOG]       > [CLevel::SaveChunks] trees
{20:10:37.987} DEBG: [CLOG]       > [CLevel::SaveChunks] trees end
{20:10:37.987} DEBG: [CLOG]       > [CLevel::SaveChunks] mesh visibility parameters start
{20:10:37.994} DEBG: [CLOG]       > [CLevel::SaveChunks] mesh visibility parameters end
{20:10:37.994} DEBG: [CLOG]       > [CLevel::SaveChunks] grid objects sort
{20:10:37.994} DEBG: [CLOG]       > [CLevel::SaveChunks] grid objects save
{20:10:37.994} DEBG: [CLOG]       > [CLevel::SaveChunks] gs objects sort
{20:10:37.994} DEBG: [CLOG]       > [CLevel::SaveChunks] gs objects save
{20:10:37.994} DEBG: [CLOG]       > [CLevel::SaveChunks] gs objects saved
{20:10:37.994} DEBG: [CLOG]       > [CLevel::SaveChunks] movies
{20:10:37.994} DEBG: [CLOG]       > [CLevel::SaveChunks] movies end
{20:10:37.994} DEBG: [CLOG]       > [CLevel::SaveChunks] occluders
{20:10:37.994} DEBG: [CLOG]       > [CLevel::SaveChunks] roads
{20:10:37.995} DEBG: [CLOG]       > [CLevel::SaveChunks] roads end
{20:10:37.995} DEBG: [CLOG]       > [CLevel::SaveChunks] decals end
{20:10:37.995} DEBG: [CLOG]       > [CLevel::SaveChunks] shapes
{20:10:37.995} DEBG: [CLOG]       > [CLevel::SaveChunks] shapes end
{20:10:37.995} DEBG: [CLOG]       > [CLevel::SaveChunks] lofter
{20:10:37.995} DEBG: [CLOG]       > [CLevel::SaveChunks] lofter end
{20:10:37.995} DEBG: [CLOG]       > [CLevel::SaveChunks] terrain v.2
{20:10:37.995} DEBG: [CLOG]       > [CLevel::SaveChunks] Terrain v.2 end
{20:10:37.995} DEBG: [CLOG]       > [CLevel::SaveChunks] CGSObject data
{20:10:37.995} DEBG: [CLOG]       > [CLevel::SaveChunks] CGSObject data
{20:10:37.995} DEBG: [CLOG]       > [CLevel::SaveChunks] Envprobes
{20:10:37.995} DEBG: [CLOG]       > [CGameEditor::SaveGameModule] end
{20:10:38.012} INFO: [Editor]     > Save module succeeded.
{20:10:38.390} DEBG: [CLOG]       > Level map_01 (LevelDI) deleted
{20:10:40.003} DEBG: [CLOG]       > [CSocket::~CSocket]: <shutdown> error: WSAENOTCONN
{20:10:40.406} INFO: [INFO]       > ---------------------------------------------------------
{20:10:40.406} INFO: [INFO]       > Time of playing game: 4802.539063s
{20:10:40.406} INFO: [INFO]       > Updated frames: 0 Rendered frames: 9201
{20:10:40.406} INFO: [INFO]       > Average FPS: 1.915862
{20:10:40.406} INFO: [INFO]       > ---------------------------------------------------------
{20:10:40.413} DEBG: [CLOG]       > Level  (Level) deleted
{20:10:40.475} DEBG: [CLOG]       > CtrlObjGrid: Maximum grid 0000000065F38380 memory usage: 36 kbytes
{20:10:40.479} DEBG: [CLOG]       > CtrlObjGrid: Maximum grid 000000006057A380 memory usage: 1 kbytes
{20:10:41.508} DEBG: [CLOG]       > WARNING [~CSurfaceManager] Num nondeleted surfaces 93
{20:10:41.509} WARN: [WARN]       > [~CSurfaceManager] Num nondeleted vertex buffers 1
{20:10:41.509} WARN: [WARN]       > [~CSurfaceManager] Num nondeleted index buffers 1
{20:10:41.566} INFO: [Renderer]   > [r_Shutdown] Dll released
