{15:51:12.344} INFO: [System] > Build version: 6.2015.0810.1153
{15:51:12.344} INFO: [System] > [PID] 1408
{15:51:12.367} INFO: [System] > [CPU] vendor: GenuineIntel, features: SSSE3 SSE4.1 SSE4.2 AVX AVX2 F16C FMA CX16 POPCNT LZCNT BMI1 BMI2 HTT, clock frequency: 1995.38MHz
{15:51:12.367} INFO: [System] > [CPU] CPUs: 1, Cores: 2, HT: Yes, Logical processors: 4
{15:51:12.400} INFO: [JobManager] > TMfa05dcc5, dedicated worker threads: 1 + 2, num cpus: 4
{15:51:12.402} INFO: [ODE]        > [ode::dInitialize] SSE path
{15:51:12.406} INFO: [Renderer]   > [r_Initialize] Loaded from rd3d11_x64_rwdi.dll.
{15:51:12.406} INFO: [Renderer]   > Enumerating D3D11 video adapters:
{15:51:12.407} INFO: [Renderer]   > Adapter 1: Intel(R) HD Graphics Family 0MB/1792MB/0MB
{15:51:12.407} INFO: [Renderer]   |   Output 0: [0,0 - 1366,768] \\.\DISPLAY1
{15:51:12.407} INFO: [Renderer]   > Adapter 2: NVIDIA GeForce 840M  1992MB/2048MB/0MB
{15:51:12.407} INFO: [Renderer]   > Adapter 3: Microsoft Basic Render Driver 0MB/256MB/0MB
{15:51:12.414} INFO: [Renderer]   > Renderer started in DX11 mode.
{15:51:12.421} INFO: [Renderer]   > DDraw reported 1,787M free texture memory.
{15:51:12.430} INFO: [Renderer]   > Renderer: supported display modes:
{15:51:12.430} INFO: [Renderer]   |  640x480, bpp:24, hz:60.00, fmt: A8R8G8B8
{15:51:12.430} INFO: [Renderer]   |  640x480, bpp:24, hz:60.00, fmt: A8R8G8B8
{15:51:12.430} INFO: [Renderer]   |  640x480, bpp:24, hz:47.98, fmt: A8R8G8B8
{15:51:12.430} INFO: [Renderer]   |  640x480, bpp:24, hz:47.98, fmt: A8R8G8B8
{15:51:12.430} INFO: [Renderer]   |  800x600, bpp:24, hz:60.00, fmt: A8R8G8B8
{15:51:12.430} INFO: [Renderer]   |  800x600, bpp:24, hz:60.00, fmt: A8R8G8B8
{15:51:12.430} INFO: [Renderer]   |  800x600, bpp:24, hz:47.98, fmt: A8R8G8B8
{15:51:12.430} INFO: [Renderer]   |  800x600, bpp:24, hz:47.98, fmt: A8R8G8B8
{15:51:12.430} INFO: [Renderer]   |  1024x768, bpp:24, hz:60.00, fmt: A8R8G8B8
{15:51:12.430} INFO: [Renderer]   |  1024x768, bpp:24, hz:60.00, fmt: A8R8G8B8
{15:51:12.430} INFO: [Renderer]   |  1024x768, bpp:24, hz:47.98, fmt: A8R8G8B8
{15:51:12.430} INFO: [Renderer]   |  1024x768, bpp:24, hz:47.98, fmt: A8R8G8B8
{15:51:12.430} INFO: [Renderer]   |  1280x600, bpp:24, hz:60.00, fmt: A8R8G8B8
{15:51:12.430} INFO: [Renderer]   |  1280x600, bpp:24, hz:60.00, fmt: A8R8G8B8
{15:51:12.430} INFO: [Renderer]   |  1280x600, bpp:24, hz:47.98, fmt: A8R8G8B8
{15:51:12.430} INFO: [Renderer]   |  1280x600, bpp:24, hz:47.98, fmt: A8R8G8B8
{15:51:12.430} INFO: [Renderer]   |  1280x720, bpp:24, hz:60.00, fmt: A8R8G8B8
{15:51:12.430} INFO: [Renderer]   |  1280x720, bpp:24, hz:60.00, fmt: A8R8G8B8
{15:51:12.430} INFO: [Renderer]   |  1280x720, bpp:24, hz:47.98, fmt: A8R8G8B8
{15:51:12.430} INFO: [Renderer]   |  1280x720, bpp:24, hz:47.98, fmt: A8R8G8B8
{15:51:12.430} INFO: [Renderer]   |  1280x768, bpp:24, hz:60.00, fmt: A8R8G8B8
{15:51:12.430} INFO: [Renderer]   |  1280x768, bpp:24, hz:60.00, fmt: A8R8G8B8
{15:51:12.430} INFO: [Renderer]   |  1280x768, bpp:24, hz:47.98, fmt: A8R8G8B8
{15:51:12.430} INFO: [Renderer]   |  1280x768, bpp:24, hz:47.98, fmt: A8R8G8B8
{15:51:12.430} INFO: [Renderer]   |  1360x768, bpp:24, hz:60.00, fmt: A8R8G8B8
{15:51:12.430} INFO: [Renderer]   |  1360x768, bpp:24, hz:60.00, fmt: A8R8G8B8
{15:51:12.430} INFO: [Renderer]   |  1360x768, bpp:24, hz:47.98, fmt: A8R8G8B8
{15:51:12.430} INFO: [Renderer]   |  1360x768, bpp:24, hz:47.98, fmt: A8R8G8B8
{15:51:12.430} INFO: [Renderer]   |  1366x768, bpp:24, hz:60.00, fmt: A8R8G8B8
{15:51:12.430} INFO: [Renderer]   |  1366x768, bpp:24, hz:47.98, fmt: A8R8G8B8
{15:51:12.431} INFO: [INFO]       > Texture streaming lowest priority distance set to 100m
{15:51:12.431} INFO: [Renderer]   > WindowOffset 0 0
{15:51:12.449} DEBG: [CLOG]       > [CAudioSettings::LoadSettings] Unable to load Out/Settings/EditorAudio.scr
{15:51:12.449} DEBG: [DXGI]       > [RChangeDeviceState] 1366x768, windowed, 0/0 Hz
{15:51:12.449} DEBG: [DXGI]       >                  was 0x0, fullscreen, 0/0 Hz
{15:51:12.451} INFO: [TexMgr]     > Max texture dimensions: 16384x16384x2048
{15:51:12.453} INFO: [MatMgr]     > Number of supported techniques: 61
{15:51:13.607} INFO: [MatMgr]     > Material pack 'global_dx11.mp' loaded.
{15:51:13.623} INFO: [MatMgr]     > Material pack 'local_dx11.mp' loaded.
{15:51:13.898} INFO: [INFO]       > Texture streaming buffer set to 400MB
{15:51:13.899} INFO: [Video]      > //Video settings:
{15:51:13.899} INFO: [Video]      > Resolution(1366,768)
{15:51:13.899} INFO: [Video]      > Monitor(0)
{15:51:13.899} INFO: [Video]      > TextureQuality("Medium")
{15:51:13.899} INFO: [Video]      > VisRange(1.40, 1.40)
{15:51:13.899} INFO: [Video]      > ShadowMapSize(1024)
{15:51:13.899} INFO: [Video]      > SpotShadowMapSize(1024)
{15:51:13.900} INFO: [Video]      > GammaFloat(1.00)
{15:51:13.900} INFO: [Video]      > GrassQuality(2)
{15:51:13.900} INFO: [Video]      > AmbientOcclusion(0)
{15:51:13.900} INFO: [Video]      > MotionBlur(0)
{15:51:13.900} INFO: [Video]      > AntiAliasing(0)
{15:51:13.900} INFO: [Video]      > DisableDWM(1)
{15:51:13.900} INFO: [Video]      > EnableFilmGrain(1)
{15:51:13.900} INFO: [Video]      > Version(1)
{15:51:13.900} INFO: [INFO]       > >>>>> Audio init
{15:51:15.481} INFO: [INFO]       > FMOD::Driver: GBo[niki / SBuchawki (Realtek High Definition Audio)
{15:51:15.490} INFO: [INFO]       > DriverCaps: FMOD_CAPS_OUTPUT_FORMAT_PCM8
{15:51:15.490} INFO: [INFO]       > DriverCaps: FMOD_CAPS_OUTPUT_FORMAT_PCM16
{15:51:15.490} INFO: [INFO]       > DriverCaps: FMOD_CAPS_OUTPUT_FORMAT_PCM24
{15:51:15.490} INFO: [INFO]       > DriverCaps: FMOD_CAPS_OUTPUT_FORMAT_PCM32
{15:51:15.490} INFO: [INFO]       > DriverCaps: FMOD_CAPS_OUTPUT_FORMAT_PCMFLOAT
{15:51:15.649} DEBG: [CLOG]       > NOTE : FMOD_SYSTEM_CALLBACKTYPE_THREADCREATED occured.
{15:51:15.649} DEBG: [CLOG]       > Thread ID = 1420
{15:51:15.649} DEBG: [CLOG]       > Thread Name = FMOD (WASAPI) feeder thread
{15:51:15.649} DEBG: [CLOG]       > NOTE : FMOD_SYSTEM_CALLBACKTYPE_THREADCREATED occured.
{15:51:15.649} DEBG: [CLOG]       > Thread ID = 1228
{15:51:15.649} DEBG: [CLOG]       > Thread Name = FMOD mixer thread
{15:51:15.650} DEBG: [CLOG]       > NOTE : FMOD_SYSTEM_CALLBACKTYPE_THREADCREATED occured.
{15:51:15.650} DEBG: [CLOG]       > Thread ID = 1328
{15:51:15.650} DEBG: [CLOG]       > Thread Name = FMOD stream thread
{15:51:15.650} INFO: [INFO]       > FMOD is using (8) output type.
{15:51:15.650} INFO: [INFO]       > FMOD Software Format Info:
{15:51:15.650} INFO: [INFO]       | 	Out Sample Rate: <48000>
{15:51:15.650} INFO: [INFO]       | 	Format: <5>
{15:51:15.650} INFO: [INFO]       | 	Out Channels: <2>
{15:51:15.650} INFO: [INFO]       | 	Max Input Channels: <8>
{15:51:15.650} INFO: [INFO]       | 	Bits: <32>
{15:51:15.650} INFO: [INFO]       > FMOD Mixer blocksize        = 21.33 ms
{15:51:15.650} INFO: [INFO]       > FMOD Mixer blocks count     = 4
{15:51:15.650} INFO: [INFO]       > FMOD Mixer Total buffer size = 85.33 ms
{15:51:15.650} INFO: [INFO]       > FMOD Mixer Average Latency  = 53.33 ms
{15:51:15.650} DEBG: [CLOG]       > [CAudioFMOD::InitNet] Can't use FMOD NetEventSystem - Audio engine is using FMODEx.
{15:51:15.650} INFO: [INFO]       > [CAudioFMOD] FMOD debug level: 0
{15:51:15.669} INFO: [Audio]      > //Audio settings:
{15:51:15.669} INFO: [Audio]      > API("FMOD")
{15:51:15.669} INFO: [Audio]      > MixFrequency(48000)
{15:51:15.669} INFO: [Audio]      > Channels(40)
{15:51:15.669} INFO: [Audio]      > Quality3D("high")
{15:51:15.669} INFO: [Audio]      > MaxVolume(40)
{15:51:15.669} INFO: [Audio]      > FXVolume(40)
{15:51:15.669} INFO: [Audio]      > WaveVolume(40)
{15:51:15.669} INFO: [Audio]      > SpeechVolume(40)
{15:51:15.669} INFO: [Audio]      > MovieVolume(40)
{15:51:15.669} INFO: [Audio]      > MovieVolumeSource(0)
{15:51:15.669} INFO: [Audio]      > GlobalSettings("")
{15:51:15.669} INFO: [Audio]      > ReverbChannels(1)
{15:51:15.669} INFO: [Audio]      > MixerBlocksCount(0)
{15:51:15.669} INFO: [Audio]      > 
{15:51:25.595} INFO: [INFO]       > [Input] Keyboard 0 enumerated: intance_name = Klawiatura, product_name = Klawiatura, GUID = {6f1d2b61-d5a0-11cf-bfc7-444553540000}
{15:51:25.604} INFO: [INFO]       > [CInput::SelectKeyboard] Keyboard 0 selected: Klawiatura, Klawiatura
{15:51:25.624} INFO: [INFO]       > [SDL::InitSDL] InitSDL successed!
{15:51:25.627} INFO: [Game]       > Game version: 1.6.1
{15:51:28.826} ERRR: [Parser]     > Param 0 in function EnableExplosionDamage() is not a bool
{15:51:28.828} ERRR: [Parser]     > Param 0 in function EnableExplosionDamage() is not a bool
{15:51:28.828} ERRR: [Parser]     > Param 0 in function EnableExplosionDamage() is not a bool
{15:51:28.864} DEBG: [CLOG]       > Failed to calc CRC for file achievements.xml  (0 to -1)
{15:51:28.865} DEBG: [CLOG]       > Failed to calc CRC for file challenges.xml  (0 to -1)
{15:51:30.194} DEBG: [CLOG]       > [FMODSoundBankManager::LoadBank] Sound bank <menu_p0.csb> doesn't exist in filesystem.
{15:51:30.194} DEBG: [CLOG]       > [AudioScript::Execute] <LoadAudioBanks> failed!
{15:51:30.194} DEBG: [CLOG]       > [FMODSoundBankManager::LoadBank] Sound bank <menu_stream_p0.csb> doesn't exist in filesystem.
{15:51:30.194} DEBG: [CLOG]       > [AudioScript::Execute] <LoadAudioBanks> failed!
{15:51:30.195} DEBG: [CLOG]       > [FMODSoundBankManager::LoadBank] Sound bank <menu_stream_p1.csb> doesn't exist in filesystem.
{15:51:30.195} DEBG: [CLOG]       > [AudioScript::Execute] <LoadAudioBanks> failed!
{15:51:30.195} DEBG: [CLOG]       > [FMODSoundBankManager::LoadBank] Sound bank <music_1_p0.csb> doesn't exist in filesystem.
{15:51:30.195} DEBG: [CLOG]       > [AudioScript::Execute] <LoadAudioBanks> failed!
{15:51:30.195} DEBG: [CLOG]       > [FMODSoundBankManager::LoadBank] Sound bank <music_1_stream_p0.csb> doesn't exist in filesystem.
{15:51:30.195} DEBG: [CLOG]       > [AudioScript::Execute] <LoadAudioBanks> failed!
{15:51:30.195} DEBG: [CLOG]       > [FMODSoundBankManager::LoadBank] Sound bank <music_1_p1.csb> doesn't exist in filesystem.
{15:51:30.195} DEBG: [CLOG]       > [AudioScript::Execute] <LoadAudioBanks> failed!
{15:51:30.195} DEBG: [CLOG]       > [FMODSoundBankManager::LoadBank] Sound bank <music_1_stream_p1.csb> doesn't exist in filesystem.
{15:51:30.195} DEBG: [CLOG]       > [AudioScript::Execute] <LoadAudioBanks> failed!
{15:51:30.200} DEBG: [CLOG]       > [FMODSoundBankManager::LoadBank] Sound bank <music_2_p0.csb> doesn't exist in filesystem.
{15:51:30.200} DEBG: [CLOG]       > [AudioScript::Execute] <LoadAudioBanks> failed!
{15:51:30.200} DEBG: [CLOG]       > [FMODSoundBankManager::LoadBank] Sound bank <music_2_stream_p0.csb> doesn't exist in filesystem.
{15:51:30.200} DEBG: [CLOG]       > [AudioScript::Execute] <LoadAudioBanks> failed!
{15:51:30.200} DEBG: [CLOG]       > [FMODSoundBankManager::LoadBank] Sound bank <music_2_p1.csb> doesn't exist in filesystem.
{15:51:30.200} DEBG: [CLOG]       > [AudioScript::Execute] <LoadAudioBanks> failed!
{15:51:30.200} DEBG: [CLOG]       > [FMODSoundBankManager::LoadBank] Sound bank <music_2_stream_p1.csb> doesn't exist in filesystem.
{15:51:30.200} DEBG: [CLOG]       > [AudioScript::Execute] <LoadAudioBanks> failed!
{15:51:30.201} DEBG: [CLOG]       > [FMODSoundBankManager::LoadBank] Sound bank <music_3_p0.csb> doesn't exist in filesystem.
{15:51:30.201} DEBG: [CLOG]       > [AudioScript::Execute] <LoadAudioBanks> failed!
{15:51:30.201} DEBG: [CLOG]       > [FMODSoundBankManager::LoadBank] Sound bank <music_3_stream_p0.csb> doesn't exist in filesystem.
{15:51:30.201} DEBG: [CLOG]       > [AudioScript::Execute] <LoadAudioBanks> failed!
{15:51:30.201} DEBG: [CLOG]       > [FMODSoundBankManager::LoadBank] Sound bank <music_3_p1.csb> doesn't exist in filesystem.
{15:51:30.201} DEBG: [CLOG]       > [AudioScript::Execute] <LoadAudioBanks> failed!
{15:51:30.229} DEBG: [CLOG]       > [FMODSoundBankManager::LoadBank] Sound bank <all_in_maps_1_p0.csb> doesn't exist in filesystem.
{15:51:30.229} DEBG: [CLOG]       > [AudioScript::Execute] <LoadAudioBanks> failed!
{15:51:30.229} DEBG: [CLOG]       > [FMODSoundBankManager::LoadBank] Sound bank <all_in_maps_1_stream_p0.csb> doesn't exist in filesystem.
{15:51:30.229} DEBG: [CLOG]       > [AudioScript::Execute] <LoadAudioBanks> failed!
{15:51:30.229} DEBG: [CLOG]       > [FMODSoundBankManager::LoadBank] Sound bank <all_in_maps_1_p1.csb> doesn't exist in filesystem.
{15:51:30.229} DEBG: [CLOG]       > [AudioScript::Execute] <LoadAudioBanks> failed!
{15:51:30.229} DEBG: [CLOG]       > [FMODSoundBankManager::LoadBank] Sound bank <all_in_maps_1_stream_p1.csb> doesn't exist in filesystem.
{15:51:30.229} DEBG: [CLOG]       > [AudioScript::Execute] <LoadAudioBanks> failed!
{15:51:30.245} DEBG: [CLOG]       > [FMODSoundBankManager::LoadBank] Sound bank <all_in_maps_2_p0.csb> doesn't exist in filesystem.
{15:51:30.245} DEBG: [CLOG]       > [AudioScript::Execute] <LoadAudioBanks> failed!
{15:51:30.245} DEBG: [CLOG]       > [FMODSoundBankManager::LoadBank] Sound bank <all_in_maps_2_stream_p0.csb> doesn't exist in filesystem.
{15:51:30.245} DEBG: [CLOG]       > [AudioScript::Execute] <LoadAudioBanks> failed!
{15:51:30.245} DEBG: [CLOG]       > [FMODSoundBankManager::LoadBank] Sound bank <all_in_maps_2_p1.csb> doesn't exist in filesystem.
{15:51:30.245} DEBG: [CLOG]       > [AudioScript::Execute] <LoadAudioBanks> failed!
{15:51:30.245} DEBG: [CLOG]       > [FMODSoundBankManager::LoadBank] Sound bank <all_in_maps_2_stream_p1.csb> doesn't exist in filesystem.
{15:51:30.245} DEBG: [CLOG]       > [AudioScript::Execute] <LoadAudioBanks> failed!
{15:51:30.247} DEBG: [CLOG]       > [FMODSoundBankManager::LoadBank] Sound bank <all_in_maps_3_p0.csb> doesn't exist in filesystem.
{15:51:30.247} DEBG: [CLOG]       > [AudioScript::Execute] <LoadAudioBanks> failed!
{15:51:30.247} DEBG: [CLOG]       > [FMODSoundBankManager::LoadBank] Sound bank <all_in_maps_3_stream_p0.csb> doesn't exist in filesystem.
{15:51:30.247} DEBG: [CLOG]       > [AudioScript::Execute] <LoadAudioBanks> failed!
{15:51:30.248} DEBG: [CLOG]       > [FMODSoundBankManager::LoadBank] Sound bank <all_in_maps_3_stream_p1.csb> doesn't exist in filesystem.
{15:51:30.248} DEBG: [CLOG]       > [AudioScript::Execute] <LoadAudioBanks> failed!
{15:51:30.265} DEBG: [CLOG]       > [FMODSoundBankManager::LoadBank] Sound bank <all_in_maps_persistant_p0.csb> doesn't exist in filesystem.
{15:51:30.265} DEBG: [CLOG]       > [AudioScript::Execute] <LoadAudioBanks> failed!
{15:51:30.265} DEBG: [CLOG]       > [FMODSoundBankManager::LoadBank] Sound bank <all_in_maps_persistant_stream_p0.csb> doesn't exist in filesystem.
{15:51:30.265} DEBG: [CLOG]       > [AudioScript::Execute] <LoadAudioBanks> failed!
{15:51:30.266} DEBG: [CLOG]       > [FMODSoundBankManager::LoadBank] Sound bank <all_in_maps_persistant_stream_p1.csb> doesn't exist in filesystem.
{15:51:30.266} DEBG: [CLOG]       > [AudioScript::Execute] <LoadAudioBanks> failed!
{15:51:30.266} DEBG: [CLOG]       > [FMODSoundBankManager::LoadBank] Sound bank <workshop_audio.csb> doesn't exist in filesystem.
{15:51:30.266} DEBG: [CLOG]       > [AudioScript::Execute] <LoadAudioBanks> failed!
{15:51:30.266} DEBG: [CLOG]       > [FMODSoundBankManager::LoadBank] Sound bank <workshop_audio_p0.csb> doesn't exist in filesystem.
{15:51:30.266} DEBG: [CLOG]       > [AudioScript::Execute] <LoadAudioBanks> failed!
{15:51:30.266} DEBG: [CLOG]       > [FMODSoundBankManager::LoadBank] Sound bank <workshop_audio_stream_p0.csb> doesn't exist in filesystem.
{15:51:30.266} DEBG: [CLOG]       > [AudioScript::Execute] <LoadAudioBanks> failed!
{15:51:30.266} DEBG: [CLOG]       > [FMODSoundBankManager::LoadBank] Sound bank <workshop_audio_p1.csb> doesn't exist in filesystem.
{15:51:30.266} DEBG: [CLOG]       > [AudioScript::Execute] <LoadAudioBanks> failed!
{15:51:30.266} DEBG: [CLOG]       > [FMODSoundBankManager::LoadBank] Sound bank <workshop_audio_stream_p1.csb> doesn't exist in filesystem.
{15:51:30.266} DEBG: [CLOG]       > [AudioScript::Execute] <LoadAudioBanks> failed!
{15:51:30.323} DEBG: [CLOG]       > [FMODSoundBankManager::LoadBank] Sound bank <all_quests_local_p0.csb> doesn't exist in filesystem.
{15:51:30.324} DEBG: [CLOG]       > [AudioScript::Execute] <LoadLocalisedAudioBank> failed!
{15:51:30.324} DEBG: [CLOG]       > [FMODSoundBankManager::LoadBank] Sound bank <all_quests_local_stream_p0.csb> doesn't exist in filesystem.
{15:51:30.324} DEBG: [CLOG]       > [AudioScript::Execute] <LoadLocalisedAudioBank> failed!
{15:51:30.324} DEBG: [CLOG]       > [FMODSoundBankManager::LoadBank] Sound bank <all_quests_local_p1.csb> doesn't exist in filesystem.
{15:51:30.324} DEBG: [CLOG]       > [AudioScript::Execute] <LoadLocalisedAudioBank> failed!
{15:51:30.324} DEBG: [CLOG]       > [FMODSoundBankManager::LoadBank] Sound bank <all_quests_local_stream_p1.csb> doesn't exist in filesystem.
{15:51:30.324} DEBG: [CLOG]       > [AudioScript::Execute] <LoadLocalisedAudioBank> failed!
{15:51:30.364} DEBG: [CLOG]       > [FMODSoundBankManager::LoadBank] Sound bank <common_local_1_p0.csb> doesn't exist in filesystem.
{15:51:30.365} DEBG: [CLOG]       > [AudioScript::Execute] <LoadLocalisedAudioBank> failed!
{15:51:30.365} DEBG: [CLOG]       > [FMODSoundBankManager::LoadBank] Sound bank <common_local_1_stream_p0.csb> doesn't exist in filesystem.
{15:51:30.365} DEBG: [CLOG]       > [AudioScript::Execute] <LoadLocalisedAudioBank> failed!
{15:51:30.365} DEBG: [CLOG]       > [FMODSoundBankManager::LoadBank] Sound bank <common_local_1_p1.csb> doesn't exist in filesystem.
{15:51:30.366} DEBG: [CLOG]       > [AudioScript::Execute] <LoadLocalisedAudioBank> failed!
{15:51:30.366} DEBG: [CLOG]       > [FMODSoundBankManager::LoadBank] Sound bank <common_local_1_stream_p1.csb> doesn't exist in filesystem.
{15:51:30.366} DEBG: [CLOG]       > [AudioScript::Execute] <LoadLocalisedAudioBank> failed!
{15:51:30.420} DEBG: [CLOG]       > [FMODSoundBankManager::LoadBank] Sound bank <common_local_2_p0.csb> doesn't exist in filesystem.
{15:51:30.421} DEBG: [CLOG]       > [AudioScript::Execute] <LoadLocalisedAudioBank> failed!
{15:51:30.421} DEBG: [CLOG]       > [FMODSoundBankManager::LoadBank] Sound bank <common_local_2_stream_p0.csb> doesn't exist in filesystem.
{15:51:30.422} DEBG: [CLOG]       > [AudioScript::Execute] <LoadLocalisedAudioBank> failed!
{15:51:30.422} DEBG: [CLOG]       > [FMODSoundBankManager::LoadBank] Sound bank <common_local_2_p1.csb> doesn't exist in filesystem.
{15:51:30.422} DEBG: [CLOG]       > [AudioScript::Execute] <LoadLocalisedAudioBank> failed!
{15:51:30.422} DEBG: [CLOG]       > [FMODSoundBankManager::LoadBank] Sound bank <common_local_2_stream_p1.csb> doesn't exist in filesystem.
{15:51:30.423} DEBG: [CLOG]       > [AudioScript::Execute] <LoadLocalisedAudioBank> failed!
{15:51:30.628} WARN: [WARN]       > Failed to register action varlist <post_process_simple, chromedvarlistoverridessimple.scr>: the script does not exist
{15:51:30.628} WARN: [WARN]       > Failed to register action varlist <post_process_normal, chromedvarlistoverrides.scr>: the script does not exist
{15:51:31.033} DEBG: [CLOG]       > [CInetAddr::DetermineNetworkInterface] HostName=<Darolap>
{15:51:31.034} DEBG: [CLOG]       > [CInetAdder::DetermineNetworkInterface] address: 192.168.56.1
{15:51:31.034} DEBG: [CLOG]       > [CInetAddr::SetLocalHost] 192.168.56.1
{15:51:31.040} INFO: [Editor]     > [LocalizationManager] 0 asset(s) in 1 source(s), 1 language(s)
{15:51:31.299} ERRR: [FileSystem] > Source from path 'D:\Gry\Steam\steamapps\common\Dying Light Developer Tools\DW/Assets_PC/' already added.
{15:51:37.613} INFO: [INFO]       > Done!
{15:51:39.011} DEBG: [CLOG]       > ERROR [FX] Cannot read definition of btzh_light_end_light.fx
{15:51:39.012} DEBG: [CLOG]       > ERROR [FX] Cannot read definition of btzh_light_start_light.fx
{15:51:39.033} WARN: [WARN]       > [CFXDefinitionManager::CreateDefFromMemory] RPACK: fx definition 'car_hit_ground_dust_emiter.fx' (type=0, def=000000004DC8E350) NOT registered!
{15:51:39.033} WARN: [WARN]       > [CFXDefinitionManager::CreateDefFromMemory] RPACK: fx definition 'car_hit_ground_dust_particle.fx' (type=2, def=000000004A5F2910) NOT registered!
{15:51:39.042} WARN: [WARN]       > [CFXDefinitionManager::CreateDefFromMemory] RPACK: fx definition 'coll_ground_emiter.fx' (type=0, def=000000004DC8B410) NOT registered!
{15:51:39.042} WARN: [WARN]       > [CFXDefinitionManager::CreateDefFromMemory] RPACK: fx definition 'coll_ground_particle.fx' (type=2, def=000000004A5F3120) NOT registered!
{15:51:39.058} DEBG: [CLOG]       > ERROR [FX] Cannot read definition of hex_blood_anim_decal_standard.fx
{15:51:39.058} DEBG: [CLOG]       > ERROR [FX] Cannot read definition of hex_blood_decal_standard.fx
{15:51:39.098} DEBG: [CLOG]       > ERROR [FX] Cannot read definition of eimp_sound_sound.fx
{15:51:39.098} WARN: [WARN]       > [CFXDefinitionManager::CreateDefFromMemory] RPACK: fx definition 'eimp_sound_sound.fx' (type=8, def=0000000000000000) NOT registered!
{15:51:39.099} DEBG: [CLOG]       > ERROR [FX] Cannot read definition of eimp_sound_sound.fx
{15:51:39.117} DEBG: [CLOG]       > ERROR [FX] Cannot read definition of eimp_sound_sound.fx
{15:51:39.311} DEBG: [CLOG]       > IL_LoadImage file not opened: edicon_fx.dds
{15:51:39.311} ERRR: [Icons]      > Image could not be loaded: edicon_fx.dds
{15:51:39.311} DEBG: [CLOG]       > IL_LoadImage file not opened: flag_white.dds
{15:51:39.311} ERRR: [Icons]      > Image could not be loaded: flag_white.dds
{15:51:39.315} DEBG: [CLOG]       > IL_LoadImage file not opened: edicon_safeedicon_safehouse.dds
{15:51:39.315} ERRR: [Icons]      > Image could not be loaded: edicon_safeedicon_safehouse.dds
{15:51:39.319} DEBG: [CLOG]       > IL_LoadImage file not opened: edicon_sound_music.dds
{15:51:39.319} ERRR: [Icons]      > Image could not be loaded: edicon_sound_music.dds
{15:51:39.438} DEBG: [CLOG]       > IL_LoadImage file not opened: terrain_mats_color.dds
{15:51:40.948} ERRR: [Parser]     > [parser::node_call::node_call] unknown subtree 'DefineColorsHard' in 'default_Workshop.loot'
{15:51:40.948} ERRR: [Parser]     > [ParseUnit] syntax error in 'default_Workshop.loot' line 35
{15:51:44.678} ERRR: [ERRR]       > Import selection failed. File plg_raise_0603_l_stairs_a.eds does not exist.
{15:51:44.678} ERRR: [ERRR]       >  EDS: (347)[SelectionObject]
{15:51:44.678} ERRR: [ERRR]       > *********************************
{15:51:44.678} ERRR: [ERRR]       > Import selection failed. File plg_raise_0603_l_stairs_a.eds does not exist.
{15:51:44.678} ERRR: [ERRR]       >  EDS: (348)[SelectionObject]
{15:51:44.678} ERRR: [ERRR]       > *********************************
{15:51:44.678} ERRR: [ERRR]       > Import selection failed. File plg_raise_0603_l_stairs_a.eds does not exist.
{15:51:44.678} ERRR: [ERRR]       >  EDS: (349)[SelectionObject]
{15:51:44.678} ERRR: [ERRR]       > *********************************
{15:51:44.678} ERRR: [ERRR]       > Import selection failed. File plg_raise_0603_l_stairs_a.eds does not exist.
{15:51:44.678} ERRR: [ERRR]       >  EDS: (350)[SelectionObject]
{15:51:44.678} ERRR: [ERRR]       > *********************************
{15:51:44.678} ERRR: [ERRR]       > Import selection failed. File plg_raise_0603_n_stairs_a.eds does not exist.
{15:51:44.678} ERRR: [ERRR]       >  EDS: (352)[SelectionObject]
{15:51:44.678} ERRR: [ERRR]       > *********************************
{15:51:44.678} ERRR: [ERRR]       > Import selection failed. File plg_raise_0603_r_stairs_a.eds does not exist.
{15:51:44.678} ERRR: [ERRR]       >  EDS: (354)[SelectionObject]
{15:51:44.678} ERRR: [ERRR]       > *********************************
{15:51:44.678} ERRR: [ERRR]       > Import selection failed. File plg_raise_0603_r_stairs_a.eds does not exist.
{15:51:44.678} ERRR: [ERRR]       >  EDS: (355)[SelectionObject]
{15:51:44.678} ERRR: [ERRR]       > *********************************
{15:51:44.678} ERRR: [ERRR]       > Import selection failed. File plg_raise_0603_r_stairs_a.eds does not exist.
{15:51:44.678} ERRR: [ERRR]       >  EDS: (356)[SelectionObject]
{15:51:44.678} ERRR: [ERRR]       > *********************************
{15:51:44.678} ERRR: [ERRR]       > Import selection failed. File plg_raise_0603_r_stairs_a.eds does not exist.
{15:51:44.678} ERRR: [ERRR]       >  EDS: (357)[SelectionObject]
{15:51:44.678} ERRR: [ERRR]       > *********************************
{15:51:44.678} ERRR: [ERRR]       > Import selection failed. File plg_raise_0603_l_stairs_a.eds does not exist.
{15:51:44.678} ERRR: [ERRR]       >  EDS: (361)[SelectionObject]
{15:51:44.678} ERRR: [ERRR]       > *********************************
{15:51:44.678} ERRR: [ERRR]       > Import selection failed. File plg_raise_0603_n_stairs_a.eds does not exist.
{15:51:44.678} ERRR: [ERRR]       >  EDS: (363)[SelectionObject]
{15:51:44.678} ERRR: [ERRR]       > *********************************
{15:51:44.678} ERRR: [ERRR]       > Import selection failed. File plg_raise_0603_r_stairs_a.eds does not exist.
{15:51:44.678} ERRR: [ERRR]       >  EDS: (365)[SelectionObject]
{15:51:44.678} ERRR: [ERRR]       > *********************************
{15:51:44.732} DEBG: [CLOG]       > ERROR: override script 'map_01_ovr_sml_PC10.scr' contained error and was not loaded!
{15:51:44.732} DEBG: [CLOG]       > ERROR: override script 'map_01_ovr_sml_XBOX.scr' contained error and was not loaded!
{15:51:44.732} DEBG: [CLOG]       > ERROR: override script 'map_01_ovr_sml_PS3.scr' contained error and was not loaded!
{15:51:44.732} DEBG: [CLOG]       > ERROR: override script 'map_01_ovr_sml_PC11.scr' contained error and was not loaded!
{15:51:44.732} DEBG: [CLOG]       > ERROR: override script 'map_01_ovr_sml_DURANGO.scr' contained error and was not loaded!
{15:51:44.732} DEBG: [CLOG]       > ERROR: override script 'map_01_ovr_sml_ORBIS.scr' contained error and was not loaded!
{15:51:44.846} DEBG: [CLOG]       > Load level: 7.655727 [s]
{15:51:44.846} INFO: [Editor]     > Load module succeeded.
{15:56:52.179} WARN: [WARN]       > Skin 'Default' not found for mesh 'dream_dest_wall_str_0302_a.msh'. Trying default skin...
{15:56:52.179} WARN: [WARN]       > Skin 'Default' not found for mesh 'dream_dest_wall_str_0302_a.msh'!
{15:56:52.179} ERRR: [ERRR]       > CMesh::Initialize: cannot apply skin '' in mesh 'dream_dest_wall_str_0302_a.msh'
{15:57:51.064} WARN: [WARN]       > MESH 'highrise_wall_06_l0_str_a.msh' SKIN 'DEFAULT' IS SET FROM CODE WHILE IT IS MARKED AS FILTER_IN_EDITOR! SUCH BEHAVIOR IS FORBIDDEN
{15:58:06.948} WARN: [WARN]       > MESH 'highrise_wall_12_l0_str_a.msh' SKIN 'DEFAULT' IS SET FROM CODE WHILE IT IS MARKED AS FILTER_IN_EDITOR! SUCH BEHAVIOR IS FORBIDDEN
{15:59:32.100} WARN: [WARN]       > Skin 'Default' not found for mesh 'int_low_wall_a_luxfer_b.msh'. Trying default skin...
{15:59:32.100} WARN: [WARN]       > Skin 'Default' not found for mesh 'int_low_wall_a_luxfer_b.msh'!
{15:59:32.100} ERRR: [ERRR]       > CMesh::Initialize: cannot apply skin '' in mesh 'int_low_wall_a_luxfer_b.msh'
{15:59:33.917} WARN: [WARN]       > Skin 'Default' not found for mesh 'int_low_wall_a_luxfer_c.msh'. Trying default skin...
{15:59:33.917} WARN: [WARN]       > Skin 'Default' not found for mesh 'int_low_wall_a_luxfer_c.msh'!
{15:59:33.917} ERRR: [ERRR]       > CMesh::Initialize: cannot apply skin '' in mesh 'int_low_wall_a_luxfer_c.msh'
{15:59:43.766} WARN: [WARN]       > Skin 'Default' not found for mesh 'int_low_wall_a_luxfer_b.msh'. Trying default skin...
{15:59:43.766} WARN: [WARN]       > Skin 'Default' not found for mesh 'int_low_wall_a_luxfer_b.msh'!
{15:59:43.766} ERRR: [ERRR]       > CMesh::Initialize: cannot apply skin '' in mesh 'int_low_wall_a_luxfer_b.msh'
{16:00:31.470} WARN: [WARN]       > Skin 'Default' not found for mesh 'int_low_wall_corner_a_emp.msh'. Trying default skin...
{16:00:31.470} WARN: [WARN]       > Skin 'Default' not found for mesh 'int_low_wall_corner_a_emp.msh'!
{16:00:31.470} ERRR: [ERRR]       > CMesh::Initialize: cannot apply skin '' in mesh 'int_low_wall_corner_a_emp.msh'
{16:00:40.601} WARN: [WARN]       > Skin 'Default' not found for mesh 'int_low_wall_corner_b_emp.msh'. Trying default skin...
{16:00:40.601} WARN: [WARN]       > Skin 'Default' not found for mesh 'int_low_wall_corner_b_emp.msh'!
{16:00:40.601} ERRR: [ERRR]       > CMesh::Initialize: cannot apply skin '' in mesh 'int_low_wall_corner_b_emp.msh'
{16:00:46.769} WARN: [WARN]       > Skin 'Default' not found for mesh 'int_low_wall_dest_a.msh'. Trying default skin...
{16:00:46.769} WARN: [WARN]       > Skin 'Default' not found for mesh 'int_low_wall_dest_a.msh'!
{16:00:46.769} ERRR: [ERRR]       > CMesh::Initialize: cannot apply skin '' in mesh 'int_low_wall_dest_a.msh'
{16:00:48.703} WARN: [WARN]       > Skin 'Default' not found for mesh 'int_low_wall_dest_b_a.msh'. Trying default skin...
{16:00:48.703} WARN: [WARN]       > Skin 'Default' not found for mesh 'int_low_wall_dest_b_a.msh'!
{16:00:48.703} ERRR: [ERRR]       > CMesh::Initialize: cannot apply skin '' in mesh 'int_low_wall_dest_b_a.msh'
{16:00:50.351} WARN: [WARN]       > Skin 'Default' not found for mesh 'int_low_wall_dest_b_b.msh'. Trying default skin...
{16:00:50.351} WARN: [WARN]       > Skin 'Default' not found for mesh 'int_low_wall_dest_b_b.msh'!
{16:00:50.351} ERRR: [ERRR]       > CMesh::Initialize: cannot apply skin '' in mesh 'int_low_wall_dest_b_b.msh'
{16:00:55.369} WARN: [WARN]       > Skin 'Default' not found for mesh 'int_low_wall_corner_b_emp.msh'. Trying default skin...
{16:00:55.369} WARN: [WARN]       > Skin 'Default' not found for mesh 'int_low_wall_corner_b_emp.msh'!
{16:00:55.369} ERRR: [ERRR]       > CMesh::Initialize: cannot apply skin '' in mesh 'int_low_wall_corner_b_emp.msh'
{16:01:10.070} WARN: [WARN]       > Skin 'Default' not found for mesh 'int_low_wall_door_double_sm_a_emp.msh'. Trying default skin...
{16:01:10.070} WARN: [WARN]       > Skin 'Default' not found for mesh 'int_low_wall_door_double_sm_a_emp.msh'!
{16:01:10.070} ERRR: [ERRR]       > CMesh::Initialize: cannot apply skin '' in mesh 'int_low_wall_door_double_sm_a_emp.msh'
{16:01:18.704} WARN: [WARN]       > Skin 'Default' not found for mesh 'int_low_wall_a_luxfer_c.msh'. Trying default skin...
{16:01:18.704} WARN: [WARN]       > Skin 'Default' not found for mesh 'int_low_wall_a_luxfer_c.msh'!
{16:01:18.704} ERRR: [ERRR]       > CMesh::Initialize: cannot apply skin '' in mesh 'int_low_wall_a_luxfer_c.msh'
{16:02:14.954} WARN: [WARN]       > Skin 'Default' not found for mesh 'int_low_wall_a_luxfer_b.msh'. Trying default skin...
{16:02:14.955} WARN: [WARN]       > Skin 'Default' not found for mesh 'int_low_wall_a_luxfer_b.msh'!
{16:02:14.955} ERRR: [ERRR]       > CMesh::Initialize: cannot apply skin '' in mesh 'int_low_wall_a_luxfer_b.msh'
{16:02:16.371} WARN: [WARN]       > Skin 'Default' not found for mesh 'int_low_wall_a_luxfer_c.msh'. Trying default skin...
{16:02:16.371} WARN: [WARN]       > Skin 'Default' not found for mesh 'int_low_wall_a_luxfer_c.msh'!
{16:02:16.371} ERRR: [ERRR]       > CMesh::Initialize: cannot apply skin '' in mesh 'int_low_wall_a_luxfer_c.msh'
{16:02:21.354} WARN: [WARN]       > Skin 'Default' not found for mesh 'int_low_wall_corner_a_emp.msh'. Trying default skin...
{16:02:21.354} WARN: [WARN]       > Skin 'Default' not found for mesh 'int_low_wall_corner_a_emp.msh'!
{16:02:21.354} ERRR: [ERRR]       > CMesh::Initialize: cannot apply skin '' in mesh 'int_low_wall_corner_a_emp.msh'
{16:02:24.871} WARN: [WARN]       > Skin 'Default' not found for mesh 'int_low_wall_corner_b_emp.msh'. Trying default skin...
{16:02:24.871} WARN: [WARN]       > Skin 'Default' not found for mesh 'int_low_wall_corner_b_emp.msh'!
{16:02:24.871} ERRR: [ERRR]       > CMesh::Initialize: cannot apply skin '' in mesh 'int_low_wall_corner_b_emp.msh'
{16:02:27.854} WARN: [WARN]       > Skin 'Default' not found for mesh 'int_low_wall_dest_a.msh'. Trying default skin...
{16:02:27.854} WARN: [WARN]       > Skin 'Default' not found for mesh 'int_low_wall_dest_a.msh'!
{16:02:27.854} ERRR: [ERRR]       > CMesh::Initialize: cannot apply skin '' in mesh 'int_low_wall_dest_a.msh'
{16:02:29.354} WARN: [WARN]       > Skin 'Default' not found for mesh 'int_low_wall_dest_b_a.msh'. Trying default skin...
{16:02:29.354} WARN: [WARN]       > Skin 'Default' not found for mesh 'int_low_wall_dest_b_a.msh'!
{16:02:29.354} ERRR: [ERRR]       > CMesh::Initialize: cannot apply skin '' in mesh 'int_low_wall_dest_b_a.msh'
{16:02:30.721} WARN: [WARN]       > Skin 'Default' not found for mesh 'int_low_wall_dest_b_b.msh'. Trying default skin...
{16:02:30.721} WARN: [WARN]       > Skin 'Default' not found for mesh 'int_low_wall_dest_b_b.msh'!
{16:02:30.721} ERRR: [ERRR]       > CMesh::Initialize: cannot apply skin '' in mesh 'int_low_wall_dest_b_b.msh'
{16:02:51.289} WARN: [WARN]       > Skin 'Default' not found for mesh 'int_low_wall_half_window_b_emp.msh'. Trying default skin...
{16:02:51.289} WARN: [WARN]       > Skin 'Default' not found for mesh 'int_low_wall_half_window_b_emp.msh'!
{16:02:51.290} ERRR: [ERRR]       > CMesh::Initialize: cannot apply skin '' in mesh 'int_low_wall_half_window_b_emp.msh'
{16:02:52.789} WARN: [WARN]       > Skin 'Default' not found for mesh 'int_low_wall_school_a.msh'. Trying default skin...
{16:02:52.789} WARN: [WARN]       > Skin 'Default' not found for mesh 'int_low_wall_school_a.msh'!
{16:02:52.789} ERRR: [ERRR]       > CMesh::Initialize: cannot apply skin '' in mesh 'int_low_wall_school_a.msh'
{16:02:56.556} WARN: [WARN]       > Skin 'Default' not found for mesh 'int_low_wall_school_c_emp.msh'. Trying default skin...
{16:02:56.556} WARN: [WARN]       > Skin 'Default' not found for mesh 'int_low_wall_school_c_emp.msh'!
{16:02:56.556} ERRR: [ERRR]       > CMesh::Initialize: cannot apply skin '' in mesh 'int_low_wall_school_c_emp.msh'
{16:31:13.968} INFO: [Editor]     > Generate Map Portals succeeded.
{16:31:13.968} INFO: [Editor]     > Quest Hubs succeeded.
{16:31:13.996} DEBG: [CLOG]       > [CGameEditor::SaveGameModule] start
{16:31:13.996} DEBG: [CLOG]       > [CLevel::SaveChunks] grid saved
{16:31:13.996} DEBG: [CLOG]       > [CLevel::SaveChunks] terrain end
{16:31:13.996} DEBG: [CLOG]       > [CLevel::SaveChunks] trees
{16:31:13.996} DEBG: [CLOG]       > [CLevel::SaveChunks] trees end
{16:31:13.996} DEBG: [CLOG]       > [CLevel::SaveChunks] mesh visibility parameters start
{16:31:14.001} DEBG: [CLOG]       > [CLevel::SaveChunks] mesh visibility parameters end
{16:31:14.001} DEBG: [CLOG]       > [CLevel::SaveChunks] grid objects sort
{16:31:14.001} DEBG: [CLOG]       > [CLevel::SaveChunks] grid objects save
{16:31:14.001} DEBG: [CLOG]       > [CLevel::SaveChunks] gs objects sort
{16:31:14.001} DEBG: [CLOG]       > [CLevel::SaveChunks] gs objects save
{16:31:14.001} DEBG: [CLOG]       > [CLevel::SaveChunks] gs objects saved
{16:31:14.001} DEBG: [CLOG]       > [CLevel::SaveChunks] movies
{16:31:14.001} DEBG: [CLOG]       > [CLevel::SaveChunks] movies end
{16:31:14.002} DEBG: [CLOG]       > [CLevel::SaveChunks] occluders
{16:31:14.002} DEBG: [CLOG]       > [CLevel::SaveChunks] roads
{16:31:14.002} DEBG: [CLOG]       > [CLevel::SaveChunks] roads end
{16:31:14.002} DEBG: [CLOG]       > [CLevel::SaveChunks] decals end
{16:31:14.002} DEBG: [CLOG]       > [CLevel::SaveChunks] shapes
{16:31:14.002} DEBG: [CLOG]       > [CLevel::SaveChunks] shapes end
{16:31:14.002} DEBG: [CLOG]       > [CLevel::SaveChunks] lofter
{16:31:14.002} DEBG: [CLOG]       > [CLevel::SaveChunks] lofter end
{16:31:14.002} DEBG: [CLOG]       > [CLevel::SaveChunks] terrain v.2
{16:31:14.002} DEBG: [CLOG]       > [CLevel::SaveChunks] Terrain v.2 end
{16:31:14.002} DEBG: [CLOG]       > [CLevel::SaveChunks] CGSObject data
{16:31:14.002} DEBG: [CLOG]       > [CLevel::SaveChunks] CGSObject data
{16:31:14.002} DEBG: [CLOG]       > [CLevel::SaveChunks] Envprobes
{16:31:14.002} DEBG: [CLOG]       > [CGameEditor::SaveGameModule] end
{16:31:14.011} INFO: [Editor]     > Save module succeeded.
{16:31:14.073} DEBG: [CLOG]       > Level map_01 (LevelDI) deleted
{16:31:15.094} DEBG: [CLOG]       > [CSocket::~CSocket]: <shutdown> error: WSAENOTCONN
{16:31:15.375} INFO: [INFO]       > ---------------------------------------------------------
{16:31:15.375} INFO: [INFO]       > Time of playing game: 2403.021973s
{16:31:15.375} INFO: [INFO]       > Updated frames: 0 Rendered frames: 38412
{16:31:15.375} INFO: [INFO]       > Average FPS: 15.984874
{16:31:15.375} INFO: [INFO]       > ---------------------------------------------------------
{16:31:15.377} DEBG: [CLOG]       > Level  (Level) deleted
{16:31:15.427} DEBG: [CLOG]       > CtrlObjGrid: Maximum grid 00000000634BA390 memory usage: 41 kbytes
{16:31:15.427} DEBG: [CLOG]       > CtrlObjGrid: Maximum grid 000000004DA3FB30 memory usage: 1 kbytes
{16:31:15.691} DEBG: [CLOG]       > WARNING [~CSurfaceManager] Num nondeleted surfaces 93
{16:31:15.692} WARN: [WARN]       > [~CSurfaceManager] Num nondeleted vertex buffers 1
{16:31:15.692} WARN: [WARN]       > [~CSurfaceManager] Num nondeleted index buffers 1
{16:31:15.706} INFO: [Renderer]   > [r_Shutdown] Dll released
