{19:57:08.477} INFO: [System] > Build version: 6.2015.1204.1439
{19:57:08.478} INFO: [System] > [PID] 3492
{19:57:08.528} INFO: [System] > [CPU] vendor: GenuineIntel, features: SSSE3 SSE4.1 SSE4.2 AVX AVX2 F16C FMA CX16 POPCNT LZCNT BMI1 BMI2 HTT, clock frequency: 2194.92MHz
{19:57:08.529} INFO: [System] > [CPU] CPUs: 1, Cores: 2, HT: Yes, Logical processors: 4
{19:57:08.597} INFO: [JobManager] > TM435de0a8, dedicated worker threads: 1 + 2, num cpus: 4
{19:57:08.608} INFO: [ODE]        > [ode::dInitialize] SSE path
{19:57:08.626} INFO: [Renderer]   > [r_Initialize] Loaded from rd3d11_x64_rwdi.dll.
{19:57:08.626} INFO: [Renderer]   > Enumerating D3D11 video adapters:
{19:57:08.629} INFO: [Renderer]   > Adapter 1: Intel(R) HD Graphics 5500 128MB/3839MB/0MB
{19:57:08.630} INFO: [Renderer]   |   Output 0: [0,0 - 1920,1080] \\.\DISPLAY1
{19:57:08.630} INFO: [Renderer]   |   Output 1: [2400,0 - 4200,1125] \\.\DISPLAY2
{19:57:08.630} INFO: [Renderer]   > Adapter 2: AMD Radeon(TM) R9 M375 4075MB/3840MB/0MB
{19:57:08.630} INFO: [Renderer]   > Adapter 3: Microsoft Basic Render Driver 0MB/256MB/0MB
{19:57:08.644} INFO: [Renderer]   > Renderer started in DX11 mode.
{19:57:08.686} INFO: [Renderer]   > DDraw reported 3,960M free texture memory.
{19:57:08.916} INFO: [Renderer]   > Renderer: supported display modes:
{19:57:08.916} INFO: [Renderer]   |  640x480, bpp:24, hz:60.05, fmt: A8R8G8B8
{19:57:08.916} INFO: [Renderer]   |  640x480, bpp:24, hz:60.05, fmt: A8R8G8B8
{19:57:08.916} INFO: [Renderer]   |  800x600, bpp:24, hz:60.05, fmt: A8R8G8B8
{19:57:08.916} INFO: [Renderer]   |  800x600, bpp:24, hz:60.05, fmt: A8R8G8B8
{19:57:08.916} INFO: [Renderer]   |  1024x768, bpp:24, hz:60.05, fmt: A8R8G8B8
{19:57:08.916} INFO: [Renderer]   |  1024x768, bpp:24, hz:60.05, fmt: A8R8G8B8
{19:57:08.916} INFO: [Renderer]   |  1152x864, bpp:24, hz:60.05, fmt: A8R8G8B8
{19:57:08.916} INFO: [Renderer]   |  1152x864, bpp:24, hz:60.05, fmt: A8R8G8B8
{19:57:08.916} INFO: [Renderer]   |  1280x600, bpp:24, hz:60.05, fmt: A8R8G8B8
{19:57:08.916} INFO: [Renderer]   |  1280x600, bpp:24, hz:60.05, fmt: A8R8G8B8
{19:57:08.916} INFO: [Renderer]   |  1280x720, bpp:24, hz:60.05, fmt: A8R8G8B8
{19:57:08.916} INFO: [Renderer]   |  1280x720, bpp:24, hz:60.05, fmt: A8R8G8B8
{19:57:08.916} INFO: [Renderer]   |  1280x768, bpp:24, hz:60.05, fmt: A8R8G8B8
{19:57:08.916} INFO: [Renderer]   |  1280x768, bpp:24, hz:60.05, fmt: A8R8G8B8
{19:57:08.916} INFO: [Renderer]   |  1280x800, bpp:24, hz:60.05, fmt: A8R8G8B8
{19:57:08.916} INFO: [Renderer]   |  1280x800, bpp:24, hz:60.05, fmt: A8R8G8B8
{19:57:08.916} INFO: [Renderer]   |  1280x960, bpp:24, hz:60.05, fmt: A8R8G8B8
{19:57:08.916} INFO: [Renderer]   |  1280x960, bpp:24, hz:60.05, fmt: A8R8G8B8
{19:57:08.916} INFO: [Renderer]   |  1280x1024, bpp:24, hz:60.05, fmt: A8R8G8B8
{19:57:08.916} INFO: [Renderer]   |  1280x1024, bpp:24, hz:60.05, fmt: A8R8G8B8
{19:57:08.916} INFO: [Renderer]   |  1360x768, bpp:24, hz:60.05, fmt: A8R8G8B8
{19:57:08.916} INFO: [Renderer]   |  1360x768, bpp:24, hz:60.05, fmt: A8R8G8B8
{19:57:08.916} INFO: [Renderer]   |  1366x768, bpp:24, hz:60.05, fmt: A8R8G8B8
{19:57:08.916} INFO: [Renderer]   |  1366x768, bpp:24, hz:60.05, fmt: A8R8G8B8
{19:57:08.916} INFO: [Renderer]   |  1400x1050, bpp:24, hz:60.05, fmt: A8R8G8B8
{19:57:08.916} INFO: [Renderer]   |  1400x1050, bpp:24, hz:60.05, fmt: A8R8G8B8
{19:57:08.916} INFO: [Renderer]   |  1440x900, bpp:24, hz:60.05, fmt: A8R8G8B8
{19:57:08.916} INFO: [Renderer]   |  1440x900, bpp:24, hz:60.05, fmt: A8R8G8B8
{19:57:08.916} INFO: [Renderer]   |  1600x900, bpp:24, hz:60.05, fmt: A8R8G8B8
{19:57:08.916} INFO: [Renderer]   |  1600x900, bpp:24, hz:60.05, fmt: A8R8G8B8
{19:57:08.916} INFO: [Renderer]   |  1680x1050, bpp:24, hz:60.05, fmt: A8R8G8B8
{19:57:08.916} INFO: [Renderer]   |  1680x1050, bpp:24, hz:60.05, fmt: A8R8G8B8
{19:57:08.916} INFO: [Renderer]   |  1920x1080, bpp:24, hz:60.05, fmt: A8R8G8B8
{19:57:08.919} INFO: [INFO]       > Texture streaming lowest priority distance set to 100m
{19:57:08.920} INFO: [Renderer]   > WindowOffset 0 0
{19:57:08.946} DEBG: [CLOG]       > [CAudioSettings::LoadSettings] Unable to load Out/Settings/EditorAudio.scr
{19:57:08.946} DEBG: [DXGI]       > [RChangeDeviceState] 1920x1080, windowed, 0/0 Hz
{19:57:08.946} DEBG: [DXGI]       >                  was 0x0, fullscreen, 0/0 Hz
{19:57:08.948} INFO: [TexMgr]     > Max texture dimensions: 16384x16384x2048
{19:57:08.953} INFO: [MatMgr]     > Number of supported techniques: 61
{19:57:10.525} INFO: [MatMgr]     > Material pack 'global_dx11.mp' loaded.
{19:57:10.638} INFO: [MatMgr]     > Material pack 'local_dx11.mp' loaded.
{19:57:11.473} INFO: [INFO]       > Texture streaming buffer set to 400MB
{19:57:11.474} INFO: [Video]      > //Video settings:
{19:57:11.474} INFO: [Video]      > Resolution(1920,1080)
{19:57:11.474} INFO: [Video]      > Monitor(0)
{19:57:11.474} INFO: [Video]      > TextureQuality("Medium")
{19:57:11.474} INFO: [Video]      > VisRange(1.40, 1.40)
{19:57:11.474} INFO: [Video]      > ShadowMapSize(1024)
{19:57:11.474} INFO: [Video]      > SpotShadowMapSize(1024)
{19:57:11.474} INFO: [Video]      > GammaFloat(1.00)
{19:57:11.474} INFO: [Video]      > GrassQuality(2)
{19:57:11.474} INFO: [Video]      > AmbientOcclusion(0)
{19:57:11.474} INFO: [Video]      > MotionBlur(0)
{19:57:11.474} INFO: [Video]      > AntiAliasing(0)
{19:57:11.474} INFO: [Video]      > DisableDWM(1)
{19:57:11.474} INFO: [Video]      > EnableFilmGrain(1)
{19:57:11.474} INFO: [Video]      > Version(1)
{19:57:11.475} INFO: [INFO]       > >>>>> Audio init
{19:57:12.481} INFO: [INFO]       > FMOD::Driver: GBo[niki (Realtek High Definition Audio)
{19:57:12.508} INFO: [INFO]       > DriverCaps: FMOD_CAPS_OUTPUT_FORMAT_PCM8
{19:57:12.508} INFO: [INFO]       > DriverCaps: FMOD_CAPS_OUTPUT_FORMAT_PCM16
{19:57:12.508} INFO: [INFO]       > DriverCaps: FMOD_CAPS_OUTPUT_FORMAT_PCM24
{19:57:12.508} INFO: [INFO]       > DriverCaps: FMOD_CAPS_OUTPUT_FORMAT_PCM32
{19:57:12.508} INFO: [INFO]       > DriverCaps: FMOD_CAPS_OUTPUT_FORMAT_PCMFLOAT
{19:57:13.056} DEBG: [CLOG]       > NOTE : FMOD_SYSTEM_CALLBACKTYPE_THREADCREATED occured.
{19:57:13.056} DEBG: [CLOG]       > Thread ID = 1408
{19:57:13.056} DEBG: [CLOG]       > Thread Name = FMOD (WASAPI) feeder thread
{19:57:13.056} DEBG: [CLOG]       > NOTE : FMOD_SYSTEM_CALLBACKTYPE_THREADCREATED occured.
{19:57:13.056} DEBG: [CLOG]       > Thread ID = 1424
{19:57:13.056} DEBG: [CLOG]       > Thread Name = FMOD mixer thread
{19:57:13.091} DEBG: [CLOG]       > NOTE : FMOD_SYSTEM_CALLBACKTYPE_THREADCREATED occured.
{19:57:13.091} DEBG: [CLOG]       > Thread ID = 1444
{19:57:13.091} DEBG: [CLOG]       > Thread Name = FMOD stream thread
{19:57:13.091} INFO: [INFO]       > FMOD is using (8) output type.
{19:57:13.091} INFO: [INFO]       > FMOD Software Format Info:
{19:57:13.091} INFO: [INFO]       | 	Out Sample Rate: <48000>
{19:57:13.091} INFO: [INFO]       | 	Format: <5>
{19:57:13.091} INFO: [INFO]       | 	Out Channels: <2>
{19:57:13.091} INFO: [INFO]       | 	Max Input Channels: <8>
{19:57:13.091} INFO: [INFO]       | 	Bits: <32>
{19:57:13.091} INFO: [INFO]       > FMOD Mixer blocksize        = 21.33 ms
{19:57:13.091} INFO: [INFO]       > FMOD Mixer blocks count     = 4
{19:57:13.091} INFO: [INFO]       > FMOD Mixer Total buffer size = 85.33 ms
{19:57:13.091} INFO: [INFO]       > FMOD Mixer Average Latency  = 53.33 ms
{19:57:13.091} DEBG: [CLOG]       > [CAudioFMOD::InitNet] Can't use FMOD NetEventSystem - Audio engine is using FMODEx.
{19:57:13.091} INFO: [INFO]       > [CAudioFMOD] FMOD debug level: 0
{19:57:13.134} INFO: [Audio]      > //Audio settings:
{19:57:13.134} INFO: [Audio]      > API("FMOD")
{19:57:13.134} INFO: [Audio]      > MixFrequency(48000)
{19:57:13.134} INFO: [Audio]      > Channels(40)
{19:57:13.134} INFO: [Audio]      > Quality3D("high")
{19:57:13.134} INFO: [Audio]      > MaxVolume(40)
{19:57:13.134} INFO: [Audio]      > FXVolume(40)
{19:57:13.134} INFO: [Audio]      > WaveVolume(40)
{19:57:13.134} INFO: [Audio]      > SpeechVolume(40)
{19:57:13.134} INFO: [Audio]      > MovieVolume(40)
{19:57:13.134} INFO: [Audio]      > MovieVolumeSource(0)
{19:57:13.134} INFO: [Audio]      > GlobalSettings("")
{19:57:13.134} INFO: [Audio]      > ReverbChannels(1)
{19:57:13.134} INFO: [Audio]      > MixerBlocksCount(0)
{19:57:13.134} INFO: [Audio]      > 
{19:57:29.478} INFO: [INFO]       > [Input] Keyboard 0 enumerated: intance_name = Klawiatura, product_name = Klawiatura, GUID = {6f1d2b61-d5a0-11cf-bfc7-444553540000}
{19:57:29.483} INFO: [INFO]       > [CInput::SelectKeyboard] Keyboard 0 selected: Klawiatura, Klawiatura
{19:57:29.499} INFO: [INFO]       > [SDL::InitSDL] InitSDL successed!
{19:57:29.517} INFO: [Game]       > Game version: 0.0.99
{19:57:40.329} ERRR: [Parser]     > Param 0 in function EnableExplosionDamage() is not a bool
{19:57:40.338} ERRR: [Parser]     > Param 0 in function EnableExplosionDamage() is not a bool
{19:57:40.340} ERRR: [Parser]     > Param 0 in function EnableExplosionDamage() is not a bool
{19:57:40.532} DEBG: [CLOG]       > Failed to calc CRC for file achievements.xml  (0 to -1)
{19:57:40.533} DEBG: [CLOG]       > Failed to calc CRC for file challenges.xml  (0 to -1)
{19:57:46.383} DEBG: [CLOG]       > [FMODSoundBankManager::LoadBank] Sound bank <menu_p0.csb> doesn't exist in filesystem.
{19:57:46.383} DEBG: [CLOG]       > [AudioScript::Execute] <LoadAudioBanks> failed!
{19:57:46.383} DEBG: [CLOG]       > [FMODSoundBankManager::LoadBank] Sound bank <menu_stream_p0.csb> doesn't exist in filesystem.
{19:57:46.383} DEBG: [CLOG]       > [AudioScript::Execute] <LoadAudioBanks> failed!
{19:57:46.385} DEBG: [CLOG]       > [FMODSoundBankManager::LoadBank] Sound bank <menu_stream_p1.csb> doesn't exist in filesystem.
{19:57:46.385} DEBG: [CLOG]       > [AudioScript::Execute] <LoadAudioBanks> failed!
{19:57:46.386} DEBG: [CLOG]       > [FMODSoundBankManager::LoadBank] Sound bank <music_1_p0.csb> doesn't exist in filesystem.
{19:57:46.387} DEBG: [CLOG]       > [AudioScript::Execute] <LoadAudioBanks> failed!
{19:57:46.387} DEBG: [CLOG]       > [FMODSoundBankManager::LoadBank] Sound bank <music_1_stream_p0.csb> doesn't exist in filesystem.
{19:57:46.387} DEBG: [CLOG]       > [AudioScript::Execute] <LoadAudioBanks> failed!
{19:57:46.387} DEBG: [CLOG]       > [FMODSoundBankManager::LoadBank] Sound bank <music_1_p1.csb> doesn't exist in filesystem.
{19:57:46.387} DEBG: [CLOG]       > [AudioScript::Execute] <LoadAudioBanks> failed!
{19:57:46.387} DEBG: [CLOG]       > [FMODSoundBankManager::LoadBank] Sound bank <music_1_stream_p1.csb> doesn't exist in filesystem.
{19:57:46.387} DEBG: [CLOG]       > [AudioScript::Execute] <LoadAudioBanks> failed!
{19:57:46.399} DEBG: [CLOG]       > [FMODSoundBankManager::LoadBank] Sound bank <music_2_p0.csb> doesn't exist in filesystem.
{19:57:46.399} DEBG: [CLOG]       > [AudioScript::Execute] <LoadAudioBanks> failed!
{19:57:46.400} DEBG: [CLOG]       > [FMODSoundBankManager::LoadBank] Sound bank <music_2_stream_p0.csb> doesn't exist in filesystem.
{19:57:46.400} DEBG: [CLOG]       > [AudioScript::Execute] <LoadAudioBanks> failed!
{19:57:46.400} DEBG: [CLOG]       > [FMODSoundBankManager::LoadBank] Sound bank <music_2_p1.csb> doesn't exist in filesystem.
{19:57:46.400} DEBG: [CLOG]       > [AudioScript::Execute] <LoadAudioBanks> failed!
{19:57:46.400} DEBG: [CLOG]       > [FMODSoundBankManager::LoadBank] Sound bank <music_2_stream_p1.csb> doesn't exist in filesystem.
{19:57:46.401} DEBG: [CLOG]       > [AudioScript::Execute] <LoadAudioBanks> failed!
{19:57:46.403} DEBG: [CLOG]       > [FMODSoundBankManager::LoadBank] Sound bank <music_3_p0.csb> doesn't exist in filesystem.
{19:57:46.403} DEBG: [CLOG]       > [AudioScript::Execute] <LoadAudioBanks> failed!
{19:57:46.403} DEBG: [CLOG]       > [FMODSoundBankManager::LoadBank] Sound bank <music_3_stream_p0.csb> doesn't exist in filesystem.
{19:57:46.403} DEBG: [CLOG]       > [AudioScript::Execute] <LoadAudioBanks> failed!
{19:57:46.403} DEBG: [CLOG]       > [FMODSoundBankManager::LoadBank] Sound bank <music_3_p1.csb> doesn't exist in filesystem.
{19:57:46.403} DEBG: [CLOG]       > [AudioScript::Execute] <LoadAudioBanks> failed!
{19:57:46.484} DEBG: [CLOG]       > [FMODSoundBankManager::LoadBank] Sound bank <all_in_maps_1_p0.csb> doesn't exist in filesystem.
{19:57:46.484} DEBG: [CLOG]       > [AudioScript::Execute] <LoadAudioBanks> failed!
{19:57:46.485} DEBG: [CLOG]       > [FMODSoundBankManager::LoadBank] Sound bank <all_in_maps_1_stream_p0.csb> doesn't exist in filesystem.
{19:57:46.485} DEBG: [CLOG]       > [AudioScript::Execute] <LoadAudioBanks> failed!
{19:57:46.485} DEBG: [CLOG]       > [FMODSoundBankManager::LoadBank] Sound bank <all_in_maps_1_p1.csb> doesn't exist in filesystem.
{19:57:46.485} DEBG: [CLOG]       > [AudioScript::Execute] <LoadAudioBanks> failed!
{19:57:46.485} DEBG: [CLOG]       > [FMODSoundBankManager::LoadBank] Sound bank <all_in_maps_1_stream_p1.csb> doesn't exist in filesystem.
{19:57:46.486} DEBG: [CLOG]       > [AudioScript::Execute] <LoadAudioBanks> failed!
{19:57:46.528} DEBG: [CLOG]       > [FMODSoundBankManager::LoadBank] Sound bank <all_in_maps_2_p0.csb> doesn't exist in filesystem.
{19:57:46.529} DEBG: [CLOG]       > [AudioScript::Execute] <LoadAudioBanks> failed!
{19:57:46.529} DEBG: [CLOG]       > [FMODSoundBankManager::LoadBank] Sound bank <all_in_maps_2_stream_p0.csb> doesn't exist in filesystem.
{19:57:46.530} DEBG: [CLOG]       > [AudioScript::Execute] <LoadAudioBanks> failed!
{19:57:46.530} DEBG: [CLOG]       > [FMODSoundBankManager::LoadBank] Sound bank <all_in_maps_2_p1.csb> doesn't exist in filesystem.
{19:57:46.530} DEBG: [CLOG]       > [AudioScript::Execute] <LoadAudioBanks> failed!
{19:57:46.530} DEBG: [CLOG]       > [FMODSoundBankManager::LoadBank] Sound bank <all_in_maps_2_stream_p1.csb> doesn't exist in filesystem.
{19:57:46.530} DEBG: [CLOG]       > [AudioScript::Execute] <LoadAudioBanks> failed!
{19:57:46.535} DEBG: [CLOG]       > [FMODSoundBankManager::LoadBank] Sound bank <all_in_maps_3_p0.csb> doesn't exist in filesystem.
{19:57:46.535} DEBG: [CLOG]       > [AudioScript::Execute] <LoadAudioBanks> failed!
{19:57:46.536} DEBG: [CLOG]       > [FMODSoundBankManager::LoadBank] Sound bank <all_in_maps_3_stream_p0.csb> doesn't exist in filesystem.
{19:57:46.536} DEBG: [CLOG]       > [AudioScript::Execute] <LoadAudioBanks> failed!
{19:57:46.539} DEBG: [CLOG]       > [FMODSoundBankManager::LoadBank] Sound bank <all_in_maps_3_stream_p1.csb> doesn't exist in filesystem.
{19:57:46.540} DEBG: [CLOG]       > [AudioScript::Execute] <LoadAudioBanks> failed!
{19:57:46.594} DEBG: [CLOG]       > [FMODSoundBankManager::LoadBank] Sound bank <all_in_maps_persistant_p0.csb> doesn't exist in filesystem.
{19:57:46.594} DEBG: [CLOG]       > [AudioScript::Execute] <LoadAudioBanks> failed!
{19:57:46.594} DEBG: [CLOG]       > [FMODSoundBankManager::LoadBank] Sound bank <all_in_maps_persistant_stream_p0.csb> doesn't exist in filesystem.
{19:57:46.595} DEBG: [CLOG]       > [AudioScript::Execute] <LoadAudioBanks> failed!
{19:57:46.595} DEBG: [CLOG]       > [FMODSoundBankManager::LoadBank] Sound bank <all_in_maps_persistant_stream_p1.csb> doesn't exist in filesystem.
{19:57:46.596} DEBG: [CLOG]       > [AudioScript::Execute] <LoadAudioBanks> failed!
{19:57:46.596} DEBG: [CLOG]       > [FMODSoundBankManager::LoadBank] Sound bank <workshop_audio.csb> doesn't exist in filesystem.
{19:57:46.596} DEBG: [CLOG]       > [AudioScript::Execute] <LoadAudioBanks> failed!
{19:57:46.597} DEBG: [CLOG]       > [FMODSoundBankManager::LoadBank] Sound bank <workshop_audio_p0.csb> doesn't exist in filesystem.
{19:57:46.597} DEBG: [CLOG]       > [AudioScript::Execute] <LoadAudioBanks> failed!
{19:57:46.597} DEBG: [CLOG]       > [FMODSoundBankManager::LoadBank] Sound bank <workshop_audio_stream_p0.csb> doesn't exist in filesystem.
{19:57:46.598} DEBG: [CLOG]       > [AudioScript::Execute] <LoadAudioBanks> failed!
{19:57:46.598} DEBG: [CLOG]       > [FMODSoundBankManager::LoadBank] Sound bank <workshop_audio_p1.csb> doesn't exist in filesystem.
{19:57:46.598} DEBG: [CLOG]       > [AudioScript::Execute] <LoadAudioBanks> failed!
{19:57:46.599} DEBG: [CLOG]       > [FMODSoundBankManager::LoadBank] Sound bank <workshop_audio_stream_p1.csb> doesn't exist in filesystem.
{19:57:46.599} DEBG: [CLOG]       > [AudioScript::Execute] <LoadAudioBanks> failed!
{19:57:46.795} DEBG: [CLOG]       > [FMODSoundBankManager::LoadBank] Sound bank <all_quests_local_p0.csb> doesn't exist in filesystem.
{19:57:46.797} DEBG: [CLOG]       > [AudioScript::Execute] <LoadLocalisedAudioBank> failed!
{19:57:46.797} DEBG: [CLOG]       > [FMODSoundBankManager::LoadBank] Sound bank <all_quests_local_stream_p0.csb> doesn't exist in filesystem.
{19:57:46.798} DEBG: [CLOG]       > [AudioScript::Execute] <LoadLocalisedAudioBank> failed!
{19:57:46.798} DEBG: [CLOG]       > [FMODSoundBankManager::LoadBank] Sound bank <all_quests_local_p1.csb> doesn't exist in filesystem.
{19:57:46.799} DEBG: [CLOG]       > [AudioScript::Execute] <LoadLocalisedAudioBank> failed!
{19:57:46.799} DEBG: [CLOG]       > [FMODSoundBankManager::LoadBank] Sound bank <all_quests_local_stream_p1.csb> doesn't exist in filesystem.
{19:57:46.801} DEBG: [CLOG]       > [AudioScript::Execute] <LoadLocalisedAudioBank> failed!
{19:57:46.951} DEBG: [CLOG]       > [FMODSoundBankManager::LoadBank] Sound bank <common_local_1_p0.csb> doesn't exist in filesystem.
{19:57:46.952} DEBG: [CLOG]       > [AudioScript::Execute] <LoadLocalisedAudioBank> failed!
{19:57:46.953} DEBG: [CLOG]       > [FMODSoundBankManager::LoadBank] Sound bank <common_local_1_stream_p0.csb> doesn't exist in filesystem.
{19:57:46.954} DEBG: [CLOG]       > [AudioScript::Execute] <LoadLocalisedAudioBank> failed!
{19:57:46.954} DEBG: [CLOG]       > [FMODSoundBankManager::LoadBank] Sound bank <common_local_1_p1.csb> doesn't exist in filesystem.
{19:57:46.955} DEBG: [CLOG]       > [AudioScript::Execute] <LoadLocalisedAudioBank> failed!
{19:57:46.955} DEBG: [CLOG]       > [FMODSoundBankManager::LoadBank] Sound bank <common_local_1_stream_p1.csb> doesn't exist in filesystem.
{19:57:46.956} DEBG: [CLOG]       > [AudioScript::Execute] <LoadLocalisedAudioBank> failed!
{19:57:47.153} DEBG: [CLOG]       > [FMODSoundBankManager::LoadBank] Sound bank <common_local_2_p0.csb> doesn't exist in filesystem.
{19:57:47.154} DEBG: [CLOG]       > [AudioScript::Execute] <LoadLocalisedAudioBank> failed!
{19:57:47.154} DEBG: [CLOG]       > [FMODSoundBankManager::LoadBank] Sound bank <common_local_2_stream_p0.csb> doesn't exist in filesystem.
{19:57:47.157} DEBG: [CLOG]       > [AudioScript::Execute] <LoadLocalisedAudioBank> failed!
{19:57:47.157} DEBG: [CLOG]       > [FMODSoundBankManager::LoadBank] Sound bank <common_local_2_p1.csb> doesn't exist in filesystem.
{19:57:47.159} DEBG: [CLOG]       > [AudioScript::Execute] <LoadLocalisedAudioBank> failed!
{19:57:47.159} DEBG: [CLOG]       > [FMODSoundBankManager::LoadBank] Sound bank <common_local_2_stream_p1.csb> doesn't exist in filesystem.
{19:57:47.161} DEBG: [CLOG]       > [AudioScript::Execute] <LoadLocalisedAudioBank> failed!
{19:57:48.090} WARN: [WARN]       > Failed to register action varlist <post_process_simple, chromedvarlistoverridessimple.scr>: the script does not exist
{19:57:48.090} WARN: [WARN]       > Failed to register action varlist <post_process_normal, chromedvarlistoverrides.scr>: the script does not exist
{19:57:49.979} DEBG: [CLOG]       > [CInetAddr::DetermineNetworkInterface] HostName=<Wojtek>
{19:57:49.983} DEBG: [CLOG]       > [CInetAdder::DetermineNetworkInterface] address: 192.168.56.1
{19:57:49.983} DEBG: [CLOG]       > [CInetAddr::SetLocalHost] 192.168.56.1
{19:57:49.997} INFO: [Editor]     > [LocalizationManager] 8 asset(s) in 1 source(s), 1 language(s)
{19:57:50.707} ERRR: [FileSystem] > Source from path 'D:\Steam\steam\steamapps\common\Dying Light Developer Tools\DW/Assets_PC/' already added.
{19:58:14.197} INFO: [INFO]       > Done!
{19:58:14.239} DEBG: [CLOG]       > CVarMgr::LoadScripted(..): unable to parse file: data/maps/map_01/map_01.scr
{19:58:19.388} DEBG: [CLOG]       > ERROR [FX] Cannot read definition of btzh_light_end_light.fx
{19:58:19.390} DEBG: [CLOG]       > ERROR [FX] Cannot read definition of btzh_light_start_light.fx
{19:58:19.476} WARN: [WARN]       > [CFXDefinitionManager::CreateDefFromMemory] RPACK: fx definition 'car_hit_ground_dust_emiter.fx' (type=0, def=0000000057C8E700) NOT registered!
{19:58:19.476} WARN: [WARN]       > [CFXDefinitionManager::CreateDefFromMemory] RPACK: fx definition 'car_hit_ground_dust_particle.fx' (type=2, def=000000005801D090) NOT registered!
{19:58:19.510} WARN: [WARN]       > [CFXDefinitionManager::CreateDefFromMemory] RPACK: fx definition 'coll_ground_emiter.fx' (type=0, def=0000000057C900E0) NOT registered!
{19:58:19.511} WARN: [WARN]       > [CFXDefinitionManager::CreateDefFromMemory] RPACK: fx definition 'coll_ground_particle.fx' (type=2, def=000000005801F8E0) NOT registered!
{19:58:19.583} DEBG: [CLOG]       > ERROR [FX] Cannot read definition of hex_blood_anim_decal_standard.fx
{19:58:19.583} DEBG: [CLOG]       > ERROR [FX] Cannot read definition of hex_blood_decal_standard.fx
{19:58:19.874} DEBG: [CLOG]       > ERROR [FX] Cannot read definition of eimp_sound_sound.fx
{19:58:19.874} WARN: [WARN]       > [CFXDefinitionManager::CreateDefFromMemory] RPACK: fx definition 'eimp_sound_sound.fx' (type=8, def=0000000000000000) NOT registered!
{19:58:19.875} DEBG: [CLOG]       > ERROR [FX] Cannot read definition of eimp_sound_sound.fx
{19:58:19.988} DEBG: [CLOG]       > ERROR [FX] Cannot read definition of eimp_sound_sound.fx
{19:58:20.717} DEBG: [CLOG]       > IL_LoadImage file not opened: edicon_fx.dds
{19:58:20.717} ERRR: [Icons]      > Image could not be loaded: edicon_fx.dds
{19:58:20.717} DEBG: [CLOG]       > IL_LoadImage file not opened: flag_white.dds
{19:58:20.717} ERRR: [Icons]      > Image could not be loaded: flag_white.dds
{19:58:20.758} DEBG: [CLOG]       > IL_LoadImage file not opened: edicon_safeedicon_safehouse.dds
{19:58:20.758} ERRR: [Icons]      > Image could not be loaded: edicon_safeedicon_safehouse.dds
{19:58:20.798} DEBG: [CLOG]       > IL_LoadImage file not opened: edicon_sound_music.dds
{19:58:20.798} ERRR: [Icons]      > Image could not be loaded: edicon_sound_music.dds
{19:58:21.097} DEBG: [CLOG]       > IL_LoadImage file not opened: terrain_mats_color.dds
{19:58:27.099} ERRR: [Parser]     > [parser::node_call::node_call] unknown subtree 'DefineColorsHard' in 'default_Workshop.loot'
{19:58:27.099} ERRR: [Parser]     > [ParseUnit] syntax error in 'default_Workshop.loot' line 35
{19:58:36.515} WARN: [WARN]       > Skin 'Default' not found for mesh 'int_low_wall_dest_a.msh'. Trying default skin...
{19:58:36.515} WARN: [WARN]       > Skin 'Default' not found for mesh 'int_low_wall_dest_a.msh'!
{19:58:36.515} ERRR: [ERRR]       > CMesh::Initialize: cannot apply skin '' in mesh 'int_low_wall_dest_a.msh'
{19:58:36.523} WARN: [WARN]       > Skin 'Default' not found for mesh 'loot_wardrobe_anm.msh'. Trying default skin...
{19:58:36.523} WARN: [WARN]       > Skin 'Default' not found for mesh 'loot_wardrobe_anm.msh'!
{19:58:36.523} ERRR: [ERRR]       > CMesh::Initialize: cannot apply skin 'Default' in mesh 'loot_wardrobe_anm.msh'
{19:58:36.532} WARN: [WARN]       > Skin 'Default' not found for mesh 'int_low_wall_dest_a.msh'. Trying default skin...
{19:58:36.532} WARN: [WARN]       > Skin 'Default' not found for mesh 'int_low_wall_dest_a.msh'!
{19:58:36.532} ERRR: [ERRR]       > CMesh::Initialize: cannot apply skin '' in mesh 'int_low_wall_dest_a.msh'
{19:58:36.538} WARN: [WARN]       > Skin 'Default' not found for mesh 'loot_wardrobe_anm.msh'. Trying default skin...
{19:58:36.538} WARN: [WARN]       > Skin 'Default' not found for mesh 'loot_wardrobe_anm.msh'!
{19:58:36.538} ERRR: [ERRR]       > CMesh::Initialize: cannot apply skin 'Default' in mesh 'loot_wardrobe_anm.msh'
{19:58:36.543} WARN: [WARN]       > Skin 'Default' not found for mesh 'int_low_wall_dest_a.msh'. Trying default skin...
{19:58:36.543} WARN: [WARN]       > Skin 'Default' not found for mesh 'int_low_wall_dest_a.msh'!
{19:58:36.546} WARN: [WARN]       > Skin 'Default' not found for mesh 'loot_wardrobe_anm.msh'. Trying default skin...
{19:58:36.546} WARN: [WARN]       > Skin 'Default' not found for mesh 'loot_wardrobe_anm.msh'!
{19:58:36.549} WARN: [WARN]       > Skin 'Default' not found for mesh 'catwalk_stairs_h6m_a.msh'. Trying default skin...
{19:58:36.549} WARN: [WARN]       > Skin 'Default' not found for mesh 'catwalk_stairs_h6m_a.msh'!
{19:58:36.550} ERRR: [ERRR]       > CMesh::Initialize: cannot apply skin '' in mesh 'catwalk_stairs_h6m_a.msh'
{19:58:36.554} WARN: [WARN]       > Skin 'Default' not found for mesh 'catwalk_stairs_h6m_a.msh'. Trying default skin...
{19:58:36.554} WARN: [WARN]       > Skin 'Default' not found for mesh 'catwalk_stairs_h6m_a.msh'!
{19:58:36.554} ERRR: [ERRR]       > CMesh::Initialize: cannot apply skin '' in mesh 'catwalk_stairs_h6m_a.msh'
{19:58:36.559} WARN: [WARN]       > Skin 'Default' not found for mesh 'catwalk_stairs_h6m_a.msh'. Trying default skin...
{19:58:36.559} WARN: [WARN]       > Skin 'Default' not found for mesh 'catwalk_stairs_h6m_a.msh'!
{19:58:36.907} DEBG: [CLOG]       > ERROR: override script 'map_01_ovr_sml_PC10.scr' contained error and was not loaded!
{19:58:36.908} DEBG: [CLOG]       > ERROR: override script 'map_01_ovr_sml_XBOX.scr' contained error and was not loaded!
{19:58:36.908} DEBG: [CLOG]       > ERROR: override script 'map_01_ovr_sml_PS3.scr' contained error and was not loaded!
{19:58:36.908} DEBG: [CLOG]       > ERROR: override script 'map_01_ovr_sml_PC11.scr' contained error and was not loaded!
{19:58:36.908} DEBG: [CLOG]       > ERROR: override script 'map_01_ovr_sml_DURANGO.scr' contained error and was not loaded!
{19:58:36.909} DEBG: [CLOG]       > ERROR: override script 'map_01_ovr_sml_ORBIS.scr' contained error and was not loaded!
{19:58:37.336} DEBG: [CLOG]       > Load level: 25.096132 [s]
{19:58:37.336} INFO: [Editor]     > Load module succeeded.
{20:01:00.394} INFO: [Editor]     > Zoom to objects succeeded.
{20:05:18.802} INFO: [Editor]     > Zoom to objects succeeded.
{20:05:20.214} INFO: [Editor]     > Zoom to objects succeeded.
{20:06:12.195} INFO: [Editor]     > Zoom to objects succeeded.
{20:07:08.553} INFO: [Editor]     > Generate Map Portals succeeded.
{20:07:08.556} INFO: [Editor]     > Quest Hubs succeeded.
{20:07:08.825} DEBG: [CLOG]       > [CGameEditor::SaveGameModule] start
{20:07:08.825} DEBG: [CLOG]       > [CLevel::SaveChunks] grid saved
{20:07:08.826} DEBG: [CLOG]       > [CLevel::SaveChunks] terrain end
{20:07:08.826} DEBG: [CLOG]       > [CLevel::SaveChunks] trees
{20:07:08.826} DEBG: [CLOG]       > [CLevel::SaveChunks] trees end
{20:07:08.826} DEBG: [CLOG]       > [CLevel::SaveChunks] mesh visibility parameters start
{20:07:08.841} DEBG: [CLOG]       > [CLevel::SaveChunks] mesh visibility parameters end
{20:07:08.841} DEBG: [CLOG]       > [CLevel::SaveChunks] grid objects sort
{20:07:08.841} DEBG: [CLOG]       > [CLevel::SaveChunks] grid objects save
{20:07:08.841} DEBG: [CLOG]       > [CLevel::SaveChunks] gs objects sort
{20:07:08.841} DEBG: [CLOG]       > [CLevel::SaveChunks] gs objects save
{20:07:08.841} DEBG: [CLOG]       > [CLevel::SaveChunks] gs objects saved
{20:07:08.841} DEBG: [CLOG]       > [CLevel::SaveChunks] movies
{20:07:08.841} DEBG: [CLOG]       > [CLevel::SaveChunks] movies end
{20:07:08.842} DEBG: [CLOG]       > [CLevel::SaveChunks] occluders
{20:07:08.842} DEBG: [CLOG]       > [CLevel::SaveChunks] roads
{20:07:08.844} DEBG: [CLOG]       > [CLevel::SaveChunks] roads end
{20:07:08.844} DEBG: [CLOG]       > [CLevel::SaveChunks] decals end
{20:07:08.844} DEBG: [CLOG]       > [CLevel::SaveChunks] shapes
{20:07:08.844} DEBG: [CLOG]       > [CLevel::SaveChunks] shapes end
{20:07:08.844} DEBG: [CLOG]       > [CLevel::SaveChunks] lofter
{20:07:08.844} DEBG: [CLOG]       > [CLevel::SaveChunks] lofter end
{20:07:08.844} DEBG: [CLOG]       > [CLevel::SaveChunks] terrain v.2
{20:07:08.844} DEBG: [CLOG]       > [CLevel::SaveChunks] Terrain v.2 end
{20:07:08.844} DEBG: [CLOG]       > [CLevel::SaveChunks] CGSObject data
{20:07:08.844} DEBG: [CLOG]       > [CLevel::SaveChunks] CGSObject data
{20:07:08.844} DEBG: [CLOG]       > [CLevel::SaveChunks] Envprobes
{20:07:08.844} DEBG: [CLOG]       > [CGameEditor::SaveGameModule] end
{20:07:08.883} INFO: [Editor]     > Save module succeeded.
{20:11:21.521} INFO: [Editor]     > [LocalizationManager] 9 asset(s) in 1 source(s), 1 language(s)
{20:12:24.440} INFO: [Editor]     > Generate Map Portals succeeded.
{20:12:24.443} INFO: [Editor]     > Quest Hubs succeeded.
{20:12:24.487} DEBG: [CLOG]       > [CGameEditor::SaveGameModule] start
{20:12:24.488} DEBG: [CLOG]       > [CLevel::SaveChunks] grid saved
{20:12:24.488} DEBG: [CLOG]       > [CLevel::SaveChunks] terrain end
{20:12:24.488} DEBG: [CLOG]       > [CLevel::SaveChunks] trees
{20:12:24.488} DEBG: [CLOG]       > [CLevel::SaveChunks] trees end
{20:12:24.488} DEBG: [CLOG]       > [CLevel::SaveChunks] mesh visibility parameters start
{20:12:24.501} DEBG: [CLOG]       > [CLevel::SaveChunks] mesh visibility parameters end
{20:12:24.501} DEBG: [CLOG]       > [CLevel::SaveChunks] grid objects sort
{20:12:24.501} DEBG: [CLOG]       > [CLevel::SaveChunks] grid objects save
{20:12:24.501} DEBG: [CLOG]       > [CLevel::SaveChunks] gs objects sort
{20:12:24.501} DEBG: [CLOG]       > [CLevel::SaveChunks] gs objects save
{20:12:24.502} DEBG: [CLOG]       > [CLevel::SaveChunks] gs objects saved
{20:12:24.502} DEBG: [CLOG]       > [CLevel::SaveChunks] movies
{20:12:24.502} DEBG: [CLOG]       > [CLevel::SaveChunks] movies end
{20:12:24.502} DEBG: [CLOG]       > [CLevel::SaveChunks] occluders
{20:12:24.502} DEBG: [CLOG]       > [CLevel::SaveChunks] roads
{20:12:24.503} DEBG: [CLOG]       > [CLevel::SaveChunks] roads end
{20:12:24.503} DEBG: [CLOG]       > [CLevel::SaveChunks] decals end
{20:12:24.503} DEBG: [CLOG]       > [CLevel::SaveChunks] shapes
{20:12:24.503} DEBG: [CLOG]       > [CLevel::SaveChunks] shapes end
{20:12:24.503} DEBG: [CLOG]       > [CLevel::SaveChunks] lofter
{20:12:24.503} DEBG: [CLOG]       > [CLevel::SaveChunks] lofter end
{20:12:24.503} DEBG: [CLOG]       > [CLevel::SaveChunks] terrain v.2
{20:12:24.504} DEBG: [CLOG]       > [CLevel::SaveChunks] Terrain v.2 end
{20:12:24.504} DEBG: [CLOG]       > [CLevel::SaveChunks] CGSObject data
{20:12:24.504} DEBG: [CLOG]       > [CLevel::SaveChunks] CGSObject data
{20:12:24.504} DEBG: [CLOG]       > [CLevel::SaveChunks] Envprobes
{20:12:24.504} DEBG: [CLOG]       > [CGameEditor::SaveGameModule] end
{20:12:24.546} INFO: [Editor]     > Save module succeeded.
{20:12:32.776} WARN: [WARN]       > Skin 'default' not found for mesh 'catwalk_stairs_h6m_a.msh'. Trying default skin...
{20:12:32.776} WARN: [WARN]       > Skin 'Default' not found for mesh 'catwalk_stairs_h6m_a.msh'!
{20:12:32.776} ERRR: [ERRR]       > CMesh::Initialize: cannot apply skin 'default' in mesh 'catwalk_stairs_h6m_a.msh'
{20:12:32.777} WARN: [WARN]       > Skin 'default' not found for mesh 'int_low_wall_dest_a.msh'. Trying default skin...
{20:12:32.777} WARN: [WARN]       > Skin 'Default' not found for mesh 'int_low_wall_dest_a.msh'!
{20:12:32.777} ERRR: [ERRR]       > CMesh::Initialize: cannot apply skin 'default' in mesh 'int_low_wall_dest_a.msh'
{20:12:32.900} INFO: [Editor]     > Generate Map Portals succeeded.
{20:12:32.902} INFO: [Editor]     > Quest Hubs succeeded.
{20:12:33.045} DEBG: [CLOG]       > [CGameEditor::SaveGameModule] start
{20:12:33.046} DEBG: [CLOG]       > [CLevel::SaveChunks] grid saved
{20:12:33.046} DEBG: [CLOG]       > [CLevel::SaveChunks] terrain end
{20:12:33.046} DEBG: [CLOG]       > [CLevel::SaveChunks] trees
{20:12:33.046} DEBG: [CLOG]       > [CLevel::SaveChunks] trees end
{20:12:33.046} DEBG: [CLOG]       > [CLevel::SaveChunks] mesh visibility parameters start
{20:12:33.060} DEBG: [CLOG]       > [CLevel::SaveChunks] mesh visibility parameters end
{20:12:33.060} DEBG: [CLOG]       > [CLevel::SaveChunks] grid objects sort
{20:12:33.060} DEBG: [CLOG]       > [CLevel::SaveChunks] grid objects save
{20:12:33.061} DEBG: [CLOG]       > [CLevel::SaveChunks] gs objects sort
{20:12:33.061} DEBG: [CLOG]       > [CLevel::SaveChunks] gs objects save
{20:12:33.061} DEBG: [CLOG]       > [CLevel::SaveChunks] gs objects saved
{20:12:33.061} DEBG: [CLOG]       > [CLevel::SaveChunks] movies
{20:12:33.061} DEBG: [CLOG]       > [CLevel::SaveChunks] movies end
{20:12:33.062} DEBG: [CLOG]       > [CLevel::SaveChunks] occluders
{20:12:33.062} DEBG: [CLOG]       > [CLevel::SaveChunks] roads
{20:12:33.069} DEBG: [CLOG]       > [CLevel::SaveChunks] roads end
{20:12:33.069} DEBG: [CLOG]       > [CLevel::SaveChunks] decals end
{20:12:33.069} DEBG: [CLOG]       > [CLevel::SaveChunks] shapes
{20:12:33.069} DEBG: [CLOG]       > [CLevel::SaveChunks] shapes end
{20:12:33.069} DEBG: [CLOG]       > [CLevel::SaveChunks] lofter end
{20:12:33.069} DEBG: [CLOG]       > [CLevel::SaveChunks] terrain v.2
{20:12:33.069} DEBG: [CLOG]       > [CLevel::SaveChunks] Terrain v.2 end
{20:12:33.069} DEBG: [CLOG]       > [CLevel::SaveChunks] CGSObject data
{20:12:33.069} DEBG: [CLOG]       > [CLevel::SaveChunks] CGSObject data
{20:12:33.069} DEBG: [CLOG]       > [CLevel::SaveChunks] Envprobes
{20:12:33.070} DEBG: [CLOG]       > [CGameEditor::SaveGameModule] end
{20:12:33.118} INFO: [Editor]     > Save module succeeded.
{20:12:33.120} INFO: [Editor]     > Compile map succeeded.
{20:22:17.372} INFO: [Editor]     > Zoom to objects succeeded.
{20:22:35.212} INFO: [Editor]     > Generate Map Portals succeeded.
{20:22:35.214} INFO: [Editor]     > Quest Hubs succeeded.
{20:22:35.282} DEBG: [CLOG]       > [CGameEditor::SaveGameModule] start
{20:22:35.283} DEBG: [CLOG]       > [CLevel::SaveChunks] grid saved
{20:22:35.283} DEBG: [CLOG]       > [CLevel::SaveChunks] terrain end
{20:22:35.283} DEBG: [CLOG]       > [CLevel::SaveChunks] trees
{20:22:35.283} DEBG: [CLOG]       > [CLevel::SaveChunks] trees end
{20:22:35.283} DEBG: [CLOG]       > [CLevel::SaveChunks] mesh visibility parameters start
{20:22:35.327} DEBG: [CLOG]       > [CLevel::SaveChunks] mesh visibility parameters end
{20:22:35.327} DEBG: [CLOG]       > [CLevel::SaveChunks] grid objects sort
{20:22:35.327} DEBG: [CLOG]       > [CLevel::SaveChunks] grid objects save
{20:22:35.328} DEBG: [CLOG]       > [CLevel::SaveChunks] gs objects sort
{20:22:35.328} DEBG: [CLOG]       > [CLevel::SaveChunks] gs objects save
{20:22:35.328} DEBG: [CLOG]       > [CLevel::SaveChunks] gs objects saved
{20:22:35.328} DEBG: [CLOG]       > [CLevel::SaveChunks] movies
{20:22:35.328} DEBG: [CLOG]       > [CLevel::SaveChunks] movies end
{20:22:35.328} DEBG: [CLOG]       > [CLevel::SaveChunks] occluders
{20:22:35.328} DEBG: [CLOG]       > [CLevel::SaveChunks] roads
{20:22:35.335} DEBG: [CLOG]       > [CLevel::SaveChunks] roads end
{20:22:35.335} DEBG: [CLOG]       > [CLevel::SaveChunks] decals end
{20:22:35.335} DEBG: [CLOG]       > [CLevel::SaveChunks] shapes
{20:22:35.335} DEBG: [CLOG]       > [CLevel::SaveChunks] shapes end
{20:22:35.335} DEBG: [CLOG]       > [CLevel::SaveChunks] lofter
{20:22:35.335} DEBG: [CLOG]       > [CLevel::SaveChunks] lofter end
{20:22:35.335} DEBG: [CLOG]       > [CLevel::SaveChunks] terrain v.2
{20:22:35.335} DEBG: [CLOG]       > [CLevel::SaveChunks] Terrain v.2 end
{20:22:35.335} DEBG: [CLOG]       > [CLevel::SaveChunks] CGSObject data
{20:22:35.336} DEBG: [CLOG]       > [CLevel::SaveChunks] CGSObject data
{20:22:35.336} DEBG: [CLOG]       > [CLevel::SaveChunks] Envprobes
{20:22:35.336} DEBG: [CLOG]       > [CGameEditor::SaveGameModule] end
{20:22:35.385} INFO: [Editor]     > Save module succeeded.
{20:22:35.867} DEBG: [CLOG]       > CVarMgr::UnloadScripted(..): unable to parse file: data/maps/map_01/map_01.scr
{20:22:35.958} DEBG: [CLOG]       > Level map_01 (LevelDI) deleted
{20:22:37.952} DEBG: [CLOG]       > [CSocket::~CSocket]: <shutdown> error: WSAENOTCONN
{20:22:38.506} INFO: [INFO]       > ---------------------------------------------------------
{20:22:38.506} INFO: [INFO]       > Time of playing game: 1530.004395s
{20:22:38.506} INFO: [INFO]       > Updated frames: 0 Rendered frames: 881
{20:22:38.506} INFO: [INFO]       > Average FPS: 0.575815
{20:22:38.506} INFO: [INFO]       > ---------------------------------------------------------
{20:22:38.510} DEBG: [CLOG]       > Level  (Level) deleted
{20:22:38.678} DEBG: [CLOG]       > CtrlObjGrid: Maximum grid 00000000696663A0 memory usage: 74 kbytes
{20:22:38.681} DEBG: [CLOG]       > CtrlObjGrid: Maximum grid 000000004AD207B0 memory usage: 1 kbytes
{20:22:39.751} DEBG: [CLOG]       > WARNING [~CSurfaceManager] Num nondeleted surfaces 93
{20:22:39.753} WARN: [WARN]       > [~CSurfaceManager] Num nondeleted vertex buffers 1
{20:22:39.753} WARN: [WARN]       > [~CSurfaceManager] Num nondeleted index buffers 1
{20:22:39.821} INFO: [Renderer]   > [r_Shutdown] Dll released
