{16:47:13.408} INFO: [System] > Build version: 6.2015.0810.1153
{16:47:13.408} INFO: [System] > [PID] 5852
{16:47:13.488} INFO: [System] > [CPU] vendor: GenuineIntel, features: SSSE3 SSE4.1 SSE4.2 AVX AVX2 F16C FMA CX16 POPCNT LZCNT BMI1 BMI2 HTT, clock frequency: 2194.92MHz
{16:47:13.488} INFO: [System] > [CPU] CPUs: 1, Cores: 2, HT: Yes, Logical processors: 4
{16:47:13.540} INFO: [JobManager] > TMef23363c, dedicated worker threads: 1 + 2, num cpus: 4
{16:47:13.551} INFO: [ODE]        > [ode::dInitialize] SSE path
{16:47:13.723} INFO: [Renderer]   > [r_Initialize] Loaded from rd3d11_x64_rwdi.dll.
{16:47:13.724} INFO: [Renderer]   > Enumerating D3D11 video adapters:
{16:47:13.729} INFO: [Renderer]   > Adapter 1: Intel(R) HD Graphics 5500 128MB/3839MB/0MB
{16:47:13.729} INFO: [Renderer]   |   Output 0: [0,0 - 1920,1080] \\.\DISPLAY1
{16:47:13.729} INFO: [Renderer]   |   Output 1: [2400,0 - 4200,1125] \\.\DISPLAY2
{16:47:13.729} INFO: [Renderer]   > Adapter 2: AMD Radeon(TM) R9 M375 4075MB/3840MB/0MB
{16:47:13.729} INFO: [Renderer]   > Adapter 3: Microsoft Basic Render Driver 0MB/256MB/0MB
{16:47:13.746} INFO: [Renderer]   > Renderer started in DX11 mode.
{16:47:13.880} INFO: [Renderer]   > DDraw reported 3,960M free texture memory.
{16:47:14.246} INFO: [Renderer]   > Renderer: supported display modes:
{16:47:14.246} INFO: [Renderer]   |  640x480, bpp:24, hz:60.05, fmt: A8R8G8B8
{16:47:14.246} INFO: [Renderer]   |  640x480, bpp:24, hz:60.05, fmt: A8R8G8B8
{16:47:14.246} INFO: [Renderer]   |  800x600, bpp:24, hz:60.05, fmt: A8R8G8B8
{16:47:14.246} INFO: [Renderer]   |  800x600, bpp:24, hz:60.05, fmt: A8R8G8B8
{16:47:14.246} INFO: [Renderer]   |  1024x768, bpp:24, hz:60.05, fmt: A8R8G8B8
{16:47:14.246} INFO: [Renderer]   |  1024x768, bpp:24, hz:60.05, fmt: A8R8G8B8
{16:47:14.246} INFO: [Renderer]   |  1152x864, bpp:24, hz:60.05, fmt: A8R8G8B8
{16:47:14.246} INFO: [Renderer]   |  1152x864, bpp:24, hz:60.05, fmt: A8R8G8B8
{16:47:14.246} INFO: [Renderer]   |  1280x600, bpp:24, hz:60.05, fmt: A8R8G8B8
{16:47:14.246} INFO: [Renderer]   |  1280x600, bpp:24, hz:60.05, fmt: A8R8G8B8
{16:47:14.246} INFO: [Renderer]   |  1280x720, bpp:24, hz:60.05, fmt: A8R8G8B8
{16:47:14.246} INFO: [Renderer]   |  1280x720, bpp:24, hz:60.05, fmt: A8R8G8B8
{16:47:14.246} INFO: [Renderer]   |  1280x768, bpp:24, hz:60.05, fmt: A8R8G8B8
{16:47:14.246} INFO: [Renderer]   |  1280x768, bpp:24, hz:60.05, fmt: A8R8G8B8
{16:47:14.246} INFO: [Renderer]   |  1280x800, bpp:24, hz:60.05, fmt: A8R8G8B8
{16:47:14.246} INFO: [Renderer]   |  1280x800, bpp:24, hz:60.05, fmt: A8R8G8B8
{16:47:14.246} INFO: [Renderer]   |  1280x960, bpp:24, hz:60.05, fmt: A8R8G8B8
{16:47:14.246} INFO: [Renderer]   |  1280x960, bpp:24, hz:60.05, fmt: A8R8G8B8
{16:47:14.246} INFO: [Renderer]   |  1280x1024, bpp:24, hz:60.05, fmt: A8R8G8B8
{16:47:14.246} INFO: [Renderer]   |  1280x1024, bpp:24, hz:60.05, fmt: A8R8G8B8
{16:47:14.246} INFO: [Renderer]   |  1360x768, bpp:24, hz:60.05, fmt: A8R8G8B8
{16:47:14.246} INFO: [Renderer]   |  1360x768, bpp:24, hz:60.05, fmt: A8R8G8B8
{16:47:14.246} INFO: [Renderer]   |  1366x768, bpp:24, hz:60.05, fmt: A8R8G8B8
{16:47:14.247} INFO: [Renderer]   |  1366x768, bpp:24, hz:60.05, fmt: A8R8G8B8
{16:47:14.247} INFO: [Renderer]   |  1400x1050, bpp:24, hz:60.05, fmt: A8R8G8B8
{16:47:14.247} INFO: [Renderer]   |  1400x1050, bpp:24, hz:60.05, fmt: A8R8G8B8
{16:47:14.247} INFO: [Renderer]   |  1440x900, bpp:24, hz:60.05, fmt: A8R8G8B8
{16:47:14.247} INFO: [Renderer]   |  1440x900, bpp:24, hz:60.05, fmt: A8R8G8B8
{16:47:14.247} INFO: [Renderer]   |  1600x900, bpp:24, hz:60.05, fmt: A8R8G8B8
{16:47:14.247} INFO: [Renderer]   |  1600x900, bpp:24, hz:60.05, fmt: A8R8G8B8
{16:47:14.247} INFO: [Renderer]   |  1680x1050, bpp:24, hz:60.05, fmt: A8R8G8B8
{16:47:14.247} INFO: [Renderer]   |  1680x1050, bpp:24, hz:60.05, fmt: A8R8G8B8
{16:47:14.247} INFO: [Renderer]   |  1920x1080, bpp:24, hz:60.05, fmt: A8R8G8B8
{16:47:14.256} INFO: [INFO]       > Texture streaming lowest priority distance set to 100m
{16:47:14.256} INFO: [Renderer]   > WindowOffset 0 0
{16:47:14.304} DEBG: [CLOG]       > [CAudioSettings::LoadSettings] Unable to load Out/Settings/EditorAudio.scr
{16:47:14.305} DEBG: [DXGI]       > [RChangeDeviceState] 1920x1080, windowed, 0/0 Hz
{16:47:14.305} DEBG: [DXGI]       >                  was 0x0, fullscreen, 0/0 Hz
{16:47:14.310} INFO: [TexMgr]     > Max texture dimensions: 16384x16384x2048
{16:47:14.329} INFO: [MatMgr]     > Number of supported techniques: 61
{16:47:18.044} INFO: [MatMgr]     > Material pack 'global_dx11.mp' loaded.
{16:47:18.377} INFO: [MatMgr]     > Material pack 'local_dx11.mp' loaded.
{16:47:19.294} INFO: [INFO]       > Texture streaming buffer set to 400MB
{16:47:19.298} INFO: [Video]      > //Video settings:
{16:47:19.298} INFO: [Video]      > Resolution(1920,1080)
{16:47:19.298} INFO: [Video]      > Monitor(0)
{16:47:19.298} INFO: [Video]      > TextureQuality("Medium")
{16:47:19.298} INFO: [Video]      > VisRange(1.40, 1.40)
{16:47:19.298} INFO: [Video]      > ShadowMapSize(1024)
{16:47:19.298} INFO: [Video]      > SpotShadowMapSize(1024)
{16:47:19.298} INFO: [Video]      > GammaFloat(1.00)
{16:47:19.298} INFO: [Video]      > GrassQuality(2)
{16:47:19.298} INFO: [Video]      > AmbientOcclusion(0)
{16:47:19.298} INFO: [Video]      > MotionBlur(0)
{16:47:19.298} INFO: [Video]      > AntiAliasing(0)
{16:47:19.298} INFO: [Video]      > DisableDWM(1)
{16:47:19.298} INFO: [Video]      > EnableFilmGrain(1)
{16:47:19.298} INFO: [Video]      > Version(1)
{16:47:19.299} INFO: [INFO]       > >>>>> Audio init
{16:47:20.605} INFO: [INFO]       > FMOD::Driver: GBo[niki (Realtek High Definition Audio)
{16:47:20.606} INFO: [INFO]       > DriverCaps: FMOD_CAPS_OUTPUT_FORMAT_PCM8
{16:47:20.606} INFO: [INFO]       > DriverCaps: FMOD_CAPS_OUTPUT_FORMAT_PCM16
{16:47:20.606} INFO: [INFO]       > DriverCaps: FMOD_CAPS_OUTPUT_FORMAT_PCM24
{16:47:20.606} INFO: [INFO]       > DriverCaps: FMOD_CAPS_OUTPUT_FORMAT_PCM32
{16:47:20.606} INFO: [INFO]       > DriverCaps: FMOD_CAPS_OUTPUT_FORMAT_PCMFLOAT
{16:47:20.934} DEBG: [CLOG]       > NOTE : FMOD_SYSTEM_CALLBACKTYPE_THREADCREATED occured.
{16:47:20.934} DEBG: [CLOG]       > Thread ID = 1432
{16:47:20.934} DEBG: [CLOG]       > Thread Name = FMOD (WASAPI) feeder thread
{16:47:20.934} DEBG: [CLOG]       > NOTE : FMOD_SYSTEM_CALLBACKTYPE_THREADCREATED occured.
{16:47:20.934} DEBG: [CLOG]       > Thread ID = 1444
{16:47:20.934} DEBG: [CLOG]       > Thread Name = FMOD mixer thread
{16:47:20.985} DEBG: [CLOG]       > NOTE : FMOD_SYSTEM_CALLBACKTYPE_THREADCREATED occured.
{16:47:20.985} DEBG: [CLOG]       > Thread ID = 1456
{16:47:20.985} DEBG: [CLOG]       > Thread Name = FMOD stream thread
{16:47:20.991} INFO: [INFO]       > FMOD is using (8) output type.
{16:47:20.992} INFO: [INFO]       > FMOD Software Format Info:
{16:47:20.992} INFO: [INFO]       | 	Out Sample Rate: <48000>
{16:47:20.992} INFO: [INFO]       | 	Format: <5>
{16:47:20.992} INFO: [INFO]       | 	Out Channels: <2>
{16:47:20.992} INFO: [INFO]       | 	Max Input Channels: <8>
{16:47:20.992} INFO: [INFO]       | 	Bits: <32>
{16:47:20.992} INFO: [INFO]       > FMOD Mixer blocksize        = 21.33 ms
{16:47:20.992} INFO: [INFO]       > FMOD Mixer blocks count     = 4
{16:47:20.992} INFO: [INFO]       > FMOD Mixer Total buffer size = 85.33 ms
{16:47:20.992} INFO: [INFO]       > FMOD Mixer Average Latency  = 53.33 ms
{16:47:20.992} DEBG: [CLOG]       > [CAudioFMOD::InitNet] Can't use FMOD NetEventSystem - Audio engine is using FMODEx.
{16:47:20.992} INFO: [INFO]       > [CAudioFMOD] FMOD debug level: 0
{16:47:21.198} INFO: [Audio]      > //Audio settings:
{16:47:21.199} INFO: [Audio]      > API("FMOD")
{16:47:21.199} INFO: [Audio]      > MixFrequency(48000)
{16:47:21.199} INFO: [Audio]      > Channels(40)
{16:47:21.199} INFO: [Audio]      > Quality3D("high")
{16:47:21.199} INFO: [Audio]      > MaxVolume(40)
{16:47:21.199} INFO: [Audio]      > FXVolume(40)
{16:47:21.199} INFO: [Audio]      > WaveVolume(40)
{16:47:21.199} INFO: [Audio]      > SpeechVolume(40)
{16:47:21.199} INFO: [Audio]      > MovieVolume(40)
{16:47:21.199} INFO: [Audio]      > MovieVolumeSource(0)
{16:47:21.199} INFO: [Audio]      > GlobalSettings("")
{16:47:21.199} INFO: [Audio]      > ReverbChannels(1)
{16:47:21.199} INFO: [Audio]      > MixerBlocksCount(0)
{16:47:21.199} INFO: [Audio]      > 
{16:47:38.385} INFO: [INFO]       > [Input] Keyboard 0 enumerated: intance_name = Klawiatura, product_name = Klawiatura, GUID = {6f1d2b61-d5a0-11cf-bfc7-444553540000}
{16:47:38.387} INFO: [INFO]       > [CInput::SelectKeyboard] Keyboard 0 selected: Klawiatura, Klawiatura
{16:47:38.402} INFO: [INFO]       > [SDL::InitSDL] InitSDL successed!
{16:47:38.422} INFO: [Game]       > Game version: 1.6.1
{16:47:48.787} ERRR: [Parser]     > Param 0 in function EnableExplosionDamage() is not a bool
{16:47:48.790} ERRR: [Parser]     > Param 0 in function EnableExplosionDamage() is not a bool
{16:47:48.791} ERRR: [Parser]     > Param 0 in function EnableExplosionDamage() is not a bool
{16:47:48.913} DEBG: [CLOG]       > Failed to calc CRC for file achievements.xml  (0 to -1)
{16:47:48.914} DEBG: [CLOG]       > Failed to calc CRC for file challenges.xml  (0 to -1)
{16:47:51.548} DEBG: [CLOG]       > [FMODSoundBankManager::LoadBank] Sound bank <menu_p0.csb> doesn't exist in filesystem.
{16:47:51.548} DEBG: [CLOG]       > [AudioScript::Execute] <LoadAudioBanks> failed!
{16:47:51.548} DEBG: [CLOG]       > [FMODSoundBankManager::LoadBank] Sound bank <menu_stream_p0.csb> doesn't exist in filesystem.
{16:47:51.548} DEBG: [CLOG]       > [AudioScript::Execute] <LoadAudioBanks> failed!
{16:47:51.558} DEBG: [CLOG]       > [FMODSoundBankManager::LoadBank] Sound bank <menu_stream_p1.csb> doesn't exist in filesystem.
{16:47:51.558} DEBG: [CLOG]       > [AudioScript::Execute] <LoadAudioBanks> failed!
{16:47:51.561} DEBG: [CLOG]       > [FMODSoundBankManager::LoadBank] Sound bank <music_1_p0.csb> doesn't exist in filesystem.
{16:47:51.561} DEBG: [CLOG]       > [AudioScript::Execute] <LoadAudioBanks> failed!
{16:47:51.561} DEBG: [CLOG]       > [FMODSoundBankManager::LoadBank] Sound bank <music_1_stream_p0.csb> doesn't exist in filesystem.
{16:47:51.561} DEBG: [CLOG]       > [AudioScript::Execute] <LoadAudioBanks> failed!
{16:47:51.561} DEBG: [CLOG]       > [FMODSoundBankManager::LoadBank] Sound bank <music_1_p1.csb> doesn't exist in filesystem.
{16:47:51.561} DEBG: [CLOG]       > [AudioScript::Execute] <LoadAudioBanks> failed!
{16:47:51.562} DEBG: [CLOG]       > [FMODSoundBankManager::LoadBank] Sound bank <music_1_stream_p1.csb> doesn't exist in filesystem.
{16:47:51.562} DEBG: [CLOG]       > [AudioScript::Execute] <LoadAudioBanks> failed!
{16:47:51.569} DEBG: [CLOG]       > [FMODSoundBankManager::LoadBank] Sound bank <music_2_p0.csb> doesn't exist in filesystem.
{16:47:51.570} DEBG: [CLOG]       > [AudioScript::Execute] <LoadAudioBanks> failed!
{16:47:51.570} DEBG: [CLOG]       > [FMODSoundBankManager::LoadBank] Sound bank <music_2_stream_p0.csb> doesn't exist in filesystem.
{16:47:51.570} DEBG: [CLOG]       > [AudioScript::Execute] <LoadAudioBanks> failed!
{16:47:51.570} DEBG: [CLOG]       > [FMODSoundBankManager::LoadBank] Sound bank <music_2_p1.csb> doesn't exist in filesystem.
{16:47:51.570} DEBG: [CLOG]       > [AudioScript::Execute] <LoadAudioBanks> failed!
{16:47:51.570} DEBG: [CLOG]       > [FMODSoundBankManager::LoadBank] Sound bank <music_2_stream_p1.csb> doesn't exist in filesystem.
{16:47:51.570} DEBG: [CLOG]       > [AudioScript::Execute] <LoadAudioBanks> failed!
{16:47:51.574} DEBG: [CLOG]       > [FMODSoundBankManager::LoadBank] Sound bank <music_3_p0.csb> doesn't exist in filesystem.
{16:47:51.574} DEBG: [CLOG]       > [AudioScript::Execute] <LoadAudioBanks> failed!
{16:47:51.574} DEBG: [CLOG]       > [FMODSoundBankManager::LoadBank] Sound bank <music_3_stream_p0.csb> doesn't exist in filesystem.
{16:47:51.574} DEBG: [CLOG]       > [AudioScript::Execute] <LoadAudioBanks> failed!
{16:47:51.574} DEBG: [CLOG]       > [FMODSoundBankManager::LoadBank] Sound bank <music_3_p1.csb> doesn't exist in filesystem.
{16:47:51.574} DEBG: [CLOG]       > [AudioScript::Execute] <LoadAudioBanks> failed!
{16:47:51.607} DEBG: [CLOG]       > [FMODSoundBankManager::LoadBank] Sound bank <all_in_maps_1_p0.csb> doesn't exist in filesystem.
{16:47:51.607} DEBG: [CLOG]       > [AudioScript::Execute] <LoadAudioBanks> failed!
{16:47:51.607} DEBG: [CLOG]       > [FMODSoundBankManager::LoadBank] Sound bank <all_in_maps_1_stream_p0.csb> doesn't exist in filesystem.
{16:47:51.607} DEBG: [CLOG]       > [AudioScript::Execute] <LoadAudioBanks> failed!
{16:47:51.607} DEBG: [CLOG]       > [FMODSoundBankManager::LoadBank] Sound bank <all_in_maps_1_p1.csb> doesn't exist in filesystem.
{16:47:51.607} DEBG: [CLOG]       > [AudioScript::Execute] <LoadAudioBanks> failed!
{16:47:51.608} DEBG: [CLOG]       > [FMODSoundBankManager::LoadBank] Sound bank <all_in_maps_1_stream_p1.csb> doesn't exist in filesystem.
{16:47:51.608} DEBG: [CLOG]       > [AudioScript::Execute] <LoadAudioBanks> failed!
{16:47:51.628} DEBG: [CLOG]       > [FMODSoundBankManager::LoadBank] Sound bank <all_in_maps_2_p0.csb> doesn't exist in filesystem.
{16:47:51.628} DEBG: [CLOG]       > [AudioScript::Execute] <LoadAudioBanks> failed!
{16:47:51.628} DEBG: [CLOG]       > [FMODSoundBankManager::LoadBank] Sound bank <all_in_maps_2_stream_p0.csb> doesn't exist in filesystem.
{16:47:51.628} DEBG: [CLOG]       > [AudioScript::Execute] <LoadAudioBanks> failed!
{16:47:51.628} DEBG: [CLOG]       > [FMODSoundBankManager::LoadBank] Sound bank <all_in_maps_2_p1.csb> doesn't exist in filesystem.
{16:47:51.628} DEBG: [CLOG]       > [AudioScript::Execute] <LoadAudioBanks> failed!
{16:47:51.628} DEBG: [CLOG]       > [FMODSoundBankManager::LoadBank] Sound bank <all_in_maps_2_stream_p1.csb> doesn't exist in filesystem.
{16:47:51.628} DEBG: [CLOG]       > [AudioScript::Execute] <LoadAudioBanks> failed!
{16:47:51.633} DEBG: [CLOG]       > [FMODSoundBankManager::LoadBank] Sound bank <all_in_maps_3_p0.csb> doesn't exist in filesystem.
{16:47:51.634} DEBG: [CLOG]       > [AudioScript::Execute] <LoadAudioBanks> failed!
{16:47:51.634} DEBG: [CLOG]       > [FMODSoundBankManager::LoadBank] Sound bank <all_in_maps_3_stream_p0.csb> doesn't exist in filesystem.
{16:47:51.634} DEBG: [CLOG]       > [AudioScript::Execute] <LoadAudioBanks> failed!
{16:47:51.639} DEBG: [CLOG]       > [FMODSoundBankManager::LoadBank] Sound bank <all_in_maps_3_stream_p1.csb> doesn't exist in filesystem.
{16:47:51.639} DEBG: [CLOG]       > [AudioScript::Execute] <LoadAudioBanks> failed!
{16:47:51.660} DEBG: [CLOG]       > [FMODSoundBankManager::LoadBank] Sound bank <all_in_maps_persistant_p0.csb> doesn't exist in filesystem.
{16:47:51.660} DEBG: [CLOG]       > [AudioScript::Execute] <LoadAudioBanks> failed!
{16:47:51.660} DEBG: [CLOG]       > [FMODSoundBankManager::LoadBank] Sound bank <all_in_maps_persistant_stream_p0.csb> doesn't exist in filesystem.
{16:47:51.660} DEBG: [CLOG]       > [AudioScript::Execute] <LoadAudioBanks> failed!
{16:47:51.665} DEBG: [CLOG]       > [FMODSoundBankManager::LoadBank] Sound bank <all_in_maps_persistant_stream_p1.csb> doesn't exist in filesystem.
{16:47:51.665} DEBG: [CLOG]       > [AudioScript::Execute] <LoadAudioBanks> failed!
{16:47:51.665} DEBG: [CLOG]       > [FMODSoundBankManager::LoadBank] Sound bank <workshop_audio.csb> doesn't exist in filesystem.
{16:47:51.665} DEBG: [CLOG]       > [AudioScript::Execute] <LoadAudioBanks> failed!
{16:47:51.665} DEBG: [CLOG]       > [FMODSoundBankManager::LoadBank] Sound bank <workshop_audio_p0.csb> doesn't exist in filesystem.
{16:47:51.665} DEBG: [CLOG]       > [AudioScript::Execute] <LoadAudioBanks> failed!
{16:47:51.665} DEBG: [CLOG]       > [FMODSoundBankManager::LoadBank] Sound bank <workshop_audio_stream_p0.csb> doesn't exist in filesystem.
{16:47:51.665} DEBG: [CLOG]       > [AudioScript::Execute] <LoadAudioBanks> failed!
{16:47:51.666} DEBG: [CLOG]       > [FMODSoundBankManager::LoadBank] Sound bank <workshop_audio_p1.csb> doesn't exist in filesystem.
{16:47:51.666} DEBG: [CLOG]       > [AudioScript::Execute] <LoadAudioBanks> failed!
{16:47:51.666} DEBG: [CLOG]       > [FMODSoundBankManager::LoadBank] Sound bank <workshop_audio_stream_p1.csb> doesn't exist in filesystem.
{16:47:51.666} DEBG: [CLOG]       > [AudioScript::Execute] <LoadAudioBanks> failed!
{16:47:51.736} DEBG: [CLOG]       > [FMODSoundBankManager::LoadBank] Sound bank <all_quests_local_p0.csb> doesn't exist in filesystem.
{16:47:51.736} DEBG: [CLOG]       > [AudioScript::Execute] <LoadLocalisedAudioBank> failed!
{16:47:51.736} DEBG: [CLOG]       > [FMODSoundBankManager::LoadBank] Sound bank <all_quests_local_stream_p0.csb> doesn't exist in filesystem.
{16:47:51.737} DEBG: [CLOG]       > [AudioScript::Execute] <LoadLocalisedAudioBank> failed!
{16:47:51.737} DEBG: [CLOG]       > [FMODSoundBankManager::LoadBank] Sound bank <all_quests_local_p1.csb> doesn't exist in filesystem.
{16:47:51.737} DEBG: [CLOG]       > [AudioScript::Execute] <LoadLocalisedAudioBank> failed!
{16:47:51.737} DEBG: [CLOG]       > [FMODSoundBankManager::LoadBank] Sound bank <all_quests_local_stream_p1.csb> doesn't exist in filesystem.
{16:47:51.737} DEBG: [CLOG]       > [AudioScript::Execute] <LoadLocalisedAudioBank> failed!
{16:47:51.801} DEBG: [CLOG]       > [FMODSoundBankManager::LoadBank] Sound bank <common_local_1_p0.csb> doesn't exist in filesystem.
{16:47:51.802} DEBG: [CLOG]       > [AudioScript::Execute] <LoadLocalisedAudioBank> failed!
{16:47:51.802} DEBG: [CLOG]       > [FMODSoundBankManager::LoadBank] Sound bank <common_local_1_stream_p0.csb> doesn't exist in filesystem.
{16:47:51.802} DEBG: [CLOG]       > [AudioScript::Execute] <LoadLocalisedAudioBank> failed!
{16:47:51.802} DEBG: [CLOG]       > [FMODSoundBankManager::LoadBank] Sound bank <common_local_1_p1.csb> doesn't exist in filesystem.
{16:47:51.803} DEBG: [CLOG]       > [AudioScript::Execute] <LoadLocalisedAudioBank> failed!
{16:47:51.803} DEBG: [CLOG]       > [FMODSoundBankManager::LoadBank] Sound bank <common_local_1_stream_p1.csb> doesn't exist in filesystem.
{16:47:51.803} DEBG: [CLOG]       > [AudioScript::Execute] <LoadLocalisedAudioBank> failed!
{16:47:51.870} DEBG: [CLOG]       > [FMODSoundBankManager::LoadBank] Sound bank <common_local_2_p0.csb> doesn't exist in filesystem.
{16:47:51.871} DEBG: [CLOG]       > [AudioScript::Execute] <LoadLocalisedAudioBank> failed!
{16:47:51.871} DEBG: [CLOG]       > [FMODSoundBankManager::LoadBank] Sound bank <common_local_2_stream_p0.csb> doesn't exist in filesystem.
{16:47:51.872} DEBG: [CLOG]       > [AudioScript::Execute] <LoadLocalisedAudioBank> failed!
{16:47:51.872} DEBG: [CLOG]       > [FMODSoundBankManager::LoadBank] Sound bank <common_local_2_p1.csb> doesn't exist in filesystem.
{16:47:51.872} DEBG: [CLOG]       > [AudioScript::Execute] <LoadLocalisedAudioBank> failed!
{16:47:51.873} DEBG: [CLOG]       > [FMODSoundBankManager::LoadBank] Sound bank <common_local_2_stream_p1.csb> doesn't exist in filesystem.
{16:47:51.873} DEBG: [CLOG]       > [AudioScript::Execute] <LoadLocalisedAudioBank> failed!
{16:47:53.306} WARN: [WARN]       > Failed to register action varlist <post_process_simple, chromedvarlistoverridessimple.scr>: the script does not exist
{16:47:53.306} WARN: [WARN]       > Failed to register action varlist <post_process_normal, chromedvarlistoverrides.scr>: the script does not exist
{16:47:55.254} DEBG: [CLOG]       > [CInetAddr::DetermineNetworkInterface] HostName=<Wojtek>
{16:47:55.260} DEBG: [CLOG]       > [CInetAdder::DetermineNetworkInterface] address: 192.168.56.1
{16:47:55.260} DEBG: [CLOG]       > [CInetAddr::SetLocalHost] 192.168.56.1
{16:47:55.275} INFO: [Editor]     > [LocalizationManager] 0 asset(s) in 1 source(s), 1 language(s)
{16:47:56.650} ERRR: [FileSystem] > Source from path 'D:\Steam\steam\steamapps\common\Dying Light Developer Tools\DW/Assets_PC/' already added.
{16:48:20.979} INFO: [INFO]       > Done!
{16:48:26.555} DEBG: [CLOG]       > ERROR [FX] Cannot read definition of btzh_light_end_light.fx
{16:48:26.557} DEBG: [CLOG]       > ERROR [FX] Cannot read definition of btzh_light_start_light.fx
{16:48:26.645} WARN: [WARN]       > [CFXDefinitionManager::CreateDefFromMemory] RPACK: fx definition 'car_hit_ground_dust_emiter.fx' (type=0, def=00000000546779F0) NOT registered!
{16:48:26.645} WARN: [WARN]       > [CFXDefinitionManager::CreateDefFromMemory] RPACK: fx definition 'car_hit_ground_dust_particle.fx' (type=2, def=000000004C2304E0) NOT registered!
{16:48:26.684} WARN: [WARN]       > [CFXDefinitionManager::CreateDefFromMemory] RPACK: fx definition 'coll_ground_emiter.fx' (type=0, def=0000000054675DD0) NOT registered!
{16:48:26.684} WARN: [WARN]       > [CFXDefinitionManager::CreateDefFromMemory] RPACK: fx definition 'coll_ground_particle.fx' (type=2, def=000000004C0A3A70) NOT registered!
{16:48:26.769} DEBG: [CLOG]       > ERROR [FX] Cannot read definition of hex_blood_anim_decal_standard.fx
{16:48:26.770} DEBG: [CLOG]       > ERROR [FX] Cannot read definition of hex_blood_decal_standard.fx
{16:48:26.954} DEBG: [CLOG]       > ERROR [FX] Cannot read definition of eimp_sound_sound.fx
{16:48:26.954} WARN: [WARN]       > [CFXDefinitionManager::CreateDefFromMemory] RPACK: fx definition 'eimp_sound_sound.fx' (type=8, def=0000000000000000) NOT registered!
{16:48:26.955} DEBG: [CLOG]       > ERROR [FX] Cannot read definition of eimp_sound_sound.fx
{16:48:27.048} DEBG: [CLOG]       > ERROR [FX] Cannot read definition of eimp_sound_sound.fx
{16:48:27.884} DEBG: [CLOG]       > IL_LoadImage file not opened: edicon_fx.dds
{16:48:27.884} ERRR: [Icons]      > Image could not be loaded: edicon_fx.dds
{16:48:27.885} DEBG: [CLOG]       > IL_LoadImage file not opened: flag_white.dds
{16:48:27.885} ERRR: [Icons]      > Image could not be loaded: flag_white.dds
{16:48:28.075} DEBG: [CLOG]       > IL_LoadImage file not opened: edicon_safeedicon_safehouse.dds
{16:48:28.075} ERRR: [Icons]      > Image could not be loaded: edicon_safeedicon_safehouse.dds
{16:48:28.295} DEBG: [CLOG]       > IL_LoadImage file not opened: edicon_sound_music.dds
{16:48:28.296} ERRR: [Icons]      > Image could not be loaded: edicon_sound_music.dds
{16:48:28.765} DEBG: [CLOG]       > IL_LoadImage file not opened: terrain_mats_color.dds
{16:48:36.210} ERRR: [Parser]     > [parser::node_call::node_call] unknown subtree 'DefineColorsHard' in 'default_Workshop.loot'
{16:48:36.210} ERRR: [Parser]     > [ParseUnit] syntax error in 'default_Workshop.loot' line 35
{16:48:46.857} DEBG: [CLOG]       > ERROR: override script 'map_01_ovr_sml_PC10.scr' contained error and was not loaded!
{16:48:46.857} DEBG: [CLOG]       > ERROR: override script 'map_01_ovr_sml_XBOX.scr' contained error and was not loaded!
{16:48:46.857} DEBG: [CLOG]       > ERROR: override script 'map_01_ovr_sml_PS3.scr' contained error and was not loaded!
{16:48:46.858} DEBG: [CLOG]       > ERROR: override script 'map_01_ovr_sml_PC11.scr' contained error and was not loaded!
{16:48:46.858} DEBG: [CLOG]       > ERROR: override script 'map_01_ovr_sml_DURANGO.scr' contained error and was not loaded!
{16:48:46.858} DEBG: [CLOG]       > ERROR: override script 'map_01_ovr_sml_ORBIS.scr' contained error and was not loaded!
{16:48:47.308} DEBG: [CLOG]       > Load level: 28.080294 [s]
{16:48:47.308} INFO: [Editor]     > Load module succeeded.
{16:49:38.115} INFO: [Editor]     > Generate Map Portals succeeded.
{16:49:38.118} INFO: [Editor]     > Quest Hubs succeeded.
{16:49:38.281} DEBG: [CLOG]       > [CGameEditor::SaveGameModule] start
{16:49:38.283} DEBG: [CLOG]       > [CLevel::SaveChunks] grid saved
{16:49:38.283} DEBG: [CLOG]       > [CLevel::SaveChunks] terrain end
{16:49:38.283} DEBG: [CLOG]       > [CLevel::SaveChunks] trees
{16:49:38.283} DEBG: [CLOG]       > [CLevel::SaveChunks] trees end
{16:49:38.283} DEBG: [CLOG]       > [CLevel::SaveChunks] mesh visibility parameters start
{16:49:38.302} DEBG: [CLOG]       > [CLevel::SaveChunks] mesh visibility parameters end
{16:49:38.302} DEBG: [CLOG]       > [CLevel::SaveChunks] grid objects sort
{16:49:38.302} DEBG: [CLOG]       > [CLevel::SaveChunks] grid objects save
{16:49:38.302} DEBG: [CLOG]       > [CLevel::SaveChunks] gs objects sort
{16:49:38.302} DEBG: [CLOG]       > [CLevel::SaveChunks] gs objects save
{16:49:38.302} DEBG: [CLOG]       > [CLevel::SaveChunks] gs objects saved
{16:49:38.302} DEBG: [CLOG]       > [CLevel::SaveChunks] movies
{16:49:38.302} DEBG: [CLOG]       > [CLevel::SaveChunks] movies end
{16:49:38.303} DEBG: [CLOG]       > [CLevel::SaveChunks] occluders
{16:49:38.303} DEBG: [CLOG]       > [CLevel::SaveChunks] roads
{16:49:38.309} DEBG: [CLOG]       > [CLevel::SaveChunks] roads end
{16:49:38.309} DEBG: [CLOG]       > [CLevel::SaveChunks] decals end
{16:49:38.309} DEBG: [CLOG]       > [CLevel::SaveChunks] shapes
{16:49:38.309} DEBG: [CLOG]       > [CLevel::SaveChunks] shapes end
{16:49:38.309} DEBG: [CLOG]       > [CLevel::SaveChunks] lofter
{16:49:38.309} DEBG: [CLOG]       > [CLevel::SaveChunks] lofter end
{16:49:38.309} DEBG: [CLOG]       > [CLevel::SaveChunks] terrain v.2
{16:49:38.310} DEBG: [CLOG]       > [CLevel::SaveChunks] Terrain v.2 end
{16:49:38.310} DEBG: [CLOG]       > [CLevel::SaveChunks] CGSObject data
{16:49:38.310} DEBG: [CLOG]       > [CLevel::SaveChunks] CGSObject data
{16:49:38.310} DEBG: [CLOG]       > [CLevel::SaveChunks] Envprobes
{16:49:38.310} DEBG: [CLOG]       > [CGameEditor::SaveGameModule] end
{16:49:38.353} INFO: [Editor]     > Save module succeeded.
{16:49:46.597} INFO: [Editor]     > Generate Map Portals succeeded.
{16:49:46.600} INFO: [Editor]     > Quest Hubs succeeded.
{16:49:46.771} DEBG: [CLOG]       > [CGameEditor::SaveGameModule] start
{16:49:46.771} DEBG: [CLOG]       > [CLevel::SaveChunks] grid saved
{16:49:46.771} DEBG: [CLOG]       > [CLevel::SaveChunks] terrain end
{16:49:46.771} DEBG: [CLOG]       > [CLevel::SaveChunks] trees
{16:49:46.771} DEBG: [CLOG]       > [CLevel::SaveChunks] trees end
{16:49:46.771} DEBG: [CLOG]       > [CLevel::SaveChunks] mesh visibility parameters start
{16:49:46.781} DEBG: [CLOG]       > [CLevel::SaveChunks] mesh visibility parameters end
{16:49:46.781} DEBG: [CLOG]       > [CLevel::SaveChunks] grid objects sort
{16:49:46.781} DEBG: [CLOG]       > [CLevel::SaveChunks] grid objects save
{16:49:46.781} DEBG: [CLOG]       > [CLevel::SaveChunks] gs objects sort
{16:49:46.781} DEBG: [CLOG]       > [CLevel::SaveChunks] gs objects save
{16:49:46.781} DEBG: [CLOG]       > [CLevel::SaveChunks] gs objects saved
{16:49:46.781} DEBG: [CLOG]       > [CLevel::SaveChunks] movies
{16:49:46.781} DEBG: [CLOG]       > [CLevel::SaveChunks] movies end
{16:49:46.781} DEBG: [CLOG]       > [CLevel::SaveChunks] occluders
{16:49:46.781} DEBG: [CLOG]       > [CLevel::SaveChunks] roads
{16:49:46.783} DEBG: [CLOG]       > [CLevel::SaveChunks] roads end
{16:49:46.783} DEBG: [CLOG]       > [CLevel::SaveChunks] decals end
{16:49:46.783} DEBG: [CLOG]       > [CLevel::SaveChunks] shapes
{16:49:46.783} DEBG: [CLOG]       > [CLevel::SaveChunks] shapes end
{16:49:46.783} DEBG: [CLOG]       > [CLevel::SaveChunks] lofter end
{16:49:46.783} DEBG: [CLOG]       > [CLevel::SaveChunks] terrain v.2
{16:49:46.783} DEBG: [CLOG]       > [CLevel::SaveChunks] Terrain v.2 end
{16:49:46.783} DEBG: [CLOG]       > [CLevel::SaveChunks] CGSObject data
{16:49:46.783} DEBG: [CLOG]       > [CLevel::SaveChunks] CGSObject data
{16:49:46.783} DEBG: [CLOG]       > [CLevel::SaveChunks] Envprobes
{16:49:46.783} DEBG: [CLOG]       > [CGameEditor::SaveGameModule] end
{16:49:46.815} INFO: [Editor]     > Save module succeeded.
{16:49:46.817} INFO: [Editor]     > Compile map succeeded.
{19:46:53.763} INFO: [INFO]       > Density map 'data/maps/map_01//map_01_foliage_grass.to' saved correctly [8 bytes].
{19:46:53.766} INFO: [INFO]       > Density map 'data/maps/map_01//map_01_foliage_grass_high.to' saved correctly [8 bytes].
{19:46:53.767} INFO: [INFO]       > Density map 'data/maps/map_01//map_01_foliage_stones.to' saved correctly [8 bytes].
{19:46:53.768} INFO: [INFO]       > Density map 'data/maps/map_01//map_01_foliage_trash.to' saved correctly [8 bytes].
{19:46:53.769} INFO: [INFO]       > Density map 'data/maps/map_01//map_01_foliage_nature.to' saved correctly [8 bytes].
{19:46:53.770} INFO: [INFO]       > Density map 'data/maps/map_01//map_01_foliage_underwater_plants_b_c.to' saved correctly [8 bytes].
{19:46:53.771} INFO: [INFO]       > Density map 'data/maps/map_01//map_01_foliage_underwater_plants.to' saved correctly [8 bytes].
{19:46:53.779} INFO: [Editor]     > Generate Map Portals succeeded.
{19:46:53.788} INFO: [Editor]     > Quest Hubs succeeded.
{19:46:53.888} DEBG: [CLOG]       > [CGameEditor::SaveGameModule] start
{19:46:53.890} DEBG: [CLOG]       > [CLevel::SaveChunks] grid saved
{19:46:53.891} DEBG: [CLOG]       > [CLevel::SaveChunks] terrain end
{19:46:53.891} DEBG: [CLOG]       > [CLevel::SaveChunks] trees
{19:46:53.892} DEBG: [CLOG]       > [CLevel::SaveChunks] trees end
{19:46:53.892} DEBG: [CLOG]       > [CLevel::SaveChunks] mesh visibility parameters start
{19:46:54.784} DEBG: [CLOG]       > [CLevel::SaveChunks] mesh visibility parameters end
{19:46:54.784} DEBG: [CLOG]       > [CLevel::SaveChunks] grid objects sort
{19:46:54.785} DEBG: [CLOG]       > [CLevel::SaveChunks] grid objects save
{19:46:54.786} DEBG: [CLOG]       > [CLevel::SaveChunks] gs objects sort
{19:46:54.786} DEBG: [CLOG]       > [CLevel::SaveChunks] gs objects save
{19:46:54.786} DEBG: [CLOG]       > [CLevel::SaveChunks] gs objects saved
{19:46:54.787} DEBG: [CLOG]       > [CLevel::SaveChunks] movies
{19:46:54.787} DEBG: [CLOG]       > [CLevel::SaveChunks] movies end
{19:46:54.788} DEBG: [CLOG]       > [CLevel::SaveChunks] occluders
{19:46:54.788} DEBG: [CLOG]       > [CLevel::SaveChunks] roads
{19:46:54.797} DEBG: [CLOG]       > [CLevel::SaveChunks] roads end
{19:46:54.797} DEBG: [CLOG]       > [CLevel::SaveChunks] decals end
{19:46:54.797} DEBG: [CLOG]       > [CLevel::SaveChunks] shapes
{19:46:54.798} DEBG: [CLOG]       > [CLevel::SaveChunks] shapes end
{19:46:54.798} DEBG: [CLOG]       > [CLevel::SaveChunks] lofter
{19:46:54.798} DEBG: [CLOG]       > [CLevel::SaveChunks] lofter end
{19:46:54.799} DEBG: [CLOG]       > [CLevel::SaveChunks] terrain v.2
{19:46:54.799} DEBG: [CLOG]       > [CLevel::SaveChunks] Terrain v.2 end
{19:46:54.799} DEBG: [CLOG]       > [CLevel::SaveChunks] CGSObject data
{19:46:54.800} DEBG: [CLOG]       > [CLevel::SaveChunks] CGSObject data
{19:46:54.800} DEBG: [CLOG]       > [CLevel::SaveChunks] Envprobes
{19:46:54.800} DEBG: [CLOG]       > [CGameEditor::SaveGameModule] end
{19:46:54.877} INFO: [Editor]     > Save module succeeded.
{19:47:04.081} INFO: [Editor]     > Generate Map Portals succeeded.
{19:47:04.082} INFO: [Editor]     > Quest Hubs succeeded.
{19:47:04.146} DEBG: [CLOG]       > [CGameEditor::SaveGameModule] start
{19:47:04.146} DEBG: [CLOG]       > [CLevel::SaveChunks] grid saved
{19:47:04.146} DEBG: [CLOG]       > [CLevel::SaveChunks] terrain end
{19:47:04.146} DEBG: [CLOG]       > [CLevel::SaveChunks] trees
{19:47:04.147} DEBG: [CLOG]       > [CLevel::SaveChunks] trees end
{19:47:04.147} DEBG: [CLOG]       > [CLevel::SaveChunks] mesh visibility parameters start
{19:47:04.151} DEBG: [CLOG]       > [CLevel::SaveChunks] mesh visibility parameters end
{19:47:04.151} DEBG: [CLOG]       > [CLevel::SaveChunks] grid objects sort
{19:47:04.151} DEBG: [CLOG]       > [CLevel::SaveChunks] grid objects save
{19:47:04.151} DEBG: [CLOG]       > [CLevel::SaveChunks] gs objects sort
{19:47:04.151} DEBG: [CLOG]       > [CLevel::SaveChunks] gs objects save
{19:47:04.151} DEBG: [CLOG]       > [CLevel::SaveChunks] gs objects saved
{19:47:04.151} DEBG: [CLOG]       > [CLevel::SaveChunks] movies
{19:47:04.151} DEBG: [CLOG]       > [CLevel::SaveChunks] movies end
{19:47:04.151} DEBG: [CLOG]       > [CLevel::SaveChunks] occluders
{19:47:04.151} DEBG: [CLOG]       > [CLevel::SaveChunks] roads
{19:47:04.152} DEBG: [CLOG]       > [CLevel::SaveChunks] roads end
{19:47:04.152} DEBG: [CLOG]       > [CLevel::SaveChunks] decals end
{19:47:04.152} DEBG: [CLOG]       > [CLevel::SaveChunks] shapes
{19:47:04.152} DEBG: [CLOG]       > [CLevel::SaveChunks] shapes end
{19:47:04.152} DEBG: [CLOG]       > [CLevel::SaveChunks] lofter end
{19:47:04.152} DEBG: [CLOG]       > [CLevel::SaveChunks] terrain v.2
{19:47:04.152} DEBG: [CLOG]       > [CLevel::SaveChunks] Terrain v.2 end
{19:47:04.152} DEBG: [CLOG]       > [CLevel::SaveChunks] CGSObject data
{19:47:04.152} DEBG: [CLOG]       > [CLevel::SaveChunks] CGSObject data
{19:47:04.152} DEBG: [CLOG]       > [CLevel::SaveChunks] Envprobes
{19:47:04.152} DEBG: [CLOG]       > [CGameEditor::SaveGameModule] end
{19:47:04.165} INFO: [Editor]     > Save module succeeded.
{19:47:04.166} INFO: [Editor]     > Compile map succeeded.
{19:53:06.756} INFO: [Editor]     > Generate Map Portals succeeded.
{19:53:06.761} INFO: [Editor]     > Quest Hubs succeeded.
{19:53:06.851} DEBG: [CLOG]       > [CGameEditor::SaveGameModule] start
{19:53:06.852} DEBG: [CLOG]       > [CLevel::SaveChunks] grid saved
{19:53:06.852} DEBG: [CLOG]       > [CLevel::SaveChunks] terrain end
{19:53:06.852} DEBG: [CLOG]       > [CLevel::SaveChunks] trees
{19:53:06.852} DEBG: [CLOG]       > [CLevel::SaveChunks] trees end
{19:53:06.852} DEBG: [CLOG]       > [CLevel::SaveChunks] mesh visibility parameters start
{19:53:06.876} DEBG: [CLOG]       > [CLevel::SaveChunks] mesh visibility parameters end
{19:53:06.876} DEBG: [CLOG]       > [CLevel::SaveChunks] grid objects sort
{19:53:06.877} DEBG: [CLOG]       > [CLevel::SaveChunks] grid objects save
{19:53:06.878} DEBG: [CLOG]       > [CLevel::SaveChunks] gs objects sort
{19:53:06.878} DEBG: [CLOG]       > [CLevel::SaveChunks] gs objects save
{19:53:06.878} DEBG: [CLOG]       > [CLevel::SaveChunks] gs objects saved
{19:53:06.878} DEBG: [CLOG]       > [CLevel::SaveChunks] movies
{19:53:06.878} DEBG: [CLOG]       > [CLevel::SaveChunks] movies end
{19:53:06.879} DEBG: [CLOG]       > [CLevel::SaveChunks] occluders
{19:53:06.879} DEBG: [CLOG]       > [CLevel::SaveChunks] roads
{19:53:06.881} DEBG: [CLOG]       > [CLevel::SaveChunks] roads end
{19:53:06.881} DEBG: [CLOG]       > [CLevel::SaveChunks] decals end
{19:53:06.881} DEBG: [CLOG]       > [CLevel::SaveChunks] shapes
{19:53:06.881} DEBG: [CLOG]       > [CLevel::SaveChunks] shapes end
{19:53:06.881} DEBG: [CLOG]       > [CLevel::SaveChunks] lofter
{19:53:06.881} DEBG: [CLOG]       > [CLevel::SaveChunks] lofter end
{19:53:06.881} DEBG: [CLOG]       > [CLevel::SaveChunks] terrain v.2
{19:53:06.882} DEBG: [CLOG]       > [CLevel::SaveChunks] Terrain v.2 end
{19:53:06.882} DEBG: [CLOG]       > [CLevel::SaveChunks] CGSObject data
{19:53:06.882} DEBG: [CLOG]       > [CLevel::SaveChunks] CGSObject data
{19:53:06.882} DEBG: [CLOG]       > [CLevel::SaveChunks] Envprobes
{19:53:06.882} DEBG: [CLOG]       > [CGameEditor::SaveGameModule] end
{19:53:06.943} INFO: [Editor]     > Save module succeeded.
{19:53:14.135} INFO: [Editor]     > Generate Map Portals succeeded.
{19:53:14.138} INFO: [Editor]     > Quest Hubs succeeded.
{19:53:14.202} DEBG: [CLOG]       > [CGameEditor::SaveGameModule] start
{19:53:14.202} DEBG: [CLOG]       > [CLevel::SaveChunks] grid saved
{19:53:14.202} DEBG: [CLOG]       > [CLevel::SaveChunks] terrain end
{19:53:14.202} DEBG: [CLOG]       > [CLevel::SaveChunks] trees
{19:53:14.202} DEBG: [CLOG]       > [CLevel::SaveChunks] trees end
{19:53:14.202} DEBG: [CLOG]       > [CLevel::SaveChunks] mesh visibility parameters start
{19:53:14.223} DEBG: [CLOG]       > [CLevel::SaveChunks] mesh visibility parameters end
{19:53:14.223} DEBG: [CLOG]       > [CLevel::SaveChunks] grid objects sort
{19:53:14.223} DEBG: [CLOG]       > [CLevel::SaveChunks] grid objects save
{19:53:14.224} DEBG: [CLOG]       > [CLevel::SaveChunks] gs objects sort
{19:53:14.224} DEBG: [CLOG]       > [CLevel::SaveChunks] gs objects save
{19:53:14.224} DEBG: [CLOG]       > [CLevel::SaveChunks] gs objects saved
{19:53:14.224} DEBG: [CLOG]       > [CLevel::SaveChunks] movies
{19:53:14.224} DEBG: [CLOG]       > [CLevel::SaveChunks] movies end
{19:53:14.224} DEBG: [CLOG]       > [CLevel::SaveChunks] occluders
{19:53:14.224} DEBG: [CLOG]       > [CLevel::SaveChunks] roads
{19:53:14.226} DEBG: [CLOG]       > [CLevel::SaveChunks] roads end
{19:53:14.226} DEBG: [CLOG]       > [CLevel::SaveChunks] decals end
{19:53:14.226} DEBG: [CLOG]       > [CLevel::SaveChunks] shapes
{19:53:14.226} DEBG: [CLOG]       > [CLevel::SaveChunks] shapes end
{19:53:14.226} DEBG: [CLOG]       > [CLevel::SaveChunks] lofter
{19:53:14.226} DEBG: [CLOG]       > [CLevel::SaveChunks] lofter end
{19:53:14.226} DEBG: [CLOG]       > [CLevel::SaveChunks] terrain v.2
{19:53:14.226} DEBG: [CLOG]       > [CLevel::SaveChunks] Terrain v.2 end
{19:53:14.226} DEBG: [CLOG]       > [CLevel::SaveChunks] CGSObject data
{19:53:14.226} DEBG: [CLOG]       > [CLevel::SaveChunks] CGSObject data
{19:53:14.226} DEBG: [CLOG]       > [CLevel::SaveChunks] Envprobes
{19:53:14.226} DEBG: [CLOG]       > [CGameEditor::SaveGameModule] end
{19:53:14.279} INFO: [Editor]     > Save module succeeded.
{19:53:15.216} INFO: [Editor]     > Generate Map Portals succeeded.
{19:53:15.220} INFO: [Editor]     > Quest Hubs succeeded.
{19:53:15.280} DEBG: [CLOG]       > [CGameEditor::SaveGameModule] start
{19:53:15.281} DEBG: [CLOG]       > [CLevel::SaveChunks] grid saved
{19:53:15.281} DEBG: [CLOG]       > [CLevel::SaveChunks] terrain end
{19:53:15.281} DEBG: [CLOG]       > [CLevel::SaveChunks] trees
{19:53:15.281} DEBG: [CLOG]       > [CLevel::SaveChunks] trees end
{19:53:15.281} DEBG: [CLOG]       > [CLevel::SaveChunks] mesh visibility parameters start
{19:53:15.295} DEBG: [CLOG]       > [CLevel::SaveChunks] mesh visibility parameters end
{19:53:15.295} DEBG: [CLOG]       > [CLevel::SaveChunks] grid objects sort
{19:53:15.295} DEBG: [CLOG]       > [CLevel::SaveChunks] grid objects save
{19:53:15.296} DEBG: [CLOG]       > [CLevel::SaveChunks] gs objects sort
{19:53:15.296} DEBG: [CLOG]       > [CLevel::SaveChunks] gs objects save
{19:53:15.296} DEBG: [CLOG]       > [CLevel::SaveChunks] gs objects saved
{19:53:15.296} DEBG: [CLOG]       > [CLevel::SaveChunks] movies
{19:53:15.297} DEBG: [CLOG]       > [CLevel::SaveChunks] movies end
{19:53:15.297} DEBG: [CLOG]       > [CLevel::SaveChunks] occluders
{19:53:15.297} DEBG: [CLOG]       > [CLevel::SaveChunks] roads
{19:53:15.300} DEBG: [CLOG]       > [CLevel::SaveChunks] roads end
{19:53:15.300} DEBG: [CLOG]       > [CLevel::SaveChunks] decals end
{19:53:15.300} DEBG: [CLOG]       > [CLevel::SaveChunks] shapes
{19:53:15.300} DEBG: [CLOG]       > [CLevel::SaveChunks] shapes end
{19:53:15.300} DEBG: [CLOG]       > [CLevel::SaveChunks] lofter
{19:53:15.300} DEBG: [CLOG]       > [CLevel::SaveChunks] lofter end
{19:53:15.300} DEBG: [CLOG]       > [CLevel::SaveChunks] terrain v.2
{19:53:15.301} DEBG: [CLOG]       > [CLevel::SaveChunks] Terrain v.2 end
{19:53:15.301} DEBG: [CLOG]       > [CLevel::SaveChunks] CGSObject data
{19:53:15.301} DEBG: [CLOG]       > [CLevel::SaveChunks] CGSObject data
{19:53:15.301} DEBG: [CLOG]       > [CLevel::SaveChunks] Envprobes
{19:53:15.301} DEBG: [CLOG]       > [CGameEditor::SaveGameModule] end
{19:53:15.352} INFO: [Editor]     > Save module succeeded.
{19:53:15.490} INFO: [Editor]     > Generate Map Portals succeeded.
{19:53:15.492} INFO: [Editor]     > Quest Hubs succeeded.
{19:53:15.550} DEBG: [CLOG]       > [CGameEditor::SaveGameModule] start
{19:53:15.551} DEBG: [CLOG]       > [CLevel::SaveChunks] grid saved
{19:53:15.551} DEBG: [CLOG]       > [CLevel::SaveChunks] terrain end
{19:53:15.551} DEBG: [CLOG]       > [CLevel::SaveChunks] trees
{19:53:15.551} DEBG: [CLOG]       > [CLevel::SaveChunks] trees end
{19:53:15.551} DEBG: [CLOG]       > [CLevel::SaveChunks] mesh visibility parameters start
{19:53:15.558} DEBG: [CLOG]       > [CLevel::SaveChunks] mesh visibility parameters end
{19:53:15.558} DEBG: [CLOG]       > [CLevel::SaveChunks] grid objects sort
{19:53:15.558} DEBG: [CLOG]       > [CLevel::SaveChunks] grid objects save
{19:53:15.559} DEBG: [CLOG]       > [CLevel::SaveChunks] gs objects sort
{19:53:15.559} DEBG: [CLOG]       > [CLevel::SaveChunks] gs objects save
{19:53:15.559} DEBG: [CLOG]       > [CLevel::SaveChunks] gs objects saved
{19:53:15.559} DEBG: [CLOG]       > [CLevel::SaveChunks] movies
{19:53:15.559} DEBG: [CLOG]       > [CLevel::SaveChunks] movies end
{19:53:15.559} DEBG: [CLOG]       > [CLevel::SaveChunks] occluders
{19:53:15.559} DEBG: [CLOG]       > [CLevel::SaveChunks] roads
{19:53:15.560} DEBG: [CLOG]       > [CLevel::SaveChunks] roads end
{19:53:15.560} DEBG: [CLOG]       > [CLevel::SaveChunks] decals end
{19:53:15.560} DEBG: [CLOG]       > [CLevel::SaveChunks] shapes
{19:53:15.560} DEBG: [CLOG]       > [CLevel::SaveChunks] shapes end
{19:53:15.560} DEBG: [CLOG]       > [CLevel::SaveChunks] lofter
{19:53:15.560} DEBG: [CLOG]       > [CLevel::SaveChunks] lofter end
{19:53:15.560} DEBG: [CLOG]       > [CLevel::SaveChunks] terrain v.2
{19:53:15.560} DEBG: [CLOG]       > [CLevel::SaveChunks] Terrain v.2 end
{19:53:15.560} DEBG: [CLOG]       > [CLevel::SaveChunks] CGSObject data
{19:53:15.560} DEBG: [CLOG]       > [CLevel::SaveChunks] CGSObject data
{19:53:15.560} DEBG: [CLOG]       > [CLevel::SaveChunks] Envprobes
{19:53:15.560} DEBG: [CLOG]       > [CGameEditor::SaveGameModule] end
{19:53:15.586} INFO: [Editor]     > Save module succeeded.
{19:53:15.741} INFO: [Editor]     > Generate Map Portals succeeded.
{19:53:15.744} INFO: [Editor]     > Quest Hubs succeeded.
{19:53:15.794} DEBG: [CLOG]       > [CGameEditor::SaveGameModule] start
{19:53:15.794} DEBG: [CLOG]       > [CLevel::SaveChunks] grid saved
{19:53:15.794} DEBG: [CLOG]       > [CLevel::SaveChunks] terrain end
{19:53:15.794} DEBG: [CLOG]       > [CLevel::SaveChunks] trees
{19:53:15.794} DEBG: [CLOG]       > [CLevel::SaveChunks] trees end
{19:53:15.794} DEBG: [CLOG]       > [CLevel::SaveChunks] mesh visibility parameters start
{19:53:15.802} DEBG: [CLOG]       > [CLevel::SaveChunks] mesh visibility parameters end
{19:53:15.802} DEBG: [CLOG]       > [CLevel::SaveChunks] grid objects sort
{19:53:15.802} DEBG: [CLOG]       > [CLevel::SaveChunks] grid objects save
{19:53:15.803} DEBG: [CLOG]       > [CLevel::SaveChunks] gs objects sort
{19:53:15.803} DEBG: [CLOG]       > [CLevel::SaveChunks] gs objects save
{19:53:15.803} DEBG: [CLOG]       > [CLevel::SaveChunks] gs objects saved
{19:53:15.803} DEBG: [CLOG]       > [CLevel::SaveChunks] movies
{19:53:15.803} DEBG: [CLOG]       > [CLevel::SaveChunks] movies end
{19:53:15.803} DEBG: [CLOG]       > [CLevel::SaveChunks] occluders
{19:53:15.803} DEBG: [CLOG]       > [CLevel::SaveChunks] roads
{19:53:15.804} DEBG: [CLOG]       > [CLevel::SaveChunks] roads end
{19:53:15.804} DEBG: [CLOG]       > [CLevel::SaveChunks] decals end
{19:53:15.804} DEBG: [CLOG]       > [CLevel::SaveChunks] shapes
{19:53:15.804} DEBG: [CLOG]       > [CLevel::SaveChunks] shapes end
{19:53:15.804} DEBG: [CLOG]       > [CLevel::SaveChunks] lofter
{19:53:15.804} DEBG: [CLOG]       > [CLevel::SaveChunks] lofter end
{19:53:15.804} DEBG: [CLOG]       > [CLevel::SaveChunks] terrain v.2
{19:53:15.804} DEBG: [CLOG]       > [CLevel::SaveChunks] Terrain v.2 end
{19:53:15.804} DEBG: [CLOG]       > [CLevel::SaveChunks] CGSObject data
{19:53:15.804} DEBG: [CLOG]       > [CLevel::SaveChunks] CGSObject data
{19:53:15.804} DEBG: [CLOG]       > [CLevel::SaveChunks] Envprobes
{19:53:15.804} DEBG: [CLOG]       > [CGameEditor::SaveGameModule] end
{19:53:15.827} INFO: [Editor]     > Save module succeeded.
{19:53:15.963} INFO: [Editor]     > Generate Map Portals succeeded.
{19:53:15.965} INFO: [Editor]     > Quest Hubs succeeded.
{19:53:16.025} DEBG: [CLOG]       > [CGameEditor::SaveGameModule] start
{19:53:16.025} DEBG: [CLOG]       > [CLevel::SaveChunks] grid saved
{19:53:16.025} DEBG: [CLOG]       > [CLevel::SaveChunks] terrain end
{19:53:16.025} DEBG: [CLOG]       > [CLevel::SaveChunks] trees
{19:53:16.025} DEBG: [CLOG]       > [CLevel::SaveChunks] trees end
{19:53:16.025} DEBG: [CLOG]       > [CLevel::SaveChunks] mesh visibility parameters start
{19:53:16.038} DEBG: [CLOG]       > [CLevel::SaveChunks] mesh visibility parameters end
{19:53:16.038} DEBG: [CLOG]       > [CLevel::SaveChunks] grid objects sort
{19:53:16.039} DEBG: [CLOG]       > [CLevel::SaveChunks] grid objects save
{19:53:16.040} DEBG: [CLOG]       > [CLevel::SaveChunks] gs objects sort
{19:53:16.040} DEBG: [CLOG]       > [CLevel::SaveChunks] gs objects save
{19:53:16.040} DEBG: [CLOG]       > [CLevel::SaveChunks] gs objects saved
{19:53:16.040} DEBG: [CLOG]       > [CLevel::SaveChunks] movies
{19:53:16.040} DEBG: [CLOG]       > [CLevel::SaveChunks] movies end
{19:53:16.040} DEBG: [CLOG]       > [CLevel::SaveChunks] occluders
{19:53:16.040} DEBG: [CLOG]       > [CLevel::SaveChunks] roads
{19:53:16.041} DEBG: [CLOG]       > [CLevel::SaveChunks] roads end
{19:53:16.042} DEBG: [CLOG]       > [CLevel::SaveChunks] decals end
{19:53:16.042} DEBG: [CLOG]       > [CLevel::SaveChunks] shapes
{19:53:16.042} DEBG: [CLOG]       > [CLevel::SaveChunks] shapes end
{19:53:16.042} DEBG: [CLOG]       > [CLevel::SaveChunks] lofter
{19:53:16.042} DEBG: [CLOG]       > [CLevel::SaveChunks] lofter end
{19:53:16.042} DEBG: [CLOG]       > [CLevel::SaveChunks] terrain v.2
{19:53:16.042} DEBG: [CLOG]       > [CLevel::SaveChunks] Terrain v.2 end
{19:53:16.042} DEBG: [CLOG]       > [CLevel::SaveChunks] CGSObject data
{19:53:16.042} DEBG: [CLOG]       > [CLevel::SaveChunks] CGSObject data
{19:53:16.042} DEBG: [CLOG]       > [CLevel::SaveChunks] Envprobes
{19:53:16.042} DEBG: [CLOG]       > [CGameEditor::SaveGameModule] end
{19:53:16.095} INFO: [Editor]     > Save module succeeded.
{19:53:16.268} INFO: [Editor]     > Generate Map Portals succeeded.
{19:53:16.274} INFO: [Editor]     > Quest Hubs succeeded.
{19:53:16.322} DEBG: [CLOG]       > [CGameEditor::SaveGameModule] start
{19:53:16.322} DEBG: [CLOG]       > [CLevel::SaveChunks] grid saved
{19:53:16.322} DEBG: [CLOG]       > [CLevel::SaveChunks] terrain end
{19:53:16.322} DEBG: [CLOG]       > [CLevel::SaveChunks] trees
{19:53:16.322} DEBG: [CLOG]       > [CLevel::SaveChunks] trees end
{19:53:16.322} DEBG: [CLOG]       > [CLevel::SaveChunks] mesh visibility parameters start
{19:53:16.329} DEBG: [CLOG]       > [CLevel::SaveChunks] mesh visibility parameters end
{19:53:16.329} DEBG: [CLOG]       > [CLevel::SaveChunks] grid objects sort
{19:53:16.329} DEBG: [CLOG]       > [CLevel::SaveChunks] grid objects save
{19:53:16.330} DEBG: [CLOG]       > [CLevel::SaveChunks] gs objects sort
{19:53:16.330} DEBG: [CLOG]       > [CLevel::SaveChunks] gs objects save
{19:53:16.330} DEBG: [CLOG]       > [CLevel::SaveChunks] gs objects saved
{19:53:16.330} DEBG: [CLOG]       > [CLevel::SaveChunks] movies
{19:53:16.330} DEBG: [CLOG]       > [CLevel::SaveChunks] movies end
{19:53:16.330} DEBG: [CLOG]       > [CLevel::SaveChunks] occluders
{19:53:16.330} DEBG: [CLOG]       > [CLevel::SaveChunks] roads
{19:53:16.333} DEBG: [CLOG]       > [CLevel::SaveChunks] roads end
{19:53:16.333} DEBG: [CLOG]       > [CLevel::SaveChunks] decals end
{19:53:16.333} DEBG: [CLOG]       > [CLevel::SaveChunks] shapes
{19:53:16.333} DEBG: [CLOG]       > [CLevel::SaveChunks] shapes end
{19:53:16.333} DEBG: [CLOG]       > [CLevel::SaveChunks] lofter
{19:53:16.333} DEBG: [CLOG]       > [CLevel::SaveChunks] lofter end
{19:53:16.333} DEBG: [CLOG]       > [CLevel::SaveChunks] terrain v.2
{19:53:16.333} DEBG: [CLOG]       > [CLevel::SaveChunks] Terrain v.2 end
{19:53:16.333} DEBG: [CLOG]       > [CLevel::SaveChunks] CGSObject data
{19:53:16.333} DEBG: [CLOG]       > [CLevel::SaveChunks] CGSObject data
{19:53:16.333} DEBG: [CLOG]       > [CLevel::SaveChunks] Envprobes
{19:53:16.333} DEBG: [CLOG]       > [CGameEditor::SaveGameModule] end
{19:53:16.354} INFO: [Editor]     > Save module succeeded.
{19:53:17.354} INFO: [Editor]     > Generate Map Portals succeeded.
{19:53:17.356} INFO: [Editor]     > Quest Hubs succeeded.
{19:53:17.416} DEBG: [CLOG]       > [CGameEditor::SaveGameModule] start
{19:53:17.416} DEBG: [CLOG]       > [CLevel::SaveChunks] grid saved
{19:53:17.416} DEBG: [CLOG]       > [CLevel::SaveChunks] terrain end
{19:53:17.416} DEBG: [CLOG]       > [CLevel::SaveChunks] trees
{19:53:17.416} DEBG: [CLOG]       > [CLevel::SaveChunks] trees end
{19:53:17.416} DEBG: [CLOG]       > [CLevel::SaveChunks] mesh visibility parameters start
{19:53:17.431} DEBG: [CLOG]       > [CLevel::SaveChunks] mesh visibility parameters end
{19:53:17.431} DEBG: [CLOG]       > [CLevel::SaveChunks] grid objects sort
{19:53:17.431} DEBG: [CLOG]       > [CLevel::SaveChunks] grid objects save
{19:53:17.432} DEBG: [CLOG]       > [CLevel::SaveChunks] gs objects sort
{19:53:17.433} DEBG: [CLOG]       > [CLevel::SaveChunks] gs objects save
{19:53:17.433} DEBG: [CLOG]       > [CLevel::SaveChunks] gs objects saved
{19:53:17.433} DEBG: [CLOG]       > [CLevel::SaveChunks] movies
{19:53:17.433} DEBG: [CLOG]       > [CLevel::SaveChunks] movies end
{19:53:17.433} DEBG: [CLOG]       > [CLevel::SaveChunks] occluders
{19:53:17.433} DEBG: [CLOG]       > [CLevel::SaveChunks] roads
{19:53:17.436} DEBG: [CLOG]       > [CLevel::SaveChunks] roads end
{19:53:17.436} DEBG: [CLOG]       > [CLevel::SaveChunks] decals end
{19:53:17.436} DEBG: [CLOG]       > [CLevel::SaveChunks] shapes
{19:53:17.437} DEBG: [CLOG]       > [CLevel::SaveChunks] shapes end
{19:53:17.437} DEBG: [CLOG]       > [CLevel::SaveChunks] lofter
{19:53:17.437} DEBG: [CLOG]       > [CLevel::SaveChunks] lofter end
{19:53:17.437} DEBG: [CLOG]       > [CLevel::SaveChunks] terrain v.2
{19:53:17.437} DEBG: [CLOG]       > [CLevel::SaveChunks] Terrain v.2 end
{19:53:17.437} DEBG: [CLOG]       > [CLevel::SaveChunks] CGSObject data
{19:53:17.437} DEBG: [CLOG]       > [CLevel::SaveChunks] CGSObject data
{19:53:17.437} DEBG: [CLOG]       > [CLevel::SaveChunks] Envprobes
{19:53:17.437} DEBG: [CLOG]       > [CGameEditor::SaveGameModule] end
{19:53:17.490} INFO: [Editor]     > Save module succeeded.
{19:53:19.275} INFO: [Editor]     > Generate Map Portals succeeded.
{19:53:19.277} INFO: [Editor]     > Quest Hubs succeeded.
{19:53:19.328} DEBG: [CLOG]       > [CGameEditor::SaveGameModule] start
{19:53:19.330} DEBG: [CLOG]       > [CLevel::SaveChunks] grid saved
{19:53:19.330} DEBG: [CLOG]       > [CLevel::SaveChunks] terrain end
{19:53:19.330} DEBG: [CLOG]       > [CLevel::SaveChunks] trees
{19:53:19.330} DEBG: [CLOG]       > [CLevel::SaveChunks] trees end
{19:53:19.330} DEBG: [CLOG]       > [CLevel::SaveChunks] mesh visibility parameters start
{19:53:19.341} DEBG: [CLOG]       > [CLevel::SaveChunks] mesh visibility parameters end
{19:53:19.341} DEBG: [CLOG]       > [CLevel::SaveChunks] grid objects sort
{19:53:19.341} DEBG: [CLOG]       > [CLevel::SaveChunks] grid objects save
{19:53:19.342} DEBG: [CLOG]       > [CLevel::SaveChunks] gs objects sort
{19:53:19.342} DEBG: [CLOG]       > [CLevel::SaveChunks] gs objects save
{19:53:19.342} DEBG: [CLOG]       > [CLevel::SaveChunks] gs objects saved
{19:53:19.342} DEBG: [CLOG]       > [CLevel::SaveChunks] movies
{19:53:19.342} DEBG: [CLOG]       > [CLevel::SaveChunks] movies end
{19:53:19.342} DEBG: [CLOG]       > [CLevel::SaveChunks] occluders
{19:53:19.342} DEBG: [CLOG]       > [CLevel::SaveChunks] roads
{19:53:19.344} DEBG: [CLOG]       > [CLevel::SaveChunks] roads end
{19:53:19.344} DEBG: [CLOG]       > [CLevel::SaveChunks] decals end
{19:53:19.344} DEBG: [CLOG]       > [CLevel::SaveChunks] shapes
{19:53:19.344} DEBG: [CLOG]       > [CLevel::SaveChunks] shapes end
{19:53:19.344} DEBG: [CLOG]       > [CLevel::SaveChunks] lofter
{19:53:19.344} DEBG: [CLOG]       > [CLevel::SaveChunks] lofter end
{19:53:19.344} DEBG: [CLOG]       > [CLevel::SaveChunks] terrain v.2
{19:53:19.344} DEBG: [CLOG]       > [CLevel::SaveChunks] Terrain v.2 end
{19:53:19.344} DEBG: [CLOG]       > [CLevel::SaveChunks] CGSObject data
{19:53:19.344} DEBG: [CLOG]       > [CLevel::SaveChunks] CGSObject data
{19:53:19.345} DEBG: [CLOG]       > [CLevel::SaveChunks] Envprobes
{19:53:19.345} DEBG: [CLOG]       > [CGameEditor::SaveGameModule] end
{19:53:19.388} INFO: [Editor]     > Save module succeeded.
{19:53:20.070} DEBG: [CLOG]       > Level map_01 (LevelDI) deleted
{19:53:22.654} DEBG: [CLOG]       > [CSocket::~CSocket]: <shutdown> error: WSAENOTCONN
{19:53:23.369} INFO: [INFO]       > ---------------------------------------------------------
{19:53:23.369} INFO: [INFO]       > Time of playing game: 11169.918945s
{19:53:23.369} INFO: [INFO]       > Updated frames: 0 Rendered frames: 7731
{19:53:23.369} INFO: [INFO]       > Average FPS: 0.692127
{19:53:23.369} INFO: [INFO]       > ---------------------------------------------------------
{19:53:23.404} DEBG: [CLOG]       > Level  (Level) deleted
{19:53:23.595} DEBG: [CLOG]       > CtrlObjGrid: Maximum grid 000000004C2203B0 memory usage: 43 kbytes
{19:53:23.601} DEBG: [CLOG]       > CtrlObjGrid: Maximum grid 00000000546F6B80 memory usage: 1 kbytes
{19:53:27.088} DEBG: [CLOG]       > WARNING [~CSurfaceManager] Num nondeleted surfaces 93
{19:53:27.092} WARN: [WARN]       > [~CSurfaceManager] Num nondeleted vertex buffers 1
{19:53:27.092} WARN: [WARN]       > [~CSurfaceManager] Num nondeleted index buffers 1
{19:53:27.218} INFO: [Renderer]   > [r_Shutdown] Dll released
