{11:59:54.783} INFO: [System] > Build version: 6.2015.1204.1439
{11:59:54.783} INFO: [System] > [PID] 5920
{11:59:54.815} INFO: [System] > [CPU] vendor: GenuineIntel, features: SSSE3 SSE4.1 SSE4.2 AVX AVX2 F16C FMA CX16 POPCNT LZCNT BMI1 BMI2 HTT, clock frequency: 1995.38MHz
{11:59:54.815} INFO: [System] > [CPU] CPUs: 1, Cores: 2, HT: Yes, Logical processors: 4
{11:59:54.815} INFO: [JobManager] > TM8ea0298, dedicated worker threads: 1 + 2, num cpus: 4
{11:59:54.832} INFO: [ODE]        > [ode::dInitialize] SSE path
{11:59:54.887} INFO: [Renderer]   > [r_Initialize] Loaded from rd3d11_x64_rwdi.dll.
{11:59:54.887} INFO: [Renderer]   > Enumerating D3D11 video adapters:
{11:59:54.888} INFO: [Renderer]   > Adapter 1: Intel(R) HD Graphics Family 0MB/1792MB/0MB
{11:59:54.888} INFO: [Renderer]   |   Output 0: [0,0 - 1366,768] \\.\DISPLAY1
{11:59:54.888} INFO: [Renderer]   > Adapter 2: NVIDIA GeForce 840M  1992MB/2048MB/0MB
{11:59:54.888} INFO: [Renderer]   > Adapter 3: Microsoft Basic Render Driver 0MB/256MB/0MB
{11:59:54.945} INFO: [Renderer]   > Renderer started in DX11 mode.
{11:59:55.046} INFO: [Renderer]   > DDraw reported 1,787M free texture memory.
{11:59:55.056} INFO: [Renderer]   > Renderer: supported display modes:
{11:59:55.056} INFO: [Renderer]   |  640x480, bpp:24, hz:60.00, fmt: A8R8G8B8
{11:59:55.056} INFO: [Renderer]   |  640x480, bpp:24, hz:60.00, fmt: A8R8G8B8
{11:59:55.056} INFO: [Renderer]   |  640x480, bpp:24, hz:47.98, fmt: A8R8G8B8
{11:59:55.056} INFO: [Renderer]   |  640x480, bpp:24, hz:47.98, fmt: A8R8G8B8
{11:59:55.056} INFO: [Renderer]   |  800x600, bpp:24, hz:60.00, fmt: A8R8G8B8
{11:59:55.056} INFO: [Renderer]   |  800x600, bpp:24, hz:60.00, fmt: A8R8G8B8
{11:59:55.056} INFO: [Renderer]   |  800x600, bpp:24, hz:47.98, fmt: A8R8G8B8
{11:59:55.056} INFO: [Renderer]   |  800x600, bpp:24, hz:47.98, fmt: A8R8G8B8
{11:59:55.056} INFO: [Renderer]   |  1024x768, bpp:24, hz:60.00, fmt: A8R8G8B8
{11:59:55.056} INFO: [Renderer]   |  1024x768, bpp:24, hz:60.00, fmt: A8R8G8B8
{11:59:55.056} INFO: [Renderer]   |  1024x768, bpp:24, hz:47.98, fmt: A8R8G8B8
{11:59:55.056} INFO: [Renderer]   |  1024x768, bpp:24, hz:47.98, fmt: A8R8G8B8
{11:59:55.056} INFO: [Renderer]   |  1280x600, bpp:24, hz:60.00, fmt: A8R8G8B8
{11:59:55.056} INFO: [Renderer]   |  1280x600, bpp:24, hz:60.00, fmt: A8R8G8B8
{11:59:55.056} INFO: [Renderer]   |  1280x600, bpp:24, hz:47.98, fmt: A8R8G8B8
{11:59:55.056} INFO: [Renderer]   |  1280x600, bpp:24, hz:47.98, fmt: A8R8G8B8
{11:59:55.056} INFO: [Renderer]   |  1280x720, bpp:24, hz:60.00, fmt: A8R8G8B8
{11:59:55.056} INFO: [Renderer]   |  1280x720, bpp:24, hz:60.00, fmt: A8R8G8B8
{11:59:55.056} INFO: [Renderer]   |  1280x720, bpp:24, hz:47.98, fmt: A8R8G8B8
{11:59:55.056} INFO: [Renderer]   |  1280x720, bpp:24, hz:47.98, fmt: A8R8G8B8
{11:59:55.056} INFO: [Renderer]   |  1280x768, bpp:24, hz:60.00, fmt: A8R8G8B8
{11:59:55.056} INFO: [Renderer]   |  1280x768, bpp:24, hz:60.00, fmt: A8R8G8B8
{11:59:55.056} INFO: [Renderer]   |  1280x768, bpp:24, hz:47.98, fmt: A8R8G8B8
{11:59:55.056} INFO: [Renderer]   |  1280x768, bpp:24, hz:47.98, fmt: A8R8G8B8
{11:59:55.056} INFO: [Renderer]   |  1360x768, bpp:24, hz:60.00, fmt: A8R8G8B8
{11:59:55.056} INFO: [Renderer]   |  1360x768, bpp:24, hz:60.00, fmt: A8R8G8B8
{11:59:55.056} INFO: [Renderer]   |  1360x768, bpp:24, hz:47.98, fmt: A8R8G8B8
{11:59:55.056} INFO: [Renderer]   |  1360x768, bpp:24, hz:47.98, fmt: A8R8G8B8
{11:59:55.056} INFO: [Renderer]   |  1366x768, bpp:24, hz:60.00, fmt: A8R8G8B8
{11:59:55.056} INFO: [Renderer]   |  1366x768, bpp:24, hz:47.98, fmt: A8R8G8B8
{11:59:55.059} INFO: [INFO]       > Texture streaming lowest priority distance set to 100m
{11:59:55.059} INFO: [Renderer]   > WindowOffset 0 0
{11:59:55.094} DEBG: [CLOG]       > [CAudioSettings::LoadSettings] Unable to load Out/Settings/EditorAudio.scr
{11:59:55.097} DEBG: [DXGI]       > [RChangeDeviceState] 1366x768, windowed, 0/0 Hz
{11:59:55.097} DEBG: [DXGI]       >                  was 0x0, fullscreen, 0/0 Hz
{11:59:55.098} INFO: [TexMgr]     > Max texture dimensions: 16384x16384x2048
{11:59:55.103} INFO: [MatMgr]     > Number of supported techniques: 61
{11:59:56.171} INFO: [MatMgr]     > Material pack 'global_dx11.mp' loaded.
{11:59:56.192} INFO: [MatMgr]     > Material pack 'local_dx11.mp' loaded.
{11:59:56.597} INFO: [INFO]       > Texture streaming buffer set to 400MB
{11:59:56.597} INFO: [Video]      > //Video settings:
{11:59:56.597} INFO: [Video]      > Resolution(1366,768)
{11:59:56.597} INFO: [Video]      > Monitor(0)
{11:59:56.597} INFO: [Video]      > TextureQuality("Medium")
{11:59:56.598} INFO: [Video]      > VisRange(1.40, 1.40)
{11:59:56.598} INFO: [Video]      > ShadowMapSize(1024)
{11:59:56.598} INFO: [Video]      > SpotShadowMapSize(1024)
{11:59:56.598} INFO: [Video]      > GammaFloat(1.00)
{11:59:56.598} INFO: [Video]      > GrassQuality(2)
{11:59:56.598} INFO: [Video]      > AmbientOcclusion(0)
{11:59:56.598} INFO: [Video]      > MotionBlur(0)
{11:59:56.598} INFO: [Video]      > AntiAliasing(0)
{11:59:56.598} INFO: [Video]      > DisableDWM(1)
{11:59:56.598} INFO: [Video]      > EnableFilmGrain(1)
{11:59:56.598} INFO: [Video]      > Version(1)
{11:59:56.598} INFO: [INFO]       > >>>>> Audio init
{11:59:56.739} INFO: [INFO]       > FMOD::Driver: GBo[niki / SBuchawki (Realtek High Definition Audio)
{11:59:56.739} INFO: [INFO]       > DriverCaps: FMOD_CAPS_OUTPUT_FORMAT_PCM8
{11:59:56.740} INFO: [INFO]       > DriverCaps: FMOD_CAPS_OUTPUT_FORMAT_PCM16
{11:59:56.740} INFO: [INFO]       > DriverCaps: FMOD_CAPS_OUTPUT_FORMAT_PCM24
{11:59:56.740} INFO: [INFO]       > DriverCaps: FMOD_CAPS_OUTPUT_FORMAT_PCM32
{11:59:56.740} INFO: [INFO]       > DriverCaps: FMOD_CAPS_OUTPUT_FORMAT_PCMFLOAT
{11:59:59.254} DEBG: [CLOG]       > NOTE : FMOD_SYSTEM_CALLBACKTYPE_THREADCREATED occured.
{11:59:59.254} DEBG: [CLOG]       > Thread ID = 1428
{11:59:59.254} DEBG: [CLOG]       > Thread Name = FMOD (WASAPI) feeder thread
{11:59:59.254} DEBG: [CLOG]       > NOTE : FMOD_SYSTEM_CALLBACKTYPE_THREADCREATED occured.
{11:59:59.254} DEBG: [CLOG]       > Thread ID = 1340
{11:59:59.254} DEBG: [CLOG]       > Thread Name = FMOD mixer thread
{11:59:59.290} DEBG: [CLOG]       > NOTE : FMOD_SYSTEM_CALLBACKTYPE_THREADCREATED occured.
{11:59:59.290} DEBG: [CLOG]       > Thread ID = 1440
{11:59:59.290} DEBG: [CLOG]       > Thread Name = FMOD stream thread
{11:59:59.290} INFO: [INFO]       > FMOD is using (8) output type.
{11:59:59.290} INFO: [INFO]       > FMOD Software Format Info:
{11:59:59.290} INFO: [INFO]       | 	Out Sample Rate: <48000>
{11:59:59.290} INFO: [INFO]       | 	Format: <5>
{11:59:59.290} INFO: [INFO]       | 	Out Channels: <2>
{11:59:59.290} INFO: [INFO]       | 	Max Input Channels: <8>
{11:59:59.290} INFO: [INFO]       | 	Bits: <32>
{11:59:59.290} INFO: [INFO]       > FMOD Mixer blocksize        = 21.33 ms
{11:59:59.290} INFO: [INFO]       > FMOD Mixer blocks count     = 4
{11:59:59.290} INFO: [INFO]       > FMOD Mixer Total buffer size = 85.33 ms
{11:59:59.290} INFO: [INFO]       > FMOD Mixer Average Latency  = 53.33 ms
{11:59:59.290} DEBG: [CLOG]       > [CAudioFMOD::InitNet] Can't use FMOD NetEventSystem - Audio engine is using FMODEx.
{11:59:59.290} INFO: [INFO]       > [CAudioFMOD] FMOD debug level: 0
{11:59:59.333} INFO: [Audio]      > //Audio settings:
{11:59:59.333} INFO: [Audio]      > API("FMOD")
{11:59:59.333} INFO: [Audio]      > MixFrequency(48000)
{11:59:59.333} INFO: [Audio]      > Channels(40)
{11:59:59.333} INFO: [Audio]      > Quality3D("high")
{11:59:59.333} INFO: [Audio]      > MaxVolume(40)
{11:59:59.333} INFO: [Audio]      > FXVolume(40)
{11:59:59.333} INFO: [Audio]      > WaveVolume(40)
{11:59:59.333} INFO: [Audio]      > SpeechVolume(40)
{11:59:59.333} INFO: [Audio]      > MovieVolume(40)
{11:59:59.333} INFO: [Audio]      > MovieVolumeSource(0)
{11:59:59.333} INFO: [Audio]      > GlobalSettings("")
{11:59:59.333} INFO: [Audio]      > ReverbChannels(1)
{11:59:59.333} INFO: [Audio]      > MixerBlocksCount(0)
{11:59:59.333} INFO: [Audio]      > 
{12:00:10.102} INFO: [INFO]       > [Input] Keyboard 0 enumerated: intance_name = Klawiatura, product_name = Klawiatura, GUID = {6f1d2b61-d5a0-11cf-bfc7-444553540000}
{12:00:10.111} INFO: [INFO]       > [CInput::SelectKeyboard] Keyboard 0 selected: Klawiatura, Klawiatura
{12:00:10.141} INFO: [INFO]       > [SDL::InitSDL] InitSDL successed!
{12:00:10.145} INFO: [Game]       > Game version: 0.0.99
{12:00:13.890} ERRR: [Parser]     > Param 0 in function EnableExplosionDamage() is not a bool
{12:00:13.892} ERRR: [Parser]     > Param 0 in function EnableExplosionDamage() is not a bool
{12:00:13.893} ERRR: [Parser]     > Param 0 in function EnableExplosionDamage() is not a bool
{12:00:13.958} DEBG: [CLOG]       > Failed to calc CRC for file achievements.xml  (0 to -1)
{12:00:13.959} DEBG: [CLOG]       > Failed to calc CRC for file challenges.xml  (0 to -1)
{12:00:15.787} DEBG: [CLOG]       > [FMODSoundBankManager::LoadBank] Sound bank <menu_p0.csb> doesn't exist in filesystem.
{12:00:15.787} DEBG: [CLOG]       > [AudioScript::Execute] <LoadAudioBanks> failed!
{12:00:15.787} DEBG: [CLOG]       > [FMODSoundBankManager::LoadBank] Sound bank <menu_stream_p0.csb> doesn't exist in filesystem.
{12:00:15.787} DEBG: [CLOG]       > [AudioScript::Execute] <LoadAudioBanks> failed!
{12:00:15.788} DEBG: [CLOG]       > [FMODSoundBankManager::LoadBank] Sound bank <menu_stream_p1.csb> doesn't exist in filesystem.
{12:00:15.788} DEBG: [CLOG]       > [AudioScript::Execute] <LoadAudioBanks> failed!
{12:00:15.789} DEBG: [CLOG]       > [FMODSoundBankManager::LoadBank] Sound bank <music_1_p0.csb> doesn't exist in filesystem.
{12:00:15.789} DEBG: [CLOG]       > [AudioScript::Execute] <LoadAudioBanks> failed!
{12:00:15.789} DEBG: [CLOG]       > [FMODSoundBankManager::LoadBank] Sound bank <music_1_stream_p0.csb> doesn't exist in filesystem.
{12:00:15.789} DEBG: [CLOG]       > [AudioScript::Execute] <LoadAudioBanks> failed!
{12:00:15.789} DEBG: [CLOG]       > [FMODSoundBankManager::LoadBank] Sound bank <music_1_p1.csb> doesn't exist in filesystem.
{12:00:15.789} DEBG: [CLOG]       > [AudioScript::Execute] <LoadAudioBanks> failed!
{12:00:15.789} DEBG: [CLOG]       > [FMODSoundBankManager::LoadBank] Sound bank <music_1_stream_p1.csb> doesn't exist in filesystem.
{12:00:15.789} DEBG: [CLOG]       > [AudioScript::Execute] <LoadAudioBanks> failed!
{12:00:15.795} DEBG: [CLOG]       > [FMODSoundBankManager::LoadBank] Sound bank <music_2_p0.csb> doesn't exist in filesystem.
{12:00:15.795} DEBG: [CLOG]       > [AudioScript::Execute] <LoadAudioBanks> failed!
{12:00:15.795} DEBG: [CLOG]       > [FMODSoundBankManager::LoadBank] Sound bank <music_2_stream_p0.csb> doesn't exist in filesystem.
{12:00:15.795} DEBG: [CLOG]       > [AudioScript::Execute] <LoadAudioBanks> failed!
{12:00:15.795} DEBG: [CLOG]       > [FMODSoundBankManager::LoadBank] Sound bank <music_2_p1.csb> doesn't exist in filesystem.
{12:00:15.795} DEBG: [CLOG]       > [AudioScript::Execute] <LoadAudioBanks> failed!
{12:00:15.795} DEBG: [CLOG]       > [FMODSoundBankManager::LoadBank] Sound bank <music_2_stream_p1.csb> doesn't exist in filesystem.
{12:00:15.795} DEBG: [CLOG]       > [AudioScript::Execute] <LoadAudioBanks> failed!
{12:00:15.796} DEBG: [CLOG]       > [FMODSoundBankManager::LoadBank] Sound bank <music_3_p0.csb> doesn't exist in filesystem.
{12:00:15.796} DEBG: [CLOG]       > [AudioScript::Execute] <LoadAudioBanks> failed!
{12:00:15.796} DEBG: [CLOG]       > [FMODSoundBankManager::LoadBank] Sound bank <music_3_stream_p0.csb> doesn't exist in filesystem.
{12:00:15.796} DEBG: [CLOG]       > [AudioScript::Execute] <LoadAudioBanks> failed!
{12:00:15.796} DEBG: [CLOG]       > [FMODSoundBankManager::LoadBank] Sound bank <music_3_p1.csb> doesn't exist in filesystem.
{12:00:15.796} DEBG: [CLOG]       > [AudioScript::Execute] <LoadAudioBanks> failed!
{12:00:15.816} DEBG: [CLOG]       > [FMODSoundBankManager::LoadBank] Sound bank <all_in_maps_1_p0.csb> doesn't exist in filesystem.
{12:00:15.816} DEBG: [CLOG]       > [AudioScript::Execute] <LoadAudioBanks> failed!
{12:00:15.816} DEBG: [CLOG]       > [FMODSoundBankManager::LoadBank] Sound bank <all_in_maps_1_stream_p0.csb> doesn't exist in filesystem.
{12:00:15.816} DEBG: [CLOG]       > [AudioScript::Execute] <LoadAudioBanks> failed!
{12:00:15.816} DEBG: [CLOG]       > [FMODSoundBankManager::LoadBank] Sound bank <all_in_maps_1_p1.csb> doesn't exist in filesystem.
{12:00:15.816} DEBG: [CLOG]       > [AudioScript::Execute] <LoadAudioBanks> failed!
{12:00:15.816} DEBG: [CLOG]       > [FMODSoundBankManager::LoadBank] Sound bank <all_in_maps_1_stream_p1.csb> doesn't exist in filesystem.
{12:00:15.816} DEBG: [CLOG]       > [AudioScript::Execute] <LoadAudioBanks> failed!
{12:00:15.827} DEBG: [CLOG]       > [FMODSoundBankManager::LoadBank] Sound bank <all_in_maps_2_p0.csb> doesn't exist in filesystem.
{12:00:15.827} DEBG: [CLOG]       > [AudioScript::Execute] <LoadAudioBanks> failed!
{12:00:15.827} DEBG: [CLOG]       > [FMODSoundBankManager::LoadBank] Sound bank <all_in_maps_2_stream_p0.csb> doesn't exist in filesystem.
{12:00:15.827} DEBG: [CLOG]       > [AudioScript::Execute] <LoadAudioBanks> failed!
{12:00:15.827} DEBG: [CLOG]       > [FMODSoundBankManager::LoadBank] Sound bank <all_in_maps_2_p1.csb> doesn't exist in filesystem.
{12:00:15.827} DEBG: [CLOG]       > [AudioScript::Execute] <LoadAudioBanks> failed!
{12:00:15.827} DEBG: [CLOG]       > [FMODSoundBankManager::LoadBank] Sound bank <all_in_maps_2_stream_p1.csb> doesn't exist in filesystem.
{12:00:15.827} DEBG: [CLOG]       > [AudioScript::Execute] <LoadAudioBanks> failed!
{12:00:15.829} DEBG: [CLOG]       > [FMODSoundBankManager::LoadBank] Sound bank <all_in_maps_3_p0.csb> doesn't exist in filesystem.
{12:00:15.829} DEBG: [CLOG]       > [AudioScript::Execute] <LoadAudioBanks> failed!
{12:00:15.829} DEBG: [CLOG]       > [FMODSoundBankManager::LoadBank] Sound bank <all_in_maps_3_stream_p0.csb> doesn't exist in filesystem.
{12:00:15.829} DEBG: [CLOG]       > [AudioScript::Execute] <LoadAudioBanks> failed!
{12:00:15.831} DEBG: [CLOG]       > [FMODSoundBankManager::LoadBank] Sound bank <all_in_maps_3_stream_p1.csb> doesn't exist in filesystem.
{12:00:15.831} DEBG: [CLOG]       > [AudioScript::Execute] <LoadAudioBanks> failed!
{12:00:15.842} DEBG: [CLOG]       > [FMODSoundBankManager::LoadBank] Sound bank <all_in_maps_persistant_p0.csb> doesn't exist in filesystem.
{12:00:15.842} DEBG: [CLOG]       > [AudioScript::Execute] <LoadAudioBanks> failed!
{12:00:15.842} DEBG: [CLOG]       > [FMODSoundBankManager::LoadBank] Sound bank <all_in_maps_persistant_stream_p0.csb> doesn't exist in filesystem.
{12:00:15.842} DEBG: [CLOG]       > [AudioScript::Execute] <LoadAudioBanks> failed!
{12:00:15.843} DEBG: [CLOG]       > [FMODSoundBankManager::LoadBank] Sound bank <all_in_maps_persistant_stream_p1.csb> doesn't exist in filesystem.
{12:00:15.843} DEBG: [CLOG]       > [AudioScript::Execute] <LoadAudioBanks> failed!
{12:00:15.843} DEBG: [CLOG]       > [FMODSoundBankManager::LoadBank] Sound bank <workshop_audio.csb> doesn't exist in filesystem.
{12:00:15.843} DEBG: [CLOG]       > [AudioScript::Execute] <LoadAudioBanks> failed!
{12:00:15.843} DEBG: [CLOG]       > [FMODSoundBankManager::LoadBank] Sound bank <workshop_audio_p0.csb> doesn't exist in filesystem.
{12:00:15.844} DEBG: [CLOG]       > [AudioScript::Execute] <LoadAudioBanks> failed!
{12:00:15.844} DEBG: [CLOG]       > [FMODSoundBankManager::LoadBank] Sound bank <workshop_audio_stream_p0.csb> doesn't exist in filesystem.
{12:00:15.844} DEBG: [CLOG]       > [AudioScript::Execute] <LoadAudioBanks> failed!
{12:00:15.844} DEBG: [CLOG]       > [FMODSoundBankManager::LoadBank] Sound bank <workshop_audio_p1.csb> doesn't exist in filesystem.
{12:00:15.844} DEBG: [CLOG]       > [AudioScript::Execute] <LoadAudioBanks> failed!
{12:00:15.844} DEBG: [CLOG]       > [FMODSoundBankManager::LoadBank] Sound bank <workshop_audio_stream_p1.csb> doesn't exist in filesystem.
{12:00:15.844} DEBG: [CLOG]       > [AudioScript::Execute] <LoadAudioBanks> failed!
{12:00:15.893} DEBG: [CLOG]       > [FMODSoundBankManager::LoadBank] Sound bank <all_quests_local_p0.csb> doesn't exist in filesystem.
{12:00:15.893} DEBG: [CLOG]       > [AudioScript::Execute] <LoadLocalisedAudioBank> failed!
{12:00:15.893} DEBG: [CLOG]       > [FMODSoundBankManager::LoadBank] Sound bank <all_quests_local_stream_p0.csb> doesn't exist in filesystem.
{12:00:15.893} DEBG: [CLOG]       > [AudioScript::Execute] <LoadLocalisedAudioBank> failed!
{12:00:15.893} DEBG: [CLOG]       > [FMODSoundBankManager::LoadBank] Sound bank <all_quests_local_p1.csb> doesn't exist in filesystem.
{12:00:15.893} DEBG: [CLOG]       > [AudioScript::Execute] <LoadLocalisedAudioBank> failed!
{12:00:15.893} DEBG: [CLOG]       > [FMODSoundBankManager::LoadBank] Sound bank <all_quests_local_stream_p1.csb> doesn't exist in filesystem.
{12:00:15.894} DEBG: [CLOG]       > [AudioScript::Execute] <LoadLocalisedAudioBank> failed!
{12:00:15.934} DEBG: [CLOG]       > [FMODSoundBankManager::LoadBank] Sound bank <common_local_1_p0.csb> doesn't exist in filesystem.
{12:00:15.934} DEBG: [CLOG]       > [AudioScript::Execute] <LoadLocalisedAudioBank> failed!
{12:00:15.934} DEBG: [CLOG]       > [FMODSoundBankManager::LoadBank] Sound bank <common_local_1_stream_p0.csb> doesn't exist in filesystem.
{12:00:15.935} DEBG: [CLOG]       > [AudioScript::Execute] <LoadLocalisedAudioBank> failed!
{12:00:15.935} DEBG: [CLOG]       > [FMODSoundBankManager::LoadBank] Sound bank <common_local_1_p1.csb> doesn't exist in filesystem.
{12:00:15.935} DEBG: [CLOG]       > [AudioScript::Execute] <LoadLocalisedAudioBank> failed!
{12:00:15.935} DEBG: [CLOG]       > [FMODSoundBankManager::LoadBank] Sound bank <common_local_1_stream_p1.csb> doesn't exist in filesystem.
{12:00:15.935} DEBG: [CLOG]       > [AudioScript::Execute] <LoadLocalisedAudioBank> failed!
{12:00:15.978} DEBG: [CLOG]       > [FMODSoundBankManager::LoadBank] Sound bank <common_local_2_p0.csb> doesn't exist in filesystem.
{12:00:15.979} DEBG: [CLOG]       > [AudioScript::Execute] <LoadLocalisedAudioBank> failed!
{12:00:15.979} DEBG: [CLOG]       > [FMODSoundBankManager::LoadBank] Sound bank <common_local_2_stream_p0.csb> doesn't exist in filesystem.
{12:00:15.979} DEBG: [CLOG]       > [AudioScript::Execute] <LoadLocalisedAudioBank> failed!
{12:00:15.979} DEBG: [CLOG]       > [FMODSoundBankManager::LoadBank] Sound bank <common_local_2_p1.csb> doesn't exist in filesystem.
{12:00:15.980} DEBG: [CLOG]       > [AudioScript::Execute] <LoadLocalisedAudioBank> failed!
{12:00:15.980} DEBG: [CLOG]       > [FMODSoundBankManager::LoadBank] Sound bank <common_local_2_stream_p1.csb> doesn't exist in filesystem.
{12:00:15.980} DEBG: [CLOG]       > [AudioScript::Execute] <LoadLocalisedAudioBank> failed!
{12:00:16.392} WARN: [WARN]       > Failed to register action varlist <post_process_simple, chromedvarlistoverridessimple.scr>: the script does not exist
{12:00:16.392} WARN: [WARN]       > Failed to register action varlist <post_process_normal, chromedvarlistoverrides.scr>: the script does not exist
{12:00:16.969} DEBG: [CLOG]       > [CInetAddr::DetermineNetworkInterface] HostName=<Darolap>
{12:00:16.971} DEBG: [CLOG]       > [CInetAdder::DetermineNetworkInterface] address: 192.168.56.1
{12:00:16.971} DEBG: [CLOG]       > [CInetAddr::SetLocalHost] 192.168.56.1
{12:00:16.977} INFO: [Editor]     > [LocalizationManager] 0 asset(s) in 1 source(s), 1 language(s)
{12:00:17.549} ERRR: [FileSystem] > Source from path 'D:\Gry\Steam\steamapps\common\Dying Light Developer Tools\DW/Assets_PC/' already added.
{12:00:25.696} INFO: [INFO]       > Done!
{12:00:27.382} DEBG: [CLOG]       > ERROR [FX] Cannot read definition of btzh_light_end_light.fx
{12:00:27.383} DEBG: [CLOG]       > ERROR [FX] Cannot read definition of btzh_light_start_light.fx
{12:00:27.411} WARN: [WARN]       > [CFXDefinitionManager::CreateDefFromMemory] RPACK: fx definition 'car_hit_ground_dust_emiter.fx' (type=0, def=000000004E4BA320) NOT registered!
{12:00:27.411} WARN: [WARN]       > [CFXDefinitionManager::CreateDefFromMemory] RPACK: fx definition 'car_hit_ground_dust_particle.fx' (type=2, def=000000004AEDA5E0) NOT registered!
{12:00:27.425} WARN: [WARN]       > [CFXDefinitionManager::CreateDefFromMemory] RPACK: fx definition 'coll_ground_emiter.fx' (type=0, def=000000004E4B8700) NOT registered!
{12:00:27.425} WARN: [WARN]       > [CFXDefinitionManager::CreateDefFromMemory] RPACK: fx definition 'coll_ground_particle.fx' (type=2, def=000000004AC29D00) NOT registered!
{12:00:27.447} DEBG: [CLOG]       > ERROR [FX] Cannot read definition of hex_blood_anim_decal_standard.fx
{12:00:27.447} DEBG: [CLOG]       > ERROR [FX] Cannot read definition of hex_blood_decal_standard.fx
{12:00:27.510} DEBG: [CLOG]       > ERROR [FX] Cannot read definition of eimp_sound_sound.fx
{12:00:27.510} WARN: [WARN]       > [CFXDefinitionManager::CreateDefFromMemory] RPACK: fx definition 'eimp_sound_sound.fx' (type=8, def=0000000000000000) NOT registered!
{12:00:27.510} DEBG: [CLOG]       > ERROR [FX] Cannot read definition of eimp_sound_sound.fx
{12:00:27.539} DEBG: [CLOG]       > ERROR [FX] Cannot read definition of eimp_sound_sound.fx
{12:00:27.800} DEBG: [CLOG]       > IL_LoadImage file not opened: edicon_fx.dds
{12:00:27.800} ERRR: [Icons]      > Image could not be loaded: edicon_fx.dds
{12:00:27.800} DEBG: [CLOG]       > IL_LoadImage file not opened: flag_white.dds
{12:00:27.800} ERRR: [Icons]      > Image could not be loaded: flag_white.dds
{12:00:27.818} DEBG: [CLOG]       > IL_LoadImage file not opened: edicon_safeedicon_safehouse.dds
{12:00:27.818} ERRR: [Icons]      > Image could not be loaded: edicon_safeedicon_safehouse.dds
{12:00:27.837} DEBG: [CLOG]       > IL_LoadImage file not opened: edicon_sound_music.dds
{12:00:27.837} ERRR: [Icons]      > Image could not be loaded: edicon_sound_music.dds
{12:00:27.953} WARN: [WARN]       > Skin 'Default' not found for mesh 'int_low_wall_dest_a.msh'. Trying default skin...
{12:00:27.953} WARN: [WARN]       > Skin 'Default' not found for mesh 'int_low_wall_dest_a.msh'!
{12:00:27.953} ERRR: [ERRR]       > CMesh::Initialize: cannot apply skin '' in mesh 'int_low_wall_dest_a.msh'
{12:00:27.954} DEBG: [CLOG]       > IL_LoadImage file not opened: terrain_mats_color.dds
{12:00:30.057} ERRR: [Parser]     > [parser::node_call::node_call] unknown subtree 'DefineColorsHard' in 'default_Workshop.loot'
{12:00:30.057} ERRR: [Parser]     > [ParseUnit] syntax error in 'default_Workshop.loot' line 35
{12:00:34.240} ERRR: [ERRR]       > Import selection failed. File plg_raise_0603_l_stairs_a.eds does not exist.
{12:00:34.240} ERRR: [ERRR]       >  EDS: (347)[SelectionObject]
{12:00:34.240} ERRR: [ERRR]       > *********************************
{12:00:34.240} ERRR: [ERRR]       > Import selection failed. File plg_raise_0603_l_stairs_a.eds does not exist.
{12:00:34.240} ERRR: [ERRR]       >  EDS: (348)[SelectionObject]
{12:00:34.240} ERRR: [ERRR]       > *********************************
{12:00:34.240} ERRR: [ERRR]       > Import selection failed. File plg_raise_0603_l_stairs_a.eds does not exist.
{12:00:34.240} ERRR: [ERRR]       >  EDS: (349)[SelectionObject]
{12:00:34.240} ERRR: [ERRR]       > *********************************
{12:00:34.240} ERRR: [ERRR]       > Import selection failed. File plg_raise_0603_l_stairs_a.eds does not exist.
{12:00:34.240} ERRR: [ERRR]       >  EDS: (350)[SelectionObject]
{12:00:34.240} ERRR: [ERRR]       > *********************************
{12:00:34.240} ERRR: [ERRR]       > Import selection failed. File plg_raise_0603_n_stairs_a.eds does not exist.
{12:00:34.240} ERRR: [ERRR]       >  EDS: (352)[SelectionObject]
{12:00:34.240} ERRR: [ERRR]       > *********************************
{12:00:34.240} ERRR: [ERRR]       > Import selection failed. File plg_raise_0603_r_stairs_a.eds does not exist.
{12:00:34.240} ERRR: [ERRR]       >  EDS: (354)[SelectionObject]
{12:00:34.240} ERRR: [ERRR]       > *********************************
{12:00:34.240} ERRR: [ERRR]       > Import selection failed. File plg_raise_0603_r_stairs_a.eds does not exist.
{12:00:34.240} ERRR: [ERRR]       >  EDS: (355)[SelectionObject]
{12:00:34.240} ERRR: [ERRR]       > *********************************
{12:00:34.240} ERRR: [ERRR]       > Import selection failed. File plg_raise_0603_r_stairs_a.eds does not exist.
{12:00:34.240} ERRR: [ERRR]       >  EDS: (356)[SelectionObject]
{12:00:34.240} ERRR: [ERRR]       > *********************************
{12:00:34.240} ERRR: [ERRR]       > Import selection failed. File plg_raise_0603_r_stairs_a.eds does not exist.
{12:00:34.240} ERRR: [ERRR]       >  EDS: (357)[SelectionObject]
{12:00:34.240} ERRR: [ERRR]       > *********************************
{12:00:34.240} ERRR: [ERRR]       > Import selection failed. File plg_raise_0603_l_stairs_a.eds does not exist.
{12:00:34.240} ERRR: [ERRR]       >  EDS: (361)[SelectionObject]
{12:00:34.240} ERRR: [ERRR]       > *********************************
{12:00:34.240} ERRR: [ERRR]       > Import selection failed. File plg_raise_0603_n_stairs_a.eds does not exist.
{12:00:34.240} ERRR: [ERRR]       >  EDS: (363)[SelectionObject]
{12:00:34.240} ERRR: [ERRR]       > *********************************
{12:00:34.240} ERRR: [ERRR]       > Import selection failed. File plg_raise_0603_r_stairs_a.eds does not exist.
{12:00:34.240} ERRR: [ERRR]       >  EDS: (365)[SelectionObject]
{12:00:34.240} ERRR: [ERRR]       > *********************************
{12:00:34.336} DEBG: [CLOG]       > ERROR: override script 'map_01_ovr_sml_PC10.scr' contained error and was not loaded!
{12:00:34.336} DEBG: [CLOG]       > ERROR: override script 'map_01_ovr_sml_XBOX.scr' contained error and was not loaded!
{12:00:34.336} DEBG: [CLOG]       > ERROR: override script 'map_01_ovr_sml_PS3.scr' contained error and was not loaded!
{12:00:34.336} DEBG: [CLOG]       > ERROR: override script 'map_01_ovr_sml_PC11.scr' contained error and was not loaded!
{12:00:34.336} DEBG: [CLOG]       > ERROR: override script 'map_01_ovr_sml_DURANGO.scr' contained error and was not loaded!
{12:00:34.336} DEBG: [CLOG]       > ERROR: override script 'map_01_ovr_sml_ORBIS.scr' contained error and was not loaded!
{12:00:34.537} DEBG: [CLOG]       > Load level: 9.383543 [s]
{12:00:34.537} INFO: [Editor]     > Load module succeeded.
{12:03:59.574} DEBG: [CLOG]       > Cannot load plg_raise_0603_l_stairs_a.edsCannot load plg_raise_0603_n_stairs_a.edsCannot load plg_raise_0603_r_stairs_a.edsCannot load plg_raise_0603_l_stairs_a.edsCannot load plg_raise_0603_n_stairs_a.edsCannot load plg_raise_0603_r_stairs_a.eds
{12:09:27.951} INFO: [Editor]     > Generate Map Portals succeeded.
{12:09:27.952} INFO: [Editor]     > Quest Hubs succeeded.
{12:09:28.058} DEBG: [CLOG]       > [CGameEditor::SaveGameModule] start
{12:09:28.058} DEBG: [CLOG]       > [CLevel::SaveChunks] grid saved
{12:09:28.058} DEBG: [CLOG]       > [CLevel::SaveChunks] terrain end
{12:09:28.058} DEBG: [CLOG]       > [CLevel::SaveChunks] trees
{12:09:28.058} DEBG: [CLOG]       > [CLevel::SaveChunks] trees end
{12:09:28.058} DEBG: [CLOG]       > [CLevel::SaveChunks] mesh visibility parameters start
{12:09:28.073} DEBG: [CLOG]       > [CLevel::SaveChunks] mesh visibility parameters end
{12:09:28.073} DEBG: [CLOG]       > [CLevel::SaveChunks] grid objects sort
{12:09:28.073} DEBG: [CLOG]       > [CLevel::SaveChunks] grid objects save
{12:09:28.074} DEBG: [CLOG]       > [CLevel::SaveChunks] gs objects sort
{12:09:28.074} DEBG: [CLOG]       > [CLevel::SaveChunks] gs objects save
{12:09:28.074} DEBG: [CLOG]       > [CLevel::SaveChunks] gs objects saved
{12:09:28.074} DEBG: [CLOG]       > [CLevel::SaveChunks] movies
{12:09:28.074} DEBG: [CLOG]       > [CLevel::SaveChunks] movies end
{12:09:28.075} DEBG: [CLOG]       > [CLevel::SaveChunks] occluders
{12:09:28.075} DEBG: [CLOG]       > [CLevel::SaveChunks] roads
{12:09:28.077} DEBG: [CLOG]       > [CLevel::SaveChunks] roads end
{12:09:28.077} DEBG: [CLOG]       > [CLevel::SaveChunks] decals end
{12:09:28.077} DEBG: [CLOG]       > [CLevel::SaveChunks] shapes
{12:09:28.077} DEBG: [CLOG]       > [CLevel::SaveChunks] shapes end
{12:09:28.077} DEBG: [CLOG]       > [CLevel::SaveChunks] lofter
{12:09:28.077} DEBG: [CLOG]       > [CLevel::SaveChunks] lofter end
{12:09:28.077} DEBG: [CLOG]       > [CLevel::SaveChunks] terrain v.2
{12:09:28.077} DEBG: [CLOG]       > [CLevel::SaveChunks] Terrain v.2 end
{12:09:28.077} DEBG: [CLOG]       > [CLevel::SaveChunks] CGSObject data
{12:09:28.077} DEBG: [CLOG]       > [CLevel::SaveChunks] CGSObject data
{12:09:28.077} DEBG: [CLOG]       > [CLevel::SaveChunks] Envprobes
{12:09:28.077} DEBG: [CLOG]       > [CGameEditor::SaveGameModule] end
{12:09:28.105} INFO: [Editor]     > Save module succeeded.
{12:09:40.553} WARN: [WARN]       > Skin 'default' not found for mesh 'int_low_wall_dest_a.msh'. Trying default skin...
{12:09:40.553} WARN: [WARN]       > Skin 'Default' not found for mesh 'int_low_wall_dest_a.msh'!
{12:09:40.553} ERRR: [ERRR]       > CMesh::Initialize: cannot apply skin 'default' in mesh 'int_low_wall_dest_a.msh'
{12:09:40.580} INFO: [Editor]     > Generate Map Portals succeeded.
{12:09:40.580} INFO: [Editor]     > Quest Hubs succeeded.
{12:09:40.613} DEBG: [CLOG]       > [CGameEditor::SaveGameModule] start
{12:09:40.613} DEBG: [CLOG]       > [CLevel::SaveChunks] grid saved
{12:09:40.613} DEBG: [CLOG]       > [CLevel::SaveChunks] terrain end
{12:09:40.613} DEBG: [CLOG]       > [CLevel::SaveChunks] trees
{12:09:40.613} DEBG: [CLOG]       > [CLevel::SaveChunks] trees end
{12:09:40.613} DEBG: [CLOG]       > [CLevel::SaveChunks] mesh visibility parameters start
{12:09:40.617} DEBG: [CLOG]       > [CLevel::SaveChunks] mesh visibility parameters end
{12:09:40.617} DEBG: [CLOG]       > [CLevel::SaveChunks] grid objects sort
{12:09:40.617} DEBG: [CLOG]       > [CLevel::SaveChunks] grid objects save
{12:09:40.617} DEBG: [CLOG]       > [CLevel::SaveChunks] gs objects sort
{12:09:40.617} DEBG: [CLOG]       > [CLevel::SaveChunks] gs objects save
{12:09:40.617} DEBG: [CLOG]       > [CLevel::SaveChunks] gs objects saved
{12:09:40.617} DEBG: [CLOG]       > [CLevel::SaveChunks] movies
{12:09:40.617} DEBG: [CLOG]       > [CLevel::SaveChunks] movies end
{12:09:40.617} DEBG: [CLOG]       > [CLevel::SaveChunks] occluders
{12:09:40.617} DEBG: [CLOG]       > [CLevel::SaveChunks] roads
{12:09:40.617} DEBG: [CLOG]       > [CLevel::SaveChunks] roads end
{12:09:40.617} DEBG: [CLOG]       > [CLevel::SaveChunks] decals end
{12:09:40.617} DEBG: [CLOG]       > [CLevel::SaveChunks] shapes
{12:09:40.617} DEBG: [CLOG]       > [CLevel::SaveChunks] shapes end
{12:09:40.617} DEBG: [CLOG]       > [CLevel::SaveChunks] lofter end
{12:09:40.617} DEBG: [CLOG]       > [CLevel::SaveChunks] terrain v.2
{12:09:40.617} DEBG: [CLOG]       > [CLevel::SaveChunks] Terrain v.2 end
{12:09:40.617} DEBG: [CLOG]       > [CLevel::SaveChunks] CGSObject data
{12:09:40.617} DEBG: [CLOG]       > [CLevel::SaveChunks] CGSObject data
{12:09:40.617} DEBG: [CLOG]       > [CLevel::SaveChunks] Envprobes
{12:09:40.617} DEBG: [CLOG]       > [CGameEditor::SaveGameModule] end
{12:09:40.621} INFO: [Editor]     > Save module succeeded.
{12:09:40.622} INFO: [Editor]     > Compile map succeeded.
{12:10:12.977} INFO: [Editor]     > Generate Map Portals succeeded.
{12:10:12.978} INFO: [Editor]     > Quest Hubs succeeded.
{12:10:12.990} DEBG: [CLOG]       > [CGameEditor::SaveGameModule] start
{12:10:12.991} DEBG: [CLOG]       > [CLevel::SaveChunks] grid saved
{12:10:12.991} DEBG: [CLOG]       > [CLevel::SaveChunks] terrain end
{12:10:12.991} DEBG: [CLOG]       > [CLevel::SaveChunks] trees
{12:10:12.991} DEBG: [CLOG]       > [CLevel::SaveChunks] trees end
{12:10:12.991} DEBG: [CLOG]       > [CLevel::SaveChunks] mesh visibility parameters start
{12:10:12.996} DEBG: [CLOG]       > [CLevel::SaveChunks] mesh visibility parameters end
{12:10:12.996} DEBG: [CLOG]       > [CLevel::SaveChunks] grid objects sort
{12:10:12.996} DEBG: [CLOG]       > [CLevel::SaveChunks] grid objects save
{12:10:12.996} DEBG: [CLOG]       > [CLevel::SaveChunks] gs objects sort
{12:10:12.996} DEBG: [CLOG]       > [CLevel::SaveChunks] gs objects save
{12:10:12.996} DEBG: [CLOG]       > [CLevel::SaveChunks] gs objects saved
{12:10:12.996} DEBG: [CLOG]       > [CLevel::SaveChunks] movies
{12:10:12.997} DEBG: [CLOG]       > [CLevel::SaveChunks] movies end
{12:10:12.997} DEBG: [CLOG]       > [CLevel::SaveChunks] occluders
{12:10:12.997} DEBG: [CLOG]       > [CLevel::SaveChunks] roads
{12:10:12.997} DEBG: [CLOG]       > [CLevel::SaveChunks] roads end
{12:10:12.997} DEBG: [CLOG]       > [CLevel::SaveChunks] decals end
{12:10:12.997} DEBG: [CLOG]       > [CLevel::SaveChunks] shapes
{12:10:12.997} DEBG: [CLOG]       > [CLevel::SaveChunks] shapes end
{12:10:12.997} DEBG: [CLOG]       > [CLevel::SaveChunks] lofter
{12:10:12.997} DEBG: [CLOG]       > [CLevel::SaveChunks] lofter end
{12:10:12.997} DEBG: [CLOG]       > [CLevel::SaveChunks] terrain v.2
{12:10:12.997} DEBG: [CLOG]       > [CLevel::SaveChunks] Terrain v.2 end
{12:10:12.997} DEBG: [CLOG]       > [CLevel::SaveChunks] CGSObject data
{12:10:12.997} DEBG: [CLOG]       > [CLevel::SaveChunks] CGSObject data
{12:10:12.997} DEBG: [CLOG]       > [CLevel::SaveChunks] Envprobes
{12:10:12.997} DEBG: [CLOG]       > [CGameEditor::SaveGameModule] end
{12:10:13.007} INFO: [Editor]     > Save module succeeded.
{12:10:19.027} WARN: [WARN]       > Skin 'default' not found for mesh 'int_low_wall_dest_a.msh'. Trying default skin...
{12:10:19.027} WARN: [WARN]       > Skin 'Default' not found for mesh 'int_low_wall_dest_a.msh'!
{12:10:19.027} ERRR: [ERRR]       > CMesh::Initialize: cannot apply skin 'default' in mesh 'int_low_wall_dest_a.msh'
{12:10:19.062} INFO: [Editor]     > Generate Map Portals succeeded.
{12:10:19.064} INFO: [Editor]     > Quest Hubs succeeded.
{12:10:19.114} DEBG: [CLOG]       > [CGameEditor::SaveGameModule] start
{12:10:19.115} DEBG: [CLOG]       > [CLevel::SaveChunks] grid saved
{12:10:19.115} DEBG: [CLOG]       > [CLevel::SaveChunks] terrain end
{12:10:19.115} DEBG: [CLOG]       > [CLevel::SaveChunks] trees
{12:10:19.115} DEBG: [CLOG]       > [CLevel::SaveChunks] trees end
{12:10:19.115} DEBG: [CLOG]       > [CLevel::SaveChunks] mesh visibility parameters start
{12:10:19.119} DEBG: [CLOG]       > [CLevel::SaveChunks] mesh visibility parameters end
{12:10:19.119} DEBG: [CLOG]       > [CLevel::SaveChunks] grid objects sort
{12:10:19.119} DEBG: [CLOG]       > [CLevel::SaveChunks] grid objects save
{12:10:19.119} DEBG: [CLOG]       > [CLevel::SaveChunks] gs objects sort
{12:10:19.119} DEBG: [CLOG]       > [CLevel::SaveChunks] gs objects save
{12:10:19.119} DEBG: [CLOG]       > [CLevel::SaveChunks] gs objects saved
{12:10:19.119} DEBG: [CLOG]       > [CLevel::SaveChunks] movies
{12:10:19.119} DEBG: [CLOG]       > [CLevel::SaveChunks] movies end
{12:10:19.119} DEBG: [CLOG]       > [CLevel::SaveChunks] occluders
{12:10:19.119} DEBG: [CLOG]       > [CLevel::SaveChunks] roads
{12:10:19.119} DEBG: [CLOG]       > [CLevel::SaveChunks] roads end
{12:10:19.119} DEBG: [CLOG]       > [CLevel::SaveChunks] decals end
{12:10:19.119} DEBG: [CLOG]       > [CLevel::SaveChunks] shapes
{12:10:19.119} DEBG: [CLOG]       > [CLevel::SaveChunks] shapes end
{12:10:19.119} DEBG: [CLOG]       > [CLevel::SaveChunks] lofter end
{12:10:19.119} DEBG: [CLOG]       > [CLevel::SaveChunks] terrain v.2
{12:10:19.120} DEBG: [CLOG]       > [CLevel::SaveChunks] Terrain v.2 end
{12:10:19.120} DEBG: [CLOG]       > [CLevel::SaveChunks] CGSObject data
{12:10:19.120} DEBG: [CLOG]       > [CLevel::SaveChunks] CGSObject data
{12:10:19.120} DEBG: [CLOG]       > [CLevel::SaveChunks] Envprobes
{12:10:19.120} DEBG: [CLOG]       > [CGameEditor::SaveGameModule] end
{12:10:19.126} INFO: [Editor]     > Save module succeeded.
{12:10:19.126} INFO: [Editor]     > Compile map succeeded.
{12:15:12.120} INFO: [Editor]     > Generate Map Portals succeeded.
{12:15:12.121} INFO: [Editor]     > Quest Hubs succeeded.
{12:15:12.137} DEBG: [CLOG]       > [CGameEditor::SaveGameModule] start
{12:15:12.137} DEBG: [CLOG]       > [CLevel::SaveChunks] grid saved
{12:15:12.137} DEBG: [CLOG]       > [CLevel::SaveChunks] terrain end
{12:15:12.137} DEBG: [CLOG]       > [CLevel::SaveChunks] trees
{12:15:12.137} DEBG: [CLOG]       > [CLevel::SaveChunks] trees end
{12:15:12.137} DEBG: [CLOG]       > [CLevel::SaveChunks] mesh visibility parameters start
{12:15:12.146} DEBG: [CLOG]       > [CLevel::SaveChunks] mesh visibility parameters end
{12:15:12.146} DEBG: [CLOG]       > [CLevel::SaveChunks] grid objects sort
{12:15:12.146} DEBG: [CLOG]       > [CLevel::SaveChunks] grid objects save
{12:15:12.147} DEBG: [CLOG]       > [CLevel::SaveChunks] gs objects sort
{12:15:12.147} DEBG: [CLOG]       > [CLevel::SaveChunks] gs objects save
{12:15:12.147} DEBG: [CLOG]       > [CLevel::SaveChunks] gs objects saved
{12:15:12.147} DEBG: [CLOG]       > [CLevel::SaveChunks] movies
{12:15:12.147} DEBG: [CLOG]       > [CLevel::SaveChunks] movies end
{12:15:12.147} DEBG: [CLOG]       > [CLevel::SaveChunks] occluders
{12:15:12.147} DEBG: [CLOG]       > [CLevel::SaveChunks] roads
{12:15:12.148} DEBG: [CLOG]       > [CLevel::SaveChunks] roads end
{12:15:12.148} DEBG: [CLOG]       > [CLevel::SaveChunks] decals end
{12:15:12.148} DEBG: [CLOG]       > [CLevel::SaveChunks] shapes
{12:15:12.148} DEBG: [CLOG]       > [CLevel::SaveChunks] shapes end
{12:15:12.148} DEBG: [CLOG]       > [CLevel::SaveChunks] lofter
{12:15:12.148} DEBG: [CLOG]       > [CLevel::SaveChunks] lofter end
{12:15:12.148} DEBG: [CLOG]       > [CLevel::SaveChunks] terrain v.2
{12:15:12.148} DEBG: [CLOG]       > [CLevel::SaveChunks] Terrain v.2 end
{12:15:12.148} DEBG: [CLOG]       > [CLevel::SaveChunks] CGSObject data
{12:15:12.148} DEBG: [CLOG]       > [CLevel::SaveChunks] CGSObject data
{12:15:12.148} DEBG: [CLOG]       > [CLevel::SaveChunks] Envprobes
{12:15:12.148} DEBG: [CLOG]       > [CGameEditor::SaveGameModule] end
{12:15:12.158} INFO: [Editor]     > Save module succeeded.
{12:15:18.507} WARN: [WARN]       > Skin 'default' not found for mesh 'int_low_wall_dest_a.msh'. Trying default skin...
{12:15:18.507} WARN: [WARN]       > Skin 'Default' not found for mesh 'int_low_wall_dest_a.msh'!
{12:15:18.507} ERRR: [ERRR]       > CMesh::Initialize: cannot apply skin 'default' in mesh 'int_low_wall_dest_a.msh'
{12:15:18.524} INFO: [Editor]     > Generate Map Portals succeeded.
{12:15:18.525} INFO: [Editor]     > Quest Hubs succeeded.
{12:15:18.560} DEBG: [CLOG]       > [CGameEditor::SaveGameModule] start
{12:15:18.560} DEBG: [CLOG]       > [CLevel::SaveChunks] grid saved
{12:15:18.560} DEBG: [CLOG]       > [CLevel::SaveChunks] terrain end
{12:15:18.560} DEBG: [CLOG]       > [CLevel::SaveChunks] trees
{12:15:18.560} DEBG: [CLOG]       > [CLevel::SaveChunks] trees end
{12:15:18.560} DEBG: [CLOG]       > [CLevel::SaveChunks] mesh visibility parameters start
{12:15:18.564} DEBG: [CLOG]       > [CLevel::SaveChunks] mesh visibility parameters end
{12:15:18.564} DEBG: [CLOG]       > [CLevel::SaveChunks] grid objects sort
{12:15:18.564} DEBG: [CLOG]       > [CLevel::SaveChunks] grid objects save
{12:15:18.564} DEBG: [CLOG]       > [CLevel::SaveChunks] gs objects sort
{12:15:18.564} DEBG: [CLOG]       > [CLevel::SaveChunks] gs objects save
{12:15:18.564} DEBG: [CLOG]       > [CLevel::SaveChunks] gs objects saved
{12:15:18.564} DEBG: [CLOG]       > [CLevel::SaveChunks] movies
{12:15:18.564} DEBG: [CLOG]       > [CLevel::SaveChunks] movies end
{12:15:18.564} DEBG: [CLOG]       > [CLevel::SaveChunks] occluders
{12:15:18.564} DEBG: [CLOG]       > [CLevel::SaveChunks] roads
{12:15:18.565} DEBG: [CLOG]       > [CLevel::SaveChunks] roads end
{12:15:18.565} DEBG: [CLOG]       > [CLevel::SaveChunks] decals end
{12:15:18.565} DEBG: [CLOG]       > [CLevel::SaveChunks] shapes
{12:15:18.565} DEBG: [CLOG]       > [CLevel::SaveChunks] shapes end
{12:15:18.565} DEBG: [CLOG]       > [CLevel::SaveChunks] lofter end
{12:15:18.565} DEBG: [CLOG]       > [CLevel::SaveChunks] terrain v.2
{12:15:18.565} DEBG: [CLOG]       > [CLevel::SaveChunks] Terrain v.2 end
{12:15:18.565} DEBG: [CLOG]       > [CLevel::SaveChunks] CGSObject data
{12:15:18.565} DEBG: [CLOG]       > [CLevel::SaveChunks] CGSObject data
{12:15:18.565} DEBG: [CLOG]       > [CLevel::SaveChunks] Envprobes
{12:15:18.565} DEBG: [CLOG]       > [CGameEditor::SaveGameModule] end
{12:15:18.571} INFO: [Editor]     > Save module succeeded.
{12:15:18.571} INFO: [Editor]     > Compile map succeeded.
{12:45:18.542} INFO: [Editor]     > Generate Map Portals succeeded.
{12:45:18.543} INFO: [Editor]     > Quest Hubs succeeded.
{12:45:18.560} DEBG: [CLOG]       > [CGameEditor::SaveGameModule] start
{12:45:18.560} DEBG: [CLOG]       > [CLevel::SaveChunks] grid saved
{12:45:18.560} DEBG: [CLOG]       > [CLevel::SaveChunks] terrain end
{12:45:18.560} DEBG: [CLOG]       > [CLevel::SaveChunks] trees
{12:45:18.560} DEBG: [CLOG]       > [CLevel::SaveChunks] trees end
{12:45:18.560} DEBG: [CLOG]       > [CLevel::SaveChunks] mesh visibility parameters start
{12:45:18.567} DEBG: [CLOG]       > [CLevel::SaveChunks] mesh visibility parameters end
{12:45:18.567} DEBG: [CLOG]       > [CLevel::SaveChunks] grid objects sort
{12:45:18.567} DEBG: [CLOG]       > [CLevel::SaveChunks] grid objects save
{12:45:18.568} DEBG: [CLOG]       > [CLevel::SaveChunks] gs objects sort
{12:45:18.568} DEBG: [CLOG]       > [CLevel::SaveChunks] gs objects save
{12:45:18.568} DEBG: [CLOG]       > [CLevel::SaveChunks] gs objects saved
{12:45:18.568} DEBG: [CLOG]       > [CLevel::SaveChunks] movies
{12:45:18.568} DEBG: [CLOG]       > [CLevel::SaveChunks] movies end
{12:45:18.568} DEBG: [CLOG]       > [CLevel::SaveChunks] occluders
{12:45:18.568} DEBG: [CLOG]       > [CLevel::SaveChunks] roads
{12:45:18.568} DEBG: [CLOG]       > [CLevel::SaveChunks] roads end
{12:45:18.568} DEBG: [CLOG]       > [CLevel::SaveChunks] decals end
{12:45:18.568} DEBG: [CLOG]       > [CLevel::SaveChunks] shapes
{12:45:18.568} DEBG: [CLOG]       > [CLevel::SaveChunks] shapes end
{12:45:18.568} DEBG: [CLOG]       > [CLevel::SaveChunks] lofter
{12:45:18.568} DEBG: [CLOG]       > [CLevel::SaveChunks] lofter end
{12:45:18.568} DEBG: [CLOG]       > [CLevel::SaveChunks] terrain v.2
{12:45:18.568} DEBG: [CLOG]       > [CLevel::SaveChunks] Terrain v.2 end
{12:45:18.568} DEBG: [CLOG]       > [CLevel::SaveChunks] CGSObject data
{12:45:18.568} DEBG: [CLOG]       > [CLevel::SaveChunks] CGSObject data
{12:45:18.568} DEBG: [CLOG]       > [CLevel::SaveChunks] Envprobes
{12:45:18.568} DEBG: [CLOG]       > [CGameEditor::SaveGameModule] end
{12:45:18.577} INFO: [Editor]     > Save module succeeded.
{12:45:25.409} WARN: [WARN]       > Skin 'default' not found for mesh 'int_low_wall_dest_a.msh'. Trying default skin...
{12:45:25.409} WARN: [WARN]       > Skin 'Default' not found for mesh 'int_low_wall_dest_a.msh'!
{12:45:25.409} ERRR: [ERRR]       > CMesh::Initialize: cannot apply skin 'default' in mesh 'int_low_wall_dest_a.msh'
{12:45:25.454} INFO: [Editor]     > Generate Map Portals succeeded.
{12:45:25.455} INFO: [Editor]     > Quest Hubs succeeded.
{12:45:25.508} DEBG: [CLOG]       > [CGameEditor::SaveGameModule] start
{12:45:25.508} DEBG: [CLOG]       > [CLevel::SaveChunks] grid saved
{12:45:25.508} DEBG: [CLOG]       > [CLevel::SaveChunks] terrain end
{12:45:25.508} DEBG: [CLOG]       > [CLevel::SaveChunks] trees
{12:45:25.508} DEBG: [CLOG]       > [CLevel::SaveChunks] trees end
{12:45:25.508} DEBG: [CLOG]       > [CLevel::SaveChunks] mesh visibility parameters start
{12:45:25.513} DEBG: [CLOG]       > [CLevel::SaveChunks] mesh visibility parameters end
{12:45:25.513} DEBG: [CLOG]       > [CLevel::SaveChunks] grid objects sort
{12:45:25.513} DEBG: [CLOG]       > [CLevel::SaveChunks] grid objects save
{12:45:25.513} DEBG: [CLOG]       > [CLevel::SaveChunks] gs objects sort
{12:45:25.513} DEBG: [CLOG]       > [CLevel::SaveChunks] gs objects save
{12:45:25.513} DEBG: [CLOG]       > [CLevel::SaveChunks] gs objects saved
{12:45:25.513} DEBG: [CLOG]       > [CLevel::SaveChunks] movies
{12:45:25.513} DEBG: [CLOG]       > [CLevel::SaveChunks] movies end
{12:45:25.513} DEBG: [CLOG]       > [CLevel::SaveChunks] occluders
{12:45:25.513} DEBG: [CLOG]       > [CLevel::SaveChunks] roads
{12:45:25.513} DEBG: [CLOG]       > [CLevel::SaveChunks] roads end
{12:45:25.513} DEBG: [CLOG]       > [CLevel::SaveChunks] decals end
{12:45:25.513} DEBG: [CLOG]       > [CLevel::SaveChunks] shapes
{12:45:25.513} DEBG: [CLOG]       > [CLevel::SaveChunks] shapes end
{12:45:25.513} DEBG: [CLOG]       > [CLevel::SaveChunks] lofter end
{12:45:25.513} DEBG: [CLOG]       > [CLevel::SaveChunks] terrain v.2
{12:45:25.513} DEBG: [CLOG]       > [CLevel::SaveChunks] Terrain v.2 end
{12:45:25.513} DEBG: [CLOG]       > [CLevel::SaveChunks] CGSObject data
{12:45:25.513} DEBG: [CLOG]       > [CLevel::SaveChunks] CGSObject data
{12:45:25.513} DEBG: [CLOG]       > [CLevel::SaveChunks] Envprobes
{12:45:25.513} DEBG: [CLOG]       > [CGameEditor::SaveGameModule] end
{12:45:25.519} INFO: [Editor]     > Save module succeeded.
{12:45:25.520} INFO: [Editor]     > Compile map succeeded.
{12:50:18.398} WARN: [WARN]       > Skin 'Default' not found for mesh 'int_low_wall_school_a.msh'. Trying default skin...
{12:50:18.399} WARN: [WARN]       > Skin 'Default' not found for mesh 'int_low_wall_school_a.msh'!
{12:50:18.399} ERRR: [ERRR]       > CMesh::Initialize: cannot apply skin '' in mesh 'int_low_wall_school_a.msh'
{12:50:18.399} INFO: [Editor]     > Replace contents succeeded.
{12:53:54.470} INFO: [Editor]     > Generate Map Portals succeeded.
{12:53:54.471} INFO: [Editor]     > Quest Hubs succeeded.
{12:53:54.487} DEBG: [CLOG]       > [CGameEditor::SaveGameModule] start
{12:53:54.487} DEBG: [CLOG]       > [CLevel::SaveChunks] grid saved
{12:53:54.487} DEBG: [CLOG]       > [CLevel::SaveChunks] terrain end
{12:53:54.487} DEBG: [CLOG]       > [CLevel::SaveChunks] trees
{12:53:54.487} DEBG: [CLOG]       > [CLevel::SaveChunks] trees end
{12:53:54.487} DEBG: [CLOG]       > [CLevel::SaveChunks] mesh visibility parameters start
{12:53:54.493} DEBG: [CLOG]       > [CLevel::SaveChunks] mesh visibility parameters end
{12:53:54.493} DEBG: [CLOG]       > [CLevel::SaveChunks] grid objects sort
{12:53:54.493} DEBG: [CLOG]       > [CLevel::SaveChunks] grid objects save
{12:53:54.494} DEBG: [CLOG]       > [CLevel::SaveChunks] gs objects sort
{12:53:54.494} DEBG: [CLOG]       > [CLevel::SaveChunks] gs objects save
{12:53:54.494} DEBG: [CLOG]       > [CLevel::SaveChunks] gs objects saved
{12:53:54.494} DEBG: [CLOG]       > [CLevel::SaveChunks] movies
{12:53:54.494} DEBG: [CLOG]       > [CLevel::SaveChunks] movies end
{12:53:54.495} DEBG: [CLOG]       > [CLevel::SaveChunks] occluders
{12:53:54.495} DEBG: [CLOG]       > [CLevel::SaveChunks] roads
{12:53:54.495} DEBG: [CLOG]       > [CLevel::SaveChunks] roads end
{12:53:54.495} DEBG: [CLOG]       > [CLevel::SaveChunks] decals end
{12:53:54.495} DEBG: [CLOG]       > [CLevel::SaveChunks] shapes
{12:53:54.495} DEBG: [CLOG]       > [CLevel::SaveChunks] shapes end
{12:53:54.495} DEBG: [CLOG]       > [CLevel::SaveChunks] lofter
{12:53:54.495} DEBG: [CLOG]       > [CLevel::SaveChunks] lofter end
{12:53:54.495} DEBG: [CLOG]       > [CLevel::SaveChunks] terrain v.2
{12:53:54.495} DEBG: [CLOG]       > [CLevel::SaveChunks] Terrain v.2 end
{12:53:54.495} DEBG: [CLOG]       > [CLevel::SaveChunks] CGSObject data
{12:53:54.495} DEBG: [CLOG]       > [CLevel::SaveChunks] CGSObject data
{12:53:54.495} DEBG: [CLOG]       > [CLevel::SaveChunks] Envprobes
{12:53:54.495} DEBG: [CLOG]       > [CGameEditor::SaveGameModule] end
{12:53:54.504} INFO: [Editor]     > Save module succeeded.
{12:54:01.816} WARN: [WARN]       > Skin 'default' not found for mesh 'int_low_wall_dest_a.msh'. Trying default skin...
{12:54:01.816} WARN: [WARN]       > Skin 'Default' not found for mesh 'int_low_wall_dest_a.msh'!
{12:54:01.816} ERRR: [ERRR]       > CMesh::Initialize: cannot apply skin 'default' in mesh 'int_low_wall_dest_a.msh'
{12:54:01.816} WARN: [WARN]       > Skin 'default' not found for mesh 'int_low_wall_school_a.msh'. Trying default skin...
{12:54:01.816} WARN: [WARN]       > Skin 'Default' not found for mesh 'int_low_wall_school_a.msh'!
{12:54:01.816} ERRR: [ERRR]       > CMesh::Initialize: cannot apply skin 'default' in mesh 'int_low_wall_school_a.msh'
{12:54:01.832} INFO: [Editor]     > Generate Map Portals succeeded.
{12:54:01.833} INFO: [Editor]     > Quest Hubs succeeded.
{12:54:01.867} DEBG: [CLOG]       > [CGameEditor::SaveGameModule] start
{12:54:01.867} DEBG: [CLOG]       > [CLevel::SaveChunks] grid saved
{12:54:01.867} DEBG: [CLOG]       > [CLevel::SaveChunks] terrain end
{12:54:01.867} DEBG: [CLOG]       > [CLevel::SaveChunks] trees
{12:54:01.867} DEBG: [CLOG]       > [CLevel::SaveChunks] trees end
{12:54:01.867} DEBG: [CLOG]       > [CLevel::SaveChunks] mesh visibility parameters start
{12:54:01.870} DEBG: [CLOG]       > [CLevel::SaveChunks] mesh visibility parameters end
{12:54:01.870} DEBG: [CLOG]       > [CLevel::SaveChunks] grid objects sort
{12:54:01.870} DEBG: [CLOG]       > [CLevel::SaveChunks] grid objects save
{12:54:01.870} DEBG: [CLOG]       > [CLevel::SaveChunks] gs objects sort
{12:54:01.870} DEBG: [CLOG]       > [CLevel::SaveChunks] gs objects save
{12:54:01.870} DEBG: [CLOG]       > [CLevel::SaveChunks] gs objects saved
{12:54:01.870} DEBG: [CLOG]       > [CLevel::SaveChunks] movies
{12:54:01.870} DEBG: [CLOG]       > [CLevel::SaveChunks] movies end
{12:54:01.871} DEBG: [CLOG]       > [CLevel::SaveChunks] occluders
{12:54:01.871} DEBG: [CLOG]       > [CLevel::SaveChunks] roads
{12:54:01.871} DEBG: [CLOG]       > [CLevel::SaveChunks] roads end
{12:54:01.871} DEBG: [CLOG]       > [CLevel::SaveChunks] decals end
{12:54:01.871} DEBG: [CLOG]       > [CLevel::SaveChunks] shapes
{12:54:01.871} DEBG: [CLOG]       > [CLevel::SaveChunks] shapes end
{12:54:01.871} DEBG: [CLOG]       > [CLevel::SaveChunks] lofter end
{12:54:01.871} DEBG: [CLOG]       > [CLevel::SaveChunks] terrain v.2
{12:54:01.871} DEBG: [CLOG]       > [CLevel::SaveChunks] Terrain v.2 end
{12:54:01.871} DEBG: [CLOG]       > [CLevel::SaveChunks] CGSObject data
{12:54:01.871} DEBG: [CLOG]       > [CLevel::SaveChunks] CGSObject data
{12:54:01.871} DEBG: [CLOG]       > [CLevel::SaveChunks] Envprobes
{12:54:01.871} DEBG: [CLOG]       > [CGameEditor::SaveGameModule] end
{12:54:01.877} INFO: [Editor]     > Save module succeeded.
{12:54:01.878} INFO: [Editor]     > Compile map succeeded.
{12:56:59.164} INFO: [Editor]     > Generate Map Portals succeeded.
{12:56:59.165} INFO: [Editor]     > Quest Hubs succeeded.
{12:56:59.179} DEBG: [CLOG]       > [CGameEditor::SaveGameModule] start
{12:56:59.179} DEBG: [CLOG]       > [CLevel::SaveChunks] grid saved
{12:56:59.179} DEBG: [CLOG]       > [CLevel::SaveChunks] terrain end
{12:56:59.179} DEBG: [CLOG]       > [CLevel::SaveChunks] trees
{12:56:59.179} DEBG: [CLOG]       > [CLevel::SaveChunks] trees end
{12:56:59.179} DEBG: [CLOG]       > [CLevel::SaveChunks] mesh visibility parameters start
{12:56:59.186} DEBG: [CLOG]       > [CLevel::SaveChunks] mesh visibility parameters end
{12:56:59.186} DEBG: [CLOG]       > [CLevel::SaveChunks] grid objects sort
{12:56:59.186} DEBG: [CLOG]       > [CLevel::SaveChunks] grid objects save
{12:56:59.186} DEBG: [CLOG]       > [CLevel::SaveChunks] gs objects sort
{12:56:59.186} DEBG: [CLOG]       > [CLevel::SaveChunks] gs objects save
{12:56:59.186} DEBG: [CLOG]       > [CLevel::SaveChunks] gs objects saved
{12:56:59.186} DEBG: [CLOG]       > [CLevel::SaveChunks] movies
{12:56:59.186} DEBG: [CLOG]       > [CLevel::SaveChunks] movies end
{12:56:59.187} DEBG: [CLOG]       > [CLevel::SaveChunks] occluders
{12:56:59.187} DEBG: [CLOG]       > [CLevel::SaveChunks] roads
{12:56:59.187} DEBG: [CLOG]       > [CLevel::SaveChunks] roads end
{12:56:59.187} DEBG: [CLOG]       > [CLevel::SaveChunks] decals end
{12:56:59.187} DEBG: [CLOG]       > [CLevel::SaveChunks] shapes
{12:56:59.187} DEBG: [CLOG]       > [CLevel::SaveChunks] shapes end
{12:56:59.187} DEBG: [CLOG]       > [CLevel::SaveChunks] lofter
{12:56:59.187} DEBG: [CLOG]       > [CLevel::SaveChunks] lofter end
{12:56:59.187} DEBG: [CLOG]       > [CLevel::SaveChunks] terrain v.2
{12:56:59.187} DEBG: [CLOG]       > [CLevel::SaveChunks] Terrain v.2 end
{12:56:59.187} DEBG: [CLOG]       > [CLevel::SaveChunks] CGSObject data
{12:56:59.187} DEBG: [CLOG]       > [CLevel::SaveChunks] CGSObject data
{12:56:59.187} DEBG: [CLOG]       > [CLevel::SaveChunks] Envprobes
{12:56:59.187} DEBG: [CLOG]       > [CGameEditor::SaveGameModule] end
{12:56:59.196} INFO: [Editor]     > Save module succeeded.
{12:57:05.908} WARN: [WARN]       > Skin 'default' not found for mesh 'int_low_wall_dest_a.msh'. Trying default skin...
{12:57:05.908} WARN: [WARN]       > Skin 'Default' not found for mesh 'int_low_wall_dest_a.msh'!
{12:57:05.908} ERRR: [ERRR]       > CMesh::Initialize: cannot apply skin 'default' in mesh 'int_low_wall_dest_a.msh'
{12:57:05.908} WARN: [WARN]       > Skin 'default' not found for mesh 'int_low_wall_school_a.msh'. Trying default skin...
{12:57:05.908} WARN: [WARN]       > Skin 'Default' not found for mesh 'int_low_wall_school_a.msh'!
{12:57:05.908} ERRR: [ERRR]       > CMesh::Initialize: cannot apply skin 'default' in mesh 'int_low_wall_school_a.msh'
{12:57:05.927} INFO: [Editor]     > Generate Map Portals succeeded.
{12:57:05.928} INFO: [Editor]     > Quest Hubs succeeded.
{12:57:05.954} DEBG: [CLOG]       > [CGameEditor::SaveGameModule] start
{12:57:05.954} DEBG: [CLOG]       > [CLevel::SaveChunks] grid saved
{12:57:05.954} DEBG: [CLOG]       > [CLevel::SaveChunks] terrain end
{12:57:05.954} DEBG: [CLOG]       > [CLevel::SaveChunks] trees
{12:57:05.954} DEBG: [CLOG]       > [CLevel::SaveChunks] trees end
{12:57:05.954} DEBG: [CLOG]       > [CLevel::SaveChunks] mesh visibility parameters start
{12:57:05.957} DEBG: [CLOG]       > [CLevel::SaveChunks] mesh visibility parameters end
{12:57:05.957} DEBG: [CLOG]       > [CLevel::SaveChunks] grid objects sort
{12:57:05.957} DEBG: [CLOG]       > [CLevel::SaveChunks] grid objects save
{12:57:05.957} DEBG: [CLOG]       > [CLevel::SaveChunks] gs objects sort
{12:57:05.958} DEBG: [CLOG]       > [CLevel::SaveChunks] gs objects save
{12:57:05.958} DEBG: [CLOG]       > [CLevel::SaveChunks] gs objects saved
{12:57:05.958} DEBG: [CLOG]       > [CLevel::SaveChunks] movies
{12:57:05.958} DEBG: [CLOG]       > [CLevel::SaveChunks] movies end
{12:57:05.958} DEBG: [CLOG]       > [CLevel::SaveChunks] occluders
{12:57:05.958} DEBG: [CLOG]       > [CLevel::SaveChunks] roads
{12:57:05.958} DEBG: [CLOG]       > [CLevel::SaveChunks] roads end
{12:57:05.958} DEBG: [CLOG]       > [CLevel::SaveChunks] decals end
{12:57:05.958} DEBG: [CLOG]       > [CLevel::SaveChunks] shapes
{12:57:05.958} DEBG: [CLOG]       > [CLevel::SaveChunks] shapes end
{12:57:05.958} DEBG: [CLOG]       > [CLevel::SaveChunks] lofter end
{12:57:05.958} DEBG: [CLOG]       > [CLevel::SaveChunks] terrain v.2
{12:57:05.958} DEBG: [CLOG]       > [CLevel::SaveChunks] Terrain v.2 end
{12:57:05.958} DEBG: [CLOG]       > [CLevel::SaveChunks] CGSObject data
{12:57:05.958} DEBG: [CLOG]       > [CLevel::SaveChunks] CGSObject data
{12:57:05.958} DEBG: [CLOG]       > [CLevel::SaveChunks] Envprobes
{12:57:05.958} DEBG: [CLOG]       > [CGameEditor::SaveGameModule] end
{12:57:05.964} INFO: [Editor]     > Save module succeeded.
{12:57:05.965} INFO: [Editor]     > Compile map succeeded.
{15:58:57.002} DEBG: [CLOG]       > Level map_01 (LevelDI) deleted
{15:58:58.086} DEBG: [CLOG]       > [CSocket::~CSocket]: <shutdown> error: WSAENOTCONN
{15:58:58.399} INFO: [INFO]       > ---------------------------------------------------------
{15:58:58.399} INFO: [INFO]       > Time of playing game: 14343.599609s
{15:58:58.399} INFO: [INFO]       > Updated frames: 0 Rendered frames: 43156
{15:58:58.399} INFO: [INFO]       > Average FPS: 3.008729
{15:58:58.399} INFO: [INFO]       > ---------------------------------------------------------
{15:58:58.401} DEBG: [CLOG]       > Level  (Level) deleted
{15:58:58.448} DEBG: [CLOG]       > CtrlObjGrid: Maximum grid 000000005EB3D380 memory usage: 59 kbytes
{15:58:58.450} DEBG: [CLOG]       > CtrlObjGrid: Maximum grid 000000004E5C1EB0 memory usage: 1 kbytes
{15:58:58.807} DEBG: [CLOG]       > WARNING [~CSurfaceManager] Num nondeleted surfaces 93
{15:58:58.807} WARN: [WARN]       > [~CSurfaceManager] Num nondeleted vertex buffers 1
{15:58:58.807} WARN: [WARN]       > [~CSurfaceManager] Num nondeleted index buffers 1
{15:58:58.839} INFO: [Renderer]   > [r_Shutdown] Dll released
