{20:29:25.582} INFO: [System] > Build version: 6.2015.1204.1439
{20:29:25.582} INFO: [System] > [PID] 5472
{20:29:25.619} INFO: [System] > [CPU] vendor: GenuineIntel, features: SSSE3 SSE4.1 SSE4.2 AVX AVX2 F16C FMA CX16 POPCNT LZCNT BMI1 BMI2 HTT, clock frequency: 1995.38MHz
{20:29:25.619} INFO: [System] > [CPU] CPUs: 1, Cores: 2, HT: Yes, Logical processors: 4
{20:29:25.644} INFO: [JobManager] > TMf7d7e243, dedicated worker threads: 1 + 2, num cpus: 4
{20:29:25.646} INFO: [ODE]        > [ode::dInitialize] SSE path
{20:29:25.651} INFO: [Renderer]   > [r_Initialize] Loaded from rd3d11_x64_rwdi.dll.
{20:29:25.651} INFO: [Renderer]   > Enumerating D3D11 video adapters:
{20:29:25.653} INFO: [Renderer]   > Adapter 1: Intel(R) HD Graphics Family 0MB/1792MB/0MB
{20:29:25.653} INFO: [Renderer]   |   Output 0: [0,0 - 1366,768] \\.\DISPLAY1
{20:29:25.653} INFO: [Renderer]   > Adapter 2: NVIDIA GeForce 840M  1992MB/2048MB/0MB
{20:29:25.653} INFO: [Renderer]   > Adapter 3: Microsoft Basic Render Driver 0MB/256MB/0MB
{20:29:25.660} INFO: [Renderer]   > Renderer started in DX11 mode.
{20:29:25.670} INFO: [Renderer]   > DDraw reported 1,787M free texture memory.
{20:29:25.679} INFO: [Renderer]   > Renderer: supported display modes:
{20:29:25.679} INFO: [Renderer]   |  640x480, bpp:24, hz:60.00, fmt: A8R8G8B8
{20:29:25.679} INFO: [Renderer]   |  640x480, bpp:24, hz:60.00, fmt: A8R8G8B8
{20:29:25.679} INFO: [Renderer]   |  640x480, bpp:24, hz:47.98, fmt: A8R8G8B8
{20:29:25.679} INFO: [Renderer]   |  640x480, bpp:24, hz:47.98, fmt: A8R8G8B8
{20:29:25.679} INFO: [Renderer]   |  800x600, bpp:24, hz:60.00, fmt: A8R8G8B8
{20:29:25.679} INFO: [Renderer]   |  800x600, bpp:24, hz:60.00, fmt: A8R8G8B8
{20:29:25.679} INFO: [Renderer]   |  800x600, bpp:24, hz:47.98, fmt: A8R8G8B8
{20:29:25.679} INFO: [Renderer]   |  800x600, bpp:24, hz:47.98, fmt: A8R8G8B8
{20:29:25.679} INFO: [Renderer]   |  1024x768, bpp:24, hz:60.00, fmt: A8R8G8B8
{20:29:25.679} INFO: [Renderer]   |  1024x768, bpp:24, hz:60.00, fmt: A8R8G8B8
{20:29:25.679} INFO: [Renderer]   |  1024x768, bpp:24, hz:47.98, fmt: A8R8G8B8
{20:29:25.679} INFO: [Renderer]   |  1024x768, bpp:24, hz:47.98, fmt: A8R8G8B8
{20:29:25.679} INFO: [Renderer]   |  1280x600, bpp:24, hz:60.00, fmt: A8R8G8B8
{20:29:25.679} INFO: [Renderer]   |  1280x600, bpp:24, hz:60.00, fmt: A8R8G8B8
{20:29:25.679} INFO: [Renderer]   |  1280x600, bpp:24, hz:47.98, fmt: A8R8G8B8
{20:29:25.679} INFO: [Renderer]   |  1280x600, bpp:24, hz:47.98, fmt: A8R8G8B8
{20:29:25.679} INFO: [Renderer]   |  1280x720, bpp:24, hz:60.00, fmt: A8R8G8B8
{20:29:25.679} INFO: [Renderer]   |  1280x720, bpp:24, hz:60.00, fmt: A8R8G8B8
{20:29:25.679} INFO: [Renderer]   |  1280x720, bpp:24, hz:47.98, fmt: A8R8G8B8
{20:29:25.679} INFO: [Renderer]   |  1280x720, bpp:24, hz:47.98, fmt: A8R8G8B8
{20:29:25.679} INFO: [Renderer]   |  1280x768, bpp:24, hz:60.00, fmt: A8R8G8B8
{20:29:25.679} INFO: [Renderer]   |  1280x768, bpp:24, hz:60.00, fmt: A8R8G8B8
{20:29:25.679} INFO: [Renderer]   |  1280x768, bpp:24, hz:47.98, fmt: A8R8G8B8
{20:29:25.679} INFO: [Renderer]   |  1280x768, bpp:24, hz:47.98, fmt: A8R8G8B8
{20:29:25.679} INFO: [Renderer]   |  1360x768, bpp:24, hz:60.00, fmt: A8R8G8B8
{20:29:25.679} INFO: [Renderer]   |  1360x768, bpp:24, hz:60.00, fmt: A8R8G8B8
{20:29:25.679} INFO: [Renderer]   |  1360x768, bpp:24, hz:47.98, fmt: A8R8G8B8
{20:29:25.679} INFO: [Renderer]   |  1360x768, bpp:24, hz:47.98, fmt: A8R8G8B8
{20:29:25.679} INFO: [Renderer]   |  1366x768, bpp:24, hz:60.00, fmt: A8R8G8B8
{20:29:25.679} INFO: [Renderer]   |  1366x768, bpp:24, hz:47.98, fmt: A8R8G8B8
{20:29:25.681} INFO: [INFO]       > Texture streaming lowest priority distance set to 100m
{20:29:25.681} INFO: [Renderer]   > WindowOffset 0 0
{20:29:25.701} DEBG: [CLOG]       > [CAudioSettings::LoadSettings] Unable to load Out/Settings/EditorAudio.scr
{20:29:25.701} DEBG: [DXGI]       > [RChangeDeviceState] 1366x768, windowed, 0/0 Hz
{20:29:25.701} DEBG: [DXGI]       >                  was 0x0, fullscreen, 0/0 Hz
{20:29:25.702} INFO: [TexMgr]     > Max texture dimensions: 16384x16384x2048
{20:29:25.705} INFO: [MatMgr]     > Number of supported techniques: 61
{20:29:27.084} INFO: [MatMgr]     > Material pack 'global_dx11.mp' loaded.
{20:29:27.220} INFO: [MatMgr]     > Material pack 'local_dx11.mp' loaded.
{20:29:28.108} INFO: [INFO]       > Texture streaming buffer set to 400MB
{20:29:28.108} INFO: [Video]      > //Video settings:
{20:29:28.108} INFO: [Video]      > Resolution(1366,768)
{20:29:28.108} INFO: [Video]      > Monitor(0)
{20:29:28.109} INFO: [Video]      > TextureQuality("Medium")
{20:29:28.109} INFO: [Video]      > VisRange(1.40, 1.40)
{20:29:28.109} INFO: [Video]      > ShadowMapSize(1024)
{20:29:28.109} INFO: [Video]      > SpotShadowMapSize(1024)
{20:29:28.109} INFO: [Video]      > GammaFloat(1.00)
{20:29:28.109} INFO: [Video]      > GrassQuality(2)
{20:29:28.109} INFO: [Video]      > AmbientOcclusion(0)
{20:29:28.109} INFO: [Video]      > MotionBlur(0)
{20:29:28.109} INFO: [Video]      > AntiAliasing(0)
{20:29:28.109} INFO: [Video]      > DisableDWM(1)
{20:29:28.109} INFO: [Video]      > EnableFilmGrain(1)
{20:29:28.109} INFO: [Video]      > Version(1)
{20:29:28.109} INFO: [INFO]       > >>>>> Audio init
{20:29:28.311} INFO: [INFO]       > FMOD::Driver: GBo[niki / SBuchawki (Realtek High Definition Audio)
{20:29:28.312} INFO: [INFO]       > DriverCaps: FMOD_CAPS_OUTPUT_FORMAT_PCM8
{20:29:28.312} INFO: [INFO]       > DriverCaps: FMOD_CAPS_OUTPUT_FORMAT_PCM16
{20:29:28.312} INFO: [INFO]       > DriverCaps: FMOD_CAPS_OUTPUT_FORMAT_PCM24
{20:29:28.312} INFO: [INFO]       > DriverCaps: FMOD_CAPS_OUTPUT_FORMAT_PCM32
{20:29:28.312} INFO: [INFO]       > DriverCaps: FMOD_CAPS_OUTPUT_FORMAT_PCMFLOAT
{20:29:29.143} DEBG: [CLOG]       > NOTE : FMOD_SYSTEM_CALLBACKTYPE_THREADCREATED occured.
{20:29:29.143} DEBG: [CLOG]       > Thread ID = 1388
{20:29:29.143} DEBG: [CLOG]       > Thread Name = FMOD (WASAPI) feeder thread
{20:29:29.143} DEBG: [CLOG]       > NOTE : FMOD_SYSTEM_CALLBACKTYPE_THREADCREATED occured.
{20:29:29.143} DEBG: [CLOG]       > Thread ID = 1412
{20:29:29.143} DEBG: [CLOG]       > Thread Name = FMOD mixer thread
{20:29:29.229} DEBG: [CLOG]       > NOTE : FMOD_SYSTEM_CALLBACKTYPE_THREADCREATED occured.
{20:29:29.229} DEBG: [CLOG]       > Thread ID = 1428
{20:29:29.229} DEBG: [CLOG]       > Thread Name = FMOD stream thread
{20:29:29.229} INFO: [INFO]       > FMOD is using (8) output type.
{20:29:29.229} INFO: [INFO]       > FMOD Software Format Info:
{20:29:29.229} INFO: [INFO]       | 	Out Sample Rate: <48000>
{20:29:29.229} INFO: [INFO]       | 	Format: <5>
{20:29:29.229} INFO: [INFO]       | 	Out Channels: <2>
{20:29:29.229} INFO: [INFO]       | 	Max Input Channels: <8>
{20:29:29.229} INFO: [INFO]       | 	Bits: <32>
{20:29:29.229} INFO: [INFO]       > FMOD Mixer blocksize        = 21.33 ms
{20:29:29.229} INFO: [INFO]       > FMOD Mixer blocks count     = 4
{20:29:29.229} INFO: [INFO]       > FMOD Mixer Total buffer size = 85.33 ms
{20:29:29.229} INFO: [INFO]       > FMOD Mixer Average Latency  = 53.33 ms
{20:29:29.229} DEBG: [CLOG]       > [CAudioFMOD::InitNet] Can't use FMOD NetEventSystem - Audio engine is using FMODEx.
{20:29:29.229} INFO: [INFO]       > [CAudioFMOD] FMOD debug level: 0
{20:29:29.279} INFO: [Audio]      > //Audio settings:
{20:29:29.279} INFO: [Audio]      > API("FMOD")
{20:29:29.279} INFO: [Audio]      > MixFrequency(48000)
{20:29:29.279} INFO: [Audio]      > Channels(40)
{20:29:29.279} INFO: [Audio]      > Quality3D("high")
{20:29:29.279} INFO: [Audio]      > MaxVolume(40)
{20:29:29.279} INFO: [Audio]      > FXVolume(40)
{20:29:29.279} INFO: [Audio]      > WaveVolume(40)
{20:29:29.279} INFO: [Audio]      > SpeechVolume(40)
{20:29:29.279} INFO: [Audio]      > MovieVolume(40)
{20:29:29.279} INFO: [Audio]      > MovieVolumeSource(0)
{20:29:29.279} INFO: [Audio]      > GlobalSettings("")
{20:29:29.279} INFO: [Audio]      > ReverbChannels(1)
{20:29:29.279} INFO: [Audio]      > MixerBlocksCount(0)
{20:29:29.279} INFO: [Audio]      > 
{20:29:41.705} INFO: [INFO]       > [Input] Keyboard 0 enumerated: intance_name = Klawiatura, product_name = Klawiatura, GUID = {6f1d2b61-d5a0-11cf-bfc7-444553540000}
{20:29:41.714} INFO: [INFO]       > [CInput::SelectKeyboard] Keyboard 0 selected: Klawiatura, Klawiatura
{20:29:41.736} INFO: [INFO]       > [SDL::InitSDL] InitSDL successed!
{20:29:41.738} INFO: [Game]       > Game version: 0.0.99
{20:29:44.826} ERRR: [Parser]     > Param 0 in function EnableExplosionDamage() is not a bool
{20:29:44.828} ERRR: [Parser]     > Param 0 in function EnableExplosionDamage() is not a bool
{20:29:44.828} ERRR: [Parser]     > Param 0 in function EnableExplosionDamage() is not a bool
{20:29:44.868} DEBG: [CLOG]       > Failed to calc CRC for file achievements.xml  (0 to -1)
{20:29:44.868} DEBG: [CLOG]       > Failed to calc CRC for file challenges.xml  (0 to -1)
{20:29:46.293} DEBG: [CLOG]       > [FMODSoundBankManager::LoadBank] Sound bank <menu_p0.csb> doesn't exist in filesystem.
{20:29:46.293} DEBG: [CLOG]       > [AudioScript::Execute] <LoadAudioBanks> failed!
{20:29:46.293} DEBG: [CLOG]       > [FMODSoundBankManager::LoadBank] Sound bank <menu_stream_p0.csb> doesn't exist in filesystem.
{20:29:46.293} DEBG: [CLOG]       > [AudioScript::Execute] <LoadAudioBanks> failed!
{20:29:46.293} DEBG: [CLOG]       > [FMODSoundBankManager::LoadBank] Sound bank <menu_stream_p1.csb> doesn't exist in filesystem.
{20:29:46.293} DEBG: [CLOG]       > [AudioScript::Execute] <LoadAudioBanks> failed!
{20:29:46.294} DEBG: [CLOG]       > [FMODSoundBankManager::LoadBank] Sound bank <music_1_p0.csb> doesn't exist in filesystem.
{20:29:46.294} DEBG: [CLOG]       > [AudioScript::Execute] <LoadAudioBanks> failed!
{20:29:46.294} DEBG: [CLOG]       > [FMODSoundBankManager::LoadBank] Sound bank <music_1_stream_p0.csb> doesn't exist in filesystem.
{20:29:46.294} DEBG: [CLOG]       > [AudioScript::Execute] <LoadAudioBanks> failed!
{20:29:46.294} DEBG: [CLOG]       > [FMODSoundBankManager::LoadBank] Sound bank <music_1_p1.csb> doesn't exist in filesystem.
{20:29:46.294} DEBG: [CLOG]       > [AudioScript::Execute] <LoadAudioBanks> failed!
{20:29:46.294} DEBG: [CLOG]       > [FMODSoundBankManager::LoadBank] Sound bank <music_1_stream_p1.csb> doesn't exist in filesystem.
{20:29:46.294} DEBG: [CLOG]       > [AudioScript::Execute] <LoadAudioBanks> failed!
{20:29:46.299} DEBG: [CLOG]       > [FMODSoundBankManager::LoadBank] Sound bank <music_2_p0.csb> doesn't exist in filesystem.
{20:29:46.299} DEBG: [CLOG]       > [AudioScript::Execute] <LoadAudioBanks> failed!
{20:29:46.299} DEBG: [CLOG]       > [FMODSoundBankManager::LoadBank] Sound bank <music_2_stream_p0.csb> doesn't exist in filesystem.
{20:29:46.299} DEBG: [CLOG]       > [AudioScript::Execute] <LoadAudioBanks> failed!
{20:29:46.299} DEBG: [CLOG]       > [FMODSoundBankManager::LoadBank] Sound bank <music_2_p1.csb> doesn't exist in filesystem.
{20:29:46.299} DEBG: [CLOG]       > [AudioScript::Execute] <LoadAudioBanks> failed!
{20:29:46.299} DEBG: [CLOG]       > [FMODSoundBankManager::LoadBank] Sound bank <music_2_stream_p1.csb> doesn't exist in filesystem.
{20:29:46.299} DEBG: [CLOG]       > [AudioScript::Execute] <LoadAudioBanks> failed!
{20:29:46.300} DEBG: [CLOG]       > [FMODSoundBankManager::LoadBank] Sound bank <music_3_p0.csb> doesn't exist in filesystem.
{20:29:46.300} DEBG: [CLOG]       > [AudioScript::Execute] <LoadAudioBanks> failed!
{20:29:46.300} DEBG: [CLOG]       > [FMODSoundBankManager::LoadBank] Sound bank <music_3_stream_p0.csb> doesn't exist in filesystem.
{20:29:46.300} DEBG: [CLOG]       > [AudioScript::Execute] <LoadAudioBanks> failed!
{20:29:46.300} DEBG: [CLOG]       > [FMODSoundBankManager::LoadBank] Sound bank <music_3_p1.csb> doesn't exist in filesystem.
{20:29:46.300} DEBG: [CLOG]       > [AudioScript::Execute] <LoadAudioBanks> failed!
{20:29:46.324} DEBG: [CLOG]       > [FMODSoundBankManager::LoadBank] Sound bank <all_in_maps_1_p0.csb> doesn't exist in filesystem.
{20:29:46.324} DEBG: [CLOG]       > [AudioScript::Execute] <LoadAudioBanks> failed!
{20:29:46.324} DEBG: [CLOG]       > [FMODSoundBankManager::LoadBank] Sound bank <all_in_maps_1_stream_p0.csb> doesn't exist in filesystem.
{20:29:46.324} DEBG: [CLOG]       > [AudioScript::Execute] <LoadAudioBanks> failed!
{20:29:46.324} DEBG: [CLOG]       > [FMODSoundBankManager::LoadBank] Sound bank <all_in_maps_1_p1.csb> doesn't exist in filesystem.
{20:29:46.324} DEBG: [CLOG]       > [AudioScript::Execute] <LoadAudioBanks> failed!
{20:29:46.324} DEBG: [CLOG]       > [FMODSoundBankManager::LoadBank] Sound bank <all_in_maps_1_stream_p1.csb> doesn't exist in filesystem.
{20:29:46.324} DEBG: [CLOG]       > [AudioScript::Execute] <LoadAudioBanks> failed!
{20:29:46.339} DEBG: [CLOG]       > [FMODSoundBankManager::LoadBank] Sound bank <all_in_maps_2_p0.csb> doesn't exist in filesystem.
{20:29:46.339} DEBG: [CLOG]       > [AudioScript::Execute] <LoadAudioBanks> failed!
{20:29:46.339} DEBG: [CLOG]       > [FMODSoundBankManager::LoadBank] Sound bank <all_in_maps_2_stream_p0.csb> doesn't exist in filesystem.
{20:29:46.339} DEBG: [CLOG]       > [AudioScript::Execute] <LoadAudioBanks> failed!
{20:29:46.339} DEBG: [CLOG]       > [FMODSoundBankManager::LoadBank] Sound bank <all_in_maps_2_p1.csb> doesn't exist in filesystem.
{20:29:46.339} DEBG: [CLOG]       > [AudioScript::Execute] <LoadAudioBanks> failed!
{20:29:46.339} DEBG: [CLOG]       > [FMODSoundBankManager::LoadBank] Sound bank <all_in_maps_2_stream_p1.csb> doesn't exist in filesystem.
{20:29:46.340} DEBG: [CLOG]       > [AudioScript::Execute] <LoadAudioBanks> failed!
{20:29:46.341} DEBG: [CLOG]       > [FMODSoundBankManager::LoadBank] Sound bank <all_in_maps_3_p0.csb> doesn't exist in filesystem.
{20:29:46.342} DEBG: [CLOG]       > [AudioScript::Execute] <LoadAudioBanks> failed!
{20:29:46.342} DEBG: [CLOG]       > [FMODSoundBankManager::LoadBank] Sound bank <all_in_maps_3_stream_p0.csb> doesn't exist in filesystem.
{20:29:46.342} DEBG: [CLOG]       > [AudioScript::Execute] <LoadAudioBanks> failed!
{20:29:46.343} DEBG: [CLOG]       > [FMODSoundBankManager::LoadBank] Sound bank <all_in_maps_3_stream_p1.csb> doesn't exist in filesystem.
{20:29:46.343} DEBG: [CLOG]       > [AudioScript::Execute] <LoadAudioBanks> failed!
{20:29:46.358} DEBG: [CLOG]       > [FMODSoundBankManager::LoadBank] Sound bank <all_in_maps_persistant_p0.csb> doesn't exist in filesystem.
{20:29:46.358} DEBG: [CLOG]       > [AudioScript::Execute] <LoadAudioBanks> failed!
{20:29:46.358} DEBG: [CLOG]       > [FMODSoundBankManager::LoadBank] Sound bank <all_in_maps_persistant_stream_p0.csb> doesn't exist in filesystem.
{20:29:46.358} DEBG: [CLOG]       > [AudioScript::Execute] <LoadAudioBanks> failed!
{20:29:46.358} DEBG: [CLOG]       > [FMODSoundBankManager::LoadBank] Sound bank <all_in_maps_persistant_stream_p1.csb> doesn't exist in filesystem.
{20:29:46.358} DEBG: [CLOG]       > [AudioScript::Execute] <LoadAudioBanks> failed!
{20:29:46.359} DEBG: [CLOG]       > [FMODSoundBankManager::LoadBank] Sound bank <workshop_audio.csb> doesn't exist in filesystem.
{20:29:46.359} DEBG: [CLOG]       > [AudioScript::Execute] <LoadAudioBanks> failed!
{20:29:46.359} DEBG: [CLOG]       > [FMODSoundBankManager::LoadBank] Sound bank <workshop_audio_p0.csb> doesn't exist in filesystem.
{20:29:46.359} DEBG: [CLOG]       > [AudioScript::Execute] <LoadAudioBanks> failed!
{20:29:46.359} DEBG: [CLOG]       > [FMODSoundBankManager::LoadBank] Sound bank <workshop_audio_stream_p0.csb> doesn't exist in filesystem.
{20:29:46.359} DEBG: [CLOG]       > [AudioScript::Execute] <LoadAudioBanks> failed!
{20:29:46.359} DEBG: [CLOG]       > [FMODSoundBankManager::LoadBank] Sound bank <workshop_audio_p1.csb> doesn't exist in filesystem.
{20:29:46.359} DEBG: [CLOG]       > [AudioScript::Execute] <LoadAudioBanks> failed!
{20:29:46.359} DEBG: [CLOG]       > [FMODSoundBankManager::LoadBank] Sound bank <workshop_audio_stream_p1.csb> doesn't exist in filesystem.
{20:29:46.360} DEBG: [CLOG]       > [AudioScript::Execute] <LoadAudioBanks> failed!
{20:29:46.411} DEBG: [CLOG]       > [FMODSoundBankManager::LoadBank] Sound bank <all_quests_local_p0.csb> doesn't exist in filesystem.
{20:29:46.411} DEBG: [CLOG]       > [AudioScript::Execute] <LoadLocalisedAudioBank> failed!
{20:29:46.411} DEBG: [CLOG]       > [FMODSoundBankManager::LoadBank] Sound bank <all_quests_local_stream_p0.csb> doesn't exist in filesystem.
{20:29:46.412} DEBG: [CLOG]       > [AudioScript::Execute] <LoadLocalisedAudioBank> failed!
{20:29:46.412} DEBG: [CLOG]       > [FMODSoundBankManager::LoadBank] Sound bank <all_quests_local_p1.csb> doesn't exist in filesystem.
{20:29:46.412} DEBG: [CLOG]       > [AudioScript::Execute] <LoadLocalisedAudioBank> failed!
{20:29:46.412} DEBG: [CLOG]       > [FMODSoundBankManager::LoadBank] Sound bank <all_quests_local_stream_p1.csb> doesn't exist in filesystem.
{20:29:46.412} DEBG: [CLOG]       > [AudioScript::Execute] <LoadLocalisedAudioBank> failed!
{20:29:46.461} DEBG: [CLOG]       > [FMODSoundBankManager::LoadBank] Sound bank <common_local_1_p0.csb> doesn't exist in filesystem.
{20:29:46.461} DEBG: [CLOG]       > [AudioScript::Execute] <LoadLocalisedAudioBank> failed!
{20:29:46.462} DEBG: [CLOG]       > [FMODSoundBankManager::LoadBank] Sound bank <common_local_1_stream_p0.csb> doesn't exist in filesystem.
{20:29:46.462} DEBG: [CLOG]       > [AudioScript::Execute] <LoadLocalisedAudioBank> failed!
{20:29:46.462} DEBG: [CLOG]       > [FMODSoundBankManager::LoadBank] Sound bank <common_local_1_p1.csb> doesn't exist in filesystem.
{20:29:46.462} DEBG: [CLOG]       > [AudioScript::Execute] <LoadLocalisedAudioBank> failed!
{20:29:46.462} DEBG: [CLOG]       > [FMODSoundBankManager::LoadBank] Sound bank <common_local_1_stream_p1.csb> doesn't exist in filesystem.
{20:29:46.463} DEBG: [CLOG]       > [AudioScript::Execute] <LoadLocalisedAudioBank> failed!
{20:29:46.514} DEBG: [CLOG]       > [FMODSoundBankManager::LoadBank] Sound bank <common_local_2_p0.csb> doesn't exist in filesystem.
{20:29:46.515} DEBG: [CLOG]       > [AudioScript::Execute] <LoadLocalisedAudioBank> failed!
{20:29:46.515} DEBG: [CLOG]       > [FMODSoundBankManager::LoadBank] Sound bank <common_local_2_stream_p0.csb> doesn't exist in filesystem.
{20:29:46.515} DEBG: [CLOG]       > [AudioScript::Execute] <LoadLocalisedAudioBank> failed!
{20:29:46.515} DEBG: [CLOG]       > [FMODSoundBankManager::LoadBank] Sound bank <common_local_2_p1.csb> doesn't exist in filesystem.
{20:29:46.516} DEBG: [CLOG]       > [AudioScript::Execute] <LoadLocalisedAudioBank> failed!
{20:29:46.516} DEBG: [CLOG]       > [FMODSoundBankManager::LoadBank] Sound bank <common_local_2_stream_p1.csb> doesn't exist in filesystem.
{20:29:46.516} DEBG: [CLOG]       > [AudioScript::Execute] <LoadLocalisedAudioBank> failed!
{20:29:46.727} WARN: [WARN]       > Failed to register action varlist <post_process_simple, chromedvarlistoverridessimple.scr>: the script does not exist
{20:29:46.727} WARN: [WARN]       > Failed to register action varlist <post_process_normal, chromedvarlistoverrides.scr>: the script does not exist
{20:29:47.170} DEBG: [CLOG]       > [CInetAddr::DetermineNetworkInterface] HostName=<Darolap>
{20:29:47.171} DEBG: [CLOG]       > [CInetAdder::DetermineNetworkInterface] address: 192.168.56.1
{20:29:47.171} DEBG: [CLOG]       > [CInetAddr::SetLocalHost] 192.168.56.1
{20:29:47.177} INFO: [Editor]     > [LocalizationManager] 9 asset(s) in 1 source(s), 1 language(s)
{20:29:47.458} ERRR: [FileSystem] > Source from path 'D:\Gry\Steam\steamapps\common\Dying Light Developer Tools\DW/Assets_PC/' already added.
{20:29:55.389} INFO: [INFO]       > Done!
{20:29:55.403} DEBG: [CLOG]       > CVarMgr::LoadScripted(..): unable to parse file: data/maps/map_01/map_01.scr
{20:29:57.286} DEBG: [CLOG]       > ERROR [FX] Cannot read definition of btzh_light_end_light.fx
{20:29:57.287} DEBG: [CLOG]       > ERROR [FX] Cannot read definition of btzh_light_start_light.fx
{20:29:57.320} WARN: [WARN]       > [CFXDefinitionManager::CreateDefFromMemory] RPACK: fx definition 'car_hit_ground_dust_emiter.fx' (type=0, def=000000004DB0EEE0) NOT registered!
{20:29:57.320} WARN: [WARN]       > [CFXDefinitionManager::CreateDefFromMemory] RPACK: fx definition 'car_hit_ground_dust_particle.fx' (type=2, def=000000004A3D6E10) NOT registered!
{20:29:57.336} WARN: [WARN]       > [CFXDefinitionManager::CreateDefFromMemory] RPACK: fx definition 'coll_ground_emiter.fx' (type=0, def=000000004DB0EDC0) NOT registered!
{20:29:57.336} WARN: [WARN]       > [CFXDefinitionManager::CreateDefFromMemory] RPACK: fx definition 'coll_ground_particle.fx' (type=2, def=000000004A3D4B20) NOT registered!
{20:29:57.366} DEBG: [CLOG]       > ERROR [FX] Cannot read definition of hex_blood_anim_decal_standard.fx
{20:29:57.366} DEBG: [CLOG]       > ERROR [FX] Cannot read definition of hex_blood_decal_standard.fx
{20:29:57.448} DEBG: [CLOG]       > ERROR [FX] Cannot read definition of eimp_sound_sound.fx
{20:29:57.448} WARN: [WARN]       > [CFXDefinitionManager::CreateDefFromMemory] RPACK: fx definition 'eimp_sound_sound.fx' (type=8, def=0000000000000000) NOT registered!
{20:29:57.449} DEBG: [CLOG]       > ERROR [FX] Cannot read definition of eimp_sound_sound.fx
{20:29:57.477} DEBG: [CLOG]       > ERROR [FX] Cannot read definition of eimp_sound_sound.fx
{20:29:57.807} DEBG: [CLOG]       > IL_LoadImage file not opened: edicon_fx.dds
{20:29:57.807} ERRR: [Icons]      > Image could not be loaded: edicon_fx.dds
{20:29:57.807} DEBG: [CLOG]       > IL_LoadImage file not opened: flag_white.dds
{20:29:57.807} ERRR: [Icons]      > Image could not be loaded: flag_white.dds
{20:29:57.825} DEBG: [CLOG]       > IL_LoadImage file not opened: edicon_safeedicon_safehouse.dds
{20:29:57.825} ERRR: [Icons]      > Image could not be loaded: edicon_safeedicon_safehouse.dds
{20:29:57.845} DEBG: [CLOG]       > IL_LoadImage file not opened: edicon_sound_music.dds
{20:29:57.845} ERRR: [Icons]      > Image could not be loaded: edicon_sound_music.dds
{20:29:58.005} DEBG: [CLOG]       > IL_LoadImage file not opened: terrain_mats_color.dds
{20:30:08.812} ERRR: [Parser]     > [parser::node_call::node_call] unknown subtree 'DefineColorsHard' in 'default_Workshop.loot'
{20:30:08.812} ERRR: [Parser]     > [ParseUnit] syntax error in 'default_Workshop.loot' line 35
{20:30:12.499} WARN: [WARN]       > Skin 'Default' not found for mesh 'int_low_wall_dest_a.msh'. Trying default skin...
{20:30:12.499} WARN: [WARN]       > Skin 'Default' not found for mesh 'int_low_wall_dest_a.msh'!
{20:30:12.499} ERRR: [ERRR]       > CMesh::Initialize: cannot apply skin '' in mesh 'int_low_wall_dest_a.msh'
{20:30:12.501} WARN: [WARN]       > Skin 'Default' not found for mesh 'loot_wardrobe_anm.msh'. Trying default skin...
{20:30:12.501} WARN: [WARN]       > Skin 'Default' not found for mesh 'loot_wardrobe_anm.msh'!
{20:30:12.501} ERRR: [ERRR]       > CMesh::Initialize: cannot apply skin 'Default' in mesh 'loot_wardrobe_anm.msh'
{20:30:12.504} WARN: [WARN]       > Skin 'Default' not found for mesh 'int_low_wall_dest_a.msh'. Trying default skin...
{20:30:12.504} WARN: [WARN]       > Skin 'Default' not found for mesh 'int_low_wall_dest_a.msh'!
{20:30:12.504} ERRR: [ERRR]       > CMesh::Initialize: cannot apply skin '' in mesh 'int_low_wall_dest_a.msh'
{20:30:12.505} WARN: [WARN]       > Skin 'Default' not found for mesh 'loot_wardrobe_anm.msh'. Trying default skin...
{20:30:12.505} WARN: [WARN]       > Skin 'Default' not found for mesh 'loot_wardrobe_anm.msh'!
{20:30:12.505} ERRR: [ERRR]       > CMesh::Initialize: cannot apply skin 'Default' in mesh 'loot_wardrobe_anm.msh'
{20:30:12.506} WARN: [WARN]       > Skin 'Default' not found for mesh 'int_low_wall_dest_a.msh'. Trying default skin...
{20:30:12.506} WARN: [WARN]       > Skin 'Default' not found for mesh 'int_low_wall_dest_a.msh'!
{20:30:12.507} WARN: [WARN]       > Skin 'Default' not found for mesh 'loot_wardrobe_anm.msh'. Trying default skin...
{20:30:12.507} WARN: [WARN]       > Skin 'Default' not found for mesh 'loot_wardrobe_anm.msh'!
{20:30:12.508} WARN: [WARN]       > Skin 'Default' not found for mesh 'catwalk_stairs_h6m_a.msh'. Trying default skin...
{20:30:12.508} WARN: [WARN]       > Skin 'Default' not found for mesh 'catwalk_stairs_h6m_a.msh'!
{20:30:12.508} ERRR: [ERRR]       > CMesh::Initialize: cannot apply skin '' in mesh 'catwalk_stairs_h6m_a.msh'
{20:30:12.509} WARN: [WARN]       > Skin 'Default' not found for mesh 'catwalk_stairs_h6m_a.msh'. Trying default skin...
{20:30:12.509} WARN: [WARN]       > Skin 'Default' not found for mesh 'catwalk_stairs_h6m_a.msh'!
{20:30:12.509} ERRR: [ERRR]       > CMesh::Initialize: cannot apply skin '' in mesh 'catwalk_stairs_h6m_a.msh'
{20:30:12.510} WARN: [WARN]       > Skin 'Default' not found for mesh 'catwalk_stairs_h6m_a.msh'. Trying default skin...
{20:30:12.510} WARN: [WARN]       > Skin 'Default' not found for mesh 'catwalk_stairs_h6m_a.msh'!
{20:30:12.573} DEBG: [CLOG]       > ERROR: override script 'map_01_ovr_sml_PC10.scr' contained error and was not loaded!
{20:30:12.573} DEBG: [CLOG]       > ERROR: override script 'map_01_ovr_sml_XBOX.scr' contained error and was not loaded!
{20:30:12.573} DEBG: [CLOG]       > ERROR: override script 'map_01_ovr_sml_PS3.scr' contained error and was not loaded!
{20:30:12.573} DEBG: [CLOG]       > ERROR: override script 'map_01_ovr_sml_PC11.scr' contained error and was not loaded!
{20:30:12.574} DEBG: [CLOG]       > ERROR: override script 'map_01_ovr_sml_DURANGO.scr' contained error and was not loaded!
{20:30:12.574} DEBG: [CLOG]       > ERROR: override script 'map_01_ovr_sml_ORBIS.scr' contained error and was not loaded!
{20:30:12.706} DEBG: [CLOG]       > Load level: 17.895868 [s]
{20:30:12.706} INFO: [Editor]     > Load module succeeded.
{20:50:57.131} INFO: [Editor]     > Generate Map Portals succeeded.
{20:50:57.132} INFO: [Editor]     > Quest Hubs succeeded.
{20:50:57.179} DEBG: [CLOG]       > [CGameEditor::SaveGameModule] start
{20:50:57.179} DEBG: [CLOG]       > [CLevel::SaveChunks] grid saved
{20:50:57.179} DEBG: [CLOG]       > [CLevel::SaveChunks] terrain end
{20:50:57.179} DEBG: [CLOG]       > [CLevel::SaveChunks] trees
{20:50:57.179} DEBG: [CLOG]       > [CLevel::SaveChunks] trees end
{20:50:57.179} DEBG: [CLOG]       > [CLevel::SaveChunks] mesh visibility parameters start
{20:50:57.186} DEBG: [CLOG]       > [CLevel::SaveChunks] mesh visibility parameters end
{20:50:57.186} DEBG: [CLOG]       > [CLevel::SaveChunks] grid objects sort
{20:50:57.186} DEBG: [CLOG]       > [CLevel::SaveChunks] grid objects save
{20:50:57.187} DEBG: [CLOG]       > [CLevel::SaveChunks] gs objects sort
{20:50:57.187} DEBG: [CLOG]       > [CLevel::SaveChunks] gs objects save
{20:50:57.187} DEBG: [CLOG]       > [CLevel::SaveChunks] gs objects saved
{20:50:57.187} DEBG: [CLOG]       > [CLevel::SaveChunks] movies
{20:50:57.187} DEBG: [CLOG]       > [CLevel::SaveChunks] movies end
{20:50:57.188} DEBG: [CLOG]       > [CLevel::SaveChunks] occluders
{20:50:57.188} DEBG: [CLOG]       > [CLevel::SaveChunks] roads
{20:50:57.188} DEBG: [CLOG]       > [CLevel::SaveChunks] roads end
{20:50:57.188} DEBG: [CLOG]       > [CLevel::SaveChunks] decals end
{20:50:57.188} DEBG: [CLOG]       > [CLevel::SaveChunks] shapes
{20:50:57.188} DEBG: [CLOG]       > [CLevel::SaveChunks] shapes end
{20:50:57.188} DEBG: [CLOG]       > [CLevel::SaveChunks] lofter
{20:50:57.188} DEBG: [CLOG]       > [CLevel::SaveChunks] lofter end
{20:50:57.188} DEBG: [CLOG]       > [CLevel::SaveChunks] terrain v.2
{20:50:57.188} DEBG: [CLOG]       > [CLevel::SaveChunks] Terrain v.2 end
{20:50:57.188} DEBG: [CLOG]       > [CLevel::SaveChunks] CGSObject data
{20:50:57.188} DEBG: [CLOG]       > [CLevel::SaveChunks] CGSObject data
{20:50:57.188} DEBG: [CLOG]       > [CLevel::SaveChunks] Envprobes
{20:50:57.188} DEBG: [CLOG]       > [CGameEditor::SaveGameModule] end
{20:50:57.199} INFO: [Editor]     > Save module succeeded.
{20:51:11.190} WARN: [WARN]       > Skin 'default' not found for mesh 'catwalk_stairs_h6m_a.msh'. Trying default skin...
{20:51:11.190} WARN: [WARN]       > Skin 'Default' not found for mesh 'catwalk_stairs_h6m_a.msh'!
{20:51:11.190} ERRR: [ERRR]       > CMesh::Initialize: cannot apply skin 'default' in mesh 'catwalk_stairs_h6m_a.msh'
{20:51:11.190} WARN: [WARN]       > Skin 'default' not found for mesh 'int_low_wall_dest_a.msh'. Trying default skin...
{20:51:11.190} WARN: [WARN]       > Skin 'Default' not found for mesh 'int_low_wall_dest_a.msh'!
{20:51:11.190} ERRR: [ERRR]       > CMesh::Initialize: cannot apply skin 'default' in mesh 'int_low_wall_dest_a.msh'
{20:51:11.214} INFO: [Editor]     > Generate Map Portals succeeded.
{20:51:11.215} INFO: [Editor]     > Quest Hubs succeeded.
{20:51:11.228} DEBG: [CLOG]       > [CGameEditor::SaveGameModule] start
{20:51:11.228} DEBG: [CLOG]       > [CLevel::SaveChunks] grid saved
{20:51:11.228} DEBG: [CLOG]       > [CLevel::SaveChunks] terrain end
{20:51:11.228} DEBG: [CLOG]       > [CLevel::SaveChunks] trees
{20:51:11.228} DEBG: [CLOG]       > [CLevel::SaveChunks] trees end
{20:51:11.228} DEBG: [CLOG]       > [CLevel::SaveChunks] mesh visibility parameters start
{20:51:11.233} DEBG: [CLOG]       > [CLevel::SaveChunks] mesh visibility parameters end
{20:51:11.233} DEBG: [CLOG]       > [CLevel::SaveChunks] grid objects sort
{20:51:11.234} DEBG: [CLOG]       > [CLevel::SaveChunks] grid objects save
{20:51:11.235} DEBG: [CLOG]       > [CLevel::SaveChunks] gs objects sort
{20:51:11.235} DEBG: [CLOG]       > [CLevel::SaveChunks] gs objects save
{20:51:11.235} DEBG: [CLOG]       > [CLevel::SaveChunks] gs objects saved
{20:51:11.235} DEBG: [CLOG]       > [CLevel::SaveChunks] movies
{20:51:11.235} DEBG: [CLOG]       > [CLevel::SaveChunks] movies end
{20:51:11.235} DEBG: [CLOG]       > [CLevel::SaveChunks] occluders
{20:51:11.235} DEBG: [CLOG]       > [CLevel::SaveChunks] roads
{20:51:11.235} DEBG: [CLOG]       > [CLevel::SaveChunks] roads end
{20:51:11.235} DEBG: [CLOG]       > [CLevel::SaveChunks] decals end
{20:51:11.235} DEBG: [CLOG]       > [CLevel::SaveChunks] shapes
{20:51:11.235} DEBG: [CLOG]       > [CLevel::SaveChunks] shapes end
{20:51:11.235} DEBG: [CLOG]       > [CLevel::SaveChunks] lofter end
{20:51:11.235} DEBG: [CLOG]       > [CLevel::SaveChunks] terrain v.2
{20:51:11.235} DEBG: [CLOG]       > [CLevel::SaveChunks] Terrain v.2 end
{20:51:11.235} DEBG: [CLOG]       > [CLevel::SaveChunks] CGSObject data
{20:51:11.235} DEBG: [CLOG]       > [CLevel::SaveChunks] CGSObject data
{20:51:11.235} DEBG: [CLOG]       > [CLevel::SaveChunks] Envprobes
{20:51:11.235} DEBG: [CLOG]       > [CGameEditor::SaveGameModule] end
{20:51:11.243} INFO: [Editor]     > Save module succeeded.
{20:51:11.244} INFO: [Editor]     > Compile map succeeded.
{20:52:19.376} INFO: [Editor]     > Generate Map Portals succeeded.
{20:52:19.377} INFO: [Editor]     > Quest Hubs succeeded.
{20:52:19.398} DEBG: [CLOG]       > [CGameEditor::SaveGameModule] start
{20:52:19.398} DEBG: [CLOG]       > [CLevel::SaveChunks] grid saved
{20:52:19.398} DEBG: [CLOG]       > [CLevel::SaveChunks] terrain end
{20:52:19.398} DEBG: [CLOG]       > [CLevel::SaveChunks] trees
{20:52:19.398} DEBG: [CLOG]       > [CLevel::SaveChunks] trees end
{20:52:19.398} DEBG: [CLOG]       > [CLevel::SaveChunks] mesh visibility parameters start
{20:52:19.412} DEBG: [CLOG]       > [CLevel::SaveChunks] mesh visibility parameters end
{20:52:19.412} DEBG: [CLOG]       > [CLevel::SaveChunks] grid objects sort
{20:52:19.413} DEBG: [CLOG]       > [CLevel::SaveChunks] grid objects save
{20:52:19.413} DEBG: [CLOG]       > [CLevel::SaveChunks] gs objects sort
{20:52:19.413} DEBG: [CLOG]       > [CLevel::SaveChunks] gs objects save
{20:52:19.413} DEBG: [CLOG]       > [CLevel::SaveChunks] gs objects saved
{20:52:19.413} DEBG: [CLOG]       > [CLevel::SaveChunks] movies
{20:52:19.413} DEBG: [CLOG]       > [CLevel::SaveChunks] movies end
{20:52:19.414} DEBG: [CLOG]       > [CLevel::SaveChunks] occluders
{20:52:19.414} DEBG: [CLOG]       > [CLevel::SaveChunks] roads
{20:52:19.414} DEBG: [CLOG]       > [CLevel::SaveChunks] roads end
{20:52:19.414} DEBG: [CLOG]       > [CLevel::SaveChunks] decals end
{20:52:19.414} DEBG: [CLOG]       > [CLevel::SaveChunks] shapes
{20:52:19.414} DEBG: [CLOG]       > [CLevel::SaveChunks] shapes end
{20:52:19.414} DEBG: [CLOG]       > [CLevel::SaveChunks] lofter
{20:52:19.414} DEBG: [CLOG]       > [CLevel::SaveChunks] lofter end
{20:52:19.414} DEBG: [CLOG]       > [CLevel::SaveChunks] terrain v.2
{20:52:19.414} DEBG: [CLOG]       > [CLevel::SaveChunks] Terrain v.2 end
{20:52:19.414} DEBG: [CLOG]       > [CLevel::SaveChunks] CGSObject data
{20:52:19.414} DEBG: [CLOG]       > [CLevel::SaveChunks] CGSObject data
{20:52:19.414} DEBG: [CLOG]       > [CLevel::SaveChunks] Envprobes
{20:52:19.414} DEBG: [CLOG]       > [CGameEditor::SaveGameModule] end
{20:52:19.423} INFO: [Editor]     > Save module succeeded.
{20:52:26.387} WARN: [WARN]       > Skin 'default' not found for mesh 'catwalk_stairs_h6m_a.msh'. Trying default skin...
{20:52:26.387} WARN: [WARN]       > Skin 'Default' not found for mesh 'catwalk_stairs_h6m_a.msh'!
{20:52:26.387} ERRR: [ERRR]       > CMesh::Initialize: cannot apply skin 'default' in mesh 'catwalk_stairs_h6m_a.msh'
{20:52:26.387} WARN: [WARN]       > Skin 'default' not found for mesh 'int_low_wall_dest_a.msh'. Trying default skin...
{20:52:26.387} WARN: [WARN]       > Skin 'Default' not found for mesh 'int_low_wall_dest_a.msh'!
{20:52:26.387} ERRR: [ERRR]       > CMesh::Initialize: cannot apply skin 'default' in mesh 'int_low_wall_dest_a.msh'
{20:52:26.429} INFO: [Editor]     > Generate Map Portals succeeded.
{20:52:26.430} INFO: [Editor]     > Quest Hubs succeeded.
{20:52:26.442} DEBG: [CLOG]       > [CGameEditor::SaveGameModule] start
{20:52:26.442} DEBG: [CLOG]       > [CLevel::SaveChunks] grid saved
{20:52:26.442} DEBG: [CLOG]       > [CLevel::SaveChunks] terrain end
{20:52:26.442} DEBG: [CLOG]       > [CLevel::SaveChunks] trees
{20:52:26.442} DEBG: [CLOG]       > [CLevel::SaveChunks] trees end
{20:52:26.442} DEBG: [CLOG]       > [CLevel::SaveChunks] mesh visibility parameters start
{20:52:26.445} DEBG: [CLOG]       > [CLevel::SaveChunks] mesh visibility parameters end
{20:52:26.445} DEBG: [CLOG]       > [CLevel::SaveChunks] grid objects sort
{20:52:26.445} DEBG: [CLOG]       > [CLevel::SaveChunks] grid objects save
{20:52:26.446} DEBG: [CLOG]       > [CLevel::SaveChunks] gs objects sort
{20:52:26.446} DEBG: [CLOG]       > [CLevel::SaveChunks] gs objects save
{20:52:26.446} DEBG: [CLOG]       > [CLevel::SaveChunks] gs objects saved
{20:52:26.446} DEBG: [CLOG]       > [CLevel::SaveChunks] movies
{20:52:26.446} DEBG: [CLOG]       > [CLevel::SaveChunks] movies end
{20:52:26.446} DEBG: [CLOG]       > [CLevel::SaveChunks] occluders
{20:52:26.446} DEBG: [CLOG]       > [CLevel::SaveChunks] roads
{20:52:26.446} DEBG: [CLOG]       > [CLevel::SaveChunks] roads end
{20:52:26.446} DEBG: [CLOG]       > [CLevel::SaveChunks] decals end
{20:52:26.446} DEBG: [CLOG]       > [CLevel::SaveChunks] shapes
{20:52:26.446} DEBG: [CLOG]       > [CLevel::SaveChunks] shapes end
{20:52:26.446} DEBG: [CLOG]       > [CLevel::SaveChunks] lofter end
{20:52:26.446} DEBG: [CLOG]       > [CLevel::SaveChunks] terrain v.2
{20:52:26.446} DEBG: [CLOG]       > [CLevel::SaveChunks] Terrain v.2 end
{20:52:26.447} DEBG: [CLOG]       > [CLevel::SaveChunks] CGSObject data
{20:52:26.447} DEBG: [CLOG]       > [CLevel::SaveChunks] CGSObject data
{20:52:26.447} DEBG: [CLOG]       > [CLevel::SaveChunks] Envprobes
{20:52:26.447} DEBG: [CLOG]       > [CGameEditor::SaveGameModule] end
{20:52:26.456} INFO: [Editor]     > Save module succeeded.
{20:52:26.456} INFO: [Editor]     > Compile map succeeded.
{20:57:41.339} WARN: [WARN]       > Skin 'Default' not found for mesh 'int_low_wall_dest_a.msh'. Trying default skin...
{20:57:41.339} WARN: [WARN]       > Skin 'Default' not found for mesh 'int_low_wall_dest_a.msh'!
{20:57:41.339} ERRR: [ERRR]       > CMesh::Initialize: cannot apply skin '' in mesh 'int_low_wall_dest_a.msh'
{20:57:41.340} WARN: [WARN]       > Skin 'Default' not found for mesh 'loot_wardrobe_anm.msh'. Trying default skin...
{20:57:41.340} WARN: [WARN]       > Skin 'Default' not found for mesh 'loot_wardrobe_anm.msh'!
{20:57:41.340} ERRR: [ERRR]       > CMesh::Initialize: cannot apply skin 'Default' in mesh 'loot_wardrobe_anm.msh'
{20:57:41.344} WARN: [WARN]       > Skin 'Default' not found for mesh 'int_low_wall_dest_a.msh'. Trying default skin...
{20:57:41.344} WARN: [WARN]       > Skin 'Default' not found for mesh 'int_low_wall_dest_a.msh'!
{20:57:41.344} ERRR: [ERRR]       > CMesh::Initialize: cannot apply skin '' in mesh 'int_low_wall_dest_a.msh'
{20:57:41.346} WARN: [WARN]       > Skin 'Default' not found for mesh 'loot_wardrobe_anm.msh'. Trying default skin...
{20:57:41.346} WARN: [WARN]       > Skin 'Default' not found for mesh 'loot_wardrobe_anm.msh'!
{20:57:41.346} ERRR: [ERRR]       > CMesh::Initialize: cannot apply skin 'Default' in mesh 'loot_wardrobe_anm.msh'
{20:57:41.350} WARN: [WARN]       > Skin 'Default' not found for mesh 'int_low_wall_dest_a.msh'. Trying default skin...
{20:57:41.350} WARN: [WARN]       > Skin 'Default' not found for mesh 'int_low_wall_dest_a.msh'!
{20:57:41.351} WARN: [WARN]       > Skin 'Default' not found for mesh 'loot_wardrobe_anm.msh'. Trying default skin...
{20:57:41.351} WARN: [WARN]       > Skin 'Default' not found for mesh 'loot_wardrobe_anm.msh'!
{21:02:57.695} INFO: [Editor]     > Generate Map Portals succeeded.
{21:02:57.696} INFO: [Editor]     > Quest Hubs succeeded.
{21:02:57.712} DEBG: [CLOG]       > [CGameEditor::SaveGameModule] start
{21:02:57.712} DEBG: [CLOG]       > [CLevel::SaveChunks] grid saved
{21:02:57.712} DEBG: [CLOG]       > [CLevel::SaveChunks] terrain end
{21:02:57.712} DEBG: [CLOG]       > [CLevel::SaveChunks] trees
{21:02:57.712} DEBG: [CLOG]       > [CLevel::SaveChunks] trees end
{21:02:57.712} DEBG: [CLOG]       > [CLevel::SaveChunks] mesh visibility parameters start
{21:02:57.718} DEBG: [CLOG]       > [CLevel::SaveChunks] mesh visibility parameters end
{21:02:57.718} DEBG: [CLOG]       > [CLevel::SaveChunks] grid objects sort
{21:02:57.718} DEBG: [CLOG]       > [CLevel::SaveChunks] grid objects save
{21:02:57.719} DEBG: [CLOG]       > [CLevel::SaveChunks] gs objects sort
{21:02:57.719} DEBG: [CLOG]       > [CLevel::SaveChunks] gs objects save
{21:02:57.719} DEBG: [CLOG]       > [CLevel::SaveChunks] gs objects saved
{21:02:57.719} DEBG: [CLOG]       > [CLevel::SaveChunks] movies
{21:02:57.719} DEBG: [CLOG]       > [CLevel::SaveChunks] movies end
{21:02:57.719} DEBG: [CLOG]       > [CLevel::SaveChunks] occluders
{21:02:57.719} DEBG: [CLOG]       > [CLevel::SaveChunks] roads
{21:02:57.720} DEBG: [CLOG]       > [CLevel::SaveChunks] roads end
{21:02:57.720} DEBG: [CLOG]       > [CLevel::SaveChunks] decals end
{21:02:57.720} DEBG: [CLOG]       > [CLevel::SaveChunks] shapes
{21:02:57.720} DEBG: [CLOG]       > [CLevel::SaveChunks] shapes end
{21:02:57.720} DEBG: [CLOG]       > [CLevel::SaveChunks] lofter
{21:02:57.720} DEBG: [CLOG]       > [CLevel::SaveChunks] lofter end
{21:02:57.720} DEBG: [CLOG]       > [CLevel::SaveChunks] terrain v.2
{21:02:57.720} DEBG: [CLOG]       > [CLevel::SaveChunks] Terrain v.2 end
{21:02:57.720} DEBG: [CLOG]       > [CLevel::SaveChunks] CGSObject data
{21:02:57.720} DEBG: [CLOG]       > [CLevel::SaveChunks] CGSObject data
{21:02:57.720} DEBG: [CLOG]       > [CLevel::SaveChunks] Envprobes
{21:02:57.720} DEBG: [CLOG]       > [CGameEditor::SaveGameModule] end
{21:02:57.729} INFO: [Editor]     > Save module succeeded.
{21:03:07.181} WARN: [WARN]       > Skin 'default' not found for mesh 'catwalk_stairs_h6m_a.msh'. Trying default skin...
{21:03:07.181} WARN: [WARN]       > Skin 'Default' not found for mesh 'catwalk_stairs_h6m_a.msh'!
{21:03:07.181} ERRR: [ERRR]       > CMesh::Initialize: cannot apply skin 'default' in mesh 'catwalk_stairs_h6m_a.msh'
{21:03:07.181} WARN: [WARN]       > Skin 'default' not found for mesh 'int_low_wall_dest_a.msh'. Trying default skin...
{21:03:07.181} WARN: [WARN]       > Skin 'Default' not found for mesh 'int_low_wall_dest_a.msh'!
{21:03:07.181} ERRR: [ERRR]       > CMesh::Initialize: cannot apply skin 'default' in mesh 'int_low_wall_dest_a.msh'
{21:03:07.208} INFO: [Editor]     > Generate Map Portals succeeded.
{21:03:07.208} INFO: [Editor]     > Quest Hubs succeeded.
{21:03:07.220} DEBG: [CLOG]       > [CGameEditor::SaveGameModule] start
{21:03:07.220} DEBG: [CLOG]       > [CLevel::SaveChunks] grid saved
{21:03:07.220} DEBG: [CLOG]       > [CLevel::SaveChunks] terrain end
{21:03:07.220} DEBG: [CLOG]       > [CLevel::SaveChunks] trees
{21:03:07.220} DEBG: [CLOG]       > [CLevel::SaveChunks] trees end
{21:03:07.220} DEBG: [CLOG]       > [CLevel::SaveChunks] mesh visibility parameters start
{21:03:07.224} DEBG: [CLOG]       > [CLevel::SaveChunks] mesh visibility parameters end
{21:03:07.224} DEBG: [CLOG]       > [CLevel::SaveChunks] grid objects sort
{21:03:07.224} DEBG: [CLOG]       > [CLevel::SaveChunks] grid objects save
{21:03:07.225} DEBG: [CLOG]       > [CLevel::SaveChunks] gs objects sort
{21:03:07.225} DEBG: [CLOG]       > [CLevel::SaveChunks] gs objects save
{21:03:07.225} DEBG: [CLOG]       > [CLevel::SaveChunks] gs objects saved
{21:03:07.225} DEBG: [CLOG]       > [CLevel::SaveChunks] movies
{21:03:07.225} DEBG: [CLOG]       > [CLevel::SaveChunks] movies end
{21:03:07.225} DEBG: [CLOG]       > [CLevel::SaveChunks] occluders
{21:03:07.225} DEBG: [CLOG]       > [CLevel::SaveChunks] roads
{21:03:07.225} DEBG: [CLOG]       > [CLevel::SaveChunks] roads end
{21:03:07.225} DEBG: [CLOG]       > [CLevel::SaveChunks] decals end
{21:03:07.225} DEBG: [CLOG]       > [CLevel::SaveChunks] shapes
{21:03:07.225} DEBG: [CLOG]       > [CLevel::SaveChunks] shapes end
{21:03:07.225} DEBG: [CLOG]       > [CLevel::SaveChunks] lofter end
{21:03:07.225} DEBG: [CLOG]       > [CLevel::SaveChunks] terrain v.2
{21:03:07.225} DEBG: [CLOG]       > [CLevel::SaveChunks] Terrain v.2 end
{21:03:07.225} DEBG: [CLOG]       > [CLevel::SaveChunks] CGSObject data
{21:03:07.225} DEBG: [CLOG]       > [CLevel::SaveChunks] CGSObject data
{21:03:07.225} DEBG: [CLOG]       > [CLevel::SaveChunks] Envprobes
{21:03:07.225} DEBG: [CLOG]       > [CGameEditor::SaveGameModule] end
{21:03:07.233} INFO: [Editor]     > Save module succeeded.
{21:03:07.234} INFO: [Editor]     > Compile map succeeded.
{21:33:17.219} INFO: [Editor]     > Generate Map Portals succeeded.
{21:33:17.221} INFO: [Editor]     > Quest Hubs succeeded.
{21:33:17.242} DEBG: [CLOG]       > [CGameEditor::SaveGameModule] start
{21:33:17.243} DEBG: [CLOG]       > [CLevel::SaveChunks] grid saved
{21:33:17.243} DEBG: [CLOG]       > [CLevel::SaveChunks] terrain end
{21:33:17.243} DEBG: [CLOG]       > [CLevel::SaveChunks] trees
{21:33:17.243} DEBG: [CLOG]       > [CLevel::SaveChunks] trees end
{21:33:17.243} DEBG: [CLOG]       > [CLevel::SaveChunks] mesh visibility parameters start
{21:33:17.253} DEBG: [CLOG]       > [CLevel::SaveChunks] mesh visibility parameters end
{21:33:17.253} DEBG: [CLOG]       > [CLevel::SaveChunks] grid objects sort
{21:33:17.253} DEBG: [CLOG]       > [CLevel::SaveChunks] grid objects save
{21:33:17.255} DEBG: [CLOG]       > [CLevel::SaveChunks] gs objects sort
{21:33:17.256} DEBG: [CLOG]       > [CLevel::SaveChunks] gs objects save
{21:33:17.256} DEBG: [CLOG]       > [CLevel::SaveChunks] gs objects saved
{21:33:17.256} DEBG: [CLOG]       > [CLevel::SaveChunks] movies
{21:33:17.256} DEBG: [CLOG]       > [CLevel::SaveChunks] movies end
{21:33:17.256} DEBG: [CLOG]       > [CLevel::SaveChunks] occluders
{21:33:17.257} DEBG: [CLOG]       > [CLevel::SaveChunks] roads
{21:33:17.258} DEBG: [CLOG]       > [CLevel::SaveChunks] roads end
{21:33:17.258} DEBG: [CLOG]       > [CLevel::SaveChunks] decals end
{21:33:17.258} DEBG: [CLOG]       > [CLevel::SaveChunks] shapes
{21:33:17.258} DEBG: [CLOG]       > [CLevel::SaveChunks] shapes end
{21:33:17.258} DEBG: [CLOG]       > [CLevel::SaveChunks] lofter
{21:33:17.258} DEBG: [CLOG]       > [CLevel::SaveChunks] lofter end
{21:33:17.258} DEBG: [CLOG]       > [CLevel::SaveChunks] terrain v.2
{21:33:17.258} DEBG: [CLOG]       > [CLevel::SaveChunks] Terrain v.2 end
{21:33:17.258} DEBG: [CLOG]       > [CLevel::SaveChunks] CGSObject data
{21:33:17.258} DEBG: [CLOG]       > [CLevel::SaveChunks] CGSObject data
{21:33:17.258} DEBG: [CLOG]       > [CLevel::SaveChunks] Envprobes
{21:33:17.258} DEBG: [CLOG]       > [CGameEditor::SaveGameModule] end
{21:33:17.271} INFO: [Editor]     > Save module succeeded.
{21:33:30.156} WARN: [WARN]       > Skin 'default' not found for mesh 'catwalk_stairs_h6m_a.msh'. Trying default skin...
{21:33:30.156} WARN: [WARN]       > Skin 'Default' not found for mesh 'catwalk_stairs_h6m_a.msh'!
{21:33:30.156} ERRR: [ERRR]       > CMesh::Initialize: cannot apply skin 'default' in mesh 'catwalk_stairs_h6m_a.msh'
{21:33:30.156} WARN: [WARN]       > Skin 'default' not found for mesh 'int_low_wall_dest_a.msh'. Trying default skin...
{21:33:30.156} WARN: [WARN]       > Skin 'Default' not found for mesh 'int_low_wall_dest_a.msh'!
{21:33:30.156} ERRR: [ERRR]       > CMesh::Initialize: cannot apply skin 'default' in mesh 'int_low_wall_dest_a.msh'
{21:33:30.185} INFO: [Editor]     > Generate Map Portals succeeded.
{21:33:30.186} INFO: [Editor]     > Quest Hubs succeeded.
{21:33:30.199} DEBG: [CLOG]       > [CGameEditor::SaveGameModule] start
{21:33:30.199} DEBG: [CLOG]       > [CLevel::SaveChunks] grid saved
{21:33:30.199} DEBG: [CLOG]       > [CLevel::SaveChunks] terrain end
{21:33:30.199} DEBG: [CLOG]       > [CLevel::SaveChunks] trees
{21:33:30.199} DEBG: [CLOG]       > [CLevel::SaveChunks] trees end
{21:33:30.199} DEBG: [CLOG]       > [CLevel::SaveChunks] mesh visibility parameters start
{21:33:30.203} DEBG: [CLOG]       > [CLevel::SaveChunks] mesh visibility parameters end
{21:33:30.203} DEBG: [CLOG]       > [CLevel::SaveChunks] grid objects sort
{21:33:30.203} DEBG: [CLOG]       > [CLevel::SaveChunks] grid objects save
{21:33:30.205} DEBG: [CLOG]       > [CLevel::SaveChunks] gs objects sort
{21:33:30.205} DEBG: [CLOG]       > [CLevel::SaveChunks] gs objects save
{21:33:30.205} DEBG: [CLOG]       > [CLevel::SaveChunks] gs objects saved
{21:33:30.205} DEBG: [CLOG]       > [CLevel::SaveChunks] movies
{21:33:30.205} DEBG: [CLOG]       > [CLevel::SaveChunks] movies end
{21:33:30.205} DEBG: [CLOG]       > [CLevel::SaveChunks] occluders
{21:33:30.205} DEBG: [CLOG]       > [CLevel::SaveChunks] roads
{21:33:30.206} DEBG: [CLOG]       > [CLevel::SaveChunks] roads end
{21:33:30.206} DEBG: [CLOG]       > [CLevel::SaveChunks] decals end
{21:33:30.206} DEBG: [CLOG]       > [CLevel::SaveChunks] shapes
{21:33:30.206} DEBG: [CLOG]       > [CLevel::SaveChunks] shapes end
{21:33:30.206} DEBG: [CLOG]       > [CLevel::SaveChunks] lofter end
{21:33:30.206} DEBG: [CLOG]       > [CLevel::SaveChunks] terrain v.2
{21:33:30.206} DEBG: [CLOG]       > [CLevel::SaveChunks] Terrain v.2 end
{21:33:30.206} DEBG: [CLOG]       > [CLevel::SaveChunks] CGSObject data
{21:33:30.206} DEBG: [CLOG]       > [CLevel::SaveChunks] CGSObject data
{21:33:30.206} DEBG: [CLOG]       > [CLevel::SaveChunks] Envprobes
{21:33:30.206} DEBG: [CLOG]       > [CGameEditor::SaveGameModule] end
{21:33:30.214} INFO: [Editor]     > Save module succeeded.
{21:33:30.214} INFO: [Editor]     > Compile map succeeded.
{21:48:21.652} INFO: [Editor]     > Generate Map Portals succeeded.
{21:48:21.654} INFO: [Editor]     > Quest Hubs succeeded.
{21:48:21.678} DEBG: [CLOG]       > [CGameEditor::SaveGameModule] start
{21:48:21.678} DEBG: [CLOG]       > [CLevel::SaveChunks] grid saved
{21:48:21.678} DEBG: [CLOG]       > [CLevel::SaveChunks] terrain end
{21:48:21.678} DEBG: [CLOG]       > [CLevel::SaveChunks] trees
{21:48:21.678} DEBG: [CLOG]       > [CLevel::SaveChunks] trees end
{21:48:21.678} DEBG: [CLOG]       > [CLevel::SaveChunks] mesh visibility parameters start
{21:48:21.685} DEBG: [CLOG]       > [CLevel::SaveChunks] mesh visibility parameters end
{21:48:21.685} DEBG: [CLOG]       > [CLevel::SaveChunks] grid objects sort
{21:48:21.685} DEBG: [CLOG]       > [CLevel::SaveChunks] grid objects save
{21:48:21.686} DEBG: [CLOG]       > [CLevel::SaveChunks] gs objects sort
{21:48:21.686} DEBG: [CLOG]       > [CLevel::SaveChunks] gs objects save
{21:48:21.686} DEBG: [CLOG]       > [CLevel::SaveChunks] gs objects saved
{21:48:21.686} DEBG: [CLOG]       > [CLevel::SaveChunks] movies
{21:48:21.686} DEBG: [CLOG]       > [CLevel::SaveChunks] movies end
{21:48:21.686} DEBG: [CLOG]       > [CLevel::SaveChunks] occluders
{21:48:21.686} DEBG: [CLOG]       > [CLevel::SaveChunks] roads
{21:48:21.687} DEBG: [CLOG]       > [CLevel::SaveChunks] roads end
{21:48:21.687} DEBG: [CLOG]       > [CLevel::SaveChunks] decals end
{21:48:21.687} DEBG: [CLOG]       > [CLevel::SaveChunks] shapes
{21:48:21.687} DEBG: [CLOG]       > [CLevel::SaveChunks] shapes end
{21:48:21.687} DEBG: [CLOG]       > [CLevel::SaveChunks] lofter
{21:48:21.687} DEBG: [CLOG]       > [CLevel::SaveChunks] lofter end
{21:48:21.687} DEBG: [CLOG]       > [CLevel::SaveChunks] terrain v.2
{21:48:21.687} DEBG: [CLOG]       > [CLevel::SaveChunks] Terrain v.2 end
{21:48:21.687} DEBG: [CLOG]       > [CLevel::SaveChunks] CGSObject data
{21:48:21.687} DEBG: [CLOG]       > [CLevel::SaveChunks] CGSObject data
{21:48:21.687} DEBG: [CLOG]       > [CLevel::SaveChunks] Envprobes
{21:48:21.687} DEBG: [CLOG]       > [CGameEditor::SaveGameModule] end
{21:48:21.698} INFO: [Editor]     > Save module succeeded.
{21:48:32.690} WARN: [WARN]       > Skin 'default' not found for mesh 'catwalk_stairs_h6m_a.msh'. Trying default skin...
{21:48:32.690} WARN: [WARN]       > Skin 'Default' not found for mesh 'catwalk_stairs_h6m_a.msh'!
{21:48:32.690} ERRR: [ERRR]       > CMesh::Initialize: cannot apply skin 'default' in mesh 'catwalk_stairs_h6m_a.msh'
{21:48:32.690} WARN: [WARN]       > Skin 'default' not found for mesh 'int_low_wall_dest_a.msh'. Trying default skin...
{21:48:32.690} WARN: [WARN]       > Skin 'Default' not found for mesh 'int_low_wall_dest_a.msh'!
{21:48:32.690} ERRR: [ERRR]       > CMesh::Initialize: cannot apply skin 'default' in mesh 'int_low_wall_dest_a.msh'
{21:48:32.716} INFO: [Editor]     > Generate Map Portals succeeded.
{21:48:32.716} INFO: [Editor]     > Quest Hubs succeeded.
{21:48:32.726} DEBG: [CLOG]       > [CGameEditor::SaveGameModule] start
{21:48:32.726} DEBG: [CLOG]       > [CLevel::SaveChunks] grid saved
{21:48:32.726} DEBG: [CLOG]       > [CLevel::SaveChunks] terrain end
{21:48:32.726} DEBG: [CLOG]       > [CLevel::SaveChunks] trees
{21:48:32.726} DEBG: [CLOG]       > [CLevel::SaveChunks] trees end
{21:48:32.726} DEBG: [CLOG]       > [CLevel::SaveChunks] mesh visibility parameters start
{21:48:32.732} DEBG: [CLOG]       > [CLevel::SaveChunks] mesh visibility parameters end
{21:48:32.732} DEBG: [CLOG]       > [CLevel::SaveChunks] grid objects sort
{21:48:32.732} DEBG: [CLOG]       > [CLevel::SaveChunks] grid objects save
{21:48:32.733} DEBG: [CLOG]       > [CLevel::SaveChunks] gs objects sort
{21:48:32.733} DEBG: [CLOG]       > [CLevel::SaveChunks] gs objects save
{21:48:32.733} DEBG: [CLOG]       > [CLevel::SaveChunks] gs objects saved
{21:48:32.733} DEBG: [CLOG]       > [CLevel::SaveChunks] movies
{21:48:32.733} DEBG: [CLOG]       > [CLevel::SaveChunks] movies end
{21:48:32.734} DEBG: [CLOG]       > [CLevel::SaveChunks] occluders
{21:48:32.734} DEBG: [CLOG]       > [CLevel::SaveChunks] roads
{21:48:32.735} DEBG: [CLOG]       > [CLevel::SaveChunks] roads end
{21:48:32.735} DEBG: [CLOG]       > [CLevel::SaveChunks] decals end
{21:48:32.735} DEBG: [CLOG]       > [CLevel::SaveChunks] shapes
{21:48:32.735} DEBG: [CLOG]       > [CLevel::SaveChunks] shapes end
{21:48:32.735} DEBG: [CLOG]       > [CLevel::SaveChunks] lofter end
{21:48:32.735} DEBG: [CLOG]       > [CLevel::SaveChunks] terrain v.2
{21:48:32.735} DEBG: [CLOG]       > [CLevel::SaveChunks] Terrain v.2 end
{21:48:32.735} DEBG: [CLOG]       > [CLevel::SaveChunks] CGSObject data
{21:48:32.735} DEBG: [CLOG]       > [CLevel::SaveChunks] CGSObject data
{21:48:32.735} DEBG: [CLOG]       > [CLevel::SaveChunks] Envprobes
{21:48:32.735} DEBG: [CLOG]       > [CGameEditor::SaveGameModule] end
{21:48:32.746} INFO: [Editor]     > Save module succeeded.
{21:48:32.748} INFO: [Editor]     > Compile map succeeded.
{21:51:37.427} INFO: [Editor]     > Generate Map Portals succeeded.
{21:51:37.428} INFO: [Editor]     > Quest Hubs succeeded.
{21:51:37.448} DEBG: [CLOG]       > [CGameEditor::SaveGameModule] start
{21:51:37.448} DEBG: [CLOG]       > [CLevel::SaveChunks] grid saved
{21:51:37.448} DEBG: [CLOG]       > [CLevel::SaveChunks] terrain end
{21:51:37.448} DEBG: [CLOG]       > [CLevel::SaveChunks] trees
{21:51:37.448} DEBG: [CLOG]       > [CLevel::SaveChunks] trees end
{21:51:37.448} DEBG: [CLOG]       > [CLevel::SaveChunks] mesh visibility parameters start
{21:51:37.459} DEBG: [CLOG]       > [CLevel::SaveChunks] mesh visibility parameters end
{21:51:37.459} DEBG: [CLOG]       > [CLevel::SaveChunks] grid objects sort
{21:51:37.459} DEBG: [CLOG]       > [CLevel::SaveChunks] grid objects save
{21:51:37.460} DEBG: [CLOG]       > [CLevel::SaveChunks] gs objects sort
{21:51:37.460} DEBG: [CLOG]       > [CLevel::SaveChunks] gs objects save
{21:51:37.460} DEBG: [CLOG]       > [CLevel::SaveChunks] gs objects saved
{21:51:37.460} DEBG: [CLOG]       > [CLevel::SaveChunks] movies
{21:51:37.460} DEBG: [CLOG]       > [CLevel::SaveChunks] movies end
{21:51:37.460} DEBG: [CLOG]       > [CLevel::SaveChunks] occluders
{21:51:37.460} DEBG: [CLOG]       > [CLevel::SaveChunks] roads
{21:51:37.460} DEBG: [CLOG]       > [CLevel::SaveChunks] roads end
{21:51:37.460} DEBG: [CLOG]       > [CLevel::SaveChunks] decals end
{21:51:37.460} DEBG: [CLOG]       > [CLevel::SaveChunks] shapes
{21:51:37.460} DEBG: [CLOG]       > [CLevel::SaveChunks] shapes end
{21:51:37.460} DEBG: [CLOG]       > [CLevel::SaveChunks] lofter
{21:51:37.460} DEBG: [CLOG]       > [CLevel::SaveChunks] lofter end
{21:51:37.460} DEBG: [CLOG]       > [CLevel::SaveChunks] terrain v.2
{21:51:37.461} DEBG: [CLOG]       > [CLevel::SaveChunks] Terrain v.2 end
{21:51:37.461} DEBG: [CLOG]       > [CLevel::SaveChunks] CGSObject data
{21:51:37.461} DEBG: [CLOG]       > [CLevel::SaveChunks] CGSObject data
{21:51:37.461} DEBG: [CLOG]       > [CLevel::SaveChunks] Envprobes
{21:51:37.461} DEBG: [CLOG]       > [CGameEditor::SaveGameModule] end
{21:51:37.472} INFO: [Editor]     > Save module succeeded.
{21:51:44.402} WARN: [WARN]       > Skin 'Default' not found for mesh 'catwalk_stairs_h6m_a.msh'. Trying default skin...
{21:51:44.402} WARN: [WARN]       > Skin 'Default' not found for mesh 'catwalk_stairs_h6m_a.msh'!
{21:51:44.402} ERRR: [ERRR]       > CMesh::Initialize: cannot apply skin '' in mesh 'catwalk_stairs_h6m_a.msh'
{21:51:44.408} WARN: [WARN]       > Skin 'Default' not found for mesh 'catwalk_stairs_h6m_a.msh'. Trying default skin...
{21:51:44.408} WARN: [WARN]       > Skin 'Default' not found for mesh 'catwalk_stairs_h6m_a.msh'!
{21:51:44.408} ERRR: [ERRR]       > CMesh::Initialize: cannot apply skin '' in mesh 'catwalk_stairs_h6m_a.msh'
{21:51:44.411} WARN: [WARN]       > Skin 'Default' not found for mesh 'catwalk_stairs_h6m_a.msh'. Trying default skin...
{21:51:44.411} WARN: [WARN]       > Skin 'Default' not found for mesh 'catwalk_stairs_h6m_a.msh'!
{21:51:53.368} WARN: [WARN]       > Skin 'Default' not found for mesh 'int_low_wall_dest_a.msh'. Trying default skin...
{21:51:53.368} WARN: [WARN]       > Skin 'Default' not found for mesh 'int_low_wall_dest_a.msh'!
{21:51:53.368} ERRR: [ERRR]       > CMesh::Initialize: cannot apply skin '' in mesh 'int_low_wall_dest_a.msh'
{21:51:53.370} WARN: [WARN]       > Skin 'Default' not found for mesh 'loot_wardrobe_anm.msh'. Trying default skin...
{21:51:53.370} WARN: [WARN]       > Skin 'Default' not found for mesh 'loot_wardrobe_anm.msh'!
{21:51:53.370} ERRR: [ERRR]       > CMesh::Initialize: cannot apply skin 'Default' in mesh 'loot_wardrobe_anm.msh'
{21:51:53.373} WARN: [WARN]       > Skin 'Default' not found for mesh 'int_low_wall_dest_a.msh'. Trying default skin...
{21:51:53.373} WARN: [WARN]       > Skin 'Default' not found for mesh 'int_low_wall_dest_a.msh'!
{21:51:53.373} ERRR: [ERRR]       > CMesh::Initialize: cannot apply skin '' in mesh 'int_low_wall_dest_a.msh'
{21:51:53.375} WARN: [WARN]       > Skin 'Default' not found for mesh 'loot_wardrobe_anm.msh'. Trying default skin...
{21:51:53.375} WARN: [WARN]       > Skin 'Default' not found for mesh 'loot_wardrobe_anm.msh'!
{21:51:53.375} ERRR: [ERRR]       > CMesh::Initialize: cannot apply skin 'Default' in mesh 'loot_wardrobe_anm.msh'
{21:51:53.378} WARN: [WARN]       > Skin 'Default' not found for mesh 'int_low_wall_dest_a.msh'. Trying default skin...
{21:51:53.378} WARN: [WARN]       > Skin 'Default' not found for mesh 'int_low_wall_dest_a.msh'!
{21:51:53.379} WARN: [WARN]       > Skin 'Default' not found for mesh 'loot_wardrobe_anm.msh'. Trying default skin...
{21:51:53.379} WARN: [WARN]       > Skin 'Default' not found for mesh 'loot_wardrobe_anm.msh'!
{21:51:59.420} INFO: [Editor]     > Generate Map Portals succeeded.
{21:51:59.423} INFO: [Editor]     > Quest Hubs succeeded.
{21:51:59.443} DEBG: [CLOG]       > [CGameEditor::SaveGameModule] start
{21:51:59.443} DEBG: [CLOG]       > [CLevel::SaveChunks] grid saved
{21:51:59.443} DEBG: [CLOG]       > [CLevel::SaveChunks] terrain end
{21:51:59.443} DEBG: [CLOG]       > [CLevel::SaveChunks] trees
{21:51:59.443} DEBG: [CLOG]       > [CLevel::SaveChunks] trees end
{21:51:59.443} DEBG: [CLOG]       > [CLevel::SaveChunks] mesh visibility parameters start
{21:51:59.453} DEBG: [CLOG]       > [CLevel::SaveChunks] mesh visibility parameters end
{21:51:59.453} DEBG: [CLOG]       > [CLevel::SaveChunks] grid objects sort
{21:51:59.453} DEBG: [CLOG]       > [CLevel::SaveChunks] grid objects save
{21:51:59.455} DEBG: [CLOG]       > [CLevel::SaveChunks] gs objects sort
{21:51:59.455} DEBG: [CLOG]       > [CLevel::SaveChunks] gs objects save
{21:51:59.455} DEBG: [CLOG]       > [CLevel::SaveChunks] gs objects saved
{21:51:59.455} DEBG: [CLOG]       > [CLevel::SaveChunks] movies
{21:51:59.455} DEBG: [CLOG]       > [CLevel::SaveChunks] movies end
{21:51:59.456} DEBG: [CLOG]       > [CLevel::SaveChunks] occluders
{21:51:59.456} DEBG: [CLOG]       > [CLevel::SaveChunks] roads
{21:51:59.457} DEBG: [CLOG]       > [CLevel::SaveChunks] roads end
{21:51:59.457} DEBG: [CLOG]       > [CLevel::SaveChunks] decals end
{21:51:59.457} DEBG: [CLOG]       > [CLevel::SaveChunks] shapes
{21:51:59.457} DEBG: [CLOG]       > [CLevel::SaveChunks] shapes end
{21:51:59.457} DEBG: [CLOG]       > [CLevel::SaveChunks] lofter
{21:51:59.457} DEBG: [CLOG]       > [CLevel::SaveChunks] lofter end
{21:51:59.457} DEBG: [CLOG]       > [CLevel::SaveChunks] terrain v.2
{21:51:59.457} DEBG: [CLOG]       > [CLevel::SaveChunks] Terrain v.2 end
{21:51:59.457} DEBG: [CLOG]       > [CLevel::SaveChunks] CGSObject data
{21:51:59.457} DEBG: [CLOG]       > [CLevel::SaveChunks] CGSObject data
{21:51:59.457} DEBG: [CLOG]       > [CLevel::SaveChunks] Envprobes
{21:51:59.457} DEBG: [CLOG]       > [CGameEditor::SaveGameModule] end
{21:51:59.467} INFO: [Editor]     > Save module succeeded.
{21:52:08.911} WARN: [WARN]       > Skin 'default' not found for mesh 'catwalk_stairs_h6m_a.msh'. Trying default skin...
{21:52:08.911} WARN: [WARN]       > Skin 'Default' not found for mesh 'catwalk_stairs_h6m_a.msh'!
{21:52:08.911} ERRR: [ERRR]       > CMesh::Initialize: cannot apply skin 'default' in mesh 'catwalk_stairs_h6m_a.msh'
{21:52:08.911} WARN: [WARN]       > Skin 'default' not found for mesh 'int_low_wall_dest_a.msh'. Trying default skin...
{21:52:08.911} WARN: [WARN]       > Skin 'Default' not found for mesh 'int_low_wall_dest_a.msh'!
{21:52:08.911} ERRR: [ERRR]       > CMesh::Initialize: cannot apply skin 'default' in mesh 'int_low_wall_dest_a.msh'
{21:52:08.944} INFO: [Editor]     > Generate Map Portals succeeded.
{21:52:08.944} INFO: [Editor]     > Quest Hubs succeeded.
{21:52:08.962} DEBG: [CLOG]       > [CGameEditor::SaveGameModule] start
{21:52:08.962} DEBG: [CLOG]       > [CLevel::SaveChunks] grid saved
{21:52:08.962} DEBG: [CLOG]       > [CLevel::SaveChunks] terrain end
{21:52:08.962} DEBG: [CLOG]       > [CLevel::SaveChunks] trees
{21:52:08.962} DEBG: [CLOG]       > [CLevel::SaveChunks] trees end
{21:52:08.962} DEBG: [CLOG]       > [CLevel::SaveChunks] mesh visibility parameters start
{21:52:08.966} DEBG: [CLOG]       > [CLevel::SaveChunks] mesh visibility parameters end
{21:52:08.966} DEBG: [CLOG]       > [CLevel::SaveChunks] grid objects sort
{21:52:08.966} DEBG: [CLOG]       > [CLevel::SaveChunks] grid objects save
{21:52:08.968} DEBG: [CLOG]       > [CLevel::SaveChunks] gs objects sort
{21:52:08.968} DEBG: [CLOG]       > [CLevel::SaveChunks] gs objects save
{21:52:08.968} DEBG: [CLOG]       > [CLevel::SaveChunks] gs objects saved
{21:52:08.968} DEBG: [CLOG]       > [CLevel::SaveChunks] movies
{21:52:08.968} DEBG: [CLOG]       > [CLevel::SaveChunks] movies end
{21:52:08.968} DEBG: [CLOG]       > [CLevel::SaveChunks] occluders
{21:52:08.968} DEBG: [CLOG]       > [CLevel::SaveChunks] roads
{21:52:08.969} DEBG: [CLOG]       > [CLevel::SaveChunks] roads end
{21:52:08.969} DEBG: [CLOG]       > [CLevel::SaveChunks] decals end
{21:52:08.969} DEBG: [CLOG]       > [CLevel::SaveChunks] shapes
{21:52:08.969} DEBG: [CLOG]       > [CLevel::SaveChunks] shapes end
{21:52:08.969} DEBG: [CLOG]       > [CLevel::SaveChunks] lofter end
{21:52:08.969} DEBG: [CLOG]       > [CLevel::SaveChunks] terrain v.2
{21:52:08.969} DEBG: [CLOG]       > [CLevel::SaveChunks] Terrain v.2 end
{21:52:08.969} DEBG: [CLOG]       > [CLevel::SaveChunks] CGSObject data
{21:52:08.969} DEBG: [CLOG]       > [CLevel::SaveChunks] CGSObject data
{21:52:08.969} DEBG: [CLOG]       > [CLevel::SaveChunks] Envprobes
{21:52:08.969} DEBG: [CLOG]       > [CGameEditor::SaveGameModule] end
{21:52:08.977} INFO: [Editor]     > Save module succeeded.
{21:52:08.978} INFO: [Editor]     > Compile map succeeded.
{21:56:34.591} WARN: [WARN]       > Skin 'Default' not found for mesh 'catwalk_stairs_h6m_a.msh'. Trying default skin...
{21:56:34.591} WARN: [WARN]       > Skin 'Default' not found for mesh 'catwalk_stairs_h6m_a.msh'!
{21:56:34.591} ERRR: [ERRR]       > CMesh::Initialize: cannot apply skin '' in mesh 'catwalk_stairs_h6m_a.msh'
{21:56:34.593} WARN: [WARN]       > Skin 'Default' not found for mesh 'catwalk_stairs_h6m_a.msh'. Trying default skin...
{21:56:34.593} WARN: [WARN]       > Skin 'Default' not found for mesh 'catwalk_stairs_h6m_a.msh'!
{21:56:34.593} ERRR: [ERRR]       > CMesh::Initialize: cannot apply skin '' in mesh 'catwalk_stairs_h6m_a.msh'
{21:56:34.596} WARN: [WARN]       > Skin 'Default' not found for mesh 'catwalk_stairs_h6m_a.msh'. Trying default skin...
{21:56:34.596} WARN: [WARN]       > Skin 'Default' not found for mesh 'catwalk_stairs_h6m_a.msh'!
{21:57:34.590} INFO: [Editor]     > Generate Map Portals succeeded.
{21:57:34.591} INFO: [Editor]     > Quest Hubs succeeded.
{21:57:34.609} DEBG: [CLOG]       > [CGameEditor::SaveGameModule] start
{21:57:34.610} DEBG: [CLOG]       > [CLevel::SaveChunks] grid saved
{21:57:34.610} DEBG: [CLOG]       > [CLevel::SaveChunks] terrain end
{21:57:34.610} DEBG: [CLOG]       > [CLevel::SaveChunks] trees
{21:57:34.610} DEBG: [CLOG]       > [CLevel::SaveChunks] trees end
{21:57:34.610} DEBG: [CLOG]       > [CLevel::SaveChunks] mesh visibility parameters start
{21:57:34.618} DEBG: [CLOG]       > [CLevel::SaveChunks] mesh visibility parameters end
{21:57:34.618} DEBG: [CLOG]       > [CLevel::SaveChunks] grid objects sort
{21:57:34.618} DEBG: [CLOG]       > [CLevel::SaveChunks] grid objects save
{21:57:34.619} DEBG: [CLOG]       > [CLevel::SaveChunks] gs objects sort
{21:57:34.619} DEBG: [CLOG]       > [CLevel::SaveChunks] gs objects save
{21:57:34.619} DEBG: [CLOG]       > [CLevel::SaveChunks] gs objects saved
{21:57:34.619} DEBG: [CLOG]       > [CLevel::SaveChunks] movies
{21:57:34.619} DEBG: [CLOG]       > [CLevel::SaveChunks] movies end
{21:57:34.619} DEBG: [CLOG]       > [CLevel::SaveChunks] occluders
{21:57:34.619} DEBG: [CLOG]       > [CLevel::SaveChunks] roads
{21:57:34.619} DEBG: [CLOG]       > [CLevel::SaveChunks] roads end
{21:57:34.619} DEBG: [CLOG]       > [CLevel::SaveChunks] decals end
{21:57:34.619} DEBG: [CLOG]       > [CLevel::SaveChunks] shapes
{21:57:34.619} DEBG: [CLOG]       > [CLevel::SaveChunks] shapes end
{21:57:34.619} DEBG: [CLOG]       > [CLevel::SaveChunks] lofter
{21:57:34.619} DEBG: [CLOG]       > [CLevel::SaveChunks] lofter end
{21:57:34.619} DEBG: [CLOG]       > [CLevel::SaveChunks] terrain v.2
{21:57:34.619} DEBG: [CLOG]       > [CLevel::SaveChunks] Terrain v.2 end
{21:57:34.619} DEBG: [CLOG]       > [CLevel::SaveChunks] CGSObject data
{21:57:34.619} DEBG: [CLOG]       > [CLevel::SaveChunks] CGSObject data
{21:57:34.619} DEBG: [CLOG]       > [CLevel::SaveChunks] Envprobes
{21:57:34.619} DEBG: [CLOG]       > [CGameEditor::SaveGameModule] end
{21:57:34.631} INFO: [Editor]     > Save module succeeded.
{21:57:43.933} WARN: [WARN]       > Skin 'default' not found for mesh 'catwalk_stairs_h6m_a.msh'. Trying default skin...
{21:57:43.934} WARN: [WARN]       > Skin 'Default' not found for mesh 'catwalk_stairs_h6m_a.msh'!
{21:57:43.934} ERRR: [ERRR]       > CMesh::Initialize: cannot apply skin 'default' in mesh 'catwalk_stairs_h6m_a.msh'
{21:57:43.934} WARN: [WARN]       > Skin 'default' not found for mesh 'int_low_wall_dest_a.msh'. Trying default skin...
{21:57:43.934} WARN: [WARN]       > Skin 'Default' not found for mesh 'int_low_wall_dest_a.msh'!
{21:57:43.934} ERRR: [ERRR]       > CMesh::Initialize: cannot apply skin 'default' in mesh 'int_low_wall_dest_a.msh'
{21:57:43.968} INFO: [Editor]     > Generate Map Portals succeeded.
{21:57:43.969} INFO: [Editor]     > Quest Hubs succeeded.
{21:57:43.980} DEBG: [CLOG]       > [CGameEditor::SaveGameModule] start
{21:57:43.980} DEBG: [CLOG]       > [CLevel::SaveChunks] grid saved
{21:57:43.980} DEBG: [CLOG]       > [CLevel::SaveChunks] terrain end
{21:57:43.980} DEBG: [CLOG]       > [CLevel::SaveChunks] trees
{21:57:43.980} DEBG: [CLOG]       > [CLevel::SaveChunks] trees end
{21:57:43.980} DEBG: [CLOG]       > [CLevel::SaveChunks] mesh visibility parameters start
{21:57:43.985} DEBG: [CLOG]       > [CLevel::SaveChunks] mesh visibility parameters end
{21:57:43.985} DEBG: [CLOG]       > [CLevel::SaveChunks] grid objects sort
{21:57:43.985} DEBG: [CLOG]       > [CLevel::SaveChunks] grid objects save
{21:57:43.987} DEBG: [CLOG]       > [CLevel::SaveChunks] gs objects sort
{21:57:43.987} DEBG: [CLOG]       > [CLevel::SaveChunks] gs objects save
{21:57:43.987} DEBG: [CLOG]       > [CLevel::SaveChunks] gs objects saved
{21:57:43.987} DEBG: [CLOG]       > [CLevel::SaveChunks] movies
{21:57:43.987} DEBG: [CLOG]       > [CLevel::SaveChunks] movies end
{21:57:43.987} DEBG: [CLOG]       > [CLevel::SaveChunks] occluders
{21:57:43.987} DEBG: [CLOG]       > [CLevel::SaveChunks] roads
{21:57:43.987} DEBG: [CLOG]       > [CLevel::SaveChunks] roads end
{21:57:43.987} DEBG: [CLOG]       > [CLevel::SaveChunks] decals end
{21:57:43.987} DEBG: [CLOG]       > [CLevel::SaveChunks] shapes
{21:57:43.987} DEBG: [CLOG]       > [CLevel::SaveChunks] shapes end
{21:57:43.987} DEBG: [CLOG]       > [CLevel::SaveChunks] lofter end
{21:57:43.987} DEBG: [CLOG]       > [CLevel::SaveChunks] terrain v.2
{21:57:43.987} DEBG: [CLOG]       > [CLevel::SaveChunks] Terrain v.2 end
{21:57:43.987} DEBG: [CLOG]       > [CLevel::SaveChunks] CGSObject data
{21:57:43.987} DEBG: [CLOG]       > [CLevel::SaveChunks] CGSObject data
{21:57:43.987} DEBG: [CLOG]       > [CLevel::SaveChunks] Envprobes
{21:57:43.987} DEBG: [CLOG]       > [CGameEditor::SaveGameModule] end
{21:57:43.996} INFO: [Editor]     > Save module succeeded.
{21:57:43.997} INFO: [Editor]     > Compile map succeeded.
{21:58:54.536} INFO: [Editor]     > Generate Map Portals succeeded.
{21:58:54.538} INFO: [Editor]     > Quest Hubs succeeded.
{21:58:54.580} DEBG: [CLOG]       > [CGameEditor::SaveGameModule] start
{21:58:54.580} DEBG: [CLOG]       > [CLevel::SaveChunks] grid saved
{21:58:54.580} DEBG: [CLOG]       > [CLevel::SaveChunks] terrain end
{21:58:54.580} DEBG: [CLOG]       > [CLevel::SaveChunks] trees
{21:58:54.580} DEBG: [CLOG]       > [CLevel::SaveChunks] trees end
{21:58:54.580} DEBG: [CLOG]       > [CLevel::SaveChunks] mesh visibility parameters start
{21:58:54.596} DEBG: [CLOG]       > [CLevel::SaveChunks] mesh visibility parameters end
{21:58:54.596} DEBG: [CLOG]       > [CLevel::SaveChunks] grid objects sort
{21:58:54.596} DEBG: [CLOG]       > [CLevel::SaveChunks] grid objects save
{21:58:54.598} DEBG: [CLOG]       > [CLevel::SaveChunks] gs objects sort
{21:58:54.599} DEBG: [CLOG]       > [CLevel::SaveChunks] gs objects save
{21:58:54.599} DEBG: [CLOG]       > [CLevel::SaveChunks] gs objects saved
{21:58:54.599} DEBG: [CLOG]       > [CLevel::SaveChunks] movies
{21:58:54.599} DEBG: [CLOG]       > [CLevel::SaveChunks] movies end
{21:58:54.599} DEBG: [CLOG]       > [CLevel::SaveChunks] occluders
{21:58:54.599} DEBG: [CLOG]       > [CLevel::SaveChunks] roads
{21:58:54.600} DEBG: [CLOG]       > [CLevel::SaveChunks] roads end
{21:58:54.600} DEBG: [CLOG]       > [CLevel::SaveChunks] decals end
{21:58:54.600} DEBG: [CLOG]       > [CLevel::SaveChunks] shapes
{21:58:54.600} DEBG: [CLOG]       > [CLevel::SaveChunks] shapes end
{21:58:54.600} DEBG: [CLOG]       > [CLevel::SaveChunks] lofter
{21:58:54.600} DEBG: [CLOG]       > [CLevel::SaveChunks] lofter end
{21:58:54.600} DEBG: [CLOG]       > [CLevel::SaveChunks] terrain v.2
{21:58:54.600} DEBG: [CLOG]       > [CLevel::SaveChunks] Terrain v.2 end
{21:58:54.600} DEBG: [CLOG]       > [CLevel::SaveChunks] CGSObject data
{21:58:54.600} DEBG: [CLOG]       > [CLevel::SaveChunks] CGSObject data
{21:58:54.600} DEBG: [CLOG]       > [CLevel::SaveChunks] Envprobes
{21:58:54.600} DEBG: [CLOG]       > [CGameEditor::SaveGameModule] end
{21:58:54.636} INFO: [Editor]     > Save module succeeded.
{21:59:04.372} WARN: [WARN]       > Skin 'default' not found for mesh 'catwalk_stairs_h6m_a.msh'. Trying default skin...
{21:59:04.372} WARN: [WARN]       > Skin 'Default' not found for mesh 'catwalk_stairs_h6m_a.msh'!
{21:59:04.372} ERRR: [ERRR]       > CMesh::Initialize: cannot apply skin 'default' in mesh 'catwalk_stairs_h6m_a.msh'
{21:59:04.373} WARN: [WARN]       > Skin 'default' not found for mesh 'int_low_wall_dest_a.msh'. Trying default skin...
{21:59:04.373} WARN: [WARN]       > Skin 'Default' not found for mesh 'int_low_wall_dest_a.msh'!
{21:59:04.373} ERRR: [ERRR]       > CMesh::Initialize: cannot apply skin 'default' in mesh 'int_low_wall_dest_a.msh'
{21:59:04.410} INFO: [Editor]     > Generate Map Portals succeeded.
{21:59:04.411} INFO: [Editor]     > Quest Hubs succeeded.
{21:59:04.475} DEBG: [CLOG]       > [CGameEditor::SaveGameModule] start
{21:59:04.475} DEBG: [CLOG]       > [CLevel::SaveChunks] grid saved
{21:59:04.475} DEBG: [CLOG]       > [CLevel::SaveChunks] terrain end
{21:59:04.475} DEBG: [CLOG]       > [CLevel::SaveChunks] trees
{21:59:04.475} DEBG: [CLOG]       > [CLevel::SaveChunks] trees end
{21:59:04.475} DEBG: [CLOG]       > [CLevel::SaveChunks] mesh visibility parameters start
{21:59:04.481} DEBG: [CLOG]       > [CLevel::SaveChunks] mesh visibility parameters end
{21:59:04.481} DEBG: [CLOG]       > [CLevel::SaveChunks] grid objects sort
{21:59:04.481} DEBG: [CLOG]       > [CLevel::SaveChunks] grid objects save
{21:59:04.483} DEBG: [CLOG]       > [CLevel::SaveChunks] gs objects sort
{21:59:04.483} DEBG: [CLOG]       > [CLevel::SaveChunks] gs objects save
{21:59:04.483} DEBG: [CLOG]       > [CLevel::SaveChunks] gs objects saved
{21:59:04.483} DEBG: [CLOG]       > [CLevel::SaveChunks] movies
{21:59:04.483} DEBG: [CLOG]       > [CLevel::SaveChunks] movies end
{21:59:04.483} DEBG: [CLOG]       > [CLevel::SaveChunks] occluders
{21:59:04.483} DEBG: [CLOG]       > [CLevel::SaveChunks] roads
{21:59:04.484} DEBG: [CLOG]       > [CLevel::SaveChunks] roads end
{21:59:04.484} DEBG: [CLOG]       > [CLevel::SaveChunks] decals end
{21:59:04.484} DEBG: [CLOG]       > [CLevel::SaveChunks] shapes
{21:59:04.484} DEBG: [CLOG]       > [CLevel::SaveChunks] shapes end
{21:59:04.484} DEBG: [CLOG]       > [CLevel::SaveChunks] lofter end
{21:59:04.484} DEBG: [CLOG]       > [CLevel::SaveChunks] terrain v.2
{21:59:04.484} DEBG: [CLOG]       > [CLevel::SaveChunks] Terrain v.2 end
{21:59:04.484} DEBG: [CLOG]       > [CLevel::SaveChunks] CGSObject data
{21:59:04.484} DEBG: [CLOG]       > [CLevel::SaveChunks] CGSObject data
{21:59:04.484} DEBG: [CLOG]       > [CLevel::SaveChunks] Envprobes
{21:59:04.484} DEBG: [CLOG]       > [CGameEditor::SaveGameModule] end
{21:59:04.496} INFO: [Editor]     > Save module succeeded.
{21:59:04.497} INFO: [Editor]     > Compile map succeeded.
{21:59:33.277} INFO: [Editor]     > Generate Map Portals succeeded.
{21:59:33.278} INFO: [Editor]     > Quest Hubs succeeded.
{21:59:33.296} DEBG: [CLOG]       > [CGameEditor::SaveGameModule] start
{21:59:33.296} DEBG: [CLOG]       > [CLevel::SaveChunks] grid saved
{21:59:33.296} DEBG: [CLOG]       > [CLevel::SaveChunks] terrain end
{21:59:33.296} DEBG: [CLOG]       > [CLevel::SaveChunks] trees
{21:59:33.296} DEBG: [CLOG]       > [CLevel::SaveChunks] trees end
{21:59:33.296} DEBG: [CLOG]       > [CLevel::SaveChunks] mesh visibility parameters start
{21:59:33.302} DEBG: [CLOG]       > [CLevel::SaveChunks] mesh visibility parameters end
{21:59:33.302} DEBG: [CLOG]       > [CLevel::SaveChunks] grid objects sort
{21:59:33.302} DEBG: [CLOG]       > [CLevel::SaveChunks] grid objects save
{21:59:33.303} DEBG: [CLOG]       > [CLevel::SaveChunks] gs objects sort
{21:59:33.303} DEBG: [CLOG]       > [CLevel::SaveChunks] gs objects save
{21:59:33.303} DEBG: [CLOG]       > [CLevel::SaveChunks] gs objects saved
{21:59:33.303} DEBG: [CLOG]       > [CLevel::SaveChunks] movies
{21:59:33.303} DEBG: [CLOG]       > [CLevel::SaveChunks] movies end
{21:59:33.303} DEBG: [CLOG]       > [CLevel::SaveChunks] occluders
{21:59:33.303} DEBG: [CLOG]       > [CLevel::SaveChunks] roads
{21:59:33.304} DEBG: [CLOG]       > [CLevel::SaveChunks] roads end
{21:59:33.304} DEBG: [CLOG]       > [CLevel::SaveChunks] decals end
{21:59:33.304} DEBG: [CLOG]       > [CLevel::SaveChunks] shapes
{21:59:33.304} DEBG: [CLOG]       > [CLevel::SaveChunks] shapes end
{21:59:33.304} DEBG: [CLOG]       > [CLevel::SaveChunks] lofter
{21:59:33.304} DEBG: [CLOG]       > [CLevel::SaveChunks] lofter end
{21:59:33.304} DEBG: [CLOG]       > [CLevel::SaveChunks] terrain v.2
{21:59:33.304} DEBG: [CLOG]       > [CLevel::SaveChunks] Terrain v.2 end
{21:59:33.304} DEBG: [CLOG]       > [CLevel::SaveChunks] CGSObject data
{21:59:33.304} DEBG: [CLOG]       > [CLevel::SaveChunks] CGSObject data
{21:59:33.304} DEBG: [CLOG]       > [CLevel::SaveChunks] Envprobes
{21:59:33.304} DEBG: [CLOG]       > [CGameEditor::SaveGameModule] end
{21:59:33.314} INFO: [Editor]     > Save module succeeded.
{21:59:40.186} WARN: [WARN]       > Skin 'default' not found for mesh 'catwalk_stairs_h6m_a.msh'. Trying default skin...
{21:59:40.186} WARN: [WARN]       > Skin 'Default' not found for mesh 'catwalk_stairs_h6m_a.msh'!
{21:59:40.186} ERRR: [ERRR]       > CMesh::Initialize: cannot apply skin 'default' in mesh 'catwalk_stairs_h6m_a.msh'
{21:59:40.186} WARN: [WARN]       > Skin 'default' not found for mesh 'int_low_wall_dest_a.msh'. Trying default skin...
{21:59:40.186} WARN: [WARN]       > Skin 'Default' not found for mesh 'int_low_wall_dest_a.msh'!
{21:59:40.186} ERRR: [ERRR]       > CMesh::Initialize: cannot apply skin 'default' in mesh 'int_low_wall_dest_a.msh'
{21:59:40.211} INFO: [Editor]     > Generate Map Portals succeeded.
{21:59:40.212} INFO: [Editor]     > Quest Hubs succeeded.
{21:59:40.245} DEBG: [CLOG]       > [CGameEditor::SaveGameModule] start
{21:59:40.246} DEBG: [CLOG]       > [CLevel::SaveChunks] grid saved
{21:59:40.246} DEBG: [CLOG]       > [CLevel::SaveChunks] terrain end
{21:59:40.246} DEBG: [CLOG]       > [CLevel::SaveChunks] trees
{21:59:40.246} DEBG: [CLOG]       > [CLevel::SaveChunks] trees end
{21:59:40.246} DEBG: [CLOG]       > [CLevel::SaveChunks] mesh visibility parameters start
{21:59:40.254} DEBG: [CLOG]       > [CLevel::SaveChunks] mesh visibility parameters end
{21:59:40.254} DEBG: [CLOG]       > [CLevel::SaveChunks] grid objects sort
{21:59:40.255} DEBG: [CLOG]       > [CLevel::SaveChunks] grid objects save
{21:59:40.256} DEBG: [CLOG]       > [CLevel::SaveChunks] gs objects sort
{21:59:40.257} DEBG: [CLOG]       > [CLevel::SaveChunks] gs objects save
{21:59:40.257} DEBG: [CLOG]       > [CLevel::SaveChunks] gs objects saved
{21:59:40.257} DEBG: [CLOG]       > [CLevel::SaveChunks] movies
{21:59:40.257} DEBG: [CLOG]       > [CLevel::SaveChunks] movies end
{21:59:40.257} DEBG: [CLOG]       > [CLevel::SaveChunks] occluders
{21:59:40.257} DEBG: [CLOG]       > [CLevel::SaveChunks] roads
{21:59:40.258} DEBG: [CLOG]       > [CLevel::SaveChunks] roads end
{21:59:40.258} DEBG: [CLOG]       > [CLevel::SaveChunks] decals end
{21:59:40.258} DEBG: [CLOG]       > [CLevel::SaveChunks] shapes
{21:59:40.258} DEBG: [CLOG]       > [CLevel::SaveChunks] shapes end
{21:59:40.258} DEBG: [CLOG]       > [CLevel::SaveChunks] lofter end
{21:59:40.258} DEBG: [CLOG]       > [CLevel::SaveChunks] terrain v.2
{21:59:40.258} DEBG: [CLOG]       > [CLevel::SaveChunks] Terrain v.2 end
{21:59:40.258} DEBG: [CLOG]       > [CLevel::SaveChunks] CGSObject data
{21:59:40.258} DEBG: [CLOG]       > [CLevel::SaveChunks] CGSObject data
{21:59:40.258} DEBG: [CLOG]       > [CLevel::SaveChunks] Envprobes
{21:59:40.258} DEBG: [CLOG]       > [CGameEditor::SaveGameModule] end
{21:59:40.272} INFO: [Editor]     > Save module succeeded.
{21:59:40.272} INFO: [Editor]     > Compile map succeeded.
{22:00:53.451} INFO: [Editor]     > Generate Map Portals succeeded.
{22:00:53.455} INFO: [Editor]     > Quest Hubs succeeded.
{22:00:53.516} DEBG: [CLOG]       > [CGameEditor::SaveGameModule] start
{22:00:53.517} DEBG: [CLOG]       > [CLevel::SaveChunks] grid saved
{22:00:53.517} DEBG: [CLOG]       > [CLevel::SaveChunks] terrain end
{22:00:53.517} DEBG: [CLOG]       > [CLevel::SaveChunks] trees
{22:00:53.517} DEBG: [CLOG]       > [CLevel::SaveChunks] trees end
{22:00:53.517} DEBG: [CLOG]       > [CLevel::SaveChunks] mesh visibility parameters start
{22:00:53.544} DEBG: [CLOG]       > [CLevel::SaveChunks] mesh visibility parameters end
{22:00:53.544} DEBG: [CLOG]       > [CLevel::SaveChunks] grid objects sort
{22:00:53.544} DEBG: [CLOG]       > [CLevel::SaveChunks] grid objects save
{22:00:53.549} DEBG: [CLOG]       > [CLevel::SaveChunks] gs objects sort
{22:00:53.549} DEBG: [CLOG]       > [CLevel::SaveChunks] gs objects save
{22:00:53.549} DEBG: [CLOG]       > [CLevel::SaveChunks] gs objects saved
{22:00:53.549} DEBG: [CLOG]       > [CLevel::SaveChunks] movies
{22:00:53.549} DEBG: [CLOG]       > [CLevel::SaveChunks] movies end
{22:00:53.549} DEBG: [CLOG]       > [CLevel::SaveChunks] occluders
{22:00:53.549} DEBG: [CLOG]       > [CLevel::SaveChunks] roads
{22:00:53.550} DEBG: [CLOG]       > [CLevel::SaveChunks] roads end
{22:00:53.550} DEBG: [CLOG]       > [CLevel::SaveChunks] decals end
{22:00:53.550} DEBG: [CLOG]       > [CLevel::SaveChunks] shapes
{22:00:53.550} DEBG: [CLOG]       > [CLevel::SaveChunks] shapes end
{22:00:53.550} DEBG: [CLOG]       > [CLevel::SaveChunks] lofter
{22:00:53.550} DEBG: [CLOG]       > [CLevel::SaveChunks] lofter end
{22:00:53.550} DEBG: [CLOG]       > [CLevel::SaveChunks] terrain v.2
{22:00:53.551} DEBG: [CLOG]       > [CLevel::SaveChunks] Terrain v.2 end
{22:00:53.551} DEBG: [CLOG]       > [CLevel::SaveChunks] CGSObject data
{22:00:53.551} DEBG: [CLOG]       > [CLevel::SaveChunks] CGSObject data
{22:00:53.551} DEBG: [CLOG]       > [CLevel::SaveChunks] Envprobes
{22:00:53.551} DEBG: [CLOG]       > [CGameEditor::SaveGameModule] end
{22:00:53.605} INFO: [Editor]     > Save module succeeded.
{22:01:21.453} INFO: [Editor]     > Generate Map Portals succeeded.
{22:01:21.458} INFO: [Editor]     > Quest Hubs succeeded.
{22:01:21.475} DEBG: [CLOG]       > [CGameEditor::SaveGameModule] start
{22:01:21.475} DEBG: [CLOG]       > [CLevel::SaveChunks] grid saved
{22:01:21.475} DEBG: [CLOG]       > [CLevel::SaveChunks] terrain end
{22:01:21.475} DEBG: [CLOG]       > [CLevel::SaveChunks] trees
{22:01:21.475} DEBG: [CLOG]       > [CLevel::SaveChunks] trees end
{22:01:21.475} DEBG: [CLOG]       > [CLevel::SaveChunks] mesh visibility parameters start
{22:01:21.480} DEBG: [CLOG]       > [CLevel::SaveChunks] mesh visibility parameters end
{22:01:21.480} DEBG: [CLOG]       > [CLevel::SaveChunks] grid objects sort
{22:01:21.480} DEBG: [CLOG]       > [CLevel::SaveChunks] grid objects save
{22:01:21.481} DEBG: [CLOG]       > [CLevel::SaveChunks] gs objects sort
{22:01:21.481} DEBG: [CLOG]       > [CLevel::SaveChunks] gs objects save
{22:01:21.481} DEBG: [CLOG]       > [CLevel::SaveChunks] gs objects saved
{22:01:21.481} DEBG: [CLOG]       > [CLevel::SaveChunks] movies
{22:01:21.481} DEBG: [CLOG]       > [CLevel::SaveChunks] movies end
{22:01:21.481} DEBG: [CLOG]       > [CLevel::SaveChunks] occluders
{22:01:21.481} DEBG: [CLOG]       > [CLevel::SaveChunks] roads
{22:01:21.481} DEBG: [CLOG]       > [CLevel::SaveChunks] roads end
{22:01:21.481} DEBG: [CLOG]       > [CLevel::SaveChunks] decals end
{22:01:21.481} DEBG: [CLOG]       > [CLevel::SaveChunks] shapes
{22:01:21.481} DEBG: [CLOG]       > [CLevel::SaveChunks] shapes end
{22:01:21.481} DEBG: [CLOG]       > [CLevel::SaveChunks] lofter
{22:01:21.481} DEBG: [CLOG]       > [CLevel::SaveChunks] lofter end
{22:01:21.481} DEBG: [CLOG]       > [CLevel::SaveChunks] terrain v.2
{22:01:21.481} DEBG: [CLOG]       > [CLevel::SaveChunks] Terrain v.2 end
{22:01:21.481} DEBG: [CLOG]       > [CLevel::SaveChunks] CGSObject data
{22:01:21.481} DEBG: [CLOG]       > [CLevel::SaveChunks] CGSObject data
{22:01:21.481} DEBG: [CLOG]       > [CLevel::SaveChunks] Envprobes
{22:01:21.481} DEBG: [CLOG]       > [CGameEditor::SaveGameModule] end
{22:01:21.492} INFO: [Editor]     > Save module succeeded.
{22:01:21.592} DEBG: [CLOG]       > CVarMgr::UnloadScripted(..): unable to parse file: data/maps/map_01/map_01.scr
{22:01:21.614} DEBG: [CLOG]       > Level map_01 (LevelDI) deleted
{22:01:22.729} DEBG: [CLOG]       > [CSocket::~CSocket]: <shutdown> error: WSAENOTCONN
{22:01:23.035} INFO: [INFO]       > ---------------------------------------------------------
{22:01:23.035} INFO: [INFO]       > Time of playing game: 5517.440430s
{22:01:23.035} INFO: [INFO]       > Updated frames: 0 Rendered frames: 33531
{22:01:23.035} INFO: [INFO]       > Average FPS: 6.077275
{22:01:23.035} INFO: [INFO]       > ---------------------------------------------------------
{22:01:23.036} DEBG: [CLOG]       > Level  (Level) deleted
{22:01:23.087} DEBG: [CLOG]       > CtrlObjGrid: Maximum grid 000000004A3C03A0 memory usage: 125 kbytes
{22:01:23.089} DEBG: [CLOG]       > CtrlObjGrid: Maximum grid 000000004DC33370 memory usage: 1 kbytes
{22:01:23.453} DEBG: [CLOG]       > WARNING [~CSurfaceManager] Num nondeleted surfaces 93
{22:01:23.453} WARN: [WARN]       > [~CSurfaceManager] Num nondeleted vertex buffers 1
{22:01:23.453} WARN: [WARN]       > [~CSurfaceManager] Num nondeleted index buffers 1
{22:01:23.475} INFO: [Renderer]   > [r_Shutdown] Dll released
