{20:16:34.940} INFO: [System] > Build version: 6.2015.0810.1153
{20:16:34.940} INFO: [System] > [PID] 9712
{20:16:34.970} INFO: [System] > [CPU] vendor: GenuineIntel, features: SSSE3 SSE4.1 SSE4.2 AVX AVX2 F16C FMA CX16 POPCNT LZCNT BMI1 BMI2 HTT, clock frequency: 2194.92MHz
{20:16:34.970} INFO: [System] > [CPU] CPUs: 1, Cores: 2, HT: Yes, Logical processors: 4
{20:16:34.986} INFO: [JobManager] > TM149540d9, dedicated worker threads: 1 + 2, num cpus: 4
{20:16:34.995} INFO: [ODE]        > [ode::dInitialize] SSE path
{20:16:35.009} INFO: [Renderer]   > [r_Initialize] Loaded from rd3d11_x64_rwdi.dll.
{20:16:35.009} INFO: [Renderer]   > Enumerating D3D11 video adapters:
{20:16:35.011} INFO: [Renderer]   > Adapter 1: Intel(R) HD Graphics 5500 128MB/3839MB/0MB
{20:16:35.011} INFO: [Renderer]   |   Output 0: [0,0 - 1920,1080] \\.\DISPLAY1
{20:16:35.011} INFO: [Renderer]   |   Output 1: [2400,0 - 4200,1125] \\.\DISPLAY2
{20:16:35.011} INFO: [Renderer]   > Adapter 2: AMD Radeon(TM) R9 M375 4075MB/3840MB/0MB
{20:16:35.011} INFO: [Renderer]   > Adapter 3: Microsoft Basic Render Driver 0MB/256MB/0MB
{20:16:35.017} INFO: [Renderer]   > Renderer started in DX11 mode.
{20:16:35.125} INFO: [Renderer]   > DDraw reported 3,960M free texture memory.
{20:16:35.346} INFO: [Renderer]   > Renderer: supported display modes:
{20:16:35.346} INFO: [Renderer]   |  640x480, bpp:24, hz:60.05, fmt: A8R8G8B8
{20:16:35.346} INFO: [Renderer]   |  640x480, bpp:24, hz:60.05, fmt: A8R8G8B8
{20:16:35.346} INFO: [Renderer]   |  800x600, bpp:24, hz:60.05, fmt: A8R8G8B8
{20:16:35.346} INFO: [Renderer]   |  800x600, bpp:24, hz:60.05, fmt: A8R8G8B8
{20:16:35.346} INFO: [Renderer]   |  1024x768, bpp:24, hz:60.05, fmt: A8R8G8B8
{20:16:35.346} INFO: [Renderer]   |  1024x768, bpp:24, hz:60.05, fmt: A8R8G8B8
{20:16:35.346} INFO: [Renderer]   |  1152x864, bpp:24, hz:60.05, fmt: A8R8G8B8
{20:16:35.346} INFO: [Renderer]   |  1152x864, bpp:24, hz:60.05, fmt: A8R8G8B8
{20:16:35.346} INFO: [Renderer]   |  1280x600, bpp:24, hz:60.05, fmt: A8R8G8B8
{20:16:35.346} INFO: [Renderer]   |  1280x600, bpp:24, hz:60.05, fmt: A8R8G8B8
{20:16:35.346} INFO: [Renderer]   |  1280x720, bpp:24, hz:60.05, fmt: A8R8G8B8
{20:16:35.346} INFO: [Renderer]   |  1280x720, bpp:24, hz:60.05, fmt: A8R8G8B8
{20:16:35.346} INFO: [Renderer]   |  1280x768, bpp:24, hz:60.05, fmt: A8R8G8B8
{20:16:35.346} INFO: [Renderer]   |  1280x768, bpp:24, hz:60.05, fmt: A8R8G8B8
{20:16:35.346} INFO: [Renderer]   |  1280x800, bpp:24, hz:60.05, fmt: A8R8G8B8
{20:16:35.346} INFO: [Renderer]   |  1280x800, bpp:24, hz:60.05, fmt: A8R8G8B8
{20:16:35.346} INFO: [Renderer]   |  1280x960, bpp:24, hz:60.05, fmt: A8R8G8B8
{20:16:35.346} INFO: [Renderer]   |  1280x960, bpp:24, hz:60.05, fmt: A8R8G8B8
{20:16:35.346} INFO: [Renderer]   |  1280x1024, bpp:24, hz:60.05, fmt: A8R8G8B8
{20:16:35.346} INFO: [Renderer]   |  1280x1024, bpp:24, hz:60.05, fmt: A8R8G8B8
{20:16:35.346} INFO: [Renderer]   |  1360x768, bpp:24, hz:60.05, fmt: A8R8G8B8
{20:16:35.346} INFO: [Renderer]   |  1360x768, bpp:24, hz:60.05, fmt: A8R8G8B8
{20:16:35.346} INFO: [Renderer]   |  1366x768, bpp:24, hz:60.05, fmt: A8R8G8B8
{20:16:35.346} INFO: [Renderer]   |  1366x768, bpp:24, hz:60.05, fmt: A8R8G8B8
{20:16:35.346} INFO: [Renderer]   |  1400x1050, bpp:24, hz:60.05, fmt: A8R8G8B8
{20:16:35.346} INFO: [Renderer]   |  1400x1050, bpp:24, hz:60.05, fmt: A8R8G8B8
{20:16:35.346} INFO: [Renderer]   |  1440x900, bpp:24, hz:60.05, fmt: A8R8G8B8
{20:16:35.346} INFO: [Renderer]   |  1440x900, bpp:24, hz:60.05, fmt: A8R8G8B8
{20:16:35.346} INFO: [Renderer]   |  1600x900, bpp:24, hz:60.05, fmt: A8R8G8B8
{20:16:35.346} INFO: [Renderer]   |  1600x900, bpp:24, hz:60.05, fmt: A8R8G8B8
{20:16:35.346} INFO: [Renderer]   |  1680x1050, bpp:24, hz:60.05, fmt: A8R8G8B8
{20:16:35.346} INFO: [Renderer]   |  1680x1050, bpp:24, hz:60.05, fmt: A8R8G8B8
{20:16:35.346} INFO: [Renderer]   |  1920x1080, bpp:24, hz:60.05, fmt: A8R8G8B8
{20:16:35.348} INFO: [INFO]       > Texture streaming lowest priority distance set to 100m
{20:16:35.348} INFO: [Renderer]   > WindowOffset 0 0
{20:16:35.374} DEBG: [CLOG]       > [CAudioSettings::LoadSettings] Unable to load Out/Settings/EditorAudio.scr
{20:16:35.374} DEBG: [DXGI]       > [RChangeDeviceState] 1920x1080, windowed, 0/0 Hz
{20:16:35.374} DEBG: [DXGI]       >                  was 0x0, fullscreen, 0/0 Hz
{20:16:35.376} INFO: [TexMgr]     > Max texture dimensions: 16384x16384x2048
{20:16:35.382} INFO: [MatMgr]     > Number of supported techniques: 61
{20:16:36.925} INFO: [MatMgr]     > Material pack 'global_dx11.mp' loaded.
{20:16:36.954} INFO: [MatMgr]     > Material pack 'local_dx11.mp' loaded.
{20:16:37.980} INFO: [INFO]       > Texture streaming buffer set to 400MB
{20:16:38.053} INFO: [Video]      > //Video settings:
{20:16:38.053} INFO: [Video]      > Resolution(1920,1080)
{20:16:38.053} INFO: [Video]      > Monitor(0)
{20:16:38.053} INFO: [Video]      > TextureQuality("Medium")
{20:16:38.053} INFO: [Video]      > VisRange(1.40, 1.40)
{20:16:38.053} INFO: [Video]      > ShadowMapSize(1024)
{20:16:38.053} INFO: [Video]      > SpotShadowMapSize(1024)
{20:16:38.053} INFO: [Video]      > GammaFloat(1.00)
{20:16:38.053} INFO: [Video]      > GrassQuality(2)
{20:16:38.053} INFO: [Video]      > AmbientOcclusion(0)
{20:16:38.053} INFO: [Video]      > MotionBlur(0)
{20:16:38.053} INFO: [Video]      > AntiAliasing(0)
{20:16:38.053} INFO: [Video]      > DisableDWM(1)
{20:16:38.053} INFO: [Video]      > EnableFilmGrain(1)
{20:16:38.053} INFO: [Video]      > Version(1)
{20:16:38.105} INFO: [INFO]       > >>>>> Audio init
{20:16:39.250} INFO: [INFO]       > FMOD::Driver: GBo[niki (Realtek High Definition Audio)
{20:16:39.250} INFO: [INFO]       > DriverCaps: FMOD_CAPS_OUTPUT_FORMAT_PCM8
{20:16:39.250} INFO: [INFO]       > DriverCaps: FMOD_CAPS_OUTPUT_FORMAT_PCM16
{20:16:39.250} INFO: [INFO]       > DriverCaps: FMOD_CAPS_OUTPUT_FORMAT_PCM24
{20:16:39.250} INFO: [INFO]       > DriverCaps: FMOD_CAPS_OUTPUT_FORMAT_PCM32
{20:16:39.250} INFO: [INFO]       > DriverCaps: FMOD_CAPS_OUTPUT_FORMAT_PCMFLOAT
{20:16:39.980} DEBG: [CLOG]       > NOTE : FMOD_SYSTEM_CALLBACKTYPE_THREADCREATED occured.
{20:16:39.980} DEBG: [CLOG]       > Thread ID = 1432
{20:16:39.980} DEBG: [CLOG]       > Thread Name = FMOD (WASAPI) feeder thread
{20:16:39.980} DEBG: [CLOG]       > NOTE : FMOD_SYSTEM_CALLBACKTYPE_THREADCREATED occured.
{20:16:39.980} DEBG: [CLOG]       > Thread ID = 1444
{20:16:39.980} DEBG: [CLOG]       > Thread Name = FMOD mixer thread
{20:16:40.046} DEBG: [CLOG]       > NOTE : FMOD_SYSTEM_CALLBACKTYPE_THREADCREATED occured.
{20:16:40.046} DEBG: [CLOG]       > Thread ID = 1464
{20:16:40.046} DEBG: [CLOG]       > Thread Name = FMOD stream thread
{20:16:40.046} INFO: [INFO]       > FMOD is using (8) output type.
{20:16:40.046} INFO: [INFO]       > FMOD Software Format Info:
{20:16:40.046} INFO: [INFO]       | 	Out Sample Rate: <48000>
{20:16:40.046} INFO: [INFO]       | 	Format: <5>
{20:16:40.046} INFO: [INFO]       | 	Out Channels: <2>
{20:16:40.046} INFO: [INFO]       | 	Max Input Channels: <8>
{20:16:40.046} INFO: [INFO]       | 	Bits: <32>
{20:16:40.046} INFO: [INFO]       > FMOD Mixer blocksize        = 21.33 ms
{20:16:40.046} INFO: [INFO]       > FMOD Mixer blocks count     = 4
{20:16:40.046} INFO: [INFO]       > FMOD Mixer Total buffer size = 85.33 ms
{20:16:40.046} INFO: [INFO]       > FMOD Mixer Average Latency  = 53.33 ms
{20:16:40.046} DEBG: [CLOG]       > [CAudioFMOD::InitNet] Can't use FMOD NetEventSystem - Audio engine is using FMODEx.
{20:16:40.047} INFO: [INFO]       > [CAudioFMOD] FMOD debug level: 0
{20:16:40.068} INFO: [Audio]      > //Audio settings:
{20:16:40.068} INFO: [Audio]      > API("FMOD")
{20:16:40.068} INFO: [Audio]      > MixFrequency(48000)
{20:16:40.068} INFO: [Audio]      > Channels(40)
{20:16:40.068} INFO: [Audio]      > Quality3D("high")
{20:16:40.068} INFO: [Audio]      > MaxVolume(40)
{20:16:40.068} INFO: [Audio]      > FXVolume(40)
{20:16:40.068} INFO: [Audio]      > WaveVolume(40)
{20:16:40.068} INFO: [Audio]      > SpeechVolume(40)
{20:16:40.068} INFO: [Audio]      > MovieVolume(40)
{20:16:40.068} INFO: [Audio]      > MovieVolumeSource(0)
{20:16:40.068} INFO: [Audio]      > GlobalSettings("")
{20:16:40.068} INFO: [Audio]      > ReverbChannels(1)
{20:16:40.068} INFO: [Audio]      > MixerBlocksCount(0)
{20:16:40.068} INFO: [Audio]      > 
{20:16:58.955} INFO: [INFO]       > [Input] Keyboard 0 enumerated: intance_name = Klawiatura, product_name = Klawiatura, GUID = {6f1d2b61-d5a0-11cf-bfc7-444553540000}
{20:16:58.956} INFO: [INFO]       > [CInput::SelectKeyboard] Keyboard 0 selected: Klawiatura, Klawiatura
{20:16:58.965} INFO: [INFO]       > [SDL::InitSDL] InitSDL successed!
{20:16:58.974} INFO: [Game]       > Game version: 1.6.1
{20:17:08.285} ERRR: [Parser]     > Param 0 in function EnableExplosionDamage() is not a bool
{20:17:08.291} ERRR: [Parser]     > Param 0 in function EnableExplosionDamage() is not a bool
{20:17:08.292} ERRR: [Parser]     > Param 0 in function EnableExplosionDamage() is not a bool
{20:17:08.444} DEBG: [CLOG]       > Failed to calc CRC for file achievements.xml  (0 to -1)
{20:17:08.445} DEBG: [CLOG]       > Failed to calc CRC for file challenges.xml  (0 to -1)
{20:17:13.752} DEBG: [CLOG]       > [FMODSoundBankManager::LoadBank] Sound bank <menu_p0.csb> doesn't exist in filesystem.
{20:17:13.752} DEBG: [CLOG]       > [AudioScript::Execute] <LoadAudioBanks> failed!
{20:17:13.752} DEBG: [CLOG]       > [FMODSoundBankManager::LoadBank] Sound bank <menu_stream_p0.csb> doesn't exist in filesystem.
{20:17:13.752} DEBG: [CLOG]       > [AudioScript::Execute] <LoadAudioBanks> failed!
{20:17:13.754} DEBG: [CLOG]       > [FMODSoundBankManager::LoadBank] Sound bank <menu_stream_p1.csb> doesn't exist in filesystem.
{20:17:13.754} DEBG: [CLOG]       > [AudioScript::Execute] <LoadAudioBanks> failed!
{20:17:13.756} DEBG: [CLOG]       > [FMODSoundBankManager::LoadBank] Sound bank <music_1_p0.csb> doesn't exist in filesystem.
{20:17:13.756} DEBG: [CLOG]       > [AudioScript::Execute] <LoadAudioBanks> failed!
{20:17:13.756} DEBG: [CLOG]       > [FMODSoundBankManager::LoadBank] Sound bank <music_1_stream_p0.csb> doesn't exist in filesystem.
{20:17:13.756} DEBG: [CLOG]       > [AudioScript::Execute] <LoadAudioBanks> failed!
{20:17:13.756} DEBG: [CLOG]       > [FMODSoundBankManager::LoadBank] Sound bank <music_1_p1.csb> doesn't exist in filesystem.
{20:17:13.756} DEBG: [CLOG]       > [AudioScript::Execute] <LoadAudioBanks> failed!
{20:17:13.756} DEBG: [CLOG]       > [FMODSoundBankManager::LoadBank] Sound bank <music_1_stream_p1.csb> doesn't exist in filesystem.
{20:17:13.756} DEBG: [CLOG]       > [AudioScript::Execute] <LoadAudioBanks> failed!
{20:17:13.772} DEBG: [CLOG]       > [FMODSoundBankManager::LoadBank] Sound bank <music_2_p0.csb> doesn't exist in filesystem.
{20:17:13.773} DEBG: [CLOG]       > [AudioScript::Execute] <LoadAudioBanks> failed!
{20:17:13.773} DEBG: [CLOG]       > [FMODSoundBankManager::LoadBank] Sound bank <music_2_stream_p0.csb> doesn't exist in filesystem.
{20:17:13.773} DEBG: [CLOG]       > [AudioScript::Execute] <LoadAudioBanks> failed!
{20:17:13.773} DEBG: [CLOG]       > [FMODSoundBankManager::LoadBank] Sound bank <music_2_p1.csb> doesn't exist in filesystem.
{20:17:13.773} DEBG: [CLOG]       > [AudioScript::Execute] <LoadAudioBanks> failed!
{20:17:13.773} DEBG: [CLOG]       > [FMODSoundBankManager::LoadBank] Sound bank <music_2_stream_p1.csb> doesn't exist in filesystem.
{20:17:13.773} DEBG: [CLOG]       > [AudioScript::Execute] <LoadAudioBanks> failed!
{20:17:13.776} DEBG: [CLOG]       > [FMODSoundBankManager::LoadBank] Sound bank <music_3_p0.csb> doesn't exist in filesystem.
{20:17:13.776} DEBG: [CLOG]       > [AudioScript::Execute] <LoadAudioBanks> failed!
{20:17:13.776} DEBG: [CLOG]       > [FMODSoundBankManager::LoadBank] Sound bank <music_3_stream_p0.csb> doesn't exist in filesystem.
{20:17:13.776} DEBG: [CLOG]       > [AudioScript::Execute] <LoadAudioBanks> failed!
{20:17:13.776} DEBG: [CLOG]       > [FMODSoundBankManager::LoadBank] Sound bank <music_3_p1.csb> doesn't exist in filesystem.
{20:17:13.776} DEBG: [CLOG]       > [AudioScript::Execute] <LoadAudioBanks> failed!
{20:17:13.859} DEBG: [CLOG]       > [FMODSoundBankManager::LoadBank] Sound bank <all_in_maps_1_p0.csb> doesn't exist in filesystem.
{20:17:13.859} DEBG: [CLOG]       > [AudioScript::Execute] <LoadAudioBanks> failed!
{20:17:13.859} DEBG: [CLOG]       > [FMODSoundBankManager::LoadBank] Sound bank <all_in_maps_1_stream_p0.csb> doesn't exist in filesystem.
{20:17:13.859} DEBG: [CLOG]       > [AudioScript::Execute] <LoadAudioBanks> failed!
{20:17:13.860} DEBG: [CLOG]       > [FMODSoundBankManager::LoadBank] Sound bank <all_in_maps_1_p1.csb> doesn't exist in filesystem.
{20:17:13.860} DEBG: [CLOG]       > [AudioScript::Execute] <LoadAudioBanks> failed!
{20:17:13.860} DEBG: [CLOG]       > [FMODSoundBankManager::LoadBank] Sound bank <all_in_maps_1_stream_p1.csb> doesn't exist in filesystem.
{20:17:13.860} DEBG: [CLOG]       > [AudioScript::Execute] <LoadAudioBanks> failed!
{20:17:13.932} DEBG: [CLOG]       > [FMODSoundBankManager::LoadBank] Sound bank <all_in_maps_2_p0.csb> doesn't exist in filesystem.
{20:17:13.932} DEBG: [CLOG]       > [AudioScript::Execute] <LoadAudioBanks> failed!
{20:17:13.933} DEBG: [CLOG]       > [FMODSoundBankManager::LoadBank] Sound bank <all_in_maps_2_stream_p0.csb> doesn't exist in filesystem.
{20:17:13.933} DEBG: [CLOG]       > [AudioScript::Execute] <LoadAudioBanks> failed!
{20:17:13.933} DEBG: [CLOG]       > [FMODSoundBankManager::LoadBank] Sound bank <all_in_maps_2_p1.csb> doesn't exist in filesystem.
{20:17:13.933} DEBG: [CLOG]       > [AudioScript::Execute] <LoadAudioBanks> failed!
{20:17:13.934} DEBG: [CLOG]       > [FMODSoundBankManager::LoadBank] Sound bank <all_in_maps_2_stream_p1.csb> doesn't exist in filesystem.
{20:17:13.934} DEBG: [CLOG]       > [AudioScript::Execute] <LoadAudioBanks> failed!
{20:17:13.955} DEBG: [CLOG]       > [FMODSoundBankManager::LoadBank] Sound bank <all_in_maps_3_p0.csb> doesn't exist in filesystem.
{20:17:13.956} DEBG: [CLOG]       > [AudioScript::Execute] <LoadAudioBanks> failed!
{20:17:13.956} DEBG: [CLOG]       > [FMODSoundBankManager::LoadBank] Sound bank <all_in_maps_3_stream_p0.csb> doesn't exist in filesystem.
{20:17:13.956} DEBG: [CLOG]       > [AudioScript::Execute] <LoadAudioBanks> failed!
{20:17:13.965} DEBG: [CLOG]       > [FMODSoundBankManager::LoadBank] Sound bank <all_in_maps_3_stream_p1.csb> doesn't exist in filesystem.
{20:17:13.966} DEBG: [CLOG]       > [AudioScript::Execute] <LoadAudioBanks> failed!
{20:17:14.017} DEBG: [CLOG]       > [FMODSoundBankManager::LoadBank] Sound bank <all_in_maps_persistant_p0.csb> doesn't exist in filesystem.
{20:17:14.018} DEBG: [CLOG]       > [AudioScript::Execute] <LoadAudioBanks> failed!
{20:17:14.018} DEBG: [CLOG]       > [FMODSoundBankManager::LoadBank] Sound bank <all_in_maps_persistant_stream_p0.csb> doesn't exist in filesystem.
{20:17:14.019} DEBG: [CLOG]       > [AudioScript::Execute] <LoadAudioBanks> failed!
{20:17:14.019} DEBG: [CLOG]       > [FMODSoundBankManager::LoadBank] Sound bank <all_in_maps_persistant_stream_p1.csb> doesn't exist in filesystem.
{20:17:14.020} DEBG: [CLOG]       > [AudioScript::Execute] <LoadAudioBanks> failed!
{20:17:14.020} DEBG: [CLOG]       > [FMODSoundBankManager::LoadBank] Sound bank <workshop_audio.csb> doesn't exist in filesystem.
{20:17:14.020} DEBG: [CLOG]       > [AudioScript::Execute] <LoadAudioBanks> failed!
{20:17:14.020} DEBG: [CLOG]       > [FMODSoundBankManager::LoadBank] Sound bank <workshop_audio_p0.csb> doesn't exist in filesystem.
{20:17:14.021} DEBG: [CLOG]       > [AudioScript::Execute] <LoadAudioBanks> failed!
{20:17:14.021} DEBG: [CLOG]       > [FMODSoundBankManager::LoadBank] Sound bank <workshop_audio_stream_p0.csb> doesn't exist in filesystem.
{20:17:14.021} DEBG: [CLOG]       > [AudioScript::Execute] <LoadAudioBanks> failed!
{20:17:14.021} DEBG: [CLOG]       > [FMODSoundBankManager::LoadBank] Sound bank <workshop_audio_p1.csb> doesn't exist in filesystem.
{20:17:14.022} DEBG: [CLOG]       > [AudioScript::Execute] <LoadAudioBanks> failed!
{20:17:14.022} DEBG: [CLOG]       > [FMODSoundBankManager::LoadBank] Sound bank <workshop_audio_stream_p1.csb> doesn't exist in filesystem.
{20:17:14.022} DEBG: [CLOG]       > [AudioScript::Execute] <LoadAudioBanks> failed!
{20:17:14.240} DEBG: [CLOG]       > [FMODSoundBankManager::LoadBank] Sound bank <all_quests_local_p0.csb> doesn't exist in filesystem.
{20:17:14.240} DEBG: [CLOG]       > [AudioScript::Execute] <LoadLocalisedAudioBank> failed!
{20:17:14.241} DEBG: [CLOG]       > [FMODSoundBankManager::LoadBank] Sound bank <all_quests_local_stream_p0.csb> doesn't exist in filesystem.
{20:17:14.241} DEBG: [CLOG]       > [AudioScript::Execute] <LoadLocalisedAudioBank> failed!
{20:17:14.241} DEBG: [CLOG]       > [FMODSoundBankManager::LoadBank] Sound bank <all_quests_local_p1.csb> doesn't exist in filesystem.
{20:17:14.242} DEBG: [CLOG]       > [AudioScript::Execute] <LoadLocalisedAudioBank> failed!
{20:17:14.242} DEBG: [CLOG]       > [FMODSoundBankManager::LoadBank] Sound bank <all_quests_local_stream_p1.csb> doesn't exist in filesystem.
{20:17:14.242} DEBG: [CLOG]       > [AudioScript::Execute] <LoadLocalisedAudioBank> failed!
{20:17:14.425} DEBG: [CLOG]       > [FMODSoundBankManager::LoadBank] Sound bank <common_local_1_p0.csb> doesn't exist in filesystem.
{20:17:14.426} DEBG: [CLOG]       > [AudioScript::Execute] <LoadLocalisedAudioBank> failed!
{20:17:14.426} DEBG: [CLOG]       > [FMODSoundBankManager::LoadBank] Sound bank <common_local_1_stream_p0.csb> doesn't exist in filesystem.
{20:17:14.426} DEBG: [CLOG]       > [AudioScript::Execute] <LoadLocalisedAudioBank> failed!
{20:17:14.427} DEBG: [CLOG]       > [FMODSoundBankManager::LoadBank] Sound bank <common_local_1_p1.csb> doesn't exist in filesystem.
{20:17:14.427} DEBG: [CLOG]       > [AudioScript::Execute] <LoadLocalisedAudioBank> failed!
{20:17:14.428} DEBG: [CLOG]       > [FMODSoundBankManager::LoadBank] Sound bank <common_local_1_stream_p1.csb> doesn't exist in filesystem.
{20:17:14.429} DEBG: [CLOG]       > [AudioScript::Execute] <LoadLocalisedAudioBank> failed!
{20:17:14.672} DEBG: [CLOG]       > [FMODSoundBankManager::LoadBank] Sound bank <common_local_2_p0.csb> doesn't exist in filesystem.
{20:17:14.674} DEBG: [CLOG]       > [AudioScript::Execute] <LoadLocalisedAudioBank> failed!
{20:17:14.674} DEBG: [CLOG]       > [FMODSoundBankManager::LoadBank] Sound bank <common_local_2_stream_p0.csb> doesn't exist in filesystem.
{20:17:14.675} DEBG: [CLOG]       > [AudioScript::Execute] <LoadLocalisedAudioBank> failed!
{20:17:14.675} DEBG: [CLOG]       > [FMODSoundBankManager::LoadBank] Sound bank <common_local_2_p1.csb> doesn't exist in filesystem.
{20:17:14.689} DEBG: [CLOG]       > [AudioScript::Execute] <LoadLocalisedAudioBank> failed!
{20:17:14.690} DEBG: [CLOG]       > [FMODSoundBankManager::LoadBank] Sound bank <common_local_2_stream_p1.csb> doesn't exist in filesystem.
{20:17:14.692} DEBG: [CLOG]       > [AudioScript::Execute] <LoadLocalisedAudioBank> failed!
{20:17:15.673} WARN: [WARN]       > Failed to register action varlist <post_process_simple, chromedvarlistoverridessimple.scr>: the script does not exist
{20:17:15.673} WARN: [WARN]       > Failed to register action varlist <post_process_normal, chromedvarlistoverrides.scr>: the script does not exist
{20:17:18.765} DEBG: [CLOG]       > [CInetAddr::DetermineNetworkInterface] HostName=<Wojtek>
{20:17:18.770} DEBG: [CLOG]       > [CInetAdder::DetermineNetworkInterface] address: 192.168.56.1
{20:17:18.770} DEBG: [CLOG]       > [CInetAddr::SetLocalHost] 192.168.56.1
{20:17:18.787} INFO: [Editor]     > [LocalizationManager] 0 asset(s) in 1 source(s), 1 language(s)
{20:17:20.007} ERRR: [FileSystem] > Source from path 'D:\Steam\steam\steamapps\common\Dying Light Developer Tools\DW/Assets_PC/' already added.
{20:17:45.693} INFO: [INFO]       > Done!
{20:17:50.997} DEBG: [CLOG]       > ERROR [FX] Cannot read definition of btzh_light_end_light.fx
{20:17:50.999} DEBG: [CLOG]       > ERROR [FX] Cannot read definition of btzh_light_start_light.fx
{20:17:51.089} WARN: [WARN]       > [CFXDefinitionManager::CreateDefFromMemory] RPACK: fx definition 'car_hit_ground_dust_emiter.fx' (type=0, def=0000000062AB4240) NOT registered!
{20:17:51.089} WARN: [WARN]       > [CFXDefinitionManager::CreateDefFromMemory] RPACK: fx definition 'car_hit_ground_dust_particle.fx' (type=2, def=000000004A9AFE30) NOT registered!
{20:17:51.138} WARN: [WARN]       > [CFXDefinitionManager::CreateDefFromMemory] RPACK: fx definition 'coll_ground_emiter.fx' (type=0, def=0000000062AB4FC0) NOT registered!
{20:17:51.139} WARN: [WARN]       > [CFXDefinitionManager::CreateDefFromMemory] RPACK: fx definition 'coll_ground_particle.fx' (type=2, def=000000004AFE4710) NOT registered!
{20:17:51.217} DEBG: [CLOG]       > ERROR [FX] Cannot read definition of hex_blood_anim_decal_standard.fx
{20:17:51.217} DEBG: [CLOG]       > ERROR [FX] Cannot read definition of hex_blood_decal_standard.fx
{20:17:51.395} DEBG: [CLOG]       > ERROR [FX] Cannot read definition of eimp_sound_sound.fx
{20:17:51.395} WARN: [WARN]       > [CFXDefinitionManager::CreateDefFromMemory] RPACK: fx definition 'eimp_sound_sound.fx' (type=8, def=0000000000000000) NOT registered!
{20:17:51.396} DEBG: [CLOG]       > ERROR [FX] Cannot read definition of eimp_sound_sound.fx
{20:17:51.483} DEBG: [CLOG]       > ERROR [FX] Cannot read definition of eimp_sound_sound.fx
{20:17:52.309} DEBG: [CLOG]       > IL_LoadImage file not opened: edicon_fx.dds
{20:17:52.309} ERRR: [Icons]      > Image could not be loaded: edicon_fx.dds
{20:17:52.309} DEBG: [CLOG]       > IL_LoadImage file not opened: flag_white.dds
{20:17:52.309} ERRR: [Icons]      > Image could not be loaded: flag_white.dds
{20:17:52.348} DEBG: [CLOG]       > IL_LoadImage file not opened: edicon_safeedicon_safehouse.dds
{20:17:52.349} ERRR: [Icons]      > Image could not be loaded: edicon_safeedicon_safehouse.dds
{20:17:52.391} DEBG: [CLOG]       > IL_LoadImage file not opened: edicon_sound_music.dds
{20:17:52.391} ERRR: [Icons]      > Image could not be loaded: edicon_sound_music.dds
{20:17:52.738} DEBG: [CLOG]       > IL_LoadImage file not opened: terrain_mats_color.dds
{20:17:59.202} ERRR: [Parser]     > [parser::node_call::node_call] unknown subtree 'DefineColorsHard' in 'default_Workshop.loot'
{20:17:59.202} ERRR: [Parser]     > [ParseUnit] syntax error in 'default_Workshop.loot' line 35
{20:18:10.129} DEBG: [CLOG]       > ERROR: override script 'map_01_ovr_sml_PC10.scr' contained error and was not loaded!
{20:18:10.130} DEBG: [CLOG]       > ERROR: override script 'map_01_ovr_sml_XBOX.scr' contained error and was not loaded!
{20:18:10.130} DEBG: [CLOG]       > ERROR: override script 'map_01_ovr_sml_PS3.scr' contained error and was not loaded!
{20:18:10.130} DEBG: [CLOG]       > ERROR: override script 'map_01_ovr_sml_PC11.scr' contained error and was not loaded!
{20:18:10.130} DEBG: [CLOG]       > ERROR: override script 'map_01_ovr_sml_DURANGO.scr' contained error and was not loaded!
{20:18:10.130} DEBG: [CLOG]       > ERROR: override script 'map_01_ovr_sml_ORBIS.scr' contained error and was not loaded!
{20:18:10.283} DEBG: [CLOG]       > Load level: 26.273373 [s]
{20:18:10.283} INFO: [Editor]     > Load module succeeded.
{20:18:49.574} INFO: [Editor]     > Generate Map Portals succeeded.
{20:18:49.581} INFO: [Editor]     > Quest Hubs succeeded.
{20:18:49.789} DEBG: [CLOG]       > [CGameEditor::SaveGameModule] start
{20:18:49.790} DEBG: [CLOG]       > [CLevel::SaveChunks] grid saved
{20:18:49.790} DEBG: [CLOG]       > [CLevel::SaveChunks] terrain end
{20:18:49.790} DEBG: [CLOG]       > [CLevel::SaveChunks] trees
{20:18:49.790} DEBG: [CLOG]       > [CLevel::SaveChunks] trees end
{20:18:49.790} DEBG: [CLOG]       > [CLevel::SaveChunks] mesh visibility parameters start
{20:18:49.802} DEBG: [CLOG]       > [CLevel::SaveChunks] mesh visibility parameters end
{20:18:49.802} DEBG: [CLOG]       > [CLevel::SaveChunks] grid objects sort
{20:18:49.802} DEBG: [CLOG]       > [CLevel::SaveChunks] grid objects save
{20:18:49.802} DEBG: [CLOG]       > [CLevel::SaveChunks] gs objects sort
{20:18:49.802} DEBG: [CLOG]       > [CLevel::SaveChunks] gs objects save
{20:18:49.802} DEBG: [CLOG]       > [CLevel::SaveChunks] gs objects saved
{20:18:49.802} DEBG: [CLOG]       > [CLevel::SaveChunks] movies
{20:18:49.802} DEBG: [CLOG]       > [CLevel::SaveChunks] movies end
{20:18:49.803} DEBG: [CLOG]       > [CLevel::SaveChunks] occluders
{20:18:49.803} DEBG: [CLOG]       > [CLevel::SaveChunks] roads
{20:18:49.805} DEBG: [CLOG]       > [CLevel::SaveChunks] roads end
{20:18:49.805} DEBG: [CLOG]       > [CLevel::SaveChunks] decals end
{20:18:49.805} DEBG: [CLOG]       > [CLevel::SaveChunks] shapes
{20:18:49.805} DEBG: [CLOG]       > [CLevel::SaveChunks] shapes end
{20:18:49.805} DEBG: [CLOG]       > [CLevel::SaveChunks] lofter
{20:18:49.805} DEBG: [CLOG]       > [CLevel::SaveChunks] lofter end
{20:18:49.805} DEBG: [CLOG]       > [CLevel::SaveChunks] terrain v.2
{20:18:49.806} DEBG: [CLOG]       > [CLevel::SaveChunks] Terrain v.2 end
{20:18:49.806} DEBG: [CLOG]       > [CLevel::SaveChunks] CGSObject data
{20:18:49.806} DEBG: [CLOG]       > [CLevel::SaveChunks] CGSObject data
{20:18:49.806} DEBG: [CLOG]       > [CLevel::SaveChunks] Envprobes
{20:18:49.806} DEBG: [CLOG]       > [CGameEditor::SaveGameModule] end
{20:18:49.849} INFO: [Editor]     > Save module succeeded.
{20:18:58.212} INFO: [Editor]     > Generate Map Portals succeeded.
{20:18:58.216} INFO: [Editor]     > Quest Hubs succeeded.
{20:18:58.394} DEBG: [CLOG]       > [CGameEditor::SaveGameModule] start
{20:18:58.394} DEBG: [CLOG]       > [CLevel::SaveChunks] grid saved
{20:18:58.394} DEBG: [CLOG]       > [CLevel::SaveChunks] terrain end
{20:18:58.394} DEBG: [CLOG]       > [CLevel::SaveChunks] trees
{20:18:58.394} DEBG: [CLOG]       > [CLevel::SaveChunks] trees end
{20:18:58.394} DEBG: [CLOG]       > [CLevel::SaveChunks] mesh visibility parameters start
{20:18:58.417} DEBG: [CLOG]       > [CLevel::SaveChunks] mesh visibility parameters end
{20:18:58.417} DEBG: [CLOG]       > [CLevel::SaveChunks] grid objects sort
{20:18:58.417} DEBG: [CLOG]       > [CLevel::SaveChunks] grid objects save
{20:18:58.417} DEBG: [CLOG]       > [CLevel::SaveChunks] gs objects sort
{20:18:58.417} DEBG: [CLOG]       > [CLevel::SaveChunks] gs objects save
{20:18:58.417} DEBG: [CLOG]       > [CLevel::SaveChunks] gs objects saved
{20:18:58.417} DEBG: [CLOG]       > [CLevel::SaveChunks] movies
{20:18:58.417} DEBG: [CLOG]       > [CLevel::SaveChunks] movies end
{20:18:58.418} DEBG: [CLOG]       > [CLevel::SaveChunks] occluders
{20:18:58.418} DEBG: [CLOG]       > [CLevel::SaveChunks] roads
{20:18:58.426} DEBG: [CLOG]       > [CLevel::SaveChunks] roads end
{20:18:58.426} DEBG: [CLOG]       > [CLevel::SaveChunks] decals end
{20:18:58.426} DEBG: [CLOG]       > [CLevel::SaveChunks] shapes
{20:18:58.426} DEBG: [CLOG]       > [CLevel::SaveChunks] shapes end
{20:18:58.426} DEBG: [CLOG]       > [CLevel::SaveChunks] lofter end
{20:18:58.426} DEBG: [CLOG]       > [CLevel::SaveChunks] terrain v.2
{20:18:58.426} DEBG: [CLOG]       > [CLevel::SaveChunks] Terrain v.2 end
{20:18:58.426} DEBG: [CLOG]       > [CLevel::SaveChunks] CGSObject data
{20:18:58.426} DEBG: [CLOG]       > [CLevel::SaveChunks] CGSObject data
{20:18:58.426} DEBG: [CLOG]       > [CLevel::SaveChunks] Envprobes
{20:18:58.426} DEBG: [CLOG]       > [CGameEditor::SaveGameModule] end
{20:18:58.505} INFO: [Editor]     > Save module succeeded.
{20:18:58.506} INFO: [Editor]     > Compile map succeeded.
{20:22:26.536} INFO: [Editor]     > Generate Map Portals succeeded.
{20:22:26.538} INFO: [Editor]     > Quest Hubs succeeded.
{20:22:26.584} DEBG: [CLOG]       > [CGameEditor::SaveGameModule] start
{20:22:26.585} DEBG: [CLOG]       > [CLevel::SaveChunks] grid saved
{20:22:26.585} DEBG: [CLOG]       > [CLevel::SaveChunks] terrain end
{20:22:26.585} DEBG: [CLOG]       > [CLevel::SaveChunks] trees
{20:22:26.585} DEBG: [CLOG]       > [CLevel::SaveChunks] trees end
{20:22:26.585} DEBG: [CLOG]       > [CLevel::SaveChunks] mesh visibility parameters start
{20:22:26.614} DEBG: [CLOG]       > [CLevel::SaveChunks] mesh visibility parameters end
{20:22:26.614} DEBG: [CLOG]       > [CLevel::SaveChunks] grid objects sort
{20:22:26.614} DEBG: [CLOG]       > [CLevel::SaveChunks] grid objects save
{20:22:26.614} DEBG: [CLOG]       > [CLevel::SaveChunks] gs objects sort
{20:22:26.614} DEBG: [CLOG]       > [CLevel::SaveChunks] gs objects save
{20:22:26.614} DEBG: [CLOG]       > [CLevel::SaveChunks] gs objects saved
{20:22:26.614} DEBG: [CLOG]       > [CLevel::SaveChunks] movies
{20:22:26.614} DEBG: [CLOG]       > [CLevel::SaveChunks] movies end
{20:22:26.614} DEBG: [CLOG]       > [CLevel::SaveChunks] occluders
{20:22:26.614} DEBG: [CLOG]       > [CLevel::SaveChunks] roads
{20:22:26.616} DEBG: [CLOG]       > [CLevel::SaveChunks] roads end
{20:22:26.616} DEBG: [CLOG]       > [CLevel::SaveChunks] decals end
{20:22:26.616} DEBG: [CLOG]       > [CLevel::SaveChunks] shapes
{20:22:26.616} DEBG: [CLOG]       > [CLevel::SaveChunks] shapes end
{20:22:26.616} DEBG: [CLOG]       > [CLevel::SaveChunks] lofter
{20:22:26.616} DEBG: [CLOG]       > [CLevel::SaveChunks] lofter end
{20:22:26.616} DEBG: [CLOG]       > [CLevel::SaveChunks] terrain v.2
{20:22:26.616} DEBG: [CLOG]       > [CLevel::SaveChunks] Terrain v.2 end
{20:22:26.616} DEBG: [CLOG]       > [CLevel::SaveChunks] CGSObject data
{20:22:26.616} DEBG: [CLOG]       > [CLevel::SaveChunks] CGSObject data
{20:22:26.616} DEBG: [CLOG]       > [CLevel::SaveChunks] Envprobes
{20:22:26.616} DEBG: [CLOG]       > [CGameEditor::SaveGameModule] end
{20:22:26.658} INFO: [Editor]     > Save module succeeded.
{20:22:34.182} INFO: [Editor]     > Generate Map Portals succeeded.
{20:22:34.184} INFO: [Editor]     > Quest Hubs succeeded.
{20:22:34.385} DEBG: [CLOG]       > [CGameEditor::SaveGameModule] start
{20:22:34.385} DEBG: [CLOG]       > [CLevel::SaveChunks] grid saved
{20:22:34.385} DEBG: [CLOG]       > [CLevel::SaveChunks] terrain end
{20:22:34.385} DEBG: [CLOG]       > [CLevel::SaveChunks] trees
{20:22:34.385} DEBG: [CLOG]       > [CLevel::SaveChunks] trees end
{20:22:34.385} DEBG: [CLOG]       > [CLevel::SaveChunks] mesh visibility parameters start
{20:22:34.394} DEBG: [CLOG]       > [CLevel::SaveChunks] mesh visibility parameters end
{20:22:34.394} DEBG: [CLOG]       > [CLevel::SaveChunks] grid objects sort
{20:22:34.394} DEBG: [CLOG]       > [CLevel::SaveChunks] grid objects save
{20:22:34.394} DEBG: [CLOG]       > [CLevel::SaveChunks] gs objects sort
{20:22:34.394} DEBG: [CLOG]       > [CLevel::SaveChunks] gs objects save
{20:22:34.394} DEBG: [CLOG]       > [CLevel::SaveChunks] gs objects saved
{20:22:34.394} DEBG: [CLOG]       > [CLevel::SaveChunks] movies
{20:22:34.394} DEBG: [CLOG]       > [CLevel::SaveChunks] movies end
{20:22:34.395} DEBG: [CLOG]       > [CLevel::SaveChunks] occluders
{20:22:34.395} DEBG: [CLOG]       > [CLevel::SaveChunks] roads
{20:22:34.396} DEBG: [CLOG]       > [CLevel::SaveChunks] roads end
{20:22:34.396} DEBG: [CLOG]       > [CLevel::SaveChunks] decals end
{20:22:34.396} DEBG: [CLOG]       > [CLevel::SaveChunks] shapes
{20:22:34.396} DEBG: [CLOG]       > [CLevel::SaveChunks] shapes end
{20:22:34.396} DEBG: [CLOG]       > [CLevel::SaveChunks] lofter end
{20:22:34.396} DEBG: [CLOG]       > [CLevel::SaveChunks] terrain v.2
{20:22:34.396} DEBG: [CLOG]       > [CLevel::SaveChunks] Terrain v.2 end
{20:22:34.396} DEBG: [CLOG]       > [CLevel::SaveChunks] CGSObject data
{20:22:34.396} DEBG: [CLOG]       > [CLevel::SaveChunks] CGSObject data
{20:22:34.396} DEBG: [CLOG]       > [CLevel::SaveChunks] Envprobes
{20:22:34.396} DEBG: [CLOG]       > [CGameEditor::SaveGameModule] end
{20:22:34.424} INFO: [Editor]     > Save module succeeded.
{20:22:34.426} INFO: [Editor]     > Compile map succeeded.
{20:27:39.934} INFO: [Editor]     > Generate Map Portals succeeded.
{20:27:39.937} INFO: [Editor]     > Quest Hubs succeeded.
{20:27:39.979} DEBG: [CLOG]       > [CGameEditor::SaveGameModule] start
{20:27:39.980} DEBG: [CLOG]       > [CLevel::SaveChunks] grid saved
{20:27:39.980} DEBG: [CLOG]       > [CLevel::SaveChunks] terrain end
{20:27:39.980} DEBG: [CLOG]       > [CLevel::SaveChunks] trees
{20:27:39.980} DEBG: [CLOG]       > [CLevel::SaveChunks] trees end
{20:27:39.980} DEBG: [CLOG]       > [CLevel::SaveChunks] mesh visibility parameters start
{20:27:39.994} DEBG: [CLOG]       > [CLevel::SaveChunks] mesh visibility parameters end
{20:27:39.994} DEBG: [CLOG]       > [CLevel::SaveChunks] grid objects sort
{20:27:39.994} DEBG: [CLOG]       > [CLevel::SaveChunks] grid objects save
{20:27:39.994} DEBG: [CLOG]       > [CLevel::SaveChunks] gs objects sort
{20:27:39.994} DEBG: [CLOG]       > [CLevel::SaveChunks] gs objects save
{20:27:39.994} DEBG: [CLOG]       > [CLevel::SaveChunks] gs objects saved
{20:27:39.994} DEBG: [CLOG]       > [CLevel::SaveChunks] movies
{20:27:39.995} DEBG: [CLOG]       > [CLevel::SaveChunks] movies end
{20:27:39.995} DEBG: [CLOG]       > [CLevel::SaveChunks] occluders
{20:27:39.995} DEBG: [CLOG]       > [CLevel::SaveChunks] roads
{20:27:39.996} DEBG: [CLOG]       > [CLevel::SaveChunks] roads end
{20:27:39.996} DEBG: [CLOG]       > [CLevel::SaveChunks] decals end
{20:27:39.996} DEBG: [CLOG]       > [CLevel::SaveChunks] shapes
{20:27:39.996} DEBG: [CLOG]       > [CLevel::SaveChunks] shapes end
{20:27:39.996} DEBG: [CLOG]       > [CLevel::SaveChunks] lofter
{20:27:39.996} DEBG: [CLOG]       > [CLevel::SaveChunks] lofter end
{20:27:39.996} DEBG: [CLOG]       > [CLevel::SaveChunks] terrain v.2
{20:27:39.997} DEBG: [CLOG]       > [CLevel::SaveChunks] Terrain v.2 end
{20:27:39.997} DEBG: [CLOG]       > [CLevel::SaveChunks] CGSObject data
{20:27:39.997} DEBG: [CLOG]       > [CLevel::SaveChunks] CGSObject data
{20:27:39.997} DEBG: [CLOG]       > [CLevel::SaveChunks] Envprobes
{20:27:39.997} DEBG: [CLOG]       > [CGameEditor::SaveGameModule] end
{20:27:40.036} INFO: [Editor]     > Save module succeeded.
{20:27:47.458} INFO: [Editor]     > Generate Map Portals succeeded.
{20:27:47.460} INFO: [Editor]     > Quest Hubs succeeded.
{20:27:47.668} DEBG: [CLOG]       > [CGameEditor::SaveGameModule] start
{20:27:47.668} DEBG: [CLOG]       > [CLevel::SaveChunks] grid saved
{20:27:47.668} DEBG: [CLOG]       > [CLevel::SaveChunks] terrain end
{20:27:47.668} DEBG: [CLOG]       > [CLevel::SaveChunks] trees
{20:27:47.668} DEBG: [CLOG]       > [CLevel::SaveChunks] trees end
{20:27:47.668} DEBG: [CLOG]       > [CLevel::SaveChunks] mesh visibility parameters start
{20:27:47.679} DEBG: [CLOG]       > [CLevel::SaveChunks] mesh visibility parameters end
{20:27:47.680} DEBG: [CLOG]       > [CLevel::SaveChunks] grid objects sort
{20:27:47.680} DEBG: [CLOG]       > [CLevel::SaveChunks] grid objects save
{20:27:47.680} DEBG: [CLOG]       > [CLevel::SaveChunks] gs objects sort
{20:27:47.680} DEBG: [CLOG]       > [CLevel::SaveChunks] gs objects save
{20:27:47.680} DEBG: [CLOG]       > [CLevel::SaveChunks] gs objects saved
{20:27:47.680} DEBG: [CLOG]       > [CLevel::SaveChunks] movies
{20:27:47.680} DEBG: [CLOG]       > [CLevel::SaveChunks] movies end
{20:27:47.680} DEBG: [CLOG]       > [CLevel::SaveChunks] occluders
{20:27:47.680} DEBG: [CLOG]       > [CLevel::SaveChunks] roads
{20:27:47.682} DEBG: [CLOG]       > [CLevel::SaveChunks] roads end
{20:27:47.682} DEBG: [CLOG]       > [CLevel::SaveChunks] decals end
{20:27:47.682} DEBG: [CLOG]       > [CLevel::SaveChunks] shapes
{20:27:47.682} DEBG: [CLOG]       > [CLevel::SaveChunks] shapes end
{20:27:47.682} DEBG: [CLOG]       > [CLevel::SaveChunks] lofter end
{20:27:47.682} DEBG: [CLOG]       > [CLevel::SaveChunks] terrain v.2
{20:27:47.682} DEBG: [CLOG]       > [CLevel::SaveChunks] Terrain v.2 end
{20:27:47.682} DEBG: [CLOG]       > [CLevel::SaveChunks] CGSObject data
{20:27:47.682} DEBG: [CLOG]       > [CLevel::SaveChunks] CGSObject data
{20:27:47.682} DEBG: [CLOG]       > [CLevel::SaveChunks] Envprobes
{20:27:47.682} DEBG: [CLOG]       > [CGameEditor::SaveGameModule] end
{20:27:47.709} INFO: [Editor]     > Save module succeeded.
{20:27:47.710} INFO: [Editor]     > Compile map succeeded.
{21:43:01.669} INFO: [Editor]     > Generate Map Portals succeeded.
{21:43:01.677} INFO: [Editor]     > Quest Hubs succeeded.
{21:43:01.725} DEBG: [CLOG]       > [CGameEditor::SaveGameModule] start
{21:43:01.725} DEBG: [CLOG]       > [CLevel::SaveChunks] grid saved
{21:43:01.725} DEBG: [CLOG]       > [CLevel::SaveChunks] terrain end
{21:43:01.725} DEBG: [CLOG]       > [CLevel::SaveChunks] trees
{21:43:01.725} DEBG: [CLOG]       > [CLevel::SaveChunks] trees end
{21:43:01.725} DEBG: [CLOG]       > [CLevel::SaveChunks] mesh visibility parameters start
{21:43:01.750} DEBG: [CLOG]       > [CLevel::SaveChunks] mesh visibility parameters end
{21:43:01.750} DEBG: [CLOG]       > [CLevel::SaveChunks] grid objects sort
{21:43:01.750} DEBG: [CLOG]       > [CLevel::SaveChunks] grid objects save
{21:43:01.751} DEBG: [CLOG]       > [CLevel::SaveChunks] gs objects sort
{21:43:01.751} DEBG: [CLOG]       > [CLevel::SaveChunks] gs objects save
{21:43:01.751} DEBG: [CLOG]       > [CLevel::SaveChunks] gs objects saved
{21:43:01.751} DEBG: [CLOG]       > [CLevel::SaveChunks] movies
{21:43:01.751} DEBG: [CLOG]       > [CLevel::SaveChunks] movies end
{21:43:01.751} DEBG: [CLOG]       > [CLevel::SaveChunks] occluders
{21:43:01.751} DEBG: [CLOG]       > [CLevel::SaveChunks] roads
{21:43:01.757} DEBG: [CLOG]       > [CLevel::SaveChunks] roads end
{21:43:01.757} DEBG: [CLOG]       > [CLevel::SaveChunks] decals end
{21:43:01.757} DEBG: [CLOG]       > [CLevel::SaveChunks] shapes
{21:43:01.758} DEBG: [CLOG]       > [CLevel::SaveChunks] shapes end
{21:43:01.758} DEBG: [CLOG]       > [CLevel::SaveChunks] lofter
{21:43:01.758} DEBG: [CLOG]       > [CLevel::SaveChunks] lofter end
{21:43:01.758} DEBG: [CLOG]       > [CLevel::SaveChunks] terrain v.2
{21:43:01.758} DEBG: [CLOG]       > [CLevel::SaveChunks] Terrain v.2 end
{21:43:01.758} DEBG: [CLOG]       > [CLevel::SaveChunks] CGSObject data
{21:43:01.758} DEBG: [CLOG]       > [CLevel::SaveChunks] CGSObject data
{21:43:01.758} DEBG: [CLOG]       > [CLevel::SaveChunks] Envprobes
{21:43:01.758} DEBG: [CLOG]       > [CGameEditor::SaveGameModule] end
{21:43:01.807} INFO: [Editor]     > Save module succeeded.
{21:45:29.040} INFO: [Editor]     > Generate Map Portals succeeded.
{21:45:29.043} INFO: [Editor]     > Quest Hubs succeeded.
{21:45:29.089} DEBG: [CLOG]       > [CGameEditor::SaveGameModule] start
{21:45:29.089} DEBG: [CLOG]       > [CLevel::SaveChunks] grid saved
{21:45:29.089} DEBG: [CLOG]       > [CLevel::SaveChunks] terrain end
{21:45:29.089} DEBG: [CLOG]       > [CLevel::SaveChunks] trees
{21:45:29.089} DEBG: [CLOG]       > [CLevel::SaveChunks] trees end
{21:45:29.089} DEBG: [CLOG]       > [CLevel::SaveChunks] mesh visibility parameters start
{21:45:29.106} DEBG: [CLOG]       > [CLevel::SaveChunks] mesh visibility parameters end
{21:45:29.106} DEBG: [CLOG]       > [CLevel::SaveChunks] grid objects sort
{21:45:29.106} DEBG: [CLOG]       > [CLevel::SaveChunks] grid objects save
{21:45:29.106} DEBG: [CLOG]       > [CLevel::SaveChunks] gs objects sort
{21:45:29.106} DEBG: [CLOG]       > [CLevel::SaveChunks] gs objects save
{21:45:29.106} DEBG: [CLOG]       > [CLevel::SaveChunks] gs objects saved
{21:45:29.106} DEBG: [CLOG]       > [CLevel::SaveChunks] movies
{21:45:29.106} DEBG: [CLOG]       > [CLevel::SaveChunks] movies end
{21:45:29.107} DEBG: [CLOG]       > [CLevel::SaveChunks] occluders
{21:45:29.107} DEBG: [CLOG]       > [CLevel::SaveChunks] roads
{21:45:29.109} DEBG: [CLOG]       > [CLevel::SaveChunks] roads end
{21:45:29.109} DEBG: [CLOG]       > [CLevel::SaveChunks] decals end
{21:45:29.109} DEBG: [CLOG]       > [CLevel::SaveChunks] shapes
{21:45:29.109} DEBG: [CLOG]       > [CLevel::SaveChunks] shapes end
{21:45:29.109} DEBG: [CLOG]       > [CLevel::SaveChunks] lofter
{21:45:29.109} DEBG: [CLOG]       > [CLevel::SaveChunks] lofter end
{21:45:29.109} DEBG: [CLOG]       > [CLevel::SaveChunks] terrain v.2
{21:45:29.109} DEBG: [CLOG]       > [CLevel::SaveChunks] Terrain v.2 end
{21:45:29.109} DEBG: [CLOG]       > [CLevel::SaveChunks] CGSObject data
{21:45:29.109} DEBG: [CLOG]       > [CLevel::SaveChunks] CGSObject data
{21:45:29.109} DEBG: [CLOG]       > [CLevel::SaveChunks] Envprobes
{21:45:29.109} DEBG: [CLOG]       > [CGameEditor::SaveGameModule] end
{21:45:29.145} INFO: [Editor]     > Save module succeeded.
{21:45:33.401} INFO: [Editor]     > Generate Map Portals succeeded.
{21:45:33.403} INFO: [Editor]     > Quest Hubs succeeded.
{21:45:33.450} DEBG: [CLOG]       > [CGameEditor::SaveGameModule] start
{21:45:33.451} DEBG: [CLOG]       > [CLevel::SaveChunks] grid saved
{21:45:33.451} DEBG: [CLOG]       > [CLevel::SaveChunks] terrain end
{21:45:33.451} DEBG: [CLOG]       > [CLevel::SaveChunks] trees
{21:45:33.451} DEBG: [CLOG]       > [CLevel::SaveChunks] trees end
{21:45:33.451} DEBG: [CLOG]       > [CLevel::SaveChunks] mesh visibility parameters start
{21:45:33.466} DEBG: [CLOG]       > [CLevel::SaveChunks] mesh visibility parameters end
{21:45:33.466} DEBG: [CLOG]       > [CLevel::SaveChunks] grid objects sort
{21:45:33.466} DEBG: [CLOG]       > [CLevel::SaveChunks] grid objects save
{21:45:33.466} DEBG: [CLOG]       > [CLevel::SaveChunks] gs objects sort
{21:45:33.466} DEBG: [CLOG]       > [CLevel::SaveChunks] gs objects save
{21:45:33.466} DEBG: [CLOG]       > [CLevel::SaveChunks] gs objects saved
{21:45:33.466} DEBG: [CLOG]       > [CLevel::SaveChunks] movies
{21:45:33.466} DEBG: [CLOG]       > [CLevel::SaveChunks] movies end
{21:45:33.467} DEBG: [CLOG]       > [CLevel::SaveChunks] occluders
{21:45:33.467} DEBG: [CLOG]       > [CLevel::SaveChunks] roads
{21:45:33.468} DEBG: [CLOG]       > [CLevel::SaveChunks] roads end
{21:45:33.469} DEBG: [CLOG]       > [CLevel::SaveChunks] decals end
{21:45:33.469} DEBG: [CLOG]       > [CLevel::SaveChunks] shapes
{21:45:33.469} DEBG: [CLOG]       > [CLevel::SaveChunks] shapes end
{21:45:33.469} DEBG: [CLOG]       > [CLevel::SaveChunks] lofter
{21:45:33.469} DEBG: [CLOG]       > [CLevel::SaveChunks] lofter end
{21:45:33.469} DEBG: [CLOG]       > [CLevel::SaveChunks] terrain v.2
{21:45:33.469} DEBG: [CLOG]       > [CLevel::SaveChunks] Terrain v.2 end
{21:45:33.469} DEBG: [CLOG]       > [CLevel::SaveChunks] CGSObject data
{21:45:33.469} DEBG: [CLOG]       > [CLevel::SaveChunks] CGSObject data
{21:45:33.469} DEBG: [CLOG]       > [CLevel::SaveChunks] Envprobes
{21:45:33.469} DEBG: [CLOG]       > [CGameEditor::SaveGameModule] end
{21:45:33.503} INFO: [Editor]     > Save module succeeded.
{21:45:33.977} DEBG: [CLOG]       > Level map_01 (LevelDI) deleted
{21:45:35.816} DEBG: [CLOG]       > [CSocket::~CSocket]: <shutdown> error: WSAENOTCONN
{21:45:36.321} INFO: [INFO]       > ---------------------------------------------------------
{21:45:36.321} INFO: [INFO]       > Time of playing game: 5341.366699s
{21:45:36.321} INFO: [INFO]       > Updated frames: 0 Rendered frames: 31708
{21:45:36.321} INFO: [INFO]       > Average FPS: 5.936309
{21:45:36.321} INFO: [INFO]       > ---------------------------------------------------------
{21:45:36.332} DEBG: [CLOG]       > Level  (Level) deleted
{21:45:36.476} DEBG: [CLOG]       > CtrlObjGrid: Maximum grid 000000006979DD80 memory usage: 38 kbytes
{21:45:36.479} DEBG: [CLOG]       > CtrlObjGrid: Maximum grid 0000000062B2BE20 memory usage: 1 kbytes
{21:45:38.516} DEBG: [CLOG]       > WARNING [~CSurfaceManager] Num nondeleted surfaces 93
{21:45:38.517} WARN: [WARN]       > [~CSurfaceManager] Num nondeleted vertex buffers 1
{21:45:38.517} WARN: [WARN]       > [~CSurfaceManager] Num nondeleted index buffers 1
{21:45:38.603} INFO: [Renderer]   > [r_Shutdown] Dll released
