{20:09:05.990} INFO: [System] > Build version: 6.2015.1204.1439
{20:09:05.990} INFO: [System] > [PID] 6412
{20:09:06.060} INFO: [System] > [CPU] vendor: GenuineIntel, features: SSSE3 SSE4.1 SSE4.2 AVX AVX2 F16C FMA CX16 POPCNT LZCNT BMI1 BMI2 HTT, clock frequency: 2194.87MHz
{20:09:06.061} INFO: [System] > [CPU] CPUs: 1, Cores: 2, HT: Yes, Logical processors: 4
{20:09:06.111} INFO: [JobManager] > TMeb6164e7, dedicated worker threads: 1 + 2, num cpus: 4
{20:09:06.128} INFO: [ODE]        > [ode::dInitialize] SSE path
{20:09:06.159} INFO: [Renderer]   > [r_Initialize] Loaded from rd3d11_x64_rwdi.dll.
{20:09:06.159} INFO: [Renderer]   > Enumerating D3D11 video adapters:
{20:09:06.163} INFO: [Renderer]   > Adapter 1: Intel(R) HD Graphics 5500 128MB/3839MB/0MB
{20:09:06.164} INFO: [Renderer]   |   Output 0: [0,0 - 1920,1080] \\.\DISPLAY1
{20:09:06.164} INFO: [Renderer]   |   Output 1: [2400,0 - 4200,1125] \\.\DISPLAY2
{20:09:06.164} INFO: [Renderer]   > Adapter 2: AMD Radeon(TM) R9 M375 4075MB/3840MB/0MB
{20:09:06.164} INFO: [Renderer]   > Adapter 3: Microsoft Basic Render Driver 0MB/256MB/0MB
{20:09:06.182} INFO: [Renderer]   > Renderer started in DX11 mode.
{20:09:06.383} INFO: [Renderer]   > DDraw reported 3,960M free texture memory.
{20:09:06.780} INFO: [Renderer]   > Renderer: supported display modes:
{20:09:06.780} INFO: [Renderer]   |  640x480, bpp:24, hz:60.05, fmt: A8R8G8B8
{20:09:06.780} INFO: [Renderer]   |  640x480, bpp:24, hz:60.05, fmt: A8R8G8B8
{20:09:06.780} INFO: [Renderer]   |  800x600, bpp:24, hz:60.05, fmt: A8R8G8B8
{20:09:06.780} INFO: [Renderer]   |  800x600, bpp:24, hz:60.05, fmt: A8R8G8B8
{20:09:06.780} INFO: [Renderer]   |  1024x768, bpp:24, hz:60.05, fmt: A8R8G8B8
{20:09:06.780} INFO: [Renderer]   |  1024x768, bpp:24, hz:60.05, fmt: A8R8G8B8
{20:09:06.780} INFO: [Renderer]   |  1152x864, bpp:24, hz:60.05, fmt: A8R8G8B8
{20:09:06.780} INFO: [Renderer]   |  1152x864, bpp:24, hz:60.05, fmt: A8R8G8B8
{20:09:06.780} INFO: [Renderer]   |  1280x600, bpp:24, hz:60.05, fmt: A8R8G8B8
{20:09:06.780} INFO: [Renderer]   |  1280x600, bpp:24, hz:60.05, fmt: A8R8G8B8
{20:09:06.780} INFO: [Renderer]   |  1280x720, bpp:24, hz:60.05, fmt: A8R8G8B8
{20:09:06.780} INFO: [Renderer]   |  1280x720, bpp:24, hz:60.05, fmt: A8R8G8B8
{20:09:06.780} INFO: [Renderer]   |  1280x768, bpp:24, hz:60.05, fmt: A8R8G8B8
{20:09:06.780} INFO: [Renderer]   |  1280x768, bpp:24, hz:60.05, fmt: A8R8G8B8
{20:09:06.780} INFO: [Renderer]   |  1280x800, bpp:24, hz:60.05, fmt: A8R8G8B8
{20:09:06.780} INFO: [Renderer]   |  1280x800, bpp:24, hz:60.05, fmt: A8R8G8B8
{20:09:06.780} INFO: [Renderer]   |  1280x960, bpp:24, hz:60.05, fmt: A8R8G8B8
{20:09:06.780} INFO: [Renderer]   |  1280x960, bpp:24, hz:60.05, fmt: A8R8G8B8
{20:09:06.780} INFO: [Renderer]   |  1280x1024, bpp:24, hz:60.05, fmt: A8R8G8B8
{20:09:06.780} INFO: [Renderer]   |  1280x1024, bpp:24, hz:60.05, fmt: A8R8G8B8
{20:09:06.780} INFO: [Renderer]   |  1360x768, bpp:24, hz:60.05, fmt: A8R8G8B8
{20:09:06.780} INFO: [Renderer]   |  1360x768, bpp:24, hz:60.05, fmt: A8R8G8B8
{20:09:06.780} INFO: [Renderer]   |  1366x768, bpp:24, hz:60.05, fmt: A8R8G8B8
{20:09:06.780} INFO: [Renderer]   |  1366x768, bpp:24, hz:60.05, fmt: A8R8G8B8
{20:09:06.780} INFO: [Renderer]   |  1400x1050, bpp:24, hz:60.05, fmt: A8R8G8B8
{20:09:06.780} INFO: [Renderer]   |  1400x1050, bpp:24, hz:60.05, fmt: A8R8G8B8
{20:09:06.780} INFO: [Renderer]   |  1440x900, bpp:24, hz:60.05, fmt: A8R8G8B8
{20:09:06.780} INFO: [Renderer]   |  1440x900, bpp:24, hz:60.05, fmt: A8R8G8B8
{20:09:06.780} INFO: [Renderer]   |  1600x900, bpp:24, hz:60.05, fmt: A8R8G8B8
{20:09:06.780} INFO: [Renderer]   |  1600x900, bpp:24, hz:60.05, fmt: A8R8G8B8
{20:09:06.780} INFO: [Renderer]   |  1680x1050, bpp:24, hz:60.05, fmt: A8R8G8B8
{20:09:06.780} INFO: [Renderer]   |  1680x1050, bpp:24, hz:60.05, fmt: A8R8G8B8
{20:09:06.780} INFO: [Renderer]   |  1920x1080, bpp:24, hz:60.05, fmt: A8R8G8B8
{20:09:06.784} INFO: [INFO]       > Texture streaming lowest priority distance set to 100m
{20:09:06.784} INFO: [Renderer]   > WindowOffset 0 0
{20:09:06.826} DEBG: [CLOG]       > [CAudioSettings::LoadSettings] Unable to load Out/Settings/EditorAudio.scr
{20:09:06.827} DEBG: [DXGI]       > [RChangeDeviceState] 1920x1080, windowed, 0/0 Hz
{20:09:06.827} DEBG: [DXGI]       >                  was 0x0, fullscreen, 0/0 Hz
{20:09:06.834} INFO: [TexMgr]     > Max texture dimensions: 16384x16384x2048
{20:09:06.848} INFO: [MatMgr]     > Number of supported techniques: 61
{20:09:09.838} INFO: [MatMgr]     > Material pack 'global_dx11.mp' loaded.
{20:09:09.978} INFO: [MatMgr]     > Material pack 'local_dx11.mp' loaded.
{20:09:11.046} INFO: [INFO]       > Texture streaming buffer set to 400MB
{20:09:11.050} INFO: [Video]      > //Video settings:
{20:09:11.050} INFO: [Video]      > Resolution(1920,1080)
{20:09:11.050} INFO: [Video]      > Monitor(0)
{20:09:11.050} INFO: [Video]      > TextureQuality("Medium")
{20:09:11.050} INFO: [Video]      > VisRange(1.40, 1.40)
{20:09:11.050} INFO: [Video]      > ShadowMapSize(1024)
{20:09:11.050} INFO: [Video]      > SpotShadowMapSize(1024)
{20:09:11.050} INFO: [Video]      > GammaFloat(1.00)
{20:09:11.050} INFO: [Video]      > GrassQuality(2)
{20:09:11.050} INFO: [Video]      > AmbientOcclusion(0)
{20:09:11.050} INFO: [Video]      > MotionBlur(0)
{20:09:11.050} INFO: [Video]      > AntiAliasing(0)
{20:09:11.050} INFO: [Video]      > DisableDWM(1)
{20:09:11.050} INFO: [Video]      > EnableFilmGrain(1)
{20:09:11.050} INFO: [Video]      > Version(1)
{20:09:11.051} INFO: [INFO]       > >>>>> Audio init
{20:09:12.408} INFO: [INFO]       > FMOD::Driver: GBo[niki (Realtek High Definition Audio)
{20:09:12.409} INFO: [INFO]       > DriverCaps: FMOD_CAPS_OUTPUT_FORMAT_PCM8
{20:09:12.409} INFO: [INFO]       > DriverCaps: FMOD_CAPS_OUTPUT_FORMAT_PCM16
{20:09:12.409} INFO: [INFO]       > DriverCaps: FMOD_CAPS_OUTPUT_FORMAT_PCM24
{20:09:12.409} INFO: [INFO]       > DriverCaps: FMOD_CAPS_OUTPUT_FORMAT_PCM32
{20:09:12.409} INFO: [INFO]       > DriverCaps: FMOD_CAPS_OUTPUT_FORMAT_PCMFLOAT
{20:09:13.914} DEBG: [CLOG]       > NOTE : FMOD_SYSTEM_CALLBACKTYPE_THREADCREATED occured.
{20:09:13.914} DEBG: [CLOG]       > Thread ID = 1388
{20:09:13.914} DEBG: [CLOG]       > Thread Name = FMOD (WASAPI) feeder thread
{20:09:13.914} DEBG: [CLOG]       > NOTE : FMOD_SYSTEM_CALLBACKTYPE_THREADCREATED occured.
{20:09:13.914} DEBG: [CLOG]       > Thread ID = 1412
{20:09:13.914} DEBG: [CLOG]       > Thread Name = FMOD mixer thread
{20:09:14.028} DEBG: [CLOG]       > NOTE : FMOD_SYSTEM_CALLBACKTYPE_THREADCREATED occured.
{20:09:14.028} DEBG: [CLOG]       > Thread ID = 1444
{20:09:14.028} DEBG: [CLOG]       > Thread Name = FMOD stream thread
{20:09:14.028} INFO: [INFO]       > FMOD is using (8) output type.
{20:09:14.028} INFO: [INFO]       > FMOD Software Format Info:
{20:09:14.028} INFO: [INFO]       | 	Out Sample Rate: <48000>
{20:09:14.028} INFO: [INFO]       | 	Format: <5>
{20:09:14.028} INFO: [INFO]       | 	Out Channels: <2>
{20:09:14.028} INFO: [INFO]       | 	Max Input Channels: <8>
{20:09:14.028} INFO: [INFO]       | 	Bits: <32>
{20:09:14.028} INFO: [INFO]       > FMOD Mixer blocksize        = 21.33 ms
{20:09:14.028} INFO: [INFO]       > FMOD Mixer blocks count     = 4
{20:09:14.028} INFO: [INFO]       > FMOD Mixer Total buffer size = 85.33 ms
{20:09:14.028} INFO: [INFO]       > FMOD Mixer Average Latency  = 53.33 ms
{20:09:14.034} DEBG: [CLOG]       > [CAudioFMOD::InitNet] Can't use FMOD NetEventSystem - Audio engine is using FMODEx.
{20:09:14.034} INFO: [INFO]       > [CAudioFMOD] FMOD debug level: 0
{20:09:14.175} INFO: [Audio]      > //Audio settings:
{20:09:14.175} INFO: [Audio]      > API("FMOD")
{20:09:14.175} INFO: [Audio]      > MixFrequency(48000)
{20:09:14.175} INFO: [Audio]      > Channels(40)
{20:09:14.175} INFO: [Audio]      > Quality3D("high")
{20:09:14.175} INFO: [Audio]      > MaxVolume(40)
{20:09:14.175} INFO: [Audio]      > FXVolume(40)
{20:09:14.175} INFO: [Audio]      > WaveVolume(40)
{20:09:14.175} INFO: [Audio]      > SpeechVolume(40)
{20:09:14.175} INFO: [Audio]      > MovieVolume(40)
{20:09:14.175} INFO: [Audio]      > MovieVolumeSource(0)
{20:09:14.175} INFO: [Audio]      > GlobalSettings("")
{20:09:14.175} INFO: [Audio]      > ReverbChannels(1)
{20:09:14.175} INFO: [Audio]      > MixerBlocksCount(0)
{20:09:14.175} INFO: [Audio]      > 
{20:09:31.096} INFO: [INFO]       > [Input] Keyboard 0 enumerated: intance_name = Klawiatura, product_name = Klawiatura, GUID = {6f1d2b61-d5a0-11cf-bfc7-444553540000}
{20:09:31.096} INFO: [INFO]       > [CInput::SelectKeyboard] Keyboard 0 selected: Klawiatura, Klawiatura
{20:09:31.115} INFO: [INFO]       > [SDL::InitSDL] InitSDL successed!
{20:09:31.147} INFO: [Game]       > Game version: 0.0.99
{20:09:42.184} ERRR: [Parser]     > Param 0 in function EnableExplosionDamage() is not a bool
{20:09:42.188} ERRR: [Parser]     > Param 0 in function EnableExplosionDamage() is not a bool
{20:09:42.189} ERRR: [Parser]     > Param 0 in function EnableExplosionDamage() is not a bool
{20:09:42.304} DEBG: [CLOG]       > Failed to calc CRC for file achievements.xml  (0 to -1)
{20:09:42.305} DEBG: [CLOG]       > Failed to calc CRC for file challenges.xml  (0 to -1)
{20:09:46.046} DEBG: [CLOG]       > [FMODSoundBankManager::LoadBank] Sound bank <menu_p0.csb> doesn't exist in filesystem.
{20:09:46.046} DEBG: [CLOG]       > [AudioScript::Execute] <LoadAudioBanks> failed!
{20:09:46.046} DEBG: [CLOG]       > [FMODSoundBankManager::LoadBank] Sound bank <menu_stream_p0.csb> doesn't exist in filesystem.
{20:09:46.046} DEBG: [CLOG]       > [AudioScript::Execute] <LoadAudioBanks> failed!
{20:09:46.047} DEBG: [CLOG]       > [FMODSoundBankManager::LoadBank] Sound bank <menu_stream_p1.csb> doesn't exist in filesystem.
{20:09:46.047} DEBG: [CLOG]       > [AudioScript::Execute] <LoadAudioBanks> failed!
{20:09:46.049} DEBG: [CLOG]       > [FMODSoundBankManager::LoadBank] Sound bank <music_1_p0.csb> doesn't exist in filesystem.
{20:09:46.049} DEBG: [CLOG]       > [AudioScript::Execute] <LoadAudioBanks> failed!
{20:09:46.049} DEBG: [CLOG]       > [FMODSoundBankManager::LoadBank] Sound bank <music_1_stream_p0.csb> doesn't exist in filesystem.
{20:09:46.049} DEBG: [CLOG]       > [AudioScript::Execute] <LoadAudioBanks> failed!
{20:09:46.049} DEBG: [CLOG]       > [FMODSoundBankManager::LoadBank] Sound bank <music_1_p1.csb> doesn't exist in filesystem.
{20:09:46.049} DEBG: [CLOG]       > [AudioScript::Execute] <LoadAudioBanks> failed!
{20:09:46.049} DEBG: [CLOG]       > [FMODSoundBankManager::LoadBank] Sound bank <music_1_stream_p1.csb> doesn't exist in filesystem.
{20:09:46.049} DEBG: [CLOG]       > [AudioScript::Execute] <LoadAudioBanks> failed!
{20:09:46.056} DEBG: [CLOG]       > [FMODSoundBankManager::LoadBank] Sound bank <music_2_p0.csb> doesn't exist in filesystem.
{20:09:46.056} DEBG: [CLOG]       > [AudioScript::Execute] <LoadAudioBanks> failed!
{20:09:46.056} DEBG: [CLOG]       > [FMODSoundBankManager::LoadBank] Sound bank <music_2_stream_p0.csb> doesn't exist in filesystem.
{20:09:46.056} DEBG: [CLOG]       > [AudioScript::Execute] <LoadAudioBanks> failed!
{20:09:46.057} DEBG: [CLOG]       > [FMODSoundBankManager::LoadBank] Sound bank <music_2_p1.csb> doesn't exist in filesystem.
{20:09:46.057} DEBG: [CLOG]       > [AudioScript::Execute] <LoadAudioBanks> failed!
{20:09:46.057} DEBG: [CLOG]       > [FMODSoundBankManager::LoadBank] Sound bank <music_2_stream_p1.csb> doesn't exist in filesystem.
{20:09:46.057} DEBG: [CLOG]       > [AudioScript::Execute] <LoadAudioBanks> failed!
{20:09:46.058} DEBG: [CLOG]       > [FMODSoundBankManager::LoadBank] Sound bank <music_3_p0.csb> doesn't exist in filesystem.
{20:09:46.058} DEBG: [CLOG]       > [AudioScript::Execute] <LoadAudioBanks> failed!
{20:09:46.058} DEBG: [CLOG]       > [FMODSoundBankManager::LoadBank] Sound bank <music_3_stream_p0.csb> doesn't exist in filesystem.
{20:09:46.058} DEBG: [CLOG]       > [AudioScript::Execute] <LoadAudioBanks> failed!
{20:09:46.058} DEBG: [CLOG]       > [FMODSoundBankManager::LoadBank] Sound bank <music_3_p1.csb> doesn't exist in filesystem.
{20:09:46.058} DEBG: [CLOG]       > [AudioScript::Execute] <LoadAudioBanks> failed!
{20:09:46.110} DEBG: [CLOG]       > [FMODSoundBankManager::LoadBank] Sound bank <all_in_maps_1_p0.csb> doesn't exist in filesystem.
{20:09:46.111} DEBG: [CLOG]       > [AudioScript::Execute] <LoadAudioBanks> failed!
{20:09:46.111} DEBG: [CLOG]       > [FMODSoundBankManager::LoadBank] Sound bank <all_in_maps_1_stream_p0.csb> doesn't exist in filesystem.
{20:09:46.111} DEBG: [CLOG]       > [AudioScript::Execute] <LoadAudioBanks> failed!
{20:09:46.111} DEBG: [CLOG]       > [FMODSoundBankManager::LoadBank] Sound bank <all_in_maps_1_p1.csb> doesn't exist in filesystem.
{20:09:46.111} DEBG: [CLOG]       > [AudioScript::Execute] <LoadAudioBanks> failed!
{20:09:46.111} DEBG: [CLOG]       > [FMODSoundBankManager::LoadBank] Sound bank <all_in_maps_1_stream_p1.csb> doesn't exist in filesystem.
{20:09:46.111} DEBG: [CLOG]       > [AudioScript::Execute] <LoadAudioBanks> failed!
{20:09:46.131} DEBG: [CLOG]       > [FMODSoundBankManager::LoadBank] Sound bank <all_in_maps_2_p0.csb> doesn't exist in filesystem.
{20:09:46.132} DEBG: [CLOG]       > [AudioScript::Execute] <LoadAudioBanks> failed!
{20:09:46.132} DEBG: [CLOG]       > [FMODSoundBankManager::LoadBank] Sound bank <all_in_maps_2_stream_p0.csb> doesn't exist in filesystem.
{20:09:46.132} DEBG: [CLOG]       > [AudioScript::Execute] <LoadAudioBanks> failed!
{20:09:46.132} DEBG: [CLOG]       > [FMODSoundBankManager::LoadBank] Sound bank <all_in_maps_2_p1.csb> doesn't exist in filesystem.
{20:09:46.132} DEBG: [CLOG]       > [AudioScript::Execute] <LoadAudioBanks> failed!
{20:09:46.132} DEBG: [CLOG]       > [FMODSoundBankManager::LoadBank] Sound bank <all_in_maps_2_stream_p1.csb> doesn't exist in filesystem.
{20:09:46.132} DEBG: [CLOG]       > [AudioScript::Execute] <LoadAudioBanks> failed!
{20:09:46.135} DEBG: [CLOG]       > [FMODSoundBankManager::LoadBank] Sound bank <all_in_maps_3_p0.csb> doesn't exist in filesystem.
{20:09:46.135} DEBG: [CLOG]       > [AudioScript::Execute] <LoadAudioBanks> failed!
{20:09:46.135} DEBG: [CLOG]       > [FMODSoundBankManager::LoadBank] Sound bank <all_in_maps_3_stream_p0.csb> doesn't exist in filesystem.
{20:09:46.135} DEBG: [CLOG]       > [AudioScript::Execute] <LoadAudioBanks> failed!
{20:09:46.138} DEBG: [CLOG]       > [FMODSoundBankManager::LoadBank] Sound bank <all_in_maps_3_stream_p1.csb> doesn't exist in filesystem.
{20:09:46.138} DEBG: [CLOG]       > [AudioScript::Execute] <LoadAudioBanks> failed!
{20:09:46.160} DEBG: [CLOG]       > [FMODSoundBankManager::LoadBank] Sound bank <all_in_maps_persistant_p0.csb> doesn't exist in filesystem.
{20:09:46.160} DEBG: [CLOG]       > [AudioScript::Execute] <LoadAudioBanks> failed!
{20:09:46.160} DEBG: [CLOG]       > [FMODSoundBankManager::LoadBank] Sound bank <all_in_maps_persistant_stream_p0.csb> doesn't exist in filesystem.
{20:09:46.161} DEBG: [CLOG]       > [AudioScript::Execute] <LoadAudioBanks> failed!
{20:09:46.161} DEBG: [CLOG]       > [FMODSoundBankManager::LoadBank] Sound bank <all_in_maps_persistant_stream_p1.csb> doesn't exist in filesystem.
{20:09:46.162} DEBG: [CLOG]       > [AudioScript::Execute] <LoadAudioBanks> failed!
{20:09:46.162} DEBG: [CLOG]       > [FMODSoundBankManager::LoadBank] Sound bank <workshop_audio.csb> doesn't exist in filesystem.
{20:09:46.162} DEBG: [CLOG]       > [AudioScript::Execute] <LoadAudioBanks> failed!
{20:09:46.162} DEBG: [CLOG]       > [FMODSoundBankManager::LoadBank] Sound bank <workshop_audio_p0.csb> doesn't exist in filesystem.
{20:09:46.162} DEBG: [CLOG]       > [AudioScript::Execute] <LoadAudioBanks> failed!
{20:09:46.162} DEBG: [CLOG]       > [FMODSoundBankManager::LoadBank] Sound bank <workshop_audio_stream_p0.csb> doesn't exist in filesystem.
{20:09:46.162} DEBG: [CLOG]       > [AudioScript::Execute] <LoadAudioBanks> failed!
{20:09:46.162} DEBG: [CLOG]       > [FMODSoundBankManager::LoadBank] Sound bank <workshop_audio_p1.csb> doesn't exist in filesystem.
{20:09:46.163} DEBG: [CLOG]       > [AudioScript::Execute] <LoadAudioBanks> failed!
{20:09:46.163} DEBG: [CLOG]       > [FMODSoundBankManager::LoadBank] Sound bank <workshop_audio_stream_p1.csb> doesn't exist in filesystem.
{20:09:46.163} DEBG: [CLOG]       > [AudioScript::Execute] <LoadAudioBanks> failed!
{20:09:46.258} DEBG: [CLOG]       > [FMODSoundBankManager::LoadBank] Sound bank <all_quests_local_p0.csb> doesn't exist in filesystem.
{20:09:46.259} DEBG: [CLOG]       > [AudioScript::Execute] <LoadLocalisedAudioBank> failed!
{20:09:46.259} DEBG: [CLOG]       > [FMODSoundBankManager::LoadBank] Sound bank <all_quests_local_stream_p0.csb> doesn't exist in filesystem.
{20:09:46.259} DEBG: [CLOG]       > [AudioScript::Execute] <LoadLocalisedAudioBank> failed!
{20:09:46.260} DEBG: [CLOG]       > [FMODSoundBankManager::LoadBank] Sound bank <all_quests_local_p1.csb> doesn't exist in filesystem.
{20:09:46.260} DEBG: [CLOG]       > [AudioScript::Execute] <LoadLocalisedAudioBank> failed!
{20:09:46.260} DEBG: [CLOG]       > [FMODSoundBankManager::LoadBank] Sound bank <all_quests_local_stream_p1.csb> doesn't exist in filesystem.
{20:09:46.261} DEBG: [CLOG]       > [AudioScript::Execute] <LoadLocalisedAudioBank> failed!
{20:09:46.342} DEBG: [CLOG]       > [FMODSoundBankManager::LoadBank] Sound bank <common_local_1_p0.csb> doesn't exist in filesystem.
{20:09:46.343} DEBG: [CLOG]       > [AudioScript::Execute] <LoadLocalisedAudioBank> failed!
{20:09:46.343} DEBG: [CLOG]       > [FMODSoundBankManager::LoadBank] Sound bank <common_local_1_stream_p0.csb> doesn't exist in filesystem.
{20:09:46.343} DEBG: [CLOG]       > [AudioScript::Execute] <LoadLocalisedAudioBank> failed!
{20:09:46.343} DEBG: [CLOG]       > [FMODSoundBankManager::LoadBank] Sound bank <common_local_1_p1.csb> doesn't exist in filesystem.
{20:09:46.344} DEBG: [CLOG]       > [AudioScript::Execute] <LoadLocalisedAudioBank> failed!
{20:09:46.344} DEBG: [CLOG]       > [FMODSoundBankManager::LoadBank] Sound bank <common_local_1_stream_p1.csb> doesn't exist in filesystem.
{20:09:46.344} DEBG: [CLOG]       > [AudioScript::Execute] <LoadLocalisedAudioBank> failed!
{20:09:46.412} DEBG: [CLOG]       > [FMODSoundBankManager::LoadBank] Sound bank <common_local_2_p0.csb> doesn't exist in filesystem.
{20:09:46.413} DEBG: [CLOG]       > [AudioScript::Execute] <LoadLocalisedAudioBank> failed!
{20:09:46.414} DEBG: [CLOG]       > [FMODSoundBankManager::LoadBank] Sound bank <common_local_2_stream_p0.csb> doesn't exist in filesystem.
{20:09:46.415} DEBG: [CLOG]       > [AudioScript::Execute] <LoadLocalisedAudioBank> failed!
{20:09:46.415} DEBG: [CLOG]       > [FMODSoundBankManager::LoadBank] Sound bank <common_local_2_p1.csb> doesn't exist in filesystem.
{20:09:46.415} DEBG: [CLOG]       > [AudioScript::Execute] <LoadLocalisedAudioBank> failed!
{20:09:46.415} DEBG: [CLOG]       > [FMODSoundBankManager::LoadBank] Sound bank <common_local_2_stream_p1.csb> doesn't exist in filesystem.
{20:09:46.416} DEBG: [CLOG]       > [AudioScript::Execute] <LoadLocalisedAudioBank> failed!
{20:09:46.897} WARN: [WARN]       > Failed to register action varlist <post_process_simple, chromedvarlistoverridessimple.scr>: the script does not exist
{20:09:46.897} WARN: [WARN]       > Failed to register action varlist <post_process_normal, chromedvarlistoverrides.scr>: the script does not exist
{20:09:47.694} DEBG: [CLOG]       > [CInetAddr::DetermineNetworkInterface] HostName=<Wojtek>
{20:09:47.696} DEBG: [CLOG]       > [CInetAdder::DetermineNetworkInterface] address: 192.168.56.1
{20:09:47.696} DEBG: [CLOG]       > [CInetAddr::SetLocalHost] 192.168.56.1
{20:09:47.705} INFO: [Editor]     > [LocalizationManager] 8 asset(s) in 1 source(s), 1 language(s)
{20:09:48.222} ERRR: [FileSystem] > Source from path 'D:\Steam\steam\steamapps\common\Dying Light Developer Tools\DW/Assets_PC/' already added.
{20:10:08.017} INFO: [INFO]       > Done!
{20:10:13.054} DEBG: [CLOG]       > ERROR [FX] Cannot read definition of btzh_light_end_light.fx
{20:10:13.056} DEBG: [CLOG]       > ERROR [FX] Cannot read definition of btzh_light_start_light.fx
{20:10:13.138} WARN: [WARN]       > [CFXDefinitionManager::CreateDefFromMemory] RPACK: fx definition 'car_hit_ground_dust_emiter.fx' (type=0, def=0000000060017810) NOT registered!
{20:10:13.138} WARN: [WARN]       > [CFXDefinitionManager::CreateDefFromMemory] RPACK: fx definition 'car_hit_ground_dust_particle.fx' (type=2, def=00000000605173D0) NOT registered!
{20:10:13.173} WARN: [WARN]       > [CFXDefinitionManager::CreateDefFromMemory] RPACK: fx definition 'coll_ground_emiter.fx' (type=0, def=0000000060017030) NOT registered!
{20:10:13.173} WARN: [WARN]       > [CFXDefinitionManager::CreateDefFromMemory] RPACK: fx definition 'coll_ground_particle.fx' (type=2, def=000000004B432710) NOT registered!
{20:10:13.239} DEBG: [CLOG]       > ERROR [FX] Cannot read definition of hex_blood_anim_decal_standard.fx
{20:10:13.239} DEBG: [CLOG]       > ERROR [FX] Cannot read definition of hex_blood_decal_standard.fx
{20:10:13.392} DEBG: [CLOG]       > ERROR [FX] Cannot read definition of eimp_sound_sound.fx
{20:10:13.392} WARN: [WARN]       > [CFXDefinitionManager::CreateDefFromMemory] RPACK: fx definition 'eimp_sound_sound.fx' (type=8, def=0000000000000000) NOT registered!
{20:10:13.393} DEBG: [CLOG]       > ERROR [FX] Cannot read definition of eimp_sound_sound.fx
{20:10:13.465} DEBG: [CLOG]       > ERROR [FX] Cannot read definition of eimp_sound_sound.fx
{20:10:14.176} DEBG: [CLOG]       > IL_LoadImage file not opened: edicon_fx.dds
{20:10:14.176} ERRR: [Icons]      > Image could not be loaded: edicon_fx.dds
{20:10:14.176} DEBG: [CLOG]       > IL_LoadImage file not opened: flag_white.dds
{20:10:14.176} ERRR: [Icons]      > Image could not be loaded: flag_white.dds
{20:10:14.215} DEBG: [CLOG]       > IL_LoadImage file not opened: edicon_safeedicon_safehouse.dds
{20:10:14.215} ERRR: [Icons]      > Image could not be loaded: edicon_safeedicon_safehouse.dds
{20:10:14.252} DEBG: [CLOG]       > IL_LoadImage file not opened: edicon_sound_music.dds
{20:10:14.252} ERRR: [Icons]      > Image could not be loaded: edicon_sound_music.dds
{20:10:14.585} DEBG: [CLOG]       > IL_LoadImage file not opened: terrain_mats_color.dds
{20:10:50.030} ERRR: [Parser]     > [parser::node_call::node_call] unknown subtree 'DefineColorsHard' in 'default_Workshop.loot'
{20:10:50.030} ERRR: [Parser]     > [ParseUnit] syntax error in 'default_Workshop.loot' line 35
{20:10:58.570} ERRR: [ERRR]       > Import selection failed. File plg_raise_0603_l_stairs_a.eds does not exist.
{20:10:58.570} ERRR: [ERRR]       >  EDS: (347)[SelectionObject]
{20:10:58.570} ERRR: [ERRR]       > *********************************
{20:10:58.571} ERRR: [ERRR]       > Import selection failed. File plg_raise_0603_l_stairs_a.eds does not exist.
{20:10:58.571} ERRR: [ERRR]       >  EDS: (348)[SelectionObject]
{20:10:58.571} ERRR: [ERRR]       > *********************************
{20:10:58.571} ERRR: [ERRR]       > Import selection failed. File plg_raise_0603_l_stairs_a.eds does not exist.
{20:10:58.571} ERRR: [ERRR]       >  EDS: (349)[SelectionObject]
{20:10:58.571} ERRR: [ERRR]       > *********************************
{20:10:58.571} ERRR: [ERRR]       > Import selection failed. File plg_raise_0603_l_stairs_a.eds does not exist.
{20:10:58.571} ERRR: [ERRR]       >  EDS: (350)[SelectionObject]
{20:10:58.571} ERRR: [ERRR]       > *********************************
{20:10:58.571} ERRR: [ERRR]       > Import selection failed. File plg_raise_0603_n_stairs_a.eds does not exist.
{20:10:58.571} ERRR: [ERRR]       >  EDS: (352)[SelectionObject]
{20:10:58.571} ERRR: [ERRR]       > *********************************
{20:10:58.571} ERRR: [ERRR]       > Import selection failed. File plg_raise_0603_r_stairs_a.eds does not exist.
{20:10:58.571} ERRR: [ERRR]       >  EDS: (354)[SelectionObject]
{20:10:58.571} ERRR: [ERRR]       > *********************************
{20:10:58.571} ERRR: [ERRR]       > Import selection failed. File plg_raise_0603_r_stairs_a.eds does not exist.
{20:10:58.571} ERRR: [ERRR]       >  EDS: (355)[SelectionObject]
{20:10:58.571} ERRR: [ERRR]       > *********************************
{20:10:58.571} ERRR: [ERRR]       > Import selection failed. File plg_raise_0603_r_stairs_a.eds does not exist.
{20:10:58.571} ERRR: [ERRR]       >  EDS: (356)[SelectionObject]
{20:10:58.571} ERRR: [ERRR]       > *********************************
{20:10:58.571} ERRR: [ERRR]       > Import selection failed. File plg_raise_0603_r_stairs_a.eds does not exist.
{20:10:58.571} ERRR: [ERRR]       >  EDS: (357)[SelectionObject]
{20:10:58.571} ERRR: [ERRR]       > *********************************
{20:10:58.571} ERRR: [ERRR]       > Import selection failed. File plg_raise_0603_l_stairs_a.eds does not exist.
{20:10:58.571} ERRR: [ERRR]       >  EDS: (361)[SelectionObject]
{20:10:58.571} ERRR: [ERRR]       > *********************************
{20:10:58.572} ERRR: [ERRR]       > Import selection failed. File plg_raise_0603_n_stairs_a.eds does not exist.
{20:10:58.572} ERRR: [ERRR]       >  EDS: (363)[SelectionObject]
{20:10:58.572} ERRR: [ERRR]       > *********************************
{20:10:58.572} ERRR: [ERRR]       > Import selection failed. File plg_raise_0603_r_stairs_a.eds does not exist.
{20:10:58.572} ERRR: [ERRR]       >  EDS: (365)[SelectionObject]
{20:10:58.572} ERRR: [ERRR]       > *********************************
{20:10:58.597} WARN: [WARN]       > Skin 'Default' not found for mesh 'int_low_wall_dest_a.msh'. Trying default skin...
{20:10:58.598} WARN: [WARN]       > Skin 'Default' not found for mesh 'int_low_wall_dest_a.msh'!
{20:10:58.598} ERRR: [ERRR]       > CMesh::Initialize: cannot apply skin '' in mesh 'int_low_wall_dest_a.msh'
{20:10:58.620} WARN: [WARN]       > Skin 'Default' not found for mesh 'int_low_wall_dest_a.msh'. Trying default skin...
{20:10:58.620} WARN: [WARN]       > Skin 'Default' not found for mesh 'int_low_wall_dest_a.msh'!
{20:10:58.620} ERRR: [ERRR]       > CMesh::Initialize: cannot apply skin '' in mesh 'int_low_wall_dest_a.msh'
{20:10:58.643} WARN: [WARN]       > Skin 'Default' not found for mesh 'int_low_wall_dest_a.msh'. Trying default skin...
{20:10:58.643} WARN: [WARN]       > Skin 'Default' not found for mesh 'int_low_wall_dest_a.msh'!
{20:10:58.953} DEBG: [CLOG]       > ERROR: override script 'map_01_ovr_sml_PC10.scr' contained error and was not loaded!
{20:10:58.954} DEBG: [CLOG]       > ERROR: override script 'map_01_ovr_sml_XBOX.scr' contained error and was not loaded!
{20:10:58.954} DEBG: [CLOG]       > ERROR: override script 'map_01_ovr_sml_PS3.scr' contained error and was not loaded!
{20:10:58.954} DEBG: [CLOG]       > ERROR: override script 'map_01_ovr_sml_PC11.scr' contained error and was not loaded!
{20:10:58.954} DEBG: [CLOG]       > ERROR: override script 'map_01_ovr_sml_DURANGO.scr' contained error and was not loaded!
{20:10:58.954} DEBG: [CLOG]       > ERROR: override script 'map_01_ovr_sml_ORBIS.scr' contained error and was not loaded!
{20:10:59.554} DEBG: [CLOG]       > Load level: 53.612831 [s]
{20:10:59.554} INFO: [Editor]     > Load module succeeded.
{20:12:30.227} INFO: [Editor]     > Generate Map Portals succeeded.
{20:12:30.231} INFO: [Editor]     > Quest Hubs succeeded.
{20:12:30.413} DEBG: [CLOG]       > [CGameEditor::SaveGameModule] start
{20:12:30.415} DEBG: [CLOG]       > [CLevel::SaveChunks] grid saved
{20:12:30.415} DEBG: [CLOG]       > [CLevel::SaveChunks] terrain end
{20:12:30.415} DEBG: [CLOG]       > [CLevel::SaveChunks] trees
{20:12:30.416} DEBG: [CLOG]       > [CLevel::SaveChunks] trees end
{20:12:30.416} DEBG: [CLOG]       > [CLevel::SaveChunks] mesh visibility parameters start
{20:12:30.439} DEBG: [CLOG]       > [CLevel::SaveChunks] mesh visibility parameters end
{20:12:30.439} DEBG: [CLOG]       > [CLevel::SaveChunks] grid objects sort
{20:12:30.439} DEBG: [CLOG]       > [CLevel::SaveChunks] grid objects save
{20:12:30.441} DEBG: [CLOG]       > [CLevel::SaveChunks] gs objects sort
{20:12:30.441} DEBG: [CLOG]       > [CLevel::SaveChunks] gs objects save
{20:12:30.441} DEBG: [CLOG]       > [CLevel::SaveChunks] gs objects saved
{20:12:30.441} DEBG: [CLOG]       > [CLevel::SaveChunks] movies
{20:12:30.441} DEBG: [CLOG]       > [CLevel::SaveChunks] movies end
{20:12:30.442} DEBG: [CLOG]       > [CLevel::SaveChunks] occluders
{20:12:30.442} DEBG: [CLOG]       > [CLevel::SaveChunks] roads
{20:12:30.444} DEBG: [CLOG]       > [CLevel::SaveChunks] roads end
{20:12:30.444} DEBG: [CLOG]       > [CLevel::SaveChunks] decals end
{20:12:30.444} DEBG: [CLOG]       > [CLevel::SaveChunks] shapes
{20:12:30.444} DEBG: [CLOG]       > [CLevel::SaveChunks] shapes end
{20:12:30.444} DEBG: [CLOG]       > [CLevel::SaveChunks] lofter
{20:12:30.444} DEBG: [CLOG]       > [CLevel::SaveChunks] lofter end
{20:12:30.444} DEBG: [CLOG]       > [CLevel::SaveChunks] terrain v.2
{20:12:30.444} DEBG: [CLOG]       > [CLevel::SaveChunks] Terrain v.2 end
{20:12:30.444} DEBG: [CLOG]       > [CLevel::SaveChunks] CGSObject data
{20:12:30.444} DEBG: [CLOG]       > [CLevel::SaveChunks] CGSObject data
{20:12:30.444} DEBG: [CLOG]       > [CLevel::SaveChunks] Envprobes
{20:12:30.444} DEBG: [CLOG]       > [CGameEditor::SaveGameModule] end
{20:12:30.488} INFO: [Editor]     > Save module succeeded.
{20:12:38.824} WARN: [WARN]       > Skin 'default' not found for mesh 'int_low_wall_dest_a.msh'. Trying default skin...
{20:12:38.824} WARN: [WARN]       > Skin 'Default' not found for mesh 'int_low_wall_dest_a.msh'!
{20:12:38.824} ERRR: [ERRR]       > CMesh::Initialize: cannot apply skin 'default' in mesh 'int_low_wall_dest_a.msh'
{20:12:38.951} INFO: [Editor]     > Generate Map Portals succeeded.
{20:12:38.953} INFO: [Editor]     > Quest Hubs succeeded.
{20:12:39.099} DEBG: [CLOG]       > [CGameEditor::SaveGameModule] start
{20:12:39.099} DEBG: [CLOG]       > [CLevel::SaveChunks] grid saved
{20:12:39.099} DEBG: [CLOG]       > [CLevel::SaveChunks] terrain end
{20:12:39.099} DEBG: [CLOG]       > [CLevel::SaveChunks] trees
{20:12:39.099} DEBG: [CLOG]       > [CLevel::SaveChunks] trees end
{20:12:39.099} DEBG: [CLOG]       > [CLevel::SaveChunks] mesh visibility parameters start
{20:12:39.109} DEBG: [CLOG]       > [CLevel::SaveChunks] mesh visibility parameters end
{20:12:39.109} DEBG: [CLOG]       > [CLevel::SaveChunks] grid objects sort
{20:12:39.109} DEBG: [CLOG]       > [CLevel::SaveChunks] grid objects save
{20:12:39.113} DEBG: [CLOG]       > [CLevel::SaveChunks] gs objects sort
{20:12:39.113} DEBG: [CLOG]       > [CLevel::SaveChunks] gs objects save
{20:12:39.113} DEBG: [CLOG]       > [CLevel::SaveChunks] gs objects saved
{20:12:39.113} DEBG: [CLOG]       > [CLevel::SaveChunks] movies
{20:12:39.114} DEBG: [CLOG]       > [CLevel::SaveChunks] movies end
{20:12:39.114} DEBG: [CLOG]       > [CLevel::SaveChunks] occluders
{20:12:39.114} DEBG: [CLOG]       > [CLevel::SaveChunks] roads
{20:12:39.117} DEBG: [CLOG]       > [CLevel::SaveChunks] roads end
{20:12:39.117} DEBG: [CLOG]       > [CLevel::SaveChunks] decals end
{20:12:39.117} DEBG: [CLOG]       > [CLevel::SaveChunks] shapes
{20:12:39.117} DEBG: [CLOG]       > [CLevel::SaveChunks] shapes end
{20:12:39.117} DEBG: [CLOG]       > [CLevel::SaveChunks] lofter end
{20:12:39.117} DEBG: [CLOG]       > [CLevel::SaveChunks] terrain v.2
{20:12:39.117} DEBG: [CLOG]       > [CLevel::SaveChunks] Terrain v.2 end
{20:12:39.117} DEBG: [CLOG]       > [CLevel::SaveChunks] CGSObject data
{20:12:39.117} DEBG: [CLOG]       > [CLevel::SaveChunks] CGSObject data
{20:12:39.117} DEBG: [CLOG]       > [CLevel::SaveChunks] Envprobes
{20:12:39.117} DEBG: [CLOG]       > [CGameEditor::SaveGameModule] end
{20:12:39.158} INFO: [Editor]     > Save module succeeded.
{20:12:39.160} INFO: [Editor]     > Compile map succeeded.
{20:13:31.053} INFO: [Editor]     > Generate Map Portals succeeded.
{20:13:31.055} INFO: [Editor]     > Quest Hubs succeeded.
{20:13:31.103} DEBG: [CLOG]       > [CGameEditor::SaveGameModule] start
{20:13:31.103} DEBG: [CLOG]       > [CLevel::SaveChunks] grid saved
{20:13:31.103} DEBG: [CLOG]       > [CLevel::SaveChunks] terrain end
{20:13:31.103} DEBG: [CLOG]       > [CLevel::SaveChunks] trees
{20:13:31.103} DEBG: [CLOG]       > [CLevel::SaveChunks] trees end
{20:13:31.103} DEBG: [CLOG]       > [CLevel::SaveChunks] mesh visibility parameters start
{20:13:31.195} DEBG: [CLOG]       > [CLevel::SaveChunks] mesh visibility parameters end
{20:13:31.196} DEBG: [CLOG]       > [CLevel::SaveChunks] grid objects sort
{20:13:31.196} DEBG: [CLOG]       > [CLevel::SaveChunks] grid objects save
{20:13:31.196} DEBG: [CLOG]       > [CLevel::SaveChunks] gs objects sort
{20:13:31.197} DEBG: [CLOG]       > [CLevel::SaveChunks] gs objects save
{20:13:31.197} DEBG: [CLOG]       > [CLevel::SaveChunks] gs objects saved
{20:13:31.197} DEBG: [CLOG]       > [CLevel::SaveChunks] movies
{20:13:31.197} DEBG: [CLOG]       > [CLevel::SaveChunks] movies end
{20:13:31.197} DEBG: [CLOG]       > [CLevel::SaveChunks] occluders
{20:13:31.197} DEBG: [CLOG]       > [CLevel::SaveChunks] roads
{20:13:31.199} DEBG: [CLOG]       > [CLevel::SaveChunks] roads end
{20:13:31.199} DEBG: [CLOG]       > [CLevel::SaveChunks] decals end
{20:13:31.199} DEBG: [CLOG]       > [CLevel::SaveChunks] shapes
{20:13:31.199} DEBG: [CLOG]       > [CLevel::SaveChunks] shapes end
{20:13:31.199} DEBG: [CLOG]       > [CLevel::SaveChunks] lofter
{20:13:31.199} DEBG: [CLOG]       > [CLevel::SaveChunks] lofter end
{20:13:31.199} DEBG: [CLOG]       > [CLevel::SaveChunks] terrain v.2
{20:13:31.199} DEBG: [CLOG]       > [CLevel::SaveChunks] Terrain v.2 end
{20:13:31.199} DEBG: [CLOG]       > [CLevel::SaveChunks] CGSObject data
{20:13:31.199} DEBG: [CLOG]       > [CLevel::SaveChunks] CGSObject data
{20:13:31.199} DEBG: [CLOG]       > [CLevel::SaveChunks] Envprobes
{20:13:31.199} DEBG: [CLOG]       > [CGameEditor::SaveGameModule] end
{20:13:31.241} INFO: [Editor]     > Save module succeeded.
{20:13:38.703} WARN: [WARN]       > Skin 'default' not found for mesh 'int_low_wall_dest_a.msh'. Trying default skin...
{20:13:38.703} WARN: [WARN]       > Skin 'Default' not found for mesh 'int_low_wall_dest_a.msh'!
{20:13:38.703} ERRR: [ERRR]       > CMesh::Initialize: cannot apply skin 'default' in mesh 'int_low_wall_dest_a.msh'
{20:13:38.818} INFO: [Editor]     > Generate Map Portals succeeded.
{20:13:38.820} INFO: [Editor]     > Quest Hubs succeeded.
{20:13:39.006} DEBG: [CLOG]       > [CGameEditor::SaveGameModule] start
{20:13:39.006} DEBG: [CLOG]       > [CLevel::SaveChunks] grid saved
{20:13:39.006} DEBG: [CLOG]       > [CLevel::SaveChunks] terrain end
{20:13:39.006} DEBG: [CLOG]       > [CLevel::SaveChunks] trees
{20:13:39.006} DEBG: [CLOG]       > [CLevel::SaveChunks] trees end
{20:13:39.006} DEBG: [CLOG]       > [CLevel::SaveChunks] mesh visibility parameters start
{20:13:39.016} DEBG: [CLOG]       > [CLevel::SaveChunks] mesh visibility parameters end
{20:13:39.016} DEBG: [CLOG]       > [CLevel::SaveChunks] grid objects sort
{20:13:39.016} DEBG: [CLOG]       > [CLevel::SaveChunks] grid objects save
{20:13:39.017} DEBG: [CLOG]       > [CLevel::SaveChunks] gs objects sort
{20:13:39.017} DEBG: [CLOG]       > [CLevel::SaveChunks] gs objects save
{20:13:39.017} DEBG: [CLOG]       > [CLevel::SaveChunks] gs objects saved
{20:13:39.017} DEBG: [CLOG]       > [CLevel::SaveChunks] movies
{20:13:39.017} DEBG: [CLOG]       > [CLevel::SaveChunks] movies end
{20:13:39.017} DEBG: [CLOG]       > [CLevel::SaveChunks] occluders
{20:13:39.017} DEBG: [CLOG]       > [CLevel::SaveChunks] roads
{20:13:39.024} DEBG: [CLOG]       > [CLevel::SaveChunks] roads end
{20:13:39.024} DEBG: [CLOG]       > [CLevel::SaveChunks] decals end
{20:13:39.024} DEBG: [CLOG]       > [CLevel::SaveChunks] shapes
{20:13:39.024} DEBG: [CLOG]       > [CLevel::SaveChunks] shapes end
{20:13:39.024} DEBG: [CLOG]       > [CLevel::SaveChunks] lofter end
{20:13:39.024} DEBG: [CLOG]       > [CLevel::SaveChunks] terrain v.2
{20:13:39.024} DEBG: [CLOG]       > [CLevel::SaveChunks] Terrain v.2 end
{20:13:39.024} DEBG: [CLOG]       > [CLevel::SaveChunks] CGSObject data
{20:13:39.024} DEBG: [CLOG]       > [CLevel::SaveChunks] CGSObject data
{20:13:39.024} DEBG: [CLOG]       > [CLevel::SaveChunks] Envprobes
{20:13:39.024} DEBG: [CLOG]       > [CGameEditor::SaveGameModule] end
{20:13:39.071} INFO: [Editor]     > Save module succeeded.
{20:13:39.074} INFO: [Editor]     > Compile map succeeded.
{20:21:07.820} INFO: [Editor]     > [LocalizationManager] 8 asset(s) in 1 source(s), 1 language(s)
{20:21:46.234} INFO: [Editor]     > [LocalizationManager] 8 asset(s) in 1 source(s), 1 language(s)
{20:22:13.370} INFO: [Editor]     > [LocalizationManager] 8 asset(s) in 1 source(s), 1 language(s)
{20:23:14.569} INFO: [Editor]     > [LocalizationManager] 8 asset(s) in 1 source(s), 1 language(s)
{20:26:52.833} INFO: [Editor]     > [LocalizationManager] 8 asset(s) in 1 source(s), 1 language(s)
{20:29:10.066} INFO: [Editor]     > Generate Map Portals succeeded.
{20:29:10.069} INFO: [Editor]     > Quest Hubs succeeded.
{20:29:10.120} DEBG: [CLOG]       > [CGameEditor::SaveGameModule] start
{20:29:10.121} DEBG: [CLOG]       > [CLevel::SaveChunks] grid saved
{20:29:10.121} DEBG: [CLOG]       > [CLevel::SaveChunks] terrain end
{20:29:10.121} DEBG: [CLOG]       > [CLevel::SaveChunks] trees
{20:29:10.121} DEBG: [CLOG]       > [CLevel::SaveChunks] trees end
{20:29:10.121} DEBG: [CLOG]       > [CLevel::SaveChunks] mesh visibility parameters start
{20:29:10.159} DEBG: [CLOG]       > [CLevel::SaveChunks] mesh visibility parameters end
{20:29:10.159} DEBG: [CLOG]       > [CLevel::SaveChunks] grid objects sort
{20:29:10.159} DEBG: [CLOG]       > [CLevel::SaveChunks] grid objects save
{20:29:10.159} DEBG: [CLOG]       > [CLevel::SaveChunks] gs objects sort
{20:29:10.159} DEBG: [CLOG]       > [CLevel::SaveChunks] gs objects save
{20:29:10.159} DEBG: [CLOG]       > [CLevel::SaveChunks] gs objects saved
{20:29:10.160} DEBG: [CLOG]       > [CLevel::SaveChunks] movies
{20:29:10.160} DEBG: [CLOG]       > [CLevel::SaveChunks] movies end
{20:29:10.160} DEBG: [CLOG]       > [CLevel::SaveChunks] occluders
{20:29:10.160} DEBG: [CLOG]       > [CLevel::SaveChunks] roads
{20:29:10.161} DEBG: [CLOG]       > [CLevel::SaveChunks] roads end
{20:29:10.161} DEBG: [CLOG]       > [CLevel::SaveChunks] decals end
{20:29:10.161} DEBG: [CLOG]       > [CLevel::SaveChunks] shapes
{20:29:10.161} DEBG: [CLOG]       > [CLevel::SaveChunks] shapes end
{20:29:10.161} DEBG: [CLOG]       > [CLevel::SaveChunks] lofter
{20:29:10.162} DEBG: [CLOG]       > [CLevel::SaveChunks] lofter end
{20:29:10.162} DEBG: [CLOG]       > [CLevel::SaveChunks] terrain v.2
{20:29:10.162} DEBG: [CLOG]       > [CLevel::SaveChunks] Terrain v.2 end
{20:29:10.162} DEBG: [CLOG]       > [CLevel::SaveChunks] CGSObject data
{20:29:10.162} DEBG: [CLOG]       > [CLevel::SaveChunks] CGSObject data
{20:29:10.162} DEBG: [CLOG]       > [CLevel::SaveChunks] Envprobes
{20:29:10.162} DEBG: [CLOG]       > [CGameEditor::SaveGameModule] end
{20:29:10.206} INFO: [Editor]     > Save module succeeded.
{20:29:17.971} WARN: [WARN]       > Skin 'default' not found for mesh 'int_low_wall_dest_a.msh'. Trying default skin...
{20:29:17.972} WARN: [WARN]       > Skin 'Default' not found for mesh 'int_low_wall_dest_a.msh'!
{20:29:17.972} ERRR: [ERRR]       > CMesh::Initialize: cannot apply skin 'default' in mesh 'int_low_wall_dest_a.msh'
{20:29:18.081} INFO: [Editor]     > Generate Map Portals succeeded.
{20:29:18.085} INFO: [Editor]     > Quest Hubs succeeded.
{20:29:18.353} DEBG: [CLOG]       > [CGameEditor::SaveGameModule] start
{20:29:18.353} DEBG: [CLOG]       > [CLevel::SaveChunks] grid saved
{20:29:18.353} DEBG: [CLOG]       > [CLevel::SaveChunks] terrain end
{20:29:18.353} DEBG: [CLOG]       > [CLevel::SaveChunks] trees
{20:29:18.353} DEBG: [CLOG]       > [CLevel::SaveChunks] trees end
{20:29:18.353} DEBG: [CLOG]       > [CLevel::SaveChunks] mesh visibility parameters start
{20:29:18.363} DEBG: [CLOG]       > [CLevel::SaveChunks] mesh visibility parameters end
{20:29:18.363} DEBG: [CLOG]       > [CLevel::SaveChunks] grid objects sort
{20:29:18.363} DEBG: [CLOG]       > [CLevel::SaveChunks] grid objects save
{20:29:18.364} DEBG: [CLOG]       > [CLevel::SaveChunks] gs objects sort
{20:29:18.364} DEBG: [CLOG]       > [CLevel::SaveChunks] gs objects save
{20:29:18.364} DEBG: [CLOG]       > [CLevel::SaveChunks] gs objects saved
{20:29:18.364} DEBG: [CLOG]       > [CLevel::SaveChunks] movies
{20:29:18.364} DEBG: [CLOG]       > [CLevel::SaveChunks] movies end
{20:29:18.364} DEBG: [CLOG]       > [CLevel::SaveChunks] occluders
{20:29:18.364} DEBG: [CLOG]       > [CLevel::SaveChunks] roads
{20:29:18.366} DEBG: [CLOG]       > [CLevel::SaveChunks] roads end
{20:29:18.366} DEBG: [CLOG]       > [CLevel::SaveChunks] decals end
{20:29:18.366} DEBG: [CLOG]       > [CLevel::SaveChunks] shapes
{20:29:18.366} DEBG: [CLOG]       > [CLevel::SaveChunks] shapes end
{20:29:18.366} DEBG: [CLOG]       > [CLevel::SaveChunks] lofter end
{20:29:18.366} DEBG: [CLOG]       > [CLevel::SaveChunks] terrain v.2
{20:29:18.366} DEBG: [CLOG]       > [CLevel::SaveChunks] Terrain v.2 end
{20:29:18.366} DEBG: [CLOG]       > [CLevel::SaveChunks] CGSObject data
{20:29:18.366} DEBG: [CLOG]       > [CLevel::SaveChunks] CGSObject data
{20:29:18.366} DEBG: [CLOG]       > [CLevel::SaveChunks] Envprobes
{20:29:18.366} DEBG: [CLOG]       > [CGameEditor::SaveGameModule] end
{20:29:18.409} INFO: [Editor]     > Save module succeeded.
{20:29:18.411} INFO: [Editor]     > Compile map succeeded.
