{21:35:21.953} INFO: [System] > Build version: 6.2015.1204.1439
{21:35:21.953} INFO: [System] > [PID] 7140
{21:35:21.984} INFO: [System] > [CPU] vendor: GenuineIntel, features: SSSE3 SSE4.1 SSE4.2 AVX AVX2 F16C FMA CX16 POPCNT LZCNT BMI1 BMI2 HTT, clock frequency: 2194.91MHz
{21:35:21.984} INFO: [System] > [CPU] CPUs: 1, Cores: 2, HT: Yes, Logical processors: 4
{21:35:22.016} INFO: [JobManager] > TM34516c7e, dedicated worker threads: 1 + 2, num cpus: 4
{21:35:22.037} INFO: [ODE]        > [ode::dInitialize] SSE path
{21:35:22.049} INFO: [Renderer]   > [r_Initialize] Loaded from rd3d11_x64_rwdi.dll.
{21:35:22.049} INFO: [Renderer]   > Enumerating D3D11 video adapters:
{21:35:22.051} INFO: [Renderer]   > Adapter 1: Intel(R) HD Graphics 5500 128MB/3839MB/0MB
{21:35:22.051} INFO: [Renderer]   |   Output 0: [0,0 - 1920,1080] \\.\DISPLAY1
{21:35:22.051} INFO: [Renderer]   |   Output 1: [2400,0 - 4200,1125] \\.\DISPLAY2
{21:35:22.052} INFO: [Renderer]   > Adapter 2: AMD Radeon(TM) R9 M375 4075MB/3840MB/0MB
{21:35:22.052} INFO: [Renderer]   > Adapter 3: Microsoft Basic Render Driver 0MB/256MB/0MB
{21:35:22.059} INFO: [Renderer]   > Renderer started in DX11 mode.
{21:35:22.093} INFO: [Renderer]   > DDraw reported 3,960M free texture memory.
{21:35:22.324} INFO: [Renderer]   > Renderer: supported display modes:
{21:35:22.324} INFO: [Renderer]   |  640x480, bpp:24, hz:60.05, fmt: A8R8G8B8
{21:35:22.324} INFO: [Renderer]   |  640x480, bpp:24, hz:60.05, fmt: A8R8G8B8
{21:35:22.324} INFO: [Renderer]   |  800x600, bpp:24, hz:60.05, fmt: A8R8G8B8
{21:35:22.324} INFO: [Renderer]   |  800x600, bpp:24, hz:60.05, fmt: A8R8G8B8
{21:35:22.324} INFO: [Renderer]   |  1024x768, bpp:24, hz:60.05, fmt: A8R8G8B8
{21:35:22.325} INFO: [Renderer]   |  1024x768, bpp:24, hz:60.05, fmt: A8R8G8B8
{21:35:22.325} INFO: [Renderer]   |  1152x864, bpp:24, hz:60.05, fmt: A8R8G8B8
{21:35:22.325} INFO: [Renderer]   |  1152x864, bpp:24, hz:60.05, fmt: A8R8G8B8
{21:35:22.325} INFO: [Renderer]   |  1280x600, bpp:24, hz:60.05, fmt: A8R8G8B8
{21:35:22.325} INFO: [Renderer]   |  1280x600, bpp:24, hz:60.05, fmt: A8R8G8B8
{21:35:22.325} INFO: [Renderer]   |  1280x720, bpp:24, hz:60.05, fmt: A8R8G8B8
{21:35:22.325} INFO: [Renderer]   |  1280x720, bpp:24, hz:60.05, fmt: A8R8G8B8
{21:35:22.325} INFO: [Renderer]   |  1280x768, bpp:24, hz:60.05, fmt: A8R8G8B8
{21:35:22.325} INFO: [Renderer]   |  1280x768, bpp:24, hz:60.05, fmt: A8R8G8B8
{21:35:22.325} INFO: [Renderer]   |  1280x800, bpp:24, hz:60.05, fmt: A8R8G8B8
{21:35:22.325} INFO: [Renderer]   |  1280x800, bpp:24, hz:60.05, fmt: A8R8G8B8
{21:35:22.325} INFO: [Renderer]   |  1280x960, bpp:24, hz:60.05, fmt: A8R8G8B8
{21:35:22.325} INFO: [Renderer]   |  1280x960, bpp:24, hz:60.05, fmt: A8R8G8B8
{21:35:22.325} INFO: [Renderer]   |  1280x1024, bpp:24, hz:60.05, fmt: A8R8G8B8
{21:35:22.325} INFO: [Renderer]   |  1280x1024, bpp:24, hz:60.05, fmt: A8R8G8B8
{21:35:22.325} INFO: [Renderer]   |  1360x768, bpp:24, hz:60.05, fmt: A8R8G8B8
{21:35:22.325} INFO: [Renderer]   |  1360x768, bpp:24, hz:60.05, fmt: A8R8G8B8
{21:35:22.325} INFO: [Renderer]   |  1366x768, bpp:24, hz:60.05, fmt: A8R8G8B8
{21:35:22.325} INFO: [Renderer]   |  1366x768, bpp:24, hz:60.05, fmt: A8R8G8B8
{21:35:22.325} INFO: [Renderer]   |  1400x1050, bpp:24, hz:60.05, fmt: A8R8G8B8
{21:35:22.325} INFO: [Renderer]   |  1400x1050, bpp:24, hz:60.05, fmt: A8R8G8B8
{21:35:22.325} INFO: [Renderer]   |  1440x900, bpp:24, hz:60.05, fmt: A8R8G8B8
{21:35:22.325} INFO: [Renderer]   |  1440x900, bpp:24, hz:60.05, fmt: A8R8G8B8
{21:35:22.325} INFO: [Renderer]   |  1600x900, bpp:24, hz:60.05, fmt: A8R8G8B8
{21:35:22.325} INFO: [Renderer]   |  1600x900, bpp:24, hz:60.05, fmt: A8R8G8B8
{21:35:22.325} INFO: [Renderer]   |  1680x1050, bpp:24, hz:60.05, fmt: A8R8G8B8
{21:35:22.325} INFO: [Renderer]   |  1680x1050, bpp:24, hz:60.05, fmt: A8R8G8B8
{21:35:22.325} INFO: [Renderer]   |  1920x1080, bpp:24, hz:60.05, fmt: A8R8G8B8
{21:35:22.327} INFO: [INFO]       > Texture streaming lowest priority distance set to 100m
{21:35:22.327} INFO: [Renderer]   > WindowOffset 0 0
{21:35:22.346} DEBG: [CLOG]       > [CAudioSettings::LoadSettings] Unable to load Out/Settings/EditorAudio.scr
{21:35:22.346} DEBG: [DXGI]       > [RChangeDeviceState] 1920x1080, windowed, 0/0 Hz
{21:35:22.346} DEBG: [DXGI]       >                  was 0x0, fullscreen, 0/0 Hz
{21:35:22.348} INFO: [TexMgr]     > Max texture dimensions: 16384x16384x2048
{21:35:22.355} INFO: [MatMgr]     > Number of supported techniques: 61
{21:35:25.029} INFO: [MatMgr]     > Material pack 'global_dx11.mp' loaded.
{21:35:25.115} INFO: [MatMgr]     > Material pack 'local_dx11.mp' loaded.
{21:35:26.067} INFO: [INFO]       > Texture streaming buffer set to 400MB
{21:35:26.070} INFO: [Video]      > //Video settings:
{21:35:26.070} INFO: [Video]      > Resolution(1920,1080)
{21:35:26.070} INFO: [Video]      > Monitor(0)
{21:35:26.070} INFO: [Video]      > TextureQuality("Medium")
{21:35:26.070} INFO: [Video]      > VisRange(1.40, 1.40)
{21:35:26.070} INFO: [Video]      > ShadowMapSize(1024)
{21:35:26.070} INFO: [Video]      > SpotShadowMapSize(1024)
{21:35:26.070} INFO: [Video]      > GammaFloat(1.00)
{21:35:26.070} INFO: [Video]      > GrassQuality(2)
{21:35:26.070} INFO: [Video]      > AmbientOcclusion(0)
{21:35:26.070} INFO: [Video]      > MotionBlur(0)
{21:35:26.070} INFO: [Video]      > AntiAliasing(0)
{21:35:26.070} INFO: [Video]      > DisableDWM(1)
{21:35:26.070} INFO: [Video]      > EnableFilmGrain(1)
{21:35:26.070} INFO: [Video]      > Version(1)
{21:35:26.071} INFO: [INFO]       > >>>>> Audio init
{21:35:26.617} INFO: [INFO]       > FMOD::Driver: GBo[niki (Realtek High Definition Audio)
{21:35:26.618} INFO: [INFO]       > DriverCaps: FMOD_CAPS_OUTPUT_FORMAT_PCM8
{21:35:26.618} INFO: [INFO]       > DriverCaps: FMOD_CAPS_OUTPUT_FORMAT_PCM16
{21:35:26.618} INFO: [INFO]       > DriverCaps: FMOD_CAPS_OUTPUT_FORMAT_PCM24
{21:35:26.618} INFO: [INFO]       > DriverCaps: FMOD_CAPS_OUTPUT_FORMAT_PCM32
{21:35:26.618} INFO: [INFO]       > DriverCaps: FMOD_CAPS_OUTPUT_FORMAT_PCMFLOAT
{21:35:26.908} DEBG: [CLOG]       > NOTE : FMOD_SYSTEM_CALLBACKTYPE_THREADCREATED occured.
{21:35:26.908} DEBG: [CLOG]       > Thread ID = 1444
{21:35:26.908} DEBG: [CLOG]       > Thread Name = FMOD (WASAPI) feeder thread
{21:35:26.908} DEBG: [CLOG]       > NOTE : FMOD_SYSTEM_CALLBACKTYPE_THREADCREATED occured.
{21:35:26.908} DEBG: [CLOG]       > Thread ID = 1456
{21:35:26.909} DEBG: [CLOG]       > Thread Name = FMOD mixer thread
{21:35:26.909} DEBG: [CLOG]       > NOTE : FMOD_SYSTEM_CALLBACKTYPE_THREADCREATED occured.
{21:35:26.909} DEBG: [CLOG]       > Thread ID = 1400
{21:35:26.910} DEBG: [CLOG]       > Thread Name = FMOD stream thread
{21:35:26.910} INFO: [INFO]       > FMOD is using (8) output type.
{21:35:26.910} INFO: [INFO]       > FMOD Software Format Info:
{21:35:26.910} INFO: [INFO]       | 	Out Sample Rate: <48000>
{21:35:26.910} INFO: [INFO]       | 	Format: <5>
{21:35:26.910} INFO: [INFO]       | 	Out Channels: <2>
{21:35:26.910} INFO: [INFO]       | 	Max Input Channels: <8>
{21:35:26.910} INFO: [INFO]       | 	Bits: <32>
{21:35:26.910} INFO: [INFO]       > FMOD Mixer blocksize        = 21.33 ms
{21:35:26.910} INFO: [INFO]       > FMOD Mixer blocks count     = 4
{21:35:26.910} INFO: [INFO]       > FMOD Mixer Total buffer size = 85.33 ms
{21:35:26.910} INFO: [INFO]       > FMOD Mixer Average Latency  = 53.33 ms
{21:35:26.910} DEBG: [CLOG]       > [CAudioFMOD::InitNet] Can't use FMOD NetEventSystem - Audio engine is using FMODEx.
{21:35:26.910} INFO: [INFO]       > [CAudioFMOD] FMOD debug level: 0
{21:35:26.942} INFO: [Audio]      > //Audio settings:
{21:35:26.942} INFO: [Audio]      > API("FMOD")
{21:35:26.942} INFO: [Audio]      > MixFrequency(48000)
{21:35:26.942} INFO: [Audio]      > Channels(40)
{21:35:26.942} INFO: [Audio]      > Quality3D("high")
{21:35:26.942} INFO: [Audio]      > MaxVolume(40)
{21:35:26.942} INFO: [Audio]      > FXVolume(40)
{21:35:26.942} INFO: [Audio]      > WaveVolume(40)
{21:35:26.942} INFO: [Audio]      > SpeechVolume(40)
{21:35:26.942} INFO: [Audio]      > MovieVolume(40)
{21:35:26.942} INFO: [Audio]      > MovieVolumeSource(0)
{21:35:26.942} INFO: [Audio]      > GlobalSettings("")
{21:35:26.942} INFO: [Audio]      > ReverbChannels(1)
{21:35:26.942} INFO: [Audio]      > MixerBlocksCount(0)
{21:35:26.942} INFO: [Audio]      > 
{21:35:41.307} INFO: [INFO]       > [Input] Keyboard 0 enumerated: intance_name = Klawiatura, product_name = Klawiatura, GUID = {6f1d2b61-d5a0-11cf-bfc7-444553540000}
{21:35:41.311} INFO: [INFO]       > [CInput::SelectKeyboard] Keyboard 0 selected: Klawiatura, Klawiatura
{21:35:41.322} INFO: [INFO]       > [SDL::InitSDL] InitSDL successed!
{21:35:41.334} INFO: [Game]       > Game version: 0.0.99
{21:35:52.185} ERRR: [Parser]     > Param 0 in function EnableExplosionDamage() is not a bool
{21:35:52.190} ERRR: [Parser]     > Param 0 in function EnableExplosionDamage() is not a bool
{21:35:52.191} ERRR: [Parser]     > Param 0 in function EnableExplosionDamage() is not a bool
{21:35:52.323} DEBG: [CLOG]       > Failed to calc CRC for file achievements.xml  (0 to -1)
{21:35:52.324} DEBG: [CLOG]       > Failed to calc CRC for file challenges.xml  (0 to -1)
{21:35:57.020} DEBG: [CLOG]       > [FMODSoundBankManager::LoadBank] Sound bank <menu_p0.csb> doesn't exist in filesystem.
{21:35:57.020} DEBG: [CLOG]       > [AudioScript::Execute] <LoadAudioBanks> failed!
{21:35:57.020} DEBG: [CLOG]       > [FMODSoundBankManager::LoadBank] Sound bank <menu_stream_p0.csb> doesn't exist in filesystem.
{21:35:57.020} DEBG: [CLOG]       > [AudioScript::Execute] <LoadAudioBanks> failed!
{21:35:57.023} DEBG: [CLOG]       > [FMODSoundBankManager::LoadBank] Sound bank <menu_stream_p1.csb> doesn't exist in filesystem.
{21:35:57.023} DEBG: [CLOG]       > [AudioScript::Execute] <LoadAudioBanks> failed!
{21:35:57.026} DEBG: [CLOG]       > [FMODSoundBankManager::LoadBank] Sound bank <music_1_p0.csb> doesn't exist in filesystem.
{21:35:57.026} DEBG: [CLOG]       > [AudioScript::Execute] <LoadAudioBanks> failed!
{21:35:57.026} DEBG: [CLOG]       > [FMODSoundBankManager::LoadBank] Sound bank <music_1_stream_p0.csb> doesn't exist in filesystem.
{21:35:57.026} DEBG: [CLOG]       > [AudioScript::Execute] <LoadAudioBanks> failed!
{21:35:57.026} DEBG: [CLOG]       > [FMODSoundBankManager::LoadBank] Sound bank <music_1_p1.csb> doesn't exist in filesystem.
{21:35:57.026} DEBG: [CLOG]       > [AudioScript::Execute] <LoadAudioBanks> failed!
{21:35:57.027} DEBG: [CLOG]       > [FMODSoundBankManager::LoadBank] Sound bank <music_1_stream_p1.csb> doesn't exist in filesystem.
{21:35:57.027} DEBG: [CLOG]       > [AudioScript::Execute] <LoadAudioBanks> failed!
{21:35:57.040} DEBG: [CLOG]       > [FMODSoundBankManager::LoadBank] Sound bank <music_2_p0.csb> doesn't exist in filesystem.
{21:35:57.040} DEBG: [CLOG]       > [AudioScript::Execute] <LoadAudioBanks> failed!
{21:35:57.040} DEBG: [CLOG]       > [FMODSoundBankManager::LoadBank] Sound bank <music_2_stream_p0.csb> doesn't exist in filesystem.
{21:35:57.040} DEBG: [CLOG]       > [AudioScript::Execute] <LoadAudioBanks> failed!
{21:35:57.040} DEBG: [CLOG]       > [FMODSoundBankManager::LoadBank] Sound bank <music_2_p1.csb> doesn't exist in filesystem.
{21:35:57.040} DEBG: [CLOG]       > [AudioScript::Execute] <LoadAudioBanks> failed!
{21:35:57.040} DEBG: [CLOG]       > [FMODSoundBankManager::LoadBank] Sound bank <music_2_stream_p1.csb> doesn't exist in filesystem.
{21:35:57.040} DEBG: [CLOG]       > [AudioScript::Execute] <LoadAudioBanks> failed!
{21:35:57.045} DEBG: [CLOG]       > [FMODSoundBankManager::LoadBank] Sound bank <music_3_p0.csb> doesn't exist in filesystem.
{21:35:57.045} DEBG: [CLOG]       > [AudioScript::Execute] <LoadAudioBanks> failed!
{21:35:57.045} DEBG: [CLOG]       > [FMODSoundBankManager::LoadBank] Sound bank <music_3_stream_p0.csb> doesn't exist in filesystem.
{21:35:57.045} DEBG: [CLOG]       > [AudioScript::Execute] <LoadAudioBanks> failed!
{21:35:57.045} DEBG: [CLOG]       > [FMODSoundBankManager::LoadBank] Sound bank <music_3_p1.csb> doesn't exist in filesystem.
{21:35:57.045} DEBG: [CLOG]       > [AudioScript::Execute] <LoadAudioBanks> failed!
{21:35:57.142} DEBG: [CLOG]       > [FMODSoundBankManager::LoadBank] Sound bank <all_in_maps_1_p0.csb> doesn't exist in filesystem.
{21:35:57.142} DEBG: [CLOG]       > [AudioScript::Execute] <LoadAudioBanks> failed!
{21:35:57.142} DEBG: [CLOG]       > [FMODSoundBankManager::LoadBank] Sound bank <all_in_maps_1_stream_p0.csb> doesn't exist in filesystem.
{21:35:57.142} DEBG: [CLOG]       > [AudioScript::Execute] <LoadAudioBanks> failed!
{21:35:57.142} DEBG: [CLOG]       > [FMODSoundBankManager::LoadBank] Sound bank <all_in_maps_1_p1.csb> doesn't exist in filesystem.
{21:35:57.142} DEBG: [CLOG]       > [AudioScript::Execute] <LoadAudioBanks> failed!
{21:35:57.142} DEBG: [CLOG]       > [FMODSoundBankManager::LoadBank] Sound bank <all_in_maps_1_stream_p1.csb> doesn't exist in filesystem.
{21:35:57.143} DEBG: [CLOG]       > [AudioScript::Execute] <LoadAudioBanks> failed!
{21:35:57.189} DEBG: [CLOG]       > [FMODSoundBankManager::LoadBank] Sound bank <all_in_maps_2_p0.csb> doesn't exist in filesystem.
{21:35:57.189} DEBG: [CLOG]       > [AudioScript::Execute] <LoadAudioBanks> failed!
{21:35:57.189} DEBG: [CLOG]       > [FMODSoundBankManager::LoadBank] Sound bank <all_in_maps_2_stream_p0.csb> doesn't exist in filesystem.
{21:35:57.190} DEBG: [CLOG]       > [AudioScript::Execute] <LoadAudioBanks> failed!
{21:35:57.190} DEBG: [CLOG]       > [FMODSoundBankManager::LoadBank] Sound bank <all_in_maps_2_p1.csb> doesn't exist in filesystem.
{21:35:57.190} DEBG: [CLOG]       > [AudioScript::Execute] <LoadAudioBanks> failed!
{21:35:57.190} DEBG: [CLOG]       > [FMODSoundBankManager::LoadBank] Sound bank <all_in_maps_2_stream_p1.csb> doesn't exist in filesystem.
{21:35:57.190} DEBG: [CLOG]       > [AudioScript::Execute] <LoadAudioBanks> failed!
{21:35:57.198} DEBG: [CLOG]       > [FMODSoundBankManager::LoadBank] Sound bank <all_in_maps_3_p0.csb> doesn't exist in filesystem.
{21:35:57.198} DEBG: [CLOG]       > [AudioScript::Execute] <LoadAudioBanks> failed!
{21:35:57.198} DEBG: [CLOG]       > [FMODSoundBankManager::LoadBank] Sound bank <all_in_maps_3_stream_p0.csb> doesn't exist in filesystem.
{21:35:57.199} DEBG: [CLOG]       > [AudioScript::Execute] <LoadAudioBanks> failed!
{21:35:57.203} DEBG: [CLOG]       > [FMODSoundBankManager::LoadBank] Sound bank <all_in_maps_3_stream_p1.csb> doesn't exist in filesystem.
{21:35:57.203} DEBG: [CLOG]       > [AudioScript::Execute] <LoadAudioBanks> failed!
{21:35:57.284} DEBG: [CLOG]       > [FMODSoundBankManager::LoadBank] Sound bank <all_in_maps_persistant_p0.csb> doesn't exist in filesystem.
{21:35:57.284} DEBG: [CLOG]       > [AudioScript::Execute] <LoadAudioBanks> failed!
{21:35:57.284} DEBG: [CLOG]       > [FMODSoundBankManager::LoadBank] Sound bank <all_in_maps_persistant_stream_p0.csb> doesn't exist in filesystem.
{21:35:57.285} DEBG: [CLOG]       > [AudioScript::Execute] <LoadAudioBanks> failed!
{21:35:57.286} DEBG: [CLOG]       > [FMODSoundBankManager::LoadBank] Sound bank <all_in_maps_persistant_stream_p1.csb> doesn't exist in filesystem.
{21:35:57.286} DEBG: [CLOG]       > [AudioScript::Execute] <LoadAudioBanks> failed!
{21:35:57.286} DEBG: [CLOG]       > [FMODSoundBankManager::LoadBank] Sound bank <workshop_audio.csb> doesn't exist in filesystem.
{21:35:57.287} DEBG: [CLOG]       > [AudioScript::Execute] <LoadAudioBanks> failed!
{21:35:57.287} DEBG: [CLOG]       > [FMODSoundBankManager::LoadBank] Sound bank <workshop_audio_p0.csb> doesn't exist in filesystem.
{21:35:57.287} DEBG: [CLOG]       > [AudioScript::Execute] <LoadAudioBanks> failed!
{21:35:57.287} DEBG: [CLOG]       > [FMODSoundBankManager::LoadBank] Sound bank <workshop_audio_stream_p0.csb> doesn't exist in filesystem.
{21:35:57.287} DEBG: [CLOG]       > [AudioScript::Execute] <LoadAudioBanks> failed!
{21:35:57.287} DEBG: [CLOG]       > [FMODSoundBankManager::LoadBank] Sound bank <workshop_audio_p1.csb> doesn't exist in filesystem.
{21:35:57.288} DEBG: [CLOG]       > [AudioScript::Execute] <LoadAudioBanks> failed!
{21:35:57.288} DEBG: [CLOG]       > [FMODSoundBankManager::LoadBank] Sound bank <workshop_audio_stream_p1.csb> doesn't exist in filesystem.
{21:35:57.288} DEBG: [CLOG]       > [AudioScript::Execute] <LoadAudioBanks> failed!
{21:35:57.498} DEBG: [CLOG]       > [FMODSoundBankManager::LoadBank] Sound bank <all_quests_local_p0.csb> doesn't exist in filesystem.
{21:35:57.499} DEBG: [CLOG]       > [AudioScript::Execute] <LoadLocalisedAudioBank> failed!
{21:35:57.499} DEBG: [CLOG]       > [FMODSoundBankManager::LoadBank] Sound bank <all_quests_local_stream_p0.csb> doesn't exist in filesystem.
{21:35:57.499} DEBG: [CLOG]       > [AudioScript::Execute] <LoadLocalisedAudioBank> failed!
{21:35:57.499} DEBG: [CLOG]       > [FMODSoundBankManager::LoadBank] Sound bank <all_quests_local_p1.csb> doesn't exist in filesystem.
{21:35:57.500} DEBG: [CLOG]       > [AudioScript::Execute] <LoadLocalisedAudioBank> failed!
{21:35:57.500} DEBG: [CLOG]       > [FMODSoundBankManager::LoadBank] Sound bank <all_quests_local_stream_p1.csb> doesn't exist in filesystem.
{21:35:57.501} DEBG: [CLOG]       > [AudioScript::Execute] <LoadLocalisedAudioBank> failed!
{21:35:57.661} DEBG: [CLOG]       > [FMODSoundBankManager::LoadBank] Sound bank <common_local_1_p0.csb> doesn't exist in filesystem.
{21:35:57.662} DEBG: [CLOG]       > [AudioScript::Execute] <LoadLocalisedAudioBank> failed!
{21:35:57.662} DEBG: [CLOG]       > [FMODSoundBankManager::LoadBank] Sound bank <common_local_1_stream_p0.csb> doesn't exist in filesystem.
{21:35:57.663} DEBG: [CLOG]       > [AudioScript::Execute] <LoadLocalisedAudioBank> failed!
{21:35:57.663} DEBG: [CLOG]       > [FMODSoundBankManager::LoadBank] Sound bank <common_local_1_p1.csb> doesn't exist in filesystem.
{21:35:57.664} DEBG: [CLOG]       > [AudioScript::Execute] <LoadLocalisedAudioBank> failed!
{21:35:57.664} DEBG: [CLOG]       > [FMODSoundBankManager::LoadBank] Sound bank <common_local_1_stream_p1.csb> doesn't exist in filesystem.
{21:35:57.665} DEBG: [CLOG]       > [AudioScript::Execute] <LoadLocalisedAudioBank> failed!
{21:35:57.850} DEBG: [CLOG]       > [FMODSoundBankManager::LoadBank] Sound bank <common_local_2_p0.csb> doesn't exist in filesystem.
{21:35:57.851} DEBG: [CLOG]       > [AudioScript::Execute] <LoadLocalisedAudioBank> failed!
{21:35:57.851} DEBG: [CLOG]       > [FMODSoundBankManager::LoadBank] Sound bank <common_local_2_stream_p0.csb> doesn't exist in filesystem.
{21:35:57.852} DEBG: [CLOG]       > [AudioScript::Execute] <LoadLocalisedAudioBank> failed!
{21:35:57.852} DEBG: [CLOG]       > [FMODSoundBankManager::LoadBank] Sound bank <common_local_2_p1.csb> doesn't exist in filesystem.
{21:35:57.854} DEBG: [CLOG]       > [AudioScript::Execute] <LoadLocalisedAudioBank> failed!
{21:35:57.854} DEBG: [CLOG]       > [FMODSoundBankManager::LoadBank] Sound bank <common_local_2_stream_p1.csb> doesn't exist in filesystem.
{21:35:57.855} DEBG: [CLOG]       > [AudioScript::Execute] <LoadLocalisedAudioBank> failed!
{21:35:58.670} WARN: [WARN]       > Failed to register action varlist <post_process_simple, chromedvarlistoverridessimple.scr>: the script does not exist
{21:35:58.670} WARN: [WARN]       > Failed to register action varlist <post_process_normal, chromedvarlistoverrides.scr>: the script does not exist
{21:36:00.147} DEBG: [CLOG]       > [CInetAddr::DetermineNetworkInterface] HostName=<Wojtek>
{21:36:00.151} DEBG: [CLOG]       > [CInetAdder::DetermineNetworkInterface] address: 192.168.56.1
{21:36:00.151} DEBG: [CLOG]       > [CInetAddr::SetLocalHost] 192.168.56.1
{21:36:00.171} INFO: [Editor]     > [LocalizationManager] 9 asset(s) in 1 source(s), 1 language(s)
{21:36:00.997} ERRR: [FileSystem] > Source from path 'D:\Steam\steam\steamapps\common\Dying Light Developer Tools\DW/Assets_PC/' already added.
{21:36:20.590} INFO: [INFO]       > Done!
{21:36:20.635} DEBG: [CLOG]       > CVarMgr::LoadScripted(..): unable to parse file: data/maps/map_01/map_01.scr
{21:36:25.185} DEBG: [CLOG]       > ERROR [FX] Cannot read definition of btzh_light_end_light.fx
{21:36:25.187} DEBG: [CLOG]       > ERROR [FX] Cannot read definition of btzh_light_start_light.fx
{21:36:25.264} WARN: [WARN]       > [CFXDefinitionManager::CreateDefFromMemory] RPACK: fx definition 'car_hit_ground_dust_emiter.fx' (type=0, def=0000000053802440) NOT registered!
{21:36:25.264} WARN: [WARN]       > [CFXDefinitionManager::CreateDefFromMemory] RPACK: fx definition 'car_hit_ground_dust_particle.fx' (type=2, def=000000004B770070) NOT registered!
{21:36:25.301} WARN: [WARN]       > [CFXDefinitionManager::CreateDefFromMemory] RPACK: fx definition 'coll_ground_emiter.fx' (type=0, def=0000000053801EA0) NOT registered!
{21:36:25.301} WARN: [WARN]       > [CFXDefinitionManager::CreateDefFromMemory] RPACK: fx definition 'coll_ground_particle.fx' (type=2, def=000000004B773B90) NOT registered!
{21:36:25.360} DEBG: [CLOG]       > ERROR [FX] Cannot read definition of hex_blood_anim_decal_standard.fx
{21:36:25.361} DEBG: [CLOG]       > ERROR [FX] Cannot read definition of hex_blood_decal_standard.fx
{21:36:25.505} DEBG: [CLOG]       > ERROR [FX] Cannot read definition of eimp_sound_sound.fx
{21:36:25.505} WARN: [WARN]       > [CFXDefinitionManager::CreateDefFromMemory] RPACK: fx definition 'eimp_sound_sound.fx' (type=8, def=0000000000000000) NOT registered!
{21:36:25.505} DEBG: [CLOG]       > ERROR [FX] Cannot read definition of eimp_sound_sound.fx
{21:36:25.572} DEBG: [CLOG]       > ERROR [FX] Cannot read definition of eimp_sound_sound.fx
{21:36:26.281} DEBG: [CLOG]       > IL_LoadImage file not opened: edicon_fx.dds
{21:36:26.281} ERRR: [Icons]      > Image could not be loaded: edicon_fx.dds
{21:36:26.282} DEBG: [CLOG]       > IL_LoadImage file not opened: flag_white.dds
{21:36:26.282} ERRR: [Icons]      > Image could not be loaded: flag_white.dds
{21:36:26.321} DEBG: [CLOG]       > IL_LoadImage file not opened: edicon_safeedicon_safehouse.dds
{21:36:26.321} ERRR: [Icons]      > Image could not be loaded: edicon_safeedicon_safehouse.dds
{21:36:26.360} DEBG: [CLOG]       > IL_LoadImage file not opened: edicon_sound_music.dds
{21:36:26.360} ERRR: [Icons]      > Image could not be loaded: edicon_sound_music.dds
{21:36:26.663} DEBG: [CLOG]       > IL_LoadImage file not opened: terrain_mats_color.dds
{21:36:32.129} ERRR: [Parser]     > [parser::node_call::node_call] unknown subtree 'DefineColorsHard' in 'default_Workshop.loot'
{21:36:32.129} ERRR: [Parser]     > [ParseUnit] syntax error in 'default_Workshop.loot' line 35
{21:36:40.416} WARN: [WARN]       > Skin 'Default' not found for mesh 'int_low_wall_dest_a.msh'. Trying default skin...
{21:36:40.416} WARN: [WARN]       > Skin 'Default' not found for mesh 'int_low_wall_dest_a.msh'!
{21:36:40.416} ERRR: [ERRR]       > CMesh::Initialize: cannot apply skin '' in mesh 'int_low_wall_dest_a.msh'
{21:36:40.422} WARN: [WARN]       > Skin 'Default' not found for mesh 'loot_wardrobe_anm.msh'. Trying default skin...
{21:36:40.422} WARN: [WARN]       > Skin 'Default' not found for mesh 'loot_wardrobe_anm.msh'!
{21:36:40.422} ERRR: [ERRR]       > CMesh::Initialize: cannot apply skin 'Default' in mesh 'loot_wardrobe_anm.msh'
{21:36:40.432} WARN: [WARN]       > Skin 'Default' not found for mesh 'int_low_wall_dest_a.msh'. Trying default skin...
{21:36:40.432} WARN: [WARN]       > Skin 'Default' not found for mesh 'int_low_wall_dest_a.msh'!
{21:36:40.432} ERRR: [ERRR]       > CMesh::Initialize: cannot apply skin '' in mesh 'int_low_wall_dest_a.msh'
{21:36:40.438} WARN: [WARN]       > Skin 'Default' not found for mesh 'loot_wardrobe_anm.msh'. Trying default skin...
{21:36:40.438} WARN: [WARN]       > Skin 'Default' not found for mesh 'loot_wardrobe_anm.msh'!
{21:36:40.438} ERRR: [ERRR]       > CMesh::Initialize: cannot apply skin 'Default' in mesh 'loot_wardrobe_anm.msh'
{21:36:40.443} WARN: [WARN]       > Skin 'Default' not found for mesh 'int_low_wall_dest_a.msh'. Trying default skin...
{21:36:40.443} WARN: [WARN]       > Skin 'Default' not found for mesh 'int_low_wall_dest_a.msh'!
{21:36:40.446} WARN: [WARN]       > Skin 'Default' not found for mesh 'loot_wardrobe_anm.msh'. Trying default skin...
{21:36:40.446} WARN: [WARN]       > Skin 'Default' not found for mesh 'loot_wardrobe_anm.msh'!
{21:36:40.448} WARN: [WARN]       > Skin 'Default' not found for mesh 'catwalk_stairs_h6m_a.msh'. Trying default skin...
{21:36:40.448} WARN: [WARN]       > Skin 'Default' not found for mesh 'catwalk_stairs_h6m_a.msh'!
{21:36:40.448} ERRR: [ERRR]       > CMesh::Initialize: cannot apply skin '' in mesh 'catwalk_stairs_h6m_a.msh'
{21:36:40.453} WARN: [WARN]       > Skin 'Default' not found for mesh 'catwalk_stairs_h6m_a.msh'. Trying default skin...
{21:36:40.453} WARN: [WARN]       > Skin 'Default' not found for mesh 'catwalk_stairs_h6m_a.msh'!
{21:36:40.453} ERRR: [ERRR]       > CMesh::Initialize: cannot apply skin '' in mesh 'catwalk_stairs_h6m_a.msh'
{21:36:40.457} WARN: [WARN]       > Skin 'Default' not found for mesh 'catwalk_stairs_h6m_a.msh'. Trying default skin...
{21:36:40.457} WARN: [WARN]       > Skin 'Default' not found for mesh 'catwalk_stairs_h6m_a.msh'!
{21:36:40.668} DEBG: [CLOG]       > ERROR: override script 'map_01_ovr_sml_PC10.scr' contained error and was not loaded!
{21:36:40.668} DEBG: [CLOG]       > ERROR: override script 'map_01_ovr_sml_XBOX.scr' contained error and was not loaded!
{21:36:40.668} DEBG: [CLOG]       > ERROR: override script 'map_01_ovr_sml_PS3.scr' contained error and was not loaded!
{21:36:40.668} DEBG: [CLOG]       > ERROR: override script 'map_01_ovr_sml_PC11.scr' contained error and was not loaded!
{21:36:40.668} DEBG: [CLOG]       > ERROR: override script 'map_01_ovr_sml_DURANGO.scr' contained error and was not loaded!
{21:36:40.668} DEBG: [CLOG]       > ERROR: override script 'map_01_ovr_sml_ORBIS.scr' contained error and was not loaded!
{21:36:41.056} DEBG: [CLOG]       > Load level: 21.767807 [s]
{21:36:41.056} INFO: [Editor]     > Load module succeeded.
{21:39:04.576} INFO: [Editor]     > Generate Map Portals succeeded.
{21:39:04.578} INFO: [Editor]     > Quest Hubs succeeded.
{21:39:04.801} DEBG: [CLOG]       > [CGameEditor::SaveGameModule] start
{21:39:04.802} DEBG: [CLOG]       > [CLevel::SaveChunks] grid saved
{21:39:04.802} DEBG: [CLOG]       > [CLevel::SaveChunks] terrain end
{21:39:04.802} DEBG: [CLOG]       > [CLevel::SaveChunks] trees
{21:39:04.802} DEBG: [CLOG]       > [CLevel::SaveChunks] trees end
{21:39:04.802} DEBG: [CLOG]       > [CLevel::SaveChunks] mesh visibility parameters start
{21:39:04.825} DEBG: [CLOG]       > [CLevel::SaveChunks] mesh visibility parameters end
{21:39:04.825} DEBG: [CLOG]       > [CLevel::SaveChunks] grid objects sort
{21:39:04.825} DEBG: [CLOG]       > [CLevel::SaveChunks] grid objects save
{21:39:04.826} DEBG: [CLOG]       > [CLevel::SaveChunks] gs objects sort
{21:39:04.826} DEBG: [CLOG]       > [CLevel::SaveChunks] gs objects save
{21:39:04.826} DEBG: [CLOG]       > [CLevel::SaveChunks] gs objects saved
{21:39:04.826} DEBG: [CLOG]       > [CLevel::SaveChunks] movies
{21:39:04.826} DEBG: [CLOG]       > [CLevel::SaveChunks] movies end
{21:39:04.827} DEBG: [CLOG]       > [CLevel::SaveChunks] occluders
{21:39:04.827} DEBG: [CLOG]       > [CLevel::SaveChunks] roads
{21:39:04.830} DEBG: [CLOG]       > [CLevel::SaveChunks] roads end
{21:39:04.830} DEBG: [CLOG]       > [CLevel::SaveChunks] decals end
{21:39:04.830} DEBG: [CLOG]       > [CLevel::SaveChunks] shapes
{21:39:04.830} DEBG: [CLOG]       > [CLevel::SaveChunks] shapes end
{21:39:04.830} DEBG: [CLOG]       > [CLevel::SaveChunks] lofter
{21:39:04.830} DEBG: [CLOG]       > [CLevel::SaveChunks] lofter end
{21:39:04.830} DEBG: [CLOG]       > [CLevel::SaveChunks] terrain v.2
{21:39:04.830} DEBG: [CLOG]       > [CLevel::SaveChunks] Terrain v.2 end
{21:39:04.830} DEBG: [CLOG]       > [CLevel::SaveChunks] CGSObject data
{21:39:04.830} DEBG: [CLOG]       > [CLevel::SaveChunks] CGSObject data
{21:39:04.830} DEBG: [CLOG]       > [CLevel::SaveChunks] Envprobes
{21:39:04.830} DEBG: [CLOG]       > [CGameEditor::SaveGameModule] end
{21:39:04.876} INFO: [Editor]     > Save module succeeded.
{21:39:13.042} WARN: [WARN]       > Skin 'default' not found for mesh 'catwalk_stairs_h6m_a.msh'. Trying default skin...
{21:39:13.042} WARN: [WARN]       > Skin 'Default' not found for mesh 'catwalk_stairs_h6m_a.msh'!
{21:39:13.042} ERRR: [ERRR]       > CMesh::Initialize: cannot apply skin 'default' in mesh 'catwalk_stairs_h6m_a.msh'
{21:39:13.043} WARN: [WARN]       > Skin 'default' not found for mesh 'int_low_wall_dest_a.msh'. Trying default skin...
{21:39:13.043} WARN: [WARN]       > Skin 'Default' not found for mesh 'int_low_wall_dest_a.msh'!
{21:39:13.043} ERRR: [ERRR]       > CMesh::Initialize: cannot apply skin 'default' in mesh 'int_low_wall_dest_a.msh'
{21:39:13.128} INFO: [Editor]     > Generate Map Portals succeeded.
{21:39:13.130} INFO: [Editor]     > Quest Hubs succeeded.
{21:39:13.250} DEBG: [CLOG]       > [CGameEditor::SaveGameModule] start
{21:39:13.250} DEBG: [CLOG]       > [CLevel::SaveChunks] grid saved
{21:39:13.250} DEBG: [CLOG]       > [CLevel::SaveChunks] terrain end
{21:39:13.250} DEBG: [CLOG]       > [CLevel::SaveChunks] trees
{21:39:13.250} DEBG: [CLOG]       > [CLevel::SaveChunks] trees end
{21:39:13.250} DEBG: [CLOG]       > [CLevel::SaveChunks] mesh visibility parameters start
{21:39:13.259} DEBG: [CLOG]       > [CLevel::SaveChunks] mesh visibility parameters end
{21:39:13.259} DEBG: [CLOG]       > [CLevel::SaveChunks] grid objects sort
{21:39:13.259} DEBG: [CLOG]       > [CLevel::SaveChunks] grid objects save
{21:39:13.263} DEBG: [CLOG]       > [CLevel::SaveChunks] gs objects sort
{21:39:13.263} DEBG: [CLOG]       > [CLevel::SaveChunks] gs objects save
{21:39:13.263} DEBG: [CLOG]       > [CLevel::SaveChunks] gs objects saved
{21:39:13.263} DEBG: [CLOG]       > [CLevel::SaveChunks] movies
{21:39:13.263} DEBG: [CLOG]       > [CLevel::SaveChunks] movies end
{21:39:13.263} DEBG: [CLOG]       > [CLevel::SaveChunks] occluders
{21:39:13.263} DEBG: [CLOG]       > [CLevel::SaveChunks] roads
{21:39:13.265} DEBG: [CLOG]       > [CLevel::SaveChunks] roads end
{21:39:13.265} DEBG: [CLOG]       > [CLevel::SaveChunks] decals end
{21:39:13.265} DEBG: [CLOG]       > [CLevel::SaveChunks] shapes
{21:39:13.265} DEBG: [CLOG]       > [CLevel::SaveChunks] shapes end
{21:39:13.265} DEBG: [CLOG]       > [CLevel::SaveChunks] lofter end
{21:39:13.265} DEBG: [CLOG]       > [CLevel::SaveChunks] terrain v.2
{21:39:13.266} DEBG: [CLOG]       > [CLevel::SaveChunks] Terrain v.2 end
{21:39:13.266} DEBG: [CLOG]       > [CLevel::SaveChunks] CGSObject data
{21:39:13.266} DEBG: [CLOG]       > [CLevel::SaveChunks] CGSObject data
{21:39:13.266} DEBG: [CLOG]       > [CLevel::SaveChunks] Envprobes
{21:39:13.266} DEBG: [CLOG]       > [CGameEditor::SaveGameModule] end
{21:39:13.303} INFO: [Editor]     > Save module succeeded.
{21:39:13.305} INFO: [Editor]     > Compile map succeeded.
{21:42:40.606} INFO: [Editor]     > Zoom to objects succeeded.
{21:44:13.465} INFO: [Editor]     > Generate Map Portals succeeded.
{21:44:13.467} INFO: [Editor]     > Quest Hubs succeeded.
{21:44:13.512} DEBG: [CLOG]       > [CGameEditor::SaveGameModule] start
{21:44:13.512} DEBG: [CLOG]       > [CLevel::SaveChunks] grid saved
{21:44:13.512} DEBG: [CLOG]       > [CLevel::SaveChunks] terrain end
{21:44:13.512} DEBG: [CLOG]       > [CLevel::SaveChunks] trees
{21:44:13.512} DEBG: [CLOG]       > [CLevel::SaveChunks] trees end
{21:44:13.512} DEBG: [CLOG]       > [CLevel::SaveChunks] mesh visibility parameters start
{21:44:13.528} DEBG: [CLOG]       > [CLevel::SaveChunks] mesh visibility parameters end
{21:44:13.528} DEBG: [CLOG]       > [CLevel::SaveChunks] grid objects sort
{21:44:13.528} DEBG: [CLOG]       > [CLevel::SaveChunks] grid objects save
{21:44:13.528} DEBG: [CLOG]       > [CLevel::SaveChunks] gs objects sort
{21:44:13.528} DEBG: [CLOG]       > [CLevel::SaveChunks] gs objects save
{21:44:13.528} DEBG: [CLOG]       > [CLevel::SaveChunks] gs objects saved
{21:44:13.528} DEBG: [CLOG]       > [CLevel::SaveChunks] movies
{21:44:13.528} DEBG: [CLOG]       > [CLevel::SaveChunks] movies end
{21:44:13.528} DEBG: [CLOG]       > [CLevel::SaveChunks] occluders
{21:44:13.529} DEBG: [CLOG]       > [CLevel::SaveChunks] roads
{21:44:13.530} DEBG: [CLOG]       > [CLevel::SaveChunks] roads end
{21:44:13.530} DEBG: [CLOG]       > [CLevel::SaveChunks] decals end
{21:44:13.530} DEBG: [CLOG]       > [CLevel::SaveChunks] shapes
{21:44:13.530} DEBG: [CLOG]       > [CLevel::SaveChunks] shapes end
{21:44:13.530} DEBG: [CLOG]       > [CLevel::SaveChunks] lofter
{21:44:13.530} DEBG: [CLOG]       > [CLevel::SaveChunks] lofter end
{21:44:13.530} DEBG: [CLOG]       > [CLevel::SaveChunks] terrain v.2
{21:44:13.530} DEBG: [CLOG]       > [CLevel::SaveChunks] Terrain v.2 end
{21:44:13.530} DEBG: [CLOG]       > [CLevel::SaveChunks] CGSObject data
{21:44:13.530} DEBG: [CLOG]       > [CLevel::SaveChunks] CGSObject data
{21:44:13.530} DEBG: [CLOG]       > [CLevel::SaveChunks] Envprobes
{21:44:13.530} DEBG: [CLOG]       > [CGameEditor::SaveGameModule] end
{21:44:13.570} INFO: [Editor]     > Save module succeeded.
{21:44:21.790} WARN: [WARN]       > Skin 'default' not found for mesh 'catwalk_stairs_h6m_a.msh'. Trying default skin...
{21:44:21.790} WARN: [WARN]       > Skin 'Default' not found for mesh 'catwalk_stairs_h6m_a.msh'!
{21:44:21.790} ERRR: [ERRR]       > CMesh::Initialize: cannot apply skin 'default' in mesh 'catwalk_stairs_h6m_a.msh'
{21:44:21.791} WARN: [WARN]       > Skin 'default' not found for mesh 'int_low_wall_dest_a.msh'. Trying default skin...
{21:44:21.791} WARN: [WARN]       > Skin 'Default' not found for mesh 'int_low_wall_dest_a.msh'!
{21:44:21.792} ERRR: [ERRR]       > CMesh::Initialize: cannot apply skin 'default' in mesh 'int_low_wall_dest_a.msh'
{21:44:21.919} INFO: [Editor]     > Generate Map Portals succeeded.
{21:44:21.923} INFO: [Editor]     > Quest Hubs succeeded.
{21:44:22.138} DEBG: [CLOG]       > [CGameEditor::SaveGameModule] start
{21:44:22.139} DEBG: [CLOG]       > [CLevel::SaveChunks] grid saved
{21:44:22.139} DEBG: [CLOG]       > [CLevel::SaveChunks] terrain end
{21:44:22.139} DEBG: [CLOG]       > [CLevel::SaveChunks] trees
{21:44:22.139} DEBG: [CLOG]       > [CLevel::SaveChunks] trees end
{21:44:22.139} DEBG: [CLOG]       > [CLevel::SaveChunks] mesh visibility parameters start
{21:44:22.154} DEBG: [CLOG]       > [CLevel::SaveChunks] mesh visibility parameters end
{21:44:22.154} DEBG: [CLOG]       > [CLevel::SaveChunks] grid objects sort
{21:44:22.154} DEBG: [CLOG]       > [CLevel::SaveChunks] grid objects save
{21:44:22.155} DEBG: [CLOG]       > [CLevel::SaveChunks] gs objects sort
{21:44:22.155} DEBG: [CLOG]       > [CLevel::SaveChunks] gs objects save
{21:44:22.155} DEBG: [CLOG]       > [CLevel::SaveChunks] gs objects saved
{21:44:22.155} DEBG: [CLOG]       > [CLevel::SaveChunks] movies
{21:44:22.155} DEBG: [CLOG]       > [CLevel::SaveChunks] movies end
{21:44:22.156} DEBG: [CLOG]       > [CLevel::SaveChunks] occluders
{21:44:22.156} DEBG: [CLOG]       > [CLevel::SaveChunks] roads
{21:44:22.157} DEBG: [CLOG]       > [CLevel::SaveChunks] roads end
{21:44:22.157} DEBG: [CLOG]       > [CLevel::SaveChunks] decals end
{21:44:22.157} DEBG: [CLOG]       > [CLevel::SaveChunks] shapes
{21:44:22.157} DEBG: [CLOG]       > [CLevel::SaveChunks] shapes end
{21:44:22.157} DEBG: [CLOG]       > [CLevel::SaveChunks] lofter end
{21:44:22.157} DEBG: [CLOG]       > [CLevel::SaveChunks] terrain v.2
{21:44:22.157} DEBG: [CLOG]       > [CLevel::SaveChunks] Terrain v.2 end
{21:44:22.157} DEBG: [CLOG]       > [CLevel::SaveChunks] CGSObject data
{21:44:22.158} DEBG: [CLOG]       > [CLevel::SaveChunks] CGSObject data
{21:44:22.158} DEBG: [CLOG]       > [CLevel::SaveChunks] Envprobes
{21:44:22.158} DEBG: [CLOG]       > [CGameEditor::SaveGameModule] end
{21:44:22.204} INFO: [Editor]     > Save module succeeded.
{21:44:22.208} INFO: [Editor]     > Compile map succeeded.
{21:48:18.613} INFO: [Editor]     > [LocalizationManager] 9 asset(s) in 1 source(s), 1 language(s)
{21:53:12.032} INFO: [Editor]     > [LocalizationManager] 9 asset(s) in 1 source(s), 1 language(s)
{21:53:12.179} ERRR: [CTCParse]   > unknown keyword str: in file 'texts_steam_Workshop.scr' in line 9
{21:53:12.179} ERRR: [CTCParse]   > Str
{21:53:29.981} INFO: [Editor]     > [LocalizationManager] 9 asset(s) in 1 source(s), 1 language(s)
{21:53:30.129} ERRR: [CTCParse]   > unknown keyword str: in file 'texts_steam_Workshop.scr' in line 9
{21:53:30.129} ERRR: [CTCParse]   > Str
{21:53:43.152} INFO: [Editor]     > [LocalizationManager] 9 asset(s) in 1 source(s), 1 language(s)
{21:57:34.303} INFO: [Editor]     > Generate Map Portals succeeded.
{21:57:34.305} INFO: [Editor]     > Quest Hubs succeeded.
{21:57:34.351} DEBG: [CLOG]       > [CGameEditor::SaveGameModule] start
{21:57:34.351} DEBG: [CLOG]       > [CLevel::SaveChunks] grid saved
{21:57:34.351} DEBG: [CLOG]       > [CLevel::SaveChunks] terrain end
{21:57:34.351} DEBG: [CLOG]       > [CLevel::SaveChunks] trees
{21:57:34.351} DEBG: [CLOG]       > [CLevel::SaveChunks] trees end
{21:57:34.351} DEBG: [CLOG]       > [CLevel::SaveChunks] mesh visibility parameters start
{21:57:34.367} DEBG: [CLOG]       > [CLevel::SaveChunks] mesh visibility parameters end
{21:57:34.367} DEBG: [CLOG]       > [CLevel::SaveChunks] grid objects sort
{21:57:34.367} DEBG: [CLOG]       > [CLevel::SaveChunks] grid objects save
{21:57:34.368} DEBG: [CLOG]       > [CLevel::SaveChunks] gs objects sort
{21:57:34.368} DEBG: [CLOG]       > [CLevel::SaveChunks] gs objects save
{21:57:34.368} DEBG: [CLOG]       > [CLevel::SaveChunks] gs objects saved
{21:57:34.368} DEBG: [CLOG]       > [CLevel::SaveChunks] movies
{21:57:34.368} DEBG: [CLOG]       > [CLevel::SaveChunks] movies end
{21:57:34.368} DEBG: [CLOG]       > [CLevel::SaveChunks] occluders
{21:57:34.368} DEBG: [CLOG]       > [CLevel::SaveChunks] roads
{21:57:34.370} DEBG: [CLOG]       > [CLevel::SaveChunks] roads end
{21:57:34.370} DEBG: [CLOG]       > [CLevel::SaveChunks] decals end
{21:57:34.370} DEBG: [CLOG]       > [CLevel::SaveChunks] shapes
{21:57:34.370} DEBG: [CLOG]       > [CLevel::SaveChunks] shapes end
{21:57:34.370} DEBG: [CLOG]       > [CLevel::SaveChunks] lofter
{21:57:34.370} DEBG: [CLOG]       > [CLevel::SaveChunks] lofter end
{21:57:34.370} DEBG: [CLOG]       > [CLevel::SaveChunks] terrain v.2
{21:57:34.370} DEBG: [CLOG]       > [CLevel::SaveChunks] Terrain v.2 end
{21:57:34.370} DEBG: [CLOG]       > [CLevel::SaveChunks] CGSObject data
{21:57:34.370} DEBG: [CLOG]       > [CLevel::SaveChunks] CGSObject data
{21:57:34.370} DEBG: [CLOG]       > [CLevel::SaveChunks] Envprobes
{21:57:34.370} DEBG: [CLOG]       > [CGameEditor::SaveGameModule] end
{21:57:34.414} INFO: [Editor]     > Save module succeeded.
{21:57:42.233} WARN: [WARN]       > Skin 'default' not found for mesh 'catwalk_stairs_h6m_a.msh'. Trying default skin...
{21:57:42.233} WARN: [WARN]       > Skin 'Default' not found for mesh 'catwalk_stairs_h6m_a.msh'!
{21:57:42.234} ERRR: [ERRR]       > CMesh::Initialize: cannot apply skin 'default' in mesh 'catwalk_stairs_h6m_a.msh'
{21:57:42.234} WARN: [WARN]       > Skin 'default' not found for mesh 'int_low_wall_dest_a.msh'. Trying default skin...
{21:57:42.234} WARN: [WARN]       > Skin 'Default' not found for mesh 'int_low_wall_dest_a.msh'!
{21:57:42.234} ERRR: [ERRR]       > CMesh::Initialize: cannot apply skin 'default' in mesh 'int_low_wall_dest_a.msh'
{21:57:42.345} INFO: [Editor]     > Generate Map Portals succeeded.
{21:57:42.347} INFO: [Editor]     > Quest Hubs succeeded.
{21:57:42.509} DEBG: [CLOG]       > [CGameEditor::SaveGameModule] start
{21:57:42.509} DEBG: [CLOG]       > [CLevel::SaveChunks] grid saved
{21:57:42.509} DEBG: [CLOG]       > [CLevel::SaveChunks] terrain end
{21:57:42.509} DEBG: [CLOG]       > [CLevel::SaveChunks] trees
{21:57:42.509} DEBG: [CLOG]       > [CLevel::SaveChunks] trees end
{21:57:42.509} DEBG: [CLOG]       > [CLevel::SaveChunks] mesh visibility parameters start
{21:57:42.518} DEBG: [CLOG]       > [CLevel::SaveChunks] mesh visibility parameters end
{21:57:42.518} DEBG: [CLOG]       > [CLevel::SaveChunks] grid objects sort
{21:57:42.519} DEBG: [CLOG]       > [CLevel::SaveChunks] grid objects save
{21:57:42.520} DEBG: [CLOG]       > [CLevel::SaveChunks] gs objects sort
{21:57:42.520} DEBG: [CLOG]       > [CLevel::SaveChunks] gs objects save
{21:57:42.520} DEBG: [CLOG]       > [CLevel::SaveChunks] gs objects saved
{21:57:42.520} DEBG: [CLOG]       > [CLevel::SaveChunks] movies
{21:57:42.520} DEBG: [CLOG]       > [CLevel::SaveChunks] movies end
{21:57:42.521} DEBG: [CLOG]       > [CLevel::SaveChunks] occluders
{21:57:42.521} DEBG: [CLOG]       > [CLevel::SaveChunks] roads
{21:57:42.522} DEBG: [CLOG]       > [CLevel::SaveChunks] roads end
{21:57:42.522} DEBG: [CLOG]       > [CLevel::SaveChunks] decals end
{21:57:42.522} DEBG: [CLOG]       > [CLevel::SaveChunks] shapes
{21:57:42.522} DEBG: [CLOG]       > [CLevel::SaveChunks] shapes end
{21:57:42.522} DEBG: [CLOG]       > [CLevel::SaveChunks] lofter end
{21:57:42.522} DEBG: [CLOG]       > [CLevel::SaveChunks] terrain v.2
{21:57:42.523} DEBG: [CLOG]       > [CLevel::SaveChunks] Terrain v.2 end
{21:57:42.523} DEBG: [CLOG]       > [CLevel::SaveChunks] CGSObject data
{21:57:42.523} DEBG: [CLOG]       > [CLevel::SaveChunks] CGSObject data
{21:57:42.523} DEBG: [CLOG]       > [CLevel::SaveChunks] Envprobes
{21:57:42.523} DEBG: [CLOG]       > [CGameEditor::SaveGameModule] end
{21:57:42.566} INFO: [Editor]     > Save module succeeded.
{21:57:42.568} INFO: [Editor]     > Compile map succeeded.
{22:07:36.466} INFO: [Editor]     > Zoom to objects succeeded.
{22:07:57.155} INFO: [Editor]     > Zoom to objects succeeded.
{22:12:20.010} INFO: [Editor]     > Generate Map Portals succeeded.
{22:12:20.012} INFO: [Editor]     > Quest Hubs succeeded.
{22:12:20.063} DEBG: [CLOG]       > [CGameEditor::SaveGameModule] start
{22:12:20.063} DEBG: [CLOG]       > [CLevel::SaveChunks] grid saved
{22:12:20.063} DEBG: [CLOG]       > [CLevel::SaveChunks] terrain end
{22:12:20.063} DEBG: [CLOG]       > [CLevel::SaveChunks] trees
{22:12:20.063} DEBG: [CLOG]       > [CLevel::SaveChunks] trees end
{22:12:20.063} DEBG: [CLOG]       > [CLevel::SaveChunks] mesh visibility parameters start
{22:12:20.077} DEBG: [CLOG]       > [CLevel::SaveChunks] mesh visibility parameters end
{22:12:20.078} DEBG: [CLOG]       > [CLevel::SaveChunks] grid objects sort
{22:12:20.078} DEBG: [CLOG]       > [CLevel::SaveChunks] grid objects save
{22:12:20.078} DEBG: [CLOG]       > [CLevel::SaveChunks] gs objects sort
{22:12:20.078} DEBG: [CLOG]       > [CLevel::SaveChunks] gs objects save
{22:12:20.078} DEBG: [CLOG]       > [CLevel::SaveChunks] gs objects saved
{22:12:20.078} DEBG: [CLOG]       > [CLevel::SaveChunks] movies
{22:12:20.078} DEBG: [CLOG]       > [CLevel::SaveChunks] movies end
{22:12:20.078} DEBG: [CLOG]       > [CLevel::SaveChunks] occluders
{22:12:20.079} DEBG: [CLOG]       > [CLevel::SaveChunks] roads
{22:12:20.080} DEBG: [CLOG]       > [CLevel::SaveChunks] roads end
{22:12:20.080} DEBG: [CLOG]       > [CLevel::SaveChunks] decals end
{22:12:20.080} DEBG: [CLOG]       > [CLevel::SaveChunks] shapes
{22:12:20.080} DEBG: [CLOG]       > [CLevel::SaveChunks] shapes end
{22:12:20.080} DEBG: [CLOG]       > [CLevel::SaveChunks] lofter
{22:12:20.080} DEBG: [CLOG]       > [CLevel::SaveChunks] lofter end
{22:12:20.080} DEBG: [CLOG]       > [CLevel::SaveChunks] terrain v.2
{22:12:20.080} DEBG: [CLOG]       > [CLevel::SaveChunks] Terrain v.2 end
{22:12:20.080} DEBG: [CLOG]       > [CLevel::SaveChunks] CGSObject data
{22:12:20.080} DEBG: [CLOG]       > [CLevel::SaveChunks] CGSObject data
{22:12:20.080} DEBG: [CLOG]       > [CLevel::SaveChunks] Envprobes
{22:12:20.080} DEBG: [CLOG]       > [CGameEditor::SaveGameModule] end
{22:12:20.134} INFO: [Editor]     > Save module succeeded.
{22:12:27.685} WARN: [WARN]       > Skin 'default' not found for mesh 'catwalk_stairs_h6m_a.msh'. Trying default skin...
{22:12:27.685} WARN: [WARN]       > Skin 'Default' not found for mesh 'catwalk_stairs_h6m_a.msh'!
{22:12:27.685} ERRR: [ERRR]       > CMesh::Initialize: cannot apply skin 'default' in mesh 'catwalk_stairs_h6m_a.msh'
{22:12:27.686} WARN: [WARN]       > Skin 'default' not found for mesh 'int_low_wall_dest_a.msh'. Trying default skin...
{22:12:27.686} WARN: [WARN]       > Skin 'Default' not found for mesh 'int_low_wall_dest_a.msh'!
{22:12:27.686} ERRR: [ERRR]       > CMesh::Initialize: cannot apply skin 'default' in mesh 'int_low_wall_dest_a.msh'
{22:12:27.802} INFO: [Editor]     > Generate Map Portals succeeded.
{22:12:27.804} INFO: [Editor]     > Quest Hubs succeeded.
{22:12:27.979} DEBG: [CLOG]       > [CGameEditor::SaveGameModule] start
{22:12:27.979} DEBG: [CLOG]       > [CLevel::SaveChunks] grid saved
{22:12:27.979} DEBG: [CLOG]       > [CLevel::SaveChunks] terrain end
{22:12:27.979} DEBG: [CLOG]       > [CLevel::SaveChunks] trees
{22:12:27.979} DEBG: [CLOG]       > [CLevel::SaveChunks] trees end
{22:12:27.979} DEBG: [CLOG]       > [CLevel::SaveChunks] mesh visibility parameters start
{22:12:27.989} DEBG: [CLOG]       > [CLevel::SaveChunks] mesh visibility parameters end
{22:12:27.989} DEBG: [CLOG]       > [CLevel::SaveChunks] grid objects sort
{22:12:27.989} DEBG: [CLOG]       > [CLevel::SaveChunks] grid objects save
{22:12:27.991} DEBG: [CLOG]       > [CLevel::SaveChunks] gs objects sort
{22:12:27.991} DEBG: [CLOG]       > [CLevel::SaveChunks] gs objects save
{22:12:27.991} DEBG: [CLOG]       > [CLevel::SaveChunks] gs objects saved
{22:12:27.991} DEBG: [CLOG]       > [CLevel::SaveChunks] movies
{22:12:27.991} DEBG: [CLOG]       > [CLevel::SaveChunks] movies end
{22:12:27.991} DEBG: [CLOG]       > [CLevel::SaveChunks] occluders
{22:12:27.991} DEBG: [CLOG]       > [CLevel::SaveChunks] roads
{22:12:27.992} DEBG: [CLOG]       > [CLevel::SaveChunks] roads end
{22:12:27.992} DEBG: [CLOG]       > [CLevel::SaveChunks] decals end
{22:12:27.992} DEBG: [CLOG]       > [CLevel::SaveChunks] shapes
{22:12:27.992} DEBG: [CLOG]       > [CLevel::SaveChunks] shapes end
{22:12:27.992} DEBG: [CLOG]       > [CLevel::SaveChunks] lofter end
{22:12:27.992} DEBG: [CLOG]       > [CLevel::SaveChunks] terrain v.2
{22:12:27.992} DEBG: [CLOG]       > [CLevel::SaveChunks] Terrain v.2 end
{22:12:27.992} DEBG: [CLOG]       > [CLevel::SaveChunks] CGSObject data
{22:12:27.992} DEBG: [CLOG]       > [CLevel::SaveChunks] CGSObject data
{22:12:27.992} DEBG: [CLOG]       > [CLevel::SaveChunks] Envprobes
{22:12:27.993} DEBG: [CLOG]       > [CGameEditor::SaveGameModule] end
{22:12:28.043} INFO: [Editor]     > Save module succeeded.
{22:12:28.045} INFO: [Editor]     > Compile map succeeded.
{22:25:02.514} INFO: [Editor]     > Zoom to objects succeeded.
{22:25:03.880} INFO: [Editor]     > Zoom to objects succeeded.
{22:26:20.474} INFO: [Editor]     > Zoom to objects succeeded.
{22:26:56.791} INFO: [Editor]     > Generate Map Portals succeeded.
{22:26:56.794} INFO: [Editor]     > Quest Hubs succeeded.
{22:26:56.838} DEBG: [CLOG]       > [CGameEditor::SaveGameModule] start
{22:26:56.838} DEBG: [CLOG]       > [CLevel::SaveChunks] grid saved
{22:26:56.838} DEBG: [CLOG]       > [CLevel::SaveChunks] terrain end
{22:26:56.838} DEBG: [CLOG]       > [CLevel::SaveChunks] trees
{22:26:56.838} DEBG: [CLOG]       > [CLevel::SaveChunks] trees end
{22:26:56.838} DEBG: [CLOG]       > [CLevel::SaveChunks] mesh visibility parameters start
{22:26:56.853} DEBG: [CLOG]       > [CLevel::SaveChunks] mesh visibility parameters end
{22:26:56.853} DEBG: [CLOG]       > [CLevel::SaveChunks] grid objects sort
{22:26:56.853} DEBG: [CLOG]       > [CLevel::SaveChunks] grid objects save
{22:26:56.854} DEBG: [CLOG]       > [CLevel::SaveChunks] gs objects sort
{22:26:56.854} DEBG: [CLOG]       > [CLevel::SaveChunks] gs objects save
{22:26:56.854} DEBG: [CLOG]       > [CLevel::SaveChunks] gs objects saved
{22:26:56.854} DEBG: [CLOG]       > [CLevel::SaveChunks] movies
{22:26:56.854} DEBG: [CLOG]       > [CLevel::SaveChunks] movies end
{22:26:56.854} DEBG: [CLOG]       > [CLevel::SaveChunks] occluders
{22:26:56.854} DEBG: [CLOG]       > [CLevel::SaveChunks] roads
{22:26:56.855} DEBG: [CLOG]       > [CLevel::SaveChunks] roads end
{22:26:56.855} DEBG: [CLOG]       > [CLevel::SaveChunks] decals end
{22:26:56.855} DEBG: [CLOG]       > [CLevel::SaveChunks] shapes
{22:26:56.855} DEBG: [CLOG]       > [CLevel::SaveChunks] shapes end
{22:26:56.856} DEBG: [CLOG]       > [CLevel::SaveChunks] lofter
{22:26:56.856} DEBG: [CLOG]       > [CLevel::SaveChunks] lofter end
{22:26:56.856} DEBG: [CLOG]       > [CLevel::SaveChunks] terrain v.2
{22:26:56.856} DEBG: [CLOG]       > [CLevel::SaveChunks] Terrain v.2 end
{22:26:56.856} DEBG: [CLOG]       > [CLevel::SaveChunks] CGSObject data
{22:26:56.856} DEBG: [CLOG]       > [CLevel::SaveChunks] CGSObject data
{22:26:56.856} DEBG: [CLOG]       > [CLevel::SaveChunks] Envprobes
{22:26:56.857} DEBG: [CLOG]       > [CGameEditor::SaveGameModule] end
{22:26:56.897} INFO: [Editor]     > Save module succeeded.
{22:27:05.776} WARN: [WARN]       > Skin 'default' not found for mesh 'catwalk_stairs_h6m_a.msh'. Trying default skin...
{22:27:05.776} WARN: [WARN]       > Skin 'Default' not found for mesh 'catwalk_stairs_h6m_a.msh'!
{22:27:05.776} ERRR: [ERRR]       > CMesh::Initialize: cannot apply skin 'default' in mesh 'catwalk_stairs_h6m_a.msh'
{22:27:05.777} WARN: [WARN]       > Skin 'default' not found for mesh 'int_low_wall_dest_a.msh'. Trying default skin...
{22:27:05.777} WARN: [WARN]       > Skin 'Default' not found for mesh 'int_low_wall_dest_a.msh'!
{22:27:05.777} ERRR: [ERRR]       > CMesh::Initialize: cannot apply skin 'default' in mesh 'int_low_wall_dest_a.msh'
{22:27:05.898} INFO: [Editor]     > Generate Map Portals succeeded.
{22:27:05.901} INFO: [Editor]     > Quest Hubs succeeded.
{22:27:06.067} DEBG: [CLOG]       > [CGameEditor::SaveGameModule] start
{22:27:06.067} DEBG: [CLOG]       > [CLevel::SaveChunks] grid saved
{22:27:06.067} DEBG: [CLOG]       > [CLevel::SaveChunks] terrain end
{22:27:06.067} DEBG: [CLOG]       > [CLevel::SaveChunks] trees
{22:27:06.067} DEBG: [CLOG]       > [CLevel::SaveChunks] trees end
{22:27:06.067} DEBG: [CLOG]       > [CLevel::SaveChunks] mesh visibility parameters start
{22:27:06.077} DEBG: [CLOG]       > [CLevel::SaveChunks] mesh visibility parameters end
{22:27:06.077} DEBG: [CLOG]       > [CLevel::SaveChunks] grid objects sort
{22:27:06.077} DEBG: [CLOG]       > [CLevel::SaveChunks] grid objects save
{22:27:06.079} DEBG: [CLOG]       > [CLevel::SaveChunks] gs objects sort
{22:27:06.079} DEBG: [CLOG]       > [CLevel::SaveChunks] gs objects save
{22:27:06.079} DEBG: [CLOG]       > [CLevel::SaveChunks] gs objects saved
{22:27:06.079} DEBG: [CLOG]       > [CLevel::SaveChunks] movies
{22:27:06.079} DEBG: [CLOG]       > [CLevel::SaveChunks] movies end
{22:27:06.079} DEBG: [CLOG]       > [CLevel::SaveChunks] occluders
{22:27:06.079} DEBG: [CLOG]       > [CLevel::SaveChunks] roads
{22:27:06.081} DEBG: [CLOG]       > [CLevel::SaveChunks] roads end
{22:27:06.081} DEBG: [CLOG]       > [CLevel::SaveChunks] decals end
{22:27:06.081} DEBG: [CLOG]       > [CLevel::SaveChunks] shapes
{22:27:06.081} DEBG: [CLOG]       > [CLevel::SaveChunks] shapes end
{22:27:06.081} DEBG: [CLOG]       > [CLevel::SaveChunks] lofter end
{22:27:06.081} DEBG: [CLOG]       > [CLevel::SaveChunks] terrain v.2
{22:27:06.081} DEBG: [CLOG]       > [CLevel::SaveChunks] Terrain v.2 end
{22:27:06.081} DEBG: [CLOG]       > [CLevel::SaveChunks] CGSObject data
{22:27:06.081} DEBG: [CLOG]       > [CLevel::SaveChunks] CGSObject data
{22:27:06.081} DEBG: [CLOG]       > [CLevel::SaveChunks] Envprobes
{22:27:06.081} DEBG: [CLOG]       > [CGameEditor::SaveGameModule] end
{22:27:06.125} INFO: [Editor]     > Save module succeeded.
{22:27:06.127} INFO: [Editor]     > Compile map succeeded.
